****                   ADMIXTURE Version 1.3.0                  ****
****                    Copyright 2008-2015                     ****
****           David Alexander, Suyash Shringarpure,            ****
****                John  Novembre, Ken Lange                   ****
****                                                            ****
****                 Please cite our paper!                     ****
****   Information at www.genetics.ucla.edu/software/admixture  ****

Parallel execution requested.  Will use 8 threads.
Cross-validation will be performed.  Folds=10.
Random seed: 1480
Point estimation method: Block relaxation algorithm
Convergence acceleration algorithm: QuasiNewton, 3 secant conditions
Point estimation will terminate when objective function delta < 0.0001
Estimation of standard errors disabled; will compute point estimates only.
Size of G: 133x453
Performing five EM steps to prime main algorithm
1 (EM) 	Elapsed: 0.005	Loglikelihood: -14149	(delta): 72407.6
2 (EM) 	Elapsed: 0.005	Loglikelihood: -12737.9	(delta): 1411.09
3 (EM) 	Elapsed: 0.004	Loglikelihood: -12471.1	(delta): 266.848
4 (EM) 	Elapsed: 0.005	Loglikelihood: -12316.4	(delta): 154.635
5 (EM) 	Elapsed: 0.005	Loglikelihood: -12193.5	(delta): 122.967
Initial loglikelihood: -12193.5
Starting main algorithm
1 (QN/Block) 	Elapsed: 0.007	Loglikelihood: -8604.28	(delta): 3589.17
2 (QN/Block) 	Elapsed: 0.007	Loglikelihood: -7349.8	(delta): 1254.48
3 (QN/Block) 	Elapsed: 0.007	Loglikelihood: -6931.68	(delta): 418.126
4 (QN/Block) 	Elapsed: 0.007	Loglikelihood: -6638.56	(delta): 293.119
5 (QN/Block) 	Elapsed: 0.007	Loglikelihood: -6461.07	(delta): 177.49
6 (QN/Block) 	Elapsed: 0.008	Loglikelihood: -6352.01	(delta): 109.061
7 (QN/Block) 	Elapsed: 0.007	Loglikelihood: -6239.99	(delta): 112.015
8 (QN/Block) 	Elapsed: 0.008	Loglikelihood: -6194.26	(delta): 45.7329
9 (QN/Block) 	Elapsed: 0.007	Loglikelihood: -6191.25	(delta): 3.01188
10 (QN/Block) 	Elapsed: 0.007	Loglikelihood: -6190.03	(delta): 1.22237
11 (QN/Block) 	Elapsed: 0.007	Loglikelihood: -6189.54	(delta): 0.480781
12 (QN/Block) 	Elapsed: 0.008	Loglikelihood: -6188.31	(delta): 1.23914
13 (QN/Block) 	Elapsed: 0.008	Loglikelihood: -6181.63	(delta): 6.67278
14 (QN/Block) 	Elapsed: 0.008	Loglikelihood: -6180.85	(delta): 0.785497
15 (QN/Block) 	Elapsed: 0.007	Loglikelihood: -6180.03	(delta): 0.820935
16 (QN/Block) 	Elapsed: 0.008	Loglikelihood: -6179.14	(delta): 0.889112
17 (QN/Block) 	Elapsed: 0.008	Loglikelihood: -6178.91	(delta): 0.226382
18 (QN/Block) 	Elapsed: 0.007	Loglikelihood: -6178.88	(delta): 0.0281738
19 (QN/Block) 	Elapsed: 0.008	Loglikelihood: -6178.87	(delta): 0.00827722
20 (QN/Block) 	Elapsed: 0.007	Loglikelihood: -6178.86	(delta): 0.0174463
21 (QN/Block) 	Elapsed: 0.008	Loglikelihood: -6178.86	(delta): 0.000621064
22 (QN/Block) 	Elapsed: 0.008	Loglikelihood: -6178.86	(delta): 0.000691779
23 (QN/Block) 	Elapsed: 0.008	Loglikelihood: -6178.86	(delta): 0.000210998
24 (QN/Block) 	Elapsed: 0.007	Loglikelihood: -6178.86	(delta): 1.28019e-06
Summary: 
Converged in 24 iterations (0.224 sec)
Loglikelihood: -6178.855591
Fst divergences between estimated populations: 
	Pop0	Pop1	Pop2	Pop3	Pop4	Pop5	
Pop0	
Pop1	0.488	
Pop2	0.501	0.439	
Pop3	0.679	0.579	0.447	
Pop4	0.557	0.195	0.481	0.621	
Pop5	0.524	0.431	0.521	0.670	0.478	
Pop6	0.249	0.374	0.394	0.564	0.450	0.382	
CV error (K=7): 0.14791
Writing output files.
