****                   ADMIXTURE Version 1.3.0                  ****
****                    Copyright 2008-2015                     ****
****           David Alexander, Suyash Shringarpure,            ****
****                John  Novembre, Ken Lange                   ****
****                                                            ****
****                 Please cite our paper!                     ****
****   Information at www.genetics.ucla.edu/software/admixture  ****

Parallel execution requested.  Will use 8 threads.
Cross-validation will be performed.  Folds=10.
Random seed: 2251
Point estimation method: Block relaxation algorithm
Convergence acceleration algorithm: QuasiNewton, 3 secant conditions
Point estimation will terminate when objective function delta < 0.0001
Estimation of standard errors disabled; will compute point estimates only.
Size of G: 133x453
Performing five EM steps to prime main algorithm
1 (EM) 	Elapsed: 0.003	Loglikelihood: -14150.7	(delta): 76422.9
2 (EM) 	Elapsed: 0.003	Loglikelihood: -12699.6	(delta): 1451.11
3 (EM) 	Elapsed: 0.003	Loglikelihood: -12457.4	(delta): 242.198
4 (EM) 	Elapsed: 0.003	Loglikelihood: -12299.3	(delta): 158.065
5 (EM) 	Elapsed: 0.003	Loglikelihood: -12187	(delta): 112.307
Initial loglikelihood: -12187
Starting main algorithm
1 (QN/Block) 	Elapsed: 0.005	Loglikelihood: -9125.76	(delta): 3061.26
2 (QN/Block) 	Elapsed: 0.005	Loglikelihood: -7896.44	(delta): 1229.32
3 (QN/Block) 	Elapsed: 0.006	Loglikelihood: -7374.86	(delta): 521.582
4 (QN/Block) 	Elapsed: 0.005	Loglikelihood: -7118.17	(delta): 256.69
5 (QN/Block) 	Elapsed: 0.005	Loglikelihood: -7011.58	(delta): 106.586
6 (QN/Block) 	Elapsed: 0.006	Loglikelihood: -6993.92	(delta): 17.663
7 (QN/Block) 	Elapsed: 0.006	Loglikelihood: -6990.61	(delta): 3.31143
8 (QN/Block) 	Elapsed: 0.006	Loglikelihood: -6990.24	(delta): 0.370244
9 (QN/Block) 	Elapsed: 0.006	Loglikelihood: -6990.2	(delta): 0.0354154
10 (QN/Block) 	Elapsed: 0.005	Loglikelihood: -6990.19	(delta): 0.0100485
11 (QN/Block) 	Elapsed: 0.006	Loglikelihood: -6990.18	(delta): 0.00763448
12 (QN/Block) 	Elapsed: 0.006	Loglikelihood: -6990.18	(delta): 0.00426571
13 (QN/Block) 	Elapsed: 0.005	Loglikelihood: -6990.18	(delta): 7.38141e-06
Summary: 
Converged in 13 iterations (0.101 sec)
Loglikelihood: -6990.180055
Fst divergences between estimated populations: 
	Pop0	Pop1	Pop2	Pop3	
Pop0	
Pop1	0.424	
Pop2	0.551	0.576	
Pop3	0.436	0.432	0.442	
Pop4	0.416	0.421	0.646	0.529	
CV error (K=5): 0.15049
Writing output files.
