****                   ADMIXTURE Version 1.3.0                  ****
****                    Copyright 2008-2015                     ****
****           David Alexander, Suyash Shringarpure,            ****
****                John  Novembre, Ken Lange                   ****
****                                                            ****
****                 Please cite our paper!                     ****
****   Information at www.genetics.ucla.edu/software/admixture  ****

Parallel execution requested.  Will use 8 threads.
Cross-validation will be performed.  Folds=10.
Random seed: 883
Point estimation method: Block relaxation algorithm
Convergence acceleration algorithm: QuasiNewton, 3 secant conditions
Point estimation will terminate when objective function delta < 0.0001
Estimation of standard errors disabled; will compute point estimates only.
Size of G: 133x453
Performing five EM steps to prime main algorithm
1 (EM) 	Elapsed: 0.002	Loglikelihood: -13698.1	(delta): 82409.4
2 (EM) 	Elapsed: 0.002	Loglikelihood: -12843.6	(delta): 854.499
3 (EM) 	Elapsed: 0.002	Loglikelihood: -12676.4	(delta): 167.244
4 (EM) 	Elapsed: 0.002	Loglikelihood: -12581.9	(delta): 94.4377
5 (EM) 	Elapsed: 0.002	Loglikelihood: -12520.9	(delta): 61.0392
Initial loglikelihood: -12520.9
Starting main algorithm
1 (QN/Block) 	Elapsed: 0.003	Loglikelihood: -10704.9	(delta): 1815.96
2 (QN/Block) 	Elapsed: 0.003	Loglikelihood: -9759.83	(delta): 945.092
3 (QN/Block) 	Elapsed: 0.004	Loglikelihood: -9085.3	(delta): 674.531
4 (QN/Block) 	Elapsed: 0.005	Loglikelihood: -8676.31	(delta): 408.983
5 (QN/Block) 	Elapsed: 0.005	Loglikelihood: -8461.3	(delta): 215.018
6 (QN/Block) 	Elapsed: 0.006	Loglikelihood: -8349.86	(delta): 111.436
7 (QN/Block) 	Elapsed: 0.006	Loglikelihood: -8318.77	(delta): 31.0855
8 (QN/Block) 	Elapsed: 0.006	Loglikelihood: -8306.42	(delta): 12.3585
9 (QN/Block) 	Elapsed: 0.007	Loglikelihood: -8290.14	(delta): 16.2786
10 (QN/Block) 	Elapsed: 0.007	Loglikelihood: -8288.56	(delta): 1.57551
11 (QN/Block) 	Elapsed: 0.006	Loglikelihood: -8288.54	(delta): 0.0200389
12 (QN/Block) 	Elapsed: 0.006	Loglikelihood: -8288.54	(delta): 1.07158e-05
Summary: 
Converged in 12 iterations (0.085 sec)
Loglikelihood: -8288.542102
Fst divergences between estimated populations: 
	Pop0	Pop1	
Pop0	
Pop1	0.374	
Pop2	0.409	0.356	
CV error (K=3): 0.16737
Writing output files.
