****                   ADMIXTURE Version 1.3.0                  ****
****                    Copyright 2008-2015                     ****
****           David Alexander, Suyash Shringarpure,            ****
****                John  Novembre, Ken Lange                   ****
****                                                            ****
****                 Please cite our paper!                     ****
****   Information at www.genetics.ucla.edu/software/admixture  ****

Parallel execution requested.  Will use 8 threads.
Cross-validation will be performed.  Folds=10.
Random seed: 3596
Point estimation method: Block relaxation algorithm
Convergence acceleration algorithm: QuasiNewton, 3 secant conditions
Point estimation will terminate when objective function delta < 0.0001
Estimation of standard errors disabled; will compute point estimates only.
Size of G: 133x453
Performing five EM steps to prime main algorithm
1 (EM) 	Elapsed: 0.002	Loglikelihood: -13967.2	(delta): 77158.3
2 (EM) 	Elapsed: 0.002	Loglikelihood: -12863.6	(delta): 1103.56
3 (EM) 	Elapsed: 0.002	Loglikelihood: -12675.3	(delta): 188.307
4 (EM) 	Elapsed: 0.002	Loglikelihood: -12561.5	(delta): 113.767
5 (EM) 	Elapsed: 0.002	Loglikelihood: -12472.8	(delta): 88.7292
Initial loglikelihood: -12472.8
Starting main algorithm
1 (QN/Block) 	Elapsed: 0.005	Loglikelihood: -9545.39	(delta): 2927.42
2 (QN/Block) 	Elapsed: 0.005	Loglikelihood: -8518.88	(delta): 1026.52
3 (QN/Block) 	Elapsed: 0.006	Loglikelihood: -8099.85	(delta): 419.024
4 (QN/Block) 	Elapsed: 0.005	Loglikelihood: -7854.49	(delta): 245.359
5 (QN/Block) 	Elapsed: 0.005	Loglikelihood: -7771.12	(delta): 83.3702
6 (QN/Block) 	Elapsed: 0.005	Loglikelihood: -7740.61	(delta): 30.5067
7 (QN/Block) 	Elapsed: 0.004	Loglikelihood: -7727.71	(delta): 12.9085
8 (QN/Block) 	Elapsed: 0.005	Loglikelihood: -7723.05	(delta): 4.65806
9 (QN/Block) 	Elapsed: 0.005	Loglikelihood: -7722.17	(delta): 0.877016
10 (QN/Block) 	Elapsed: 0.005	Loglikelihood: -7722.15	(delta): 0.0214161
11 (QN/Block) 	Elapsed: 0.005	Loglikelihood: -7722.15	(delta): 0.00283314
12 (QN/Block) 	Elapsed: 0.005	Loglikelihood: -7722.15	(delta): 0.000156762
13 (QN/Block) 	Elapsed: 0.005	Loglikelihood: -7722.15	(delta): 2.77607e-05
Summary: 
Converged in 13 iterations (0.088 sec)
Loglikelihood: -7722.146988
Fst divergences between estimated populations: 
	Pop0	Pop1	Pop2	
Pop0	
Pop1	0.387	
Pop2	0.437	0.359	
Pop3	0.347	0.534	0.545	
CV error (K=4): 0.16653
Writing output files.
