****                   ADMIXTURE Version 1.3.0                  ****
****                    Copyright 2008-2015                     ****
****           David Alexander, Suyash Shringarpure,            ****
****                John  Novembre, Ken Lange                   ****
****                                                            ****
****                 Please cite our paper!                     ****
****   Information at www.genetics.ucla.edu/software/admixture  ****

Parallel execution requested.  Will use 8 threads.
Cross-validation will be performed.  Folds=10.
Random seed: 306
Point estimation method: Block relaxation algorithm
Convergence acceleration algorithm: QuasiNewton, 3 secant conditions
Point estimation will terminate when objective function delta < 0.0001
Estimation of standard errors disabled; will compute point estimates only.
Size of G: 133x453
Performing five EM steps to prime main algorithm
1 (EM) 	Elapsed: 0.002	Loglikelihood: -13855.3	(delta): 84026.7
2 (EM) 	Elapsed: 0.002	Loglikelihood: -12830.4	(delta): 1024.91
3 (EM) 	Elapsed: 0.002	Loglikelihood: -12664.9	(delta): 165.498
4 (EM) 	Elapsed: 0.002	Loglikelihood: -12564.5	(delta): 100.373
5 (EM) 	Elapsed: 0.002	Loglikelihood: -12496.7	(delta): 67.8054
Initial loglikelihood: -12496.7
Starting main algorithm
1 (QN/Block) 	Elapsed: 0.004	Loglikelihood: -10479.5	(delta): 2017.27
2 (QN/Block) 	Elapsed: 0.004	Loglikelihood: -9481.1	(delta): 998.355
3 (QN/Block) 	Elapsed: 0.004	Loglikelihood: -8991.76	(delta): 489.337
4 (QN/Block) 	Elapsed: 0.004	Loglikelihood: -8514.13	(delta): 477.63
5 (QN/Block) 	Elapsed: 0.004	Loglikelihood: -8334.12	(delta): 180.015
6 (QN/Block) 	Elapsed: 0.005	Loglikelihood: -8303.13	(delta): 30.9805
7 (QN/Block) 	Elapsed: 0.006	Loglikelihood: -8289.67	(delta): 13.4652
8 (QN/Block) 	Elapsed: 0.005	Loglikelihood: -8288.61	(delta): 1.06033
9 (QN/Block) 	Elapsed: 0.005	Loglikelihood: -8288.59	(delta): 0.0238643
10 (QN/Block) 	Elapsed: 0.004	Loglikelihood: -8288.58	(delta): 0.00848103
11 (QN/Block) 	Elapsed: 0.005	Loglikelihood: -8288.57	(delta): 0.00774837
12 (QN/Block) 	Elapsed: 0.004	Loglikelihood: -8288.57	(delta): 0.00353853
13 (QN/Block) 	Elapsed: 0.004	Loglikelihood: -8288.55	(delta): 0.0122303
14 (QN/Block) 	Elapsed: 0.004	Loglikelihood: -8288.55	(delta): 0.00471498
15 (QN/Block) 	Elapsed: 0.005	Loglikelihood: -8288.55	(delta): 0.000106303
16 (QN/Block) 	Elapsed: 0.004	Loglikelihood: -8288.55	(delta): 2.97841e-08
Summary: 
Converged in 16 iterations (0.093 sec)
Loglikelihood: -8288.548345
Fst divergences between estimated populations: 
	Pop0	Pop1	
Pop0	
Pop1	0.409	
Pop2	0.356	0.374	
CV error (K=3): 0.16719
Writing output files.
