****                   ADMIXTURE Version 1.3.0                  ****
****                    Copyright 2008-2015                     ****
****           David Alexander, Suyash Shringarpure,            ****
****                John  Novembre, Ken Lange                   ****
****                                                            ****
****                 Please cite our paper!                     ****
****   Information at www.genetics.ucla.edu/software/admixture  ****

Parallel execution requested.  Will use 8 threads.
Cross-validation will be performed.  Folds=10.
Random seed: 4927
Point estimation method: Block relaxation algorithm
Convergence acceleration algorithm: QuasiNewton, 3 secant conditions
Point estimation will terminate when objective function delta < 0.0001
Estimation of standard errors disabled; will compute point estimates only.
Size of G: 133x453
Performing five EM steps to prime main algorithm
1 (EM) 	Elapsed: 0.005	Loglikelihood: -14137.6	(delta): 72516.9
2 (EM) 	Elapsed: 0.005	Loglikelihood: -12694.8	(delta): 1442.78
3 (EM) 	Elapsed: 0.005	Loglikelihood: -12450.6	(delta): 244.133
4 (EM) 	Elapsed: 0.004	Loglikelihood: -12297.1	(delta): 153.552
5 (EM) 	Elapsed: 0.005	Loglikelihood: -12170.7	(delta): 126.393
Initial loglikelihood: -12170.7
Starting main algorithm
1 (QN/Block) 	Elapsed: 0.007	Loglikelihood: -8037.41	(delta): 4133.29
2 (QN/Block) 	Elapsed: 0.007	Loglikelihood: -6999.3	(delta): 1038.1
3 (QN/Block) 	Elapsed: 0.007	Loglikelihood: -6603.04	(delta): 396.264
4 (QN/Block) 	Elapsed: 0.007	Loglikelihood: -6381.33	(delta): 221.707
5 (QN/Block) 	Elapsed: 0.007	Loglikelihood: -6305.12	(delta): 76.2085
6 (QN/Block) 	Elapsed: 0.008	Loglikelihood: -6251.78	(delta): 53.3417
7 (QN/Block) 	Elapsed: 0.008	Loglikelihood: -6172.24	(delta): 79.5377
8 (QN/Block) 	Elapsed: 0.008	Loglikelihood: -6165.77	(delta): 6.47346
9 (QN/Block) 	Elapsed: 0.007	Loglikelihood: -6158.93	(delta): 6.83793
10 (QN/Block) 	Elapsed: 0.007	Loglikelihood: -6157.29	(delta): 1.64512
11 (QN/Block) 	Elapsed: 0.007	Loglikelihood: -6149.31	(delta): 7.97311
12 (QN/Block) 	Elapsed: 0.007	Loglikelihood: -6145.51	(delta): 3.80836
13 (QN/Block) 	Elapsed: 0.008	Loglikelihood: -6129.44	(delta): 16.0625
14 (QN/Block) 	Elapsed: 0.008	Loglikelihood: -6119.53	(delta): 9.91315
15 (QN/Block) 	Elapsed: 0.007	Loglikelihood: -6115.16	(delta): 4.37083
16 (QN/Block) 	Elapsed: 0.007	Loglikelihood: -6112.44	(delta): 2.71614
17 (QN/Block) 	Elapsed: 0.008	Loglikelihood: -6111.69	(delta): 0.752628
18 (QN/Block) 	Elapsed: 0.008	Loglikelihood: -6111.66	(delta): 0.0303031
19 (QN/Block) 	Elapsed: 0.007	Loglikelihood: -6111.65	(delta): 0.0125549
20 (QN/Block) 	Elapsed: 0.007	Loglikelihood: -6111.65	(delta): 0.000830328
21 (QN/Block) 	Elapsed: 0.008	Loglikelihood: -6111.65	(delta): 1.63544e-06
Summary: 
Converged in 21 iterations (0.197 sec)
Loglikelihood: -6111.647295
Fst divergences between estimated populations: 
	Pop0	Pop1	Pop2	Pop3	Pop4	Pop5	
Pop0	
Pop1	0.530	
Pop2	0.596	0.611	
Pop3	0.471	0.442	0.374	
Pop4	0.424	0.428	0.592	0.419	
Pop5	0.443	0.648	0.695	0.582	0.565	
Pop6	0.483	0.486	0.639	0.496	0.232	0.628	
CV error (K=7): 0.14456
Writing output files.
