****                   ADMIXTURE Version 1.3.0                  ****
****                    Copyright 2008-2015                     ****
****           David Alexander, Suyash Shringarpure,            ****
****                John  Novembre, Ken Lange                   ****
****                                                            ****
****                 Please cite our paper!                     ****
****   Information at www.genetics.ucla.edu/software/admixture  ****

Parallel execution requested.  Will use 8 threads.
Cross-validation will be performed.  Folds=10.
Random seed: 3360
Point estimation method: Block relaxation algorithm
Convergence acceleration algorithm: QuasiNewton, 3 secant conditions
Point estimation will terminate when objective function delta < 0.0001
Estimation of standard errors disabled; will compute point estimates only.
Size of G: 133x453
Performing five EM steps to prime main algorithm
1 (EM) 	Elapsed: 0.006	Loglikelihood: -13972.6	(delta): 73085.9
2 (EM) 	Elapsed: 0.005	Loglikelihood: -12640.3	(delta): 1332.3
3 (EM) 	Elapsed: 0.005	Loglikelihood: -12411.1	(delta): 229.213
4 (EM) 	Elapsed: 0.005	Loglikelihood: -12258.9	(delta): 152.134
5 (EM) 	Elapsed: 0.005	Loglikelihood: -12134.5	(delta): 124.435
Initial loglikelihood: -12134.5
Starting main algorithm
1 (QN/Block) 	Elapsed: 0.008	Loglikelihood: -8144.8	(delta): 3989.71
2 (QN/Block) 	Elapsed: 0.007	Loglikelihood: -6871.2	(delta): 1273.6
3 (QN/Block) 	Elapsed: 0.009	Loglikelihood: -6278.34	(delta): 592.86
4 (QN/Block) 	Elapsed: 0.008	Loglikelihood: -6031.08	(delta): 247.266
5 (QN/Block) 	Elapsed: 0.009	Loglikelihood: -5901.5	(delta): 129.574
6 (QN/Block) 	Elapsed: 0.008	Loglikelihood: -5862.63	(delta): 38.8707
7 (QN/Block) 	Elapsed: 0.008	Loglikelihood: -5858.23	(delta): 4.39871
8 (QN/Block) 	Elapsed: 0.008	Loglikelihood: -5857.85	(delta): 0.384962
9 (QN/Block) 	Elapsed: 0.009	Loglikelihood: -5854.35	(delta): 3.49705
10 (QN/Block) 	Elapsed: 0.009	Loglikelihood: -5854.02	(delta): 0.325239
11 (QN/Block) 	Elapsed: 0.009	Loglikelihood: -5854.01	(delta): 0.0175241
12 (QN/Block) 	Elapsed: 0.009	Loglikelihood: -5853.99	(delta): 0.0154127
13 (QN/Block) 	Elapsed: 0.009	Loglikelihood: -5853.98	(delta): 0.00876383
14 (QN/Block) 	Elapsed: 0.008	Loglikelihood: -5853.98	(delta): 4.2947e-05
Summary: 
Converged in 14 iterations (0.159 sec)
Loglikelihood: -5853.983055
Fst divergences between estimated populations: 
	Pop0	Pop1	Pop2	Pop3	Pop4	Pop5	Pop6	
Pop0	
Pop1	0.620	
Pop2	0.659	0.489	
Pop3	0.378	0.431	0.495	
Pop4	0.727	0.663	0.658	0.595	
Pop5	0.620	0.525	0.484	0.460	0.452	
Pop6	0.606	0.426	0.242	0.414	0.589	0.416	
Pop7	0.498	0.498	0.519	0.358	0.592	0.411	0.472	
CV error (K=8): 0.14466
Writing output files.
