****                   ADMIXTURE Version 1.3.0                  ****
****                    Copyright 2008-2015                     ****
****           David Alexander, Suyash Shringarpure,            ****
****                John  Novembre, Ken Lange                   ****
****                                                            ****
****                 Please cite our paper!                     ****
****   Information at www.genetics.ucla.edu/software/admixture  ****

Parallel execution requested.  Will use 8 threads.
Cross-validation will be performed.  Folds=10.
Random seed: 3302
Point estimation method: Block relaxation algorithm
Convergence acceleration algorithm: QuasiNewton, 3 secant conditions
Point estimation will terminate when objective function delta < 0.0001
Estimation of standard errors disabled; will compute point estimates only.
Size of G: 133x453
Performing five EM steps to prime main algorithm
1 (EM) 	Elapsed: 0.001	Loglikelihood: -13431.2	(delta): 94005.8
2 (EM) 	Elapsed: 0.001	Loglikelihood: -12865	(delta): 566.12
3 (EM) 	Elapsed: 0.001	Loglikelihood: -12775.4	(delta): 89.5962
4 (EM) 	Elapsed: 0.001	Loglikelihood: -12723.3	(delta): 52.1426
5 (EM) 	Elapsed: 0.001	Loglikelihood: -12690.5	(delta): 32.8504
Initial loglikelihood: -12690.5
Starting main algorithm
1 (QN/Block) 	Elapsed: 0.002	Loglikelihood: -11663.7	(delta): 1026.8
2 (QN/Block) 	Elapsed: 0.002	Loglikelihood: -11223.7	(delta): 439.967
3 (QN/Block) 	Elapsed: 0.002	Loglikelihood: -10994.9	(delta): 228.798
4 (QN/Block) 	Elapsed: 0.004	Loglikelihood: -10833.4	(delta): 161.485
5 (QN/Block) 	Elapsed: 0.004	Loglikelihood: -10454.3	(delta): 379.112
6 (QN/Block) 	Elapsed: 0.004	Loglikelihood: -10182.2	(delta): 272.082
7 (QN/Block) 	Elapsed: 0.004	Loglikelihood: -10094.6	(delta): 87.644
8 (QN/Block) 	Elapsed: 0.004	Loglikelihood: -10036.7	(delta): 57.9207
9 (QN/Block) 	Elapsed: 0.003	Loglikelihood: -10031.2	(delta): 5.44806
10 (QN/Block) 	Elapsed: 0.002	Loglikelihood: -10030.5	(delta): 0.675225
11 (QN/Block) 	Elapsed: 0.002	Loglikelihood: -10030.4	(delta): 0.150144
12 (QN/Block) 	Elapsed: 0.002	Loglikelihood: -10030.4	(delta): 0.0265667
13 (QN/Block) 	Elapsed: 0.002	Loglikelihood: -10030.4	(delta): 0.00114665
14 (QN/Block) 	Elapsed: 0.003	Loglikelihood: -10030.4	(delta): 6.1744e-05
Summary: 
Converged in 14 iterations (0.061 sec)
Loglikelihood: -10030.351392
Fst divergences between estimated populations: 
	Pop0	
Pop0	
Pop1	0.328	
CV error (K=2): 0.19186
Writing output files.
