****                   ADMIXTURE Version 1.3.0                  ****
****                    Copyright 2008-2015                     ****
****           David Alexander, Suyash Shringarpure,            ****
****                John  Novembre, Ken Lange                   ****
****                                                            ****
****                 Please cite our paper!                     ****
****   Information at www.genetics.ucla.edu/software/admixture  ****

Parallel execution requested.  Will use 8 threads.
Cross-validation will be performed.  Folds=10.
Random seed: 4139
Point estimation method: Block relaxation algorithm
Convergence acceleration algorithm: QuasiNewton, 3 secant conditions
Point estimation will terminate when objective function delta < 0.0001
Estimation of standard errors disabled; will compute point estimates only.
Size of G: 133x453
Performing five EM steps to prime main algorithm
1 (EM) 	Elapsed: 0.004	Loglikelihood: -14089.3	(delta): 76055.1
2 (EM) 	Elapsed: 0.004	Loglikelihood: -12725.5	(delta): 1363.75
3 (EM) 	Elapsed: 0.004	Loglikelihood: -12452	(delta): 273.56
4 (EM) 	Elapsed: 0.004	Loglikelihood: -12268.7	(delta): 183.252
5 (EM) 	Elapsed: 0.004	Loglikelihood: -12120.8	(delta): 147.946
Initial loglikelihood: -12120.8
Starting main algorithm
1 (QN/Block) 	Elapsed: 0.006	Loglikelihood: -8480.14	(delta): 3640.63
2 (QN/Block) 	Elapsed: 0.006	Loglikelihood: -7167.55	(delta): 1312.59
3 (QN/Block) 	Elapsed: 0.007	Loglikelihood: -6714	(delta): 453.554
4 (QN/Block) 	Elapsed: 0.007	Loglikelihood: -6533.44	(delta): 180.554
5 (QN/Block) 	Elapsed: 0.007	Loglikelihood: -6442.63	(delta): 90.8126
6 (QN/Block) 	Elapsed: 0.007	Loglikelihood: -6412.34	(delta): 30.2859
7 (QN/Block) 	Elapsed: 0.007	Loglikelihood: -6406.07	(delta): 6.27262
8 (QN/Block) 	Elapsed: 0.007	Loglikelihood: -6403.81	(delta): 2.26439
9 (QN/Block) 	Elapsed: 0.007	Loglikelihood: -6403.48	(delta): 0.32953
10 (QN/Block) 	Elapsed: 0.007	Loglikelihood: -6403.47	(delta): 0.00505051
11 (QN/Block) 	Elapsed: 0.006	Loglikelihood: -6403.47	(delta): 0.000333996
12 (QN/Block) 	Elapsed: 0.006	Loglikelihood: -6403.47	(delta): 8.62252e-05
Summary: 
Converged in 12 iterations (0.113 sec)
Loglikelihood: -6403.472928
Fst divergences between estimated populations: 
	Pop0	Pop1	Pop2	Pop3	Pop4	
Pop0	
Pop1	0.608	
Pop2	0.647	0.419	
Pop3	0.444	0.429	0.499	
Pop4	0.720	0.614	0.598	0.592	
Pop5	0.600	0.449	0.423	0.456	0.373	
CV error (K=6): 0.14633
Writing output files.
