****                   ADMIXTURE Version 1.3.0                  ****
****                    Copyright 2008-2015                     ****
****           David Alexander, Suyash Shringarpure,            ****
****                John  Novembre, Ken Lange                   ****
****                                                            ****
****                 Please cite our paper!                     ****
****   Information at www.genetics.ucla.edu/software/admixture  ****

Parallel execution requested.  Will use 8 threads.
Cross-validation will be performed.  Folds=10.
Random seed: 4140
Point estimation method: Block relaxation algorithm
Convergence acceleration algorithm: QuasiNewton, 3 secant conditions
Point estimation will terminate when objective function delta < 0.0001
Estimation of standard errors disabled; will compute point estimates only.
Size of G: 133x453
Performing five EM steps to prime main algorithm
1 (EM) 	Elapsed: 0.002	Loglikelihood: -14046	(delta): 76762
2 (EM) 	Elapsed: 0.002	Loglikelihood: -12913	(delta): 1133.05
3 (EM) 	Elapsed: 0.002	Loglikelihood: -12719.1	(delta): 193.893
4 (EM) 	Elapsed: 0.002	Loglikelihood: -12613.7	(delta): 105.338
5 (EM) 	Elapsed: 0.002	Loglikelihood: -12538.1	(delta): 75.696
Initial loglikelihood: -12538.1
Starting main algorithm
1 (QN/Block) 	Elapsed: 0.005	Loglikelihood: -9872.66	(delta): 2665.39
2 (QN/Block) 	Elapsed: 0.005	Loglikelihood: -8519.82	(delta): 1352.84
3 (QN/Block) 	Elapsed: 0.005	Loglikelihood: -7964.32	(delta): 555.505
4 (QN/Block) 	Elapsed: 0.005	Loglikelihood: -7648.07	(delta): 316.244
5 (QN/Block) 	Elapsed: 0.005	Loglikelihood: -7545.05	(delta): 103.021
6 (QN/Block) 	Elapsed: 0.005	Loglikelihood: -7536.9	(delta): 8.15051
7 (QN/Block) 	Elapsed: 0.006	Loglikelihood: -7536.32	(delta): 0.580686
8 (QN/Block) 	Elapsed: 0.005	Loglikelihood: -7536.3	(delta): 0.0244522
9 (QN/Block) 	Elapsed: 0.005	Loglikelihood: -7536.28	(delta): 0.0182512
10 (QN/Block) 	Elapsed: 0.005	Loglikelihood: -7536.26	(delta): 0.0157783
11 (QN/Block) 	Elapsed: 0.005	Loglikelihood: -7536.25	(delta): 0.0103289
12 (QN/Block) 	Elapsed: 0.005	Loglikelihood: -7536.25	(delta): 1.1507e-06
Summary: 
Converged in 12 iterations (0.082 sec)
Loglikelihood: -7536.252844
Fst divergences between estimated populations: 
	Pop0	Pop1	Pop2	
Pop0	
Pop1	0.411	
Pop2	0.474	0.411	
Pop3	0.398	0.422	0.409	
CV error (K=4): 0.15916
Writing output files.
