****                   ADMIXTURE Version 1.3.0                  ****
****                    Copyright 2008-2015                     ****
****           David Alexander, Suyash Shringarpure,            ****
****                John  Novembre, Ken Lange                   ****
****                                                            ****
****                 Please cite our paper!                     ****
****   Information at www.genetics.ucla.edu/software/admixture  ****

Parallel execution requested.  Will use 8 threads.
Cross-validation will be performed.  Folds=10.
Random seed: 1535
Point estimation method: Block relaxation algorithm
Convergence acceleration algorithm: QuasiNewton, 3 secant conditions
Point estimation will terminate when objective function delta < 0.0001
Estimation of standard errors disabled; will compute point estimates only.
Size of G: 133x453
Performing five EM steps to prime main algorithm
1 (EM) 	Elapsed: 0.003	Loglikelihood: -13904.5	(delta): 75041.4
2 (EM) 	Elapsed: 0.003	Loglikelihood: -12772.9	(delta): 1131.56
3 (EM) 	Elapsed: 0.003	Loglikelihood: -12583.2	(delta): 189.691
4 (EM) 	Elapsed: 0.003	Loglikelihood: -12469	(delta): 114.225
5 (EM) 	Elapsed: 0.003	Loglikelihood: -12382.6	(delta): 86.3856
Initial loglikelihood: -12382.6
Starting main algorithm
1 (QN/Block) 	Elapsed: 0.005	Loglikelihood: -9098.29	(delta): 3284.35
2 (QN/Block) 	Elapsed: 0.005	Loglikelihood: -7855.08	(delta): 1243.21
3 (QN/Block) 	Elapsed: 0.006	Loglikelihood: -7356.11	(delta): 498.97
4 (QN/Block) 	Elapsed: 0.006	Loglikelihood: -7105.18	(delta): 250.936
5 (QN/Block) 	Elapsed: 0.006	Loglikelihood: -7033.03	(delta): 72.1457
6 (QN/Block) 	Elapsed: 0.005	Loglikelihood: -7001.18	(delta): 31.8518
7 (QN/Block) 	Elapsed: 0.006	Loglikelihood: -6994.46	(delta): 6.71708
8 (QN/Block) 	Elapsed: 0.006	Loglikelihood: -6993.49	(delta): 0.967566
9 (QN/Block) 	Elapsed: 0.007	Loglikelihood: -6993.42	(delta): 0.0764539
10 (QN/Block) 	Elapsed: 0.005	Loglikelihood: -6993.42	(delta): 1.58753e-05
Summary: 
Converged in 10 iterations (0.083 sec)
Loglikelihood: -6993.417637
Fst divergences between estimated populations: 
	Pop0	Pop1	Pop2	Pop3	
Pop0	
Pop1	0.418	
Pop2	0.521	0.435	
Pop3	0.637	0.579	0.442	
Pop4	0.410	0.426	0.436	0.551	
CV error (K=5): 0.15200
Writing output files.
