****                   ADMIXTURE Version 1.3.0                  ****
****                    Copyright 2008-2015                     ****
****           David Alexander, Suyash Shringarpure,            ****
****                John  Novembre, Ken Lange                   ****
****                                                            ****
****                 Please cite our paper!                     ****
****   Information at www.genetics.ucla.edu/software/admixture  ****

Parallel execution requested.  Will use 8 threads.
Cross-validation will be performed.  Folds=10.
Random seed: 204
Point estimation method: Block relaxation algorithm
Convergence acceleration algorithm: QuasiNewton, 3 secant conditions
Point estimation will terminate when objective function delta < 0.0001
Estimation of standard errors disabled; will compute point estimates only.
Size of G: 133x453
Performing five EM steps to prime main algorithm
1 (EM) 	Elapsed: 0.003	Loglikelihood: -13947.4	(delta): 73821.4
2 (EM) 	Elapsed: 0.004	Loglikelihood: -12712.3	(delta): 1235.04
3 (EM) 	Elapsed: 0.004	Loglikelihood: -12496.7	(delta): 215.655
4 (EM) 	Elapsed: 0.003	Loglikelihood: -12372.6	(delta): 124.034
5 (EM) 	Elapsed: 0.003	Loglikelihood: -12274.5	(delta): 98.1465
Initial loglikelihood: -12274.5
Starting main algorithm
1 (QN/Block) 	Elapsed: 0.006	Loglikelihood: -8565.33	(delta): 3709.15
2 (QN/Block) 	Elapsed: 0.006	Loglikelihood: -7432.74	(delta): 1132.6
3 (QN/Block) 	Elapsed: 0.006	Loglikelihood: -7016.98	(delta): 415.76
4 (QN/Block) 	Elapsed: 0.006	Loglikelihood: -6860.9	(delta): 156.072
5 (QN/Block) 	Elapsed: 0.006	Loglikelihood: -6785.08	(delta): 75.8193
6 (QN/Block) 	Elapsed: 0.007	Loglikelihood: -6760.38	(delta): 24.7016
7 (QN/Block) 	Elapsed: 0.007	Loglikelihood: -6751.88	(delta): 8.50765
8 (QN/Block) 	Elapsed: 0.007	Loglikelihood: -6751.35	(delta): 0.526027
9 (QN/Block) 	Elapsed: 0.007	Loglikelihood: -6750.97	(delta): 0.379924
10 (QN/Block) 	Elapsed: 0.007	Loglikelihood: -6750.91	(delta): 0.0546379
11 (QN/Block) 	Elapsed: 0.007	Loglikelihood: -6750.91	(delta): 0.000827472
12 (QN/Block) 	Elapsed: 0.006	Loglikelihood: -6750.91	(delta): 2.75842e-05
Summary: 
Converged in 12 iterations (0.107 sec)
Loglikelihood: -6750.913670
Fst divergences between estimated populations: 
	Pop0	Pop1	Pop2	Pop3	Pop4	
Pop0	
Pop1	0.472	
Pop2	0.609	0.453	
Pop3	0.460	0.223	0.441	
Pop4	0.648	0.520	0.420	0.512	
Pop5	0.580	0.459	0.441	0.444	0.412	
CV error (K=6): 0.14914
Writing output files.
