****                   ADMIXTURE Version 1.3.0                  ****
****                    Copyright 2008-2015                     ****
****           David Alexander, Suyash Shringarpure,            ****
****                John  Novembre, Ken Lange                   ****
****                                                            ****
****                 Please cite our paper!                     ****
****   Information at www.genetics.ucla.edu/software/admixture  ****

Parallel execution requested.  Will use 8 threads.
Cross-validation will be performed.  Folds=10.
Random seed: 2120
Point estimation method: Block relaxation algorithm
Convergence acceleration algorithm: QuasiNewton, 3 secant conditions
Point estimation will terminate when objective function delta < 0.0001
Estimation of standard errors disabled; will compute point estimates only.
Size of G: 133x453
Performing five EM steps to prime main algorithm
1 (EM) 	Elapsed: 0.002	Loglikelihood: -14001.5	(delta): 78191.5
2 (EM) 	Elapsed: 0.002	Loglikelihood: -12790.9	(delta): 1210.63
3 (EM) 	Elapsed: 0.002	Loglikelihood: -12601.7	(delta): 189.205
4 (EM) 	Elapsed: 0.002	Loglikelihood: -12491.7	(delta): 109.99
5 (EM) 	Elapsed: 0.002	Loglikelihood: -12411	(delta): 80.6582
Initial loglikelihood: -12411
Starting main algorithm
1 (QN/Block) 	Elapsed: 0.005	Loglikelihood: -9384.64	(delta): 3026.37
2 (QN/Block) 	Elapsed: 0.005	Loglikelihood: -8453.79	(delta): 930.847
3 (QN/Block) 	Elapsed: 0.005	Loglikelihood: -8089.46	(delta): 364.334
4 (QN/Block) 	Elapsed: 0.005	Loglikelihood: -7896.39	(delta): 193.072
5 (QN/Block) 	Elapsed: 0.005	Loglikelihood: -7840.93	(delta): 55.4614
6 (QN/Block) 	Elapsed: 0.005	Loglikelihood: -7829.14	(delta): 11.79
7 (QN/Block) 	Elapsed: 0.005	Loglikelihood: -7826.08	(delta): 3.05991
8 (QN/Block) 	Elapsed: 0.005	Loglikelihood: -7825.81	(delta): 0.270201
9 (QN/Block) 	Elapsed: 0.005	Loglikelihood: -7825.72	(delta): 0.0826469
10 (QN/Block) 	Elapsed: 0.006	Loglikelihood: -7825.69	(delta): 0.0318279
11 (QN/Block) 	Elapsed: 0.005	Loglikelihood: -7825.67	(delta): 0.0183385
12 (QN/Block) 	Elapsed: 0.006	Loglikelihood: -7825.63	(delta): 0.0416656
13 (QN/Block) 	Elapsed: 0.005	Loglikelihood: -7823.63	(delta): 2.00458
14 (QN/Block) 	Elapsed: 0.005	Loglikelihood: -7805.68	(delta): 17.9491
15 (QN/Block) 	Elapsed: 0.005	Loglikelihood: -7781.59	(delta): 24.0849
16 (QN/Block) 	Elapsed: 0.005	Loglikelihood: -7780.76	(delta): 0.834413
17 (QN/Block) 	Elapsed: 0.005	Loglikelihood: -7780.68	(delta): 0.0824345
18 (QN/Block) 	Elapsed: 0.005	Loglikelihood: -7780.67	(delta): 0.00182624
19 (QN/Block) 	Elapsed: 0.006	Loglikelihood: -7780.67	(delta): 1.23667e-05
Summary: 
Converged in 19 iterations (0.125 sec)
Loglikelihood: -7780.674314
Fst divergences between estimated populations: 
	Pop0	Pop1	Pop2	
Pop0	
Pop1	0.432	
Pop2	0.360	0.466	
Pop3	0.391	0.189	0.423	
CV error (K=4): 0.16868
Writing output files.
