****                   ADMIXTURE Version 1.3.0                  ****
****                    Copyright 2008-2015                     ****
****           David Alexander, Suyash Shringarpure,            ****
****                John  Novembre, Ken Lange                   ****
****                                                            ****
****                 Please cite our paper!                     ****
****   Information at www.genetics.ucla.edu/software/admixture  ****

Parallel execution requested.  Will use 8 threads.
Cross-validation will be performed.  Folds=10.
Random seed: 4906
Point estimation method: Block relaxation algorithm
Convergence acceleration algorithm: QuasiNewton, 3 secant conditions
Point estimation will terminate when objective function delta < 0.0001
Estimation of standard errors disabled; will compute point estimates only.
Size of G: 133x453
Performing five EM steps to prime main algorithm
1 (EM) 	Elapsed: 0.001	Loglikelihood: -13468	(delta): 88979.2
2 (EM) 	Elapsed: 0.001	Loglikelihood: -12864	(delta): 603.984
3 (EM) 	Elapsed: 0.001	Loglikelihood: -12743.1	(delta): 120.942
4 (EM) 	Elapsed: 0.001	Loglikelihood: -12676.9	(delta): 66.2034
5 (EM) 	Elapsed: 0.001	Loglikelihood: -12633.8	(delta): 43.1151
Initial loglikelihood: -12633.8
Starting main algorithm
1 (QN/Block) 	Elapsed: 0.002	Loglikelihood: -10930	(delta): 1703.8
2 (QN/Block) 	Elapsed: 0.002	Loglikelihood: -10580.1	(delta): 349.875
3 (QN/Block) 	Elapsed: 0.002	Loglikelihood: -10359.7	(delta): 220.384
4 (QN/Block) 	Elapsed: 0.003	Loglikelihood: -10192.6	(delta): 167.142
5 (QN/Block) 	Elapsed: 0.004	Loglikelihood: -10096.4	(delta): 96.2046
6 (QN/Block) 	Elapsed: 0.004	Loglikelihood: -10038.8	(delta): 57.5538
7 (QN/Block) 	Elapsed: 0.004	Loglikelihood: -10032.3	(delta): 6.50697
8 (QN/Block) 	Elapsed: 0.003	Loglikelihood: -10030.9	(delta): 1.38895
9 (QN/Block) 	Elapsed: 0.002	Loglikelihood: -10030.5	(delta): 0.412387
10 (QN/Block) 	Elapsed: 0.003	Loglikelihood: -10030.4	(delta): 0.141331
11 (QN/Block) 	Elapsed: 0.002	Loglikelihood: -10030.4	(delta): 0.00453173
12 (QN/Block) 	Elapsed: 0.002	Loglikelihood: -10030.4	(delta): 0.000138307
13 (QN/Block) 	Elapsed: 0.002	Loglikelihood: -10030.4	(delta): 7.52222e-06
Summary: 
Converged in 13 iterations (0.053 sec)
Loglikelihood: -10030.351419
Fst divergences between estimated populations: 
	Pop0	
Pop0	
Pop1	0.328	
CV error (K=2): 0.19357
Writing output files.
