****                   ADMIXTURE Version 1.3.0                  ****
****                    Copyright 2008-2015                     ****
****           David Alexander, Suyash Shringarpure,            ****
****                John  Novembre, Ken Lange                   ****
****                                                            ****
****                 Please cite our paper!                     ****
****   Information at www.genetics.ucla.edu/software/admixture  ****

Parallel execution requested.  Will use 8 threads.
Cross-validation will be performed.  Folds=10.
Random seed: 3149
Point estimation method: Block relaxation algorithm
Convergence acceleration algorithm: QuasiNewton, 3 secant conditions
Point estimation will terminate when objective function delta < 0.0001
Estimation of standard errors disabled; will compute point estimates only.
Size of G: 133x453
Performing five EM steps to prime main algorithm
1 (EM) 	Elapsed: 0.002	Loglikelihood: -14070.7	(delta): 77080.8
2 (EM) 	Elapsed: 0.002	Loglikelihood: -12882.8	(delta): 1187.92
3 (EM) 	Elapsed: 0.002	Loglikelihood: -12710.3	(delta): 172.458
4 (EM) 	Elapsed: 0.002	Loglikelihood: -12608.4	(delta): 101.954
5 (EM) 	Elapsed: 0.002	Loglikelihood: -12535.5	(delta): 72.8307
Initial loglikelihood: -12535.5
Starting main algorithm
1 (QN/Block) 	Elapsed: 0.005	Loglikelihood: -10250.9	(delta): 2284.65
2 (QN/Block) 	Elapsed: 0.005	Loglikelihood: -8777.76	(delta): 1473.13
3 (QN/Block) 	Elapsed: 0.005	Loglikelihood: -8325.5	(delta): 452.262
4 (QN/Block) 	Elapsed: 0.005	Loglikelihood: -8034.67	(delta): 290.832
5 (QN/Block) 	Elapsed: 0.005	Loglikelihood: -7888.76	(delta): 145.911
6 (QN/Block) 	Elapsed: 0.005	Loglikelihood: -7825.11	(delta): 63.6431
7 (QN/Block) 	Elapsed: 0.005	Loglikelihood: -7809.22	(delta): 15.8914
8 (QN/Block) 	Elapsed: 0.005	Loglikelihood: -7781.75	(delta): 27.4735
9 (QN/Block) 	Elapsed: 0.006	Loglikelihood: -7776.54	(delta): 5.20612
10 (QN/Block) 	Elapsed: 0.005	Loglikelihood: -7771.42	(delta): 5.12019
11 (QN/Block) 	Elapsed: 0.006	Loglikelihood: -7768.41	(delta): 3.01076
12 (QN/Block) 	Elapsed: 0.005	Loglikelihood: -7766.41	(delta): 2.00719
13 (QN/Block) 	Elapsed: 0.005	Loglikelihood: -7763.4	(delta): 3.00309
14 (QN/Block) 	Elapsed: 0.005	Loglikelihood: -7737.54	(delta): 25.8638
15 (QN/Block) 	Elapsed: 0.005	Loglikelihood: -7725.3	(delta): 12.2407
16 (QN/Block) 	Elapsed: 0.005	Loglikelihood: -7713.44	(delta): 11.8548
17 (QN/Block) 	Elapsed: 0.005	Loglikelihood: -7712.55	(delta): 0.897358
18 (QN/Block) 	Elapsed: 0.006	Loglikelihood: -7712.48	(delta): 0.062144
19 (QN/Block) 	Elapsed: 0.005	Loglikelihood: -7712.48	(delta): 0.000302841
20 (QN/Block) 	Elapsed: 0.005	Loglikelihood: -7712.48	(delta): 7.76251e-07
Summary: 
Converged in 20 iterations (0.134 sec)
Loglikelihood: -7712.483678
Fst divergences between estimated populations: 
	Pop0	Pop1	Pop2	
Pop0	
Pop1	0.577	
Pop2	0.566	0.358	
Pop3	0.372	0.432	0.386	
CV error (K=4): 0.16161
Writing output files.
