****                   ADMIXTURE Version 1.3.0                  ****
****                    Copyright 2008-2015                     ****
****           David Alexander, Suyash Shringarpure,            ****
****                John  Novembre, Ken Lange                   ****
****                                                            ****
****                 Please cite our paper!                     ****
****   Information at www.genetics.ucla.edu/software/admixture  ****

Parallel execution requested.  Will use 8 threads.
Cross-validation will be performed.  Folds=10.
Random seed: 2474
Point estimation method: Block relaxation algorithm
Convergence acceleration algorithm: QuasiNewton, 3 secant conditions
Point estimation will terminate when objective function delta < 0.0001
Estimation of standard errors disabled; will compute point estimates only.
Size of G: 133x453
Performing five EM steps to prime main algorithm
1 (EM) 	Elapsed: 0.007	Loglikelihood: -13986.4	(delta): 71783.6
2 (EM) 	Elapsed: 0.007	Loglikelihood: -12594.7	(delta): 1391.66
3 (EM) 	Elapsed: 0.007	Loglikelihood: -12328.6	(delta): 266.109
4 (EM) 	Elapsed: 0.007	Loglikelihood: -12160.8	(delta): 167.834
5 (EM) 	Elapsed: 0.007	Loglikelihood: -12022.7	(delta): 138.08
Initial loglikelihood: -12022.7
Starting main algorithm
1 (QN/Block) 	Elapsed: 0.009	Loglikelihood: -7540.3	(delta): 4482.4
2 (QN/Block) 	Elapsed: 0.009	Loglikelihood: -6215.18	(delta): 1325.12
3 (QN/Block) 	Elapsed: 0.01	Loglikelihood: -5790.04	(delta): 425.139
4 (QN/Block) 	Elapsed: 0.01	Loglikelihood: -5529.74	(delta): 260.295
5 (QN/Block) 	Elapsed: 0.01	Loglikelihood: -5437.03	(delta): 92.7106
6 (QN/Block) 	Elapsed: 0.01	Loglikelihood: -5413.37	(delta): 23.6655
7 (QN/Block) 	Elapsed: 0.011	Loglikelihood: -5407.47	(delta): 5.90011
8 (QN/Block) 	Elapsed: 0.01	Loglikelihood: -5400.42	(delta): 7.0435
9 (QN/Block) 	Elapsed: 0.01	Loglikelihood: -5394.94	(delta): 5.48808
10 (QN/Block) 	Elapsed: 0.01	Loglikelihood: -5388.56	(delta): 6.37145
11 (QN/Block) 	Elapsed: 0.01	Loglikelihood: -5382.65	(delta): 5.91362
12 (QN/Block) 	Elapsed: 0.01	Loglikelihood: -5380.72	(delta): 1.93472
13 (QN/Block) 	Elapsed: 0.01	Loglikelihood: -5376.67	(delta): 4.04429
14 (QN/Block) 	Elapsed: 0.01	Loglikelihood: -5374.92	(delta): 1.75543
15 (QN/Block) 	Elapsed: 0.009	Loglikelihood: -5373.85	(delta): 1.06978
16 (QN/Block) 	Elapsed: 0.01	Loglikelihood: -5373.74	(delta): 0.110019
17 (QN/Block) 	Elapsed: 0.01	Loglikelihood: -5373.73	(delta): 0.00317554
18 (QN/Block) 	Elapsed: 0.01	Loglikelihood: -5373.73	(delta): 0.00195619
19 (QN/Block) 	Elapsed: 0.011	Loglikelihood: -5373.73	(delta): 0.00209704
20 (QN/Block) 	Elapsed: 0.011	Loglikelihood: -5373.73	(delta): 0.00149908
21 (QN/Block) 	Elapsed: 0.01	Loglikelihood: -5373.73	(delta): 0.000973818
22 (QN/Block) 	Elapsed: 0.01	Loglikelihood: -5373.73	(delta): 0.00080178
23 (QN/Block) 	Elapsed: 0.011	Loglikelihood: -5373.73	(delta): 0.000373471
24 (QN/Block) 	Elapsed: 0.01	Loglikelihood: -5373.73	(delta): 0.000159795
25 (QN/Block) 	Elapsed: 0.01	Loglikelihood: -5373.73	(delta): 8.25925e-05
Summary: 
Converged in 25 iterations (0.313 sec)
Loglikelihood: -5373.725039
Fst divergences between estimated populations: 
	Pop0	Pop1	Pop2	Pop3	Pop4	Pop5	Pop6	Pop7	Pop8	
Pop0	
Pop1	0.634	
Pop2	0.668	0.743	
Pop3	0.618	0.781	0.782	
Pop4	0.540	0.661	0.688	0.567	
Pop5	0.586	0.287	0.687	0.735	0.607	
Pop6	0.519	0.620	0.640	0.441	0.322	0.566	
Pop7	0.538	0.560	0.445	0.647	0.548	0.501	0.492	
Pop8	0.485	0.354	0.566	0.626	0.465	0.257	0.450	0.395	
Pop9	0.602	0.606	0.670	0.682	0.554	0.525	0.482	0.518	0.389	
CV error (K=10): 0.14065
Writing output files.
