****                   ADMIXTURE Version 1.3.0                  ****
****                    Copyright 2008-2015                     ****
****           David Alexander, Suyash Shringarpure,            ****
****                John  Novembre, Ken Lange                   ****
****                                                            ****
****                 Please cite our paper!                     ****
****   Information at www.genetics.ucla.edu/software/admixture  ****

Parallel execution requested.  Will use 8 threads.
Cross-validation will be performed.  Folds=10.
Random seed: 1893
Point estimation method: Block relaxation algorithm
Convergence acceleration algorithm: QuasiNewton, 3 secant conditions
Point estimation will terminate when objective function delta < 0.0001
Estimation of standard errors disabled; will compute point estimates only.
Size of G: 133x453
Performing five EM steps to prime main algorithm
1 (EM) 	Elapsed: 0.003	Loglikelihood: -13893.4	(delta): 75714.1
2 (EM) 	Elapsed: 0.003	Loglikelihood: -12681	(delta): 1212.42
3 (EM) 	Elapsed: 0.003	Loglikelihood: -12489.3	(delta): 191.677
4 (EM) 	Elapsed: 0.003	Loglikelihood: -12365.9	(delta): 123.398
5 (EM) 	Elapsed: 0.003	Loglikelihood: -12269.8	(delta): 96.0733
Initial loglikelihood: -12269.8
Starting main algorithm
1 (QN/Block) 	Elapsed: 0.005	Loglikelihood: -8632.33	(delta): 3637.5
2 (QN/Block) 	Elapsed: 0.005	Loglikelihood: -7701.65	(delta): 930.679
3 (QN/Block) 	Elapsed: 0.006	Loglikelihood: -7352.35	(delta): 349.301
4 (QN/Block) 	Elapsed: 0.007	Loglikelihood: -7134.65	(delta): 217.701
5 (QN/Block) 	Elapsed: 0.006	Loglikelihood: -7068.1	(delta): 66.5514
6 (QN/Block) 	Elapsed: 0.006	Loglikelihood: -7054.34	(delta): 13.7598
7 (QN/Block) 	Elapsed: 0.005	Loglikelihood: -7040.66	(delta): 13.6728
8 (QN/Block) 	Elapsed: 0.006	Loglikelihood: -7034.76	(delta): 5.90445
9 (QN/Block) 	Elapsed: 0.006	Loglikelihood: -7030.28	(delta): 4.47751
10 (QN/Block) 	Elapsed: 0.005	Loglikelihood: -7027.76	(delta): 2.52596
11 (QN/Block) 	Elapsed: 0.006	Loglikelihood: -7027.64	(delta): 0.114736
12 (QN/Block) 	Elapsed: 0.005	Loglikelihood: -7027.56	(delta): 0.0805727
13 (QN/Block) 	Elapsed: 0.006	Loglikelihood: -7027.54	(delta): 0.0189818
14 (QN/Block) 	Elapsed: 0.006	Loglikelihood: -7027.49	(delta): 0.0558024
15 (QN/Block) 	Elapsed: 0.006	Loglikelihood: -7027.39	(delta): 0.099359
16 (QN/Block) 	Elapsed: 0.006	Loglikelihood: -7027.74	(delta): -0.358653
17 (QN/Block) 	Elapsed: 0.006	Loglikelihood: -7026.18	(delta): 1.56068
18 (QN/Block) 	Elapsed: 0.006	Loglikelihood: -7021.77	(delta): 4.41426
19 (QN/Block) 	Elapsed: 0.006	Loglikelihood: -7012.64	(delta): 9.13382
20 (QN/Block) 	Elapsed: 0.006	Loglikelihood: -7011.52	(delta): 1.11701
21 (QN/Block) 	Elapsed: 0.006	Loglikelihood: -7010.42	(delta): 1.10181
22 (QN/Block) 	Elapsed: 0.006	Loglikelihood: -7009.6	(delta): 0.821694
23 (QN/Block) 	Elapsed: 0.007	Loglikelihood: -7009.08	(delta): 0.519802
24 (QN/Block) 	Elapsed: 0.006	Loglikelihood: -7008.71	(delta): 0.363836
25 (QN/Block) 	Elapsed: 0.006	Loglikelihood: -7008.54	(delta): 0.170878
26 (QN/Block) 	Elapsed: 0.006	Loglikelihood: -7008.48	(delta): 0.0600248
27 (QN/Block) 	Elapsed: 0.006	Loglikelihood: -7008	(delta): 0.484552
28 (QN/Block) 	Elapsed: 0.006	Loglikelihood: -7006.31	(delta): 1.68837
29 (QN/Block) 	Elapsed: 0.007	Loglikelihood: -7005.81	(delta): 0.494044
30 (QN/Block) 	Elapsed: 0.006	Loglikelihood: -7005.46	(delta): 0.353923
31 (QN/Block) 	Elapsed: 0.006	Loglikelihood: -7005.22	(delta): 0.240106
32 (QN/Block) 	Elapsed: 0.006	Loglikelihood: -7001.01	(delta): 4.21404
33 (QN/Block) 	Elapsed: 0.006	Loglikelihood: -6993.94	(delta): 7.06357
34 (QN/Block) 	Elapsed: 0.006	Loglikelihood: -6988.76	(delta): 5.17792
35 (QN/Block) 	Elapsed: 0.007	Loglikelihood: -6972.84	(delta): 15.9255
36 (QN/Block) 	Elapsed: 0.006	Loglikelihood: -6962.53	(delta): 10.3109
37 (QN/Block) 	Elapsed: 0.006	Loglikelihood: -6959.26	(delta): 3.27175
38 (QN/Block) 	Elapsed: 0.006	Loglikelihood: -6957.35	(delta): 1.90284
39 (QN/Block) 	Elapsed: 0.007	Loglikelihood: -6957.17	(delta): 0.1855
40 (QN/Block) 	Elapsed: 0.006	Loglikelihood: -6957.16	(delta): 0.00905411
41 (QN/Block) 	Elapsed: 0.006	Loglikelihood: -6957.14	(delta): 0.0190909
42 (QN/Block) 	Elapsed: 0.006	Loglikelihood: -6957.13	(delta): 0.00724514
43 (QN/Block) 	Elapsed: 0.006	Loglikelihood: -6957.13	(delta): 0.00137982
44 (QN/Block) 	Elapsed: 0.006	Loglikelihood: -6957.13	(delta): 0.00138328
45 (QN/Block) 	Elapsed: 0.006	Loglikelihood: -6957.13	(delta): 0.000120266
46 (QN/Block) 	Elapsed: 0.007	Loglikelihood: -6957.13	(delta): 2.10319e-06
Summary: 
Converged in 46 iterations (0.329 sec)
Loglikelihood: -6957.129750
Fst divergences between estimated populations: 
	Pop0	Pop1	Pop2	Pop3	
Pop0	
Pop1	0.467	
Pop2	0.416	0.408	
Pop3	0.589	0.566	0.605	
Pop4	0.423	0.436	0.448	0.369	
CV error (K=5): 0.15390
Writing output files.
