****                   ADMIXTURE Version 1.3.0                  ****
****                    Copyright 2008-2015                     ****
****           David Alexander, Suyash Shringarpure,            ****
****                John  Novembre, Ken Lange                   ****
****                                                            ****
****                 Please cite our paper!                     ****
****   Information at www.genetics.ucla.edu/software/admixture  ****

Parallel execution requested.  Will use 8 threads.
Cross-validation will be performed.  Folds=10.
Random seed: 2415
Point estimation method: Block relaxation algorithm
Convergence acceleration algorithm: QuasiNewton, 3 secant conditions
Point estimation will terminate when objective function delta < 0.0001
Estimation of standard errors disabled; will compute point estimates only.
Size of G: 133x453
Performing five EM steps to prime main algorithm
1 (EM) 	Elapsed: 0.005	Loglikelihood: -14149.8	(delta): 72729.2
2 (EM) 	Elapsed: 0.005	Loglikelihood: -12675.8	(delta): 1473.98
3 (EM) 	Elapsed: 0.005	Loglikelihood: -12393.6	(delta): 282.278
4 (EM) 	Elapsed: 0.005	Loglikelihood: -12223.5	(delta): 170.094
5 (EM) 	Elapsed: 0.005	Loglikelihood: -12089.9	(delta): 133.53
Initial loglikelihood: -12089.9
Starting main algorithm
1 (QN/Block) 	Elapsed: 0.008	Loglikelihood: -8035.4	(delta): 4054.55
2 (QN/Block) 	Elapsed: 0.007	Loglikelihood: -6474.7	(delta): 1560.7
3 (QN/Block) 	Elapsed: 0.008	Loglikelihood: -6063.88	(delta): 410.821
4 (QN/Block) 	Elapsed: 0.008	Loglikelihood: -5882.65	(delta): 181.231
5 (QN/Block) 	Elapsed: 0.009	Loglikelihood: -5794.63	(delta): 88.0194
6 (QN/Block) 	Elapsed: 0.008	Loglikelihood: -5716.24	(delta): 78.3913
7 (QN/Block) 	Elapsed: 0.008	Loglikelihood: -5708.12	(delta): 8.11745
8 (QN/Block) 	Elapsed: 0.008	Loglikelihood: -5707.49	(delta): 0.628602
9 (QN/Block) 	Elapsed: 0.008	Loglikelihood: -5707.48	(delta): 0.0147817
10 (QN/Block) 	Elapsed: 0.008	Loglikelihood: -5707.47	(delta): 0.00230281
11 (QN/Block) 	Elapsed: 0.008	Loglikelihood: -5707.47	(delta): 0.000620012
12 (QN/Block) 	Elapsed: 0.008	Loglikelihood: -5707.47	(delta): 0.000264303
13 (QN/Block) 	Elapsed: 0.008	Loglikelihood: -5707.47	(delta): 0.000218735
14 (QN/Block) 	Elapsed: 0.008	Loglikelihood: -5707.47	(delta): 8.87816e-05
Summary: 
Converged in 14 iterations (0.154 sec)
Loglikelihood: -5707.473330
Fst divergences between estimated populations: 
	Pop0	Pop1	Pop2	Pop3	Pop4	Pop5	Pop6	
Pop0	
Pop1	0.430	
Pop2	0.689	0.513	
Pop3	0.618	0.459	0.502	
Pop4	0.640	0.459	0.525	0.524	
Pop5	0.414	0.224	0.562	0.496	0.479	
Pop6	0.594	0.389	0.250	0.394	0.386	0.445	
Pop7	0.741	0.608	0.679	0.448	0.670	0.634	0.564	
CV error (K=8): 0.14308
Writing output files.
