****                   ADMIXTURE Version 1.3.0                  ****
****                    Copyright 2008-2015                     ****
****           David Alexander, Suyash Shringarpure,            ****
****                John  Novembre, Ken Lange                   ****
****                                                            ****
****                 Please cite our paper!                     ****
****   Information at www.genetics.ucla.edu/software/admixture  ****

Parallel execution requested.  Will use 8 threads.
Cross-validation will be performed.  Folds=10.
Random seed: 4494
Point estimation method: Block relaxation algorithm
Convergence acceleration algorithm: QuasiNewton, 3 secant conditions
Point estimation will terminate when objective function delta < 0.0001
Estimation of standard errors disabled; will compute point estimates only.
Size of G: 133x453
Performing five EM steps to prime main algorithm
1 (EM) 	Elapsed: 0.004	Loglikelihood: -13965.3	(delta): 76030.9
2 (EM) 	Elapsed: 0.004	Loglikelihood: -12648.6	(delta): 1316.65
3 (EM) 	Elapsed: 0.004	Loglikelihood: -12417.5	(delta): 231.119
4 (EM) 	Elapsed: 0.004	Loglikelihood: -12280.9	(delta): 136.604
5 (EM) 	Elapsed: 0.004	Loglikelihood: -12175.4	(delta): 105.488
Initial loglikelihood: -12175.4
Starting main algorithm
1 (QN/Block) 	Elapsed: 0.006	Loglikelihood: -8538.13	(delta): 3637.31
2 (QN/Block) 	Elapsed: 0.006	Loglikelihood: -7374.68	(delta): 1163.45
3 (QN/Block) 	Elapsed: 0.007	Loglikelihood: -6981.99	(delta): 392.69
4 (QN/Block) 	Elapsed: 0.006	Loglikelihood: -6752.47	(delta): 229.519
5 (QN/Block) 	Elapsed: 0.006	Loglikelihood: -6654.05	(delta): 98.4175
6 (QN/Block) 	Elapsed: 0.006	Loglikelihood: -6621.35	(delta): 32.6962
7 (QN/Block) 	Elapsed: 0.007	Loglikelihood: -6608.46	(delta): 12.8981
8 (QN/Block) 	Elapsed: 0.007	Loglikelihood: -6607.69	(delta): 0.766635
9 (QN/Block) 	Elapsed: 0.007	Loglikelihood: -6607.59	(delta): 0.0994608
10 (QN/Block) 	Elapsed: 0.006	Loglikelihood: -6607.59	(delta): 0.000275386
11 (QN/Block) 	Elapsed: 0.007	Loglikelihood: -6607.59	(delta): 0.00023212
12 (QN/Block) 	Elapsed: 0.006	Loglikelihood: -6607.59	(delta): 0.000176008
13 (QN/Block) 	Elapsed: 0.006	Loglikelihood: -6607.59	(delta): 0.00127181
14 (QN/Block) 	Elapsed: 0.007	Loglikelihood: -6607.59	(delta): 0.000609034
15 (QN/Block) 	Elapsed: 0.007	Loglikelihood: -6607.59	(delta): 0.000448744
16 (QN/Block) 	Elapsed: 0.007	Loglikelihood: -6607.59	(delta): 0.000507324
17 (QN/Block) 	Elapsed: 0.007	Loglikelihood: -6607.59	(delta): 0.000578309
18 (QN/Block) 	Elapsed: 0.007	Loglikelihood: -6607.58	(delta): 0.000654706
19 (QN/Block) 	Elapsed: 0.007	Loglikelihood: -6607.58	(delta): 0.000125389
20 (QN/Block) 	Elapsed: 0.006	Loglikelihood: -6607.58	(delta): 0.000102606
21 (QN/Block) 	Elapsed: 0.006	Loglikelihood: -6607.58	(delta): 4.3322e-08
Summary: 
Converged in 21 iterations (0.174 sec)
Loglikelihood: -6607.584358
Fst divergences between estimated populations: 
	Pop0	Pop1	Pop2	Pop3	Pop4	
Pop0	
Pop1	0.479	
Pop2	0.501	0.420	
Pop3	0.274	0.477	0.469	
Pop4	0.483	0.401	0.484	0.455	
Pop5	0.478	0.622	0.637	0.400	0.589	
CV error (K=6): 0.15528
Writing output files.
