****                   ADMIXTURE Version 1.3.0                  ****
****                    Copyright 2008-2015                     ****
****           David Alexander, Suyash Shringarpure,            ****
****                John  Novembre, Ken Lange                   ****
****                                                            ****
****                 Please cite our paper!                     ****
****   Information at www.genetics.ucla.edu/software/admixture  ****

Parallel execution requested.  Will use 8 threads.
Cross-validation will be performed.  Folds=10.
Random seed: 164
Point estimation method: Block relaxation algorithm
Convergence acceleration algorithm: QuasiNewton, 3 secant conditions
Point estimation will terminate when objective function delta < 0.0001
Estimation of standard errors disabled; will compute point estimates only.
Size of G: 133x453
Performing five EM steps to prime main algorithm
1 (EM) 	Elapsed: 0.002	Loglikelihood: -13883.8	(delta): 75115.9
2 (EM) 	Elapsed: 0.002	Loglikelihood: -12802.8	(delta): 1081.08
3 (EM) 	Elapsed: 0.002	Loglikelihood: -12642.6	(delta): 160.165
4 (EM) 	Elapsed: 0.002	Loglikelihood: -12544.8	(delta): 97.7857
5 (EM) 	Elapsed: 0.002	Loglikelihood: -12475.7	(delta): 69.1316
Initial loglikelihood: -12475.7
Starting main algorithm
1 (QN/Block) 	Elapsed: 0.005	Loglikelihood: -10132.4	(delta): 2343.23
2 (QN/Block) 	Elapsed: 0.005	Loglikelihood: -8952.32	(delta): 1180.13
3 (QN/Block) 	Elapsed: 0.005	Loglikelihood: -8336.36	(delta): 615.959
4 (QN/Block) 	Elapsed: 0.005	Loglikelihood: -8015.62	(delta): 320.735
5 (QN/Block) 	Elapsed: 0.005	Loglikelihood: -7819.45	(delta): 196.172
6 (QN/Block) 	Elapsed: 0.005	Loglikelihood: -7775.61	(delta): 43.8416
7 (QN/Block) 	Elapsed: 0.005	Loglikelihood: -7770	(delta): 5.61085
8 (QN/Block) 	Elapsed: 0.006	Loglikelihood: -7769.36	(delta): 0.643096
9 (QN/Block) 	Elapsed: 0.005	Loglikelihood: -7768.43	(delta): 0.924525
10 (QN/Block) 	Elapsed: 0.005	Loglikelihood: -7766.44	(delta): 1.99571
11 (QN/Block) 	Elapsed: 0.005	Loglikelihood: -7762.14	(delta): 4.29324
12 (QN/Block) 	Elapsed: 0.005	Loglikelihood: -7752.32	(delta): 9.82652
13 (QN/Block) 	Elapsed: 0.006	Loglikelihood: -7733.41	(delta): 18.9053
14 (QN/Block) 	Elapsed: 0.005	Loglikelihood: -7726.33	(delta): 7.07645
15 (QN/Block) 	Elapsed: 0.005	Loglikelihood: -7611	(delta): 115.332
16 (QN/Block) 	Elapsed: 0.006	Loglikelihood: -7554.88	(delta): 56.1257
17 (QN/Block) 	Elapsed: 0.005	Loglikelihood: -7536.02	(delta): 18.8542
18 (QN/Block) 	Elapsed: 0.005	Loglikelihood: -7533.1	(delta): 2.91836
19 (QN/Block) 	Elapsed: 0.005	Loglikelihood: -7532.57	(delta): 0.537662
20 (QN/Block) 	Elapsed: 0.005	Loglikelihood: -7532.55	(delta): 0.0148647
21 (QN/Block) 	Elapsed: 0.005	Loglikelihood: -7532.54	(delta): 0.0112478
22 (QN/Block) 	Elapsed: 0.006	Loglikelihood: -7532.52	(delta): 0.0244687
23 (QN/Block) 	Elapsed: 0.005	Loglikelihood: -7532.52	(delta): 0.000128389
24 (QN/Block) 	Elapsed: 0.005	Loglikelihood: -7532.52	(delta): 2.08083e-05
Summary: 
Converged in 24 iterations (0.155 sec)
Loglikelihood: -7532.515227
Fst divergences between estimated populations: 
	Pop0	Pop1	Pop2	
Pop0	
Pop1	0.481	
Pop2	0.415	0.410	
Pop3	0.418	0.398	0.421	
CV error (K=4): 0.15857
Writing output files.
