****                   ADMIXTURE Version 1.3.0                  ****
****                    Copyright 2008-2015                     ****
****           David Alexander, Suyash Shringarpure,            ****
****                John  Novembre, Ken Lange                   ****
****                                                            ****
****                 Please cite our paper!                     ****
****   Information at www.genetics.ucla.edu/software/admixture  ****

Parallel execution requested.  Will use 8 threads.
Cross-validation will be performed.  Folds=10.
Random seed: 3254
Point estimation method: Block relaxation algorithm
Convergence acceleration algorithm: QuasiNewton, 3 secant conditions
Point estimation will terminate when objective function delta < 0.0001
Estimation of standard errors disabled; will compute point estimates only.
Size of G: 133x453
Performing five EM steps to prime main algorithm
1 (EM) 	Elapsed: 0.001	Loglikelihood: -13505.5	(delta): 88445.1
2 (EM) 	Elapsed: 0.001	Loglikelihood: -12816.2	(delta): 689.339
3 (EM) 	Elapsed: 0.001	Loglikelihood: -12712.8	(delta): 103.441
4 (EM) 	Elapsed: 0.001	Loglikelihood: -12654.9	(delta): 57.8733
5 (EM) 	Elapsed: 0.001	Loglikelihood: -12617	(delta): 37.8884
Initial loglikelihood: -12617
Starting main algorithm
1 (QN/Block) 	Elapsed: 0.002	Loglikelihood: -10933.9	(delta): 1683.13
2 (QN/Block) 	Elapsed: 0.002	Loglikelihood: -10515.4	(delta): 418.44
3 (QN/Block) 	Elapsed: 0.002	Loglikelihood: -10270.7	(delta): 244.739
4 (QN/Block) 	Elapsed: 0.003	Loglikelihood: -10112.8	(delta): 157.894
5 (QN/Block) 	Elapsed: 0.004	Loglikelihood: -10050	(delta): 62.7766
6 (QN/Block) 	Elapsed: 0.004	Loglikelihood: -10032	(delta): 18.0134
7 (QN/Block) 	Elapsed: 0.004	Loglikelihood: -10030.8	(delta): 1.15294
8 (QN/Block) 	Elapsed: 0.003	Loglikelihood: -10030.5	(delta): 0.336293
9 (QN/Block) 	Elapsed: 0.003	Loglikelihood: -10030.4	(delta): 0.0795516
10 (QN/Block) 	Elapsed: 0.002	Loglikelihood: -10030.4	(delta): 0.0801083
11 (QN/Block) 	Elapsed: 0.003	Loglikelihood: -10030.4	(delta): 0.000386657
12 (QN/Block) 	Elapsed: 0.003	Loglikelihood: -10030.4	(delta): 1.91353e-06
Summary: 
Converged in 12 iterations (0.052 sec)
Loglikelihood: -10030.351387
Fst divergences between estimated populations: 
	Pop0	
Pop0	
Pop1	0.328	
CV error (K=2): 0.19112
Writing output files.
