****                   ADMIXTURE Version 1.3.0                  ****
****                    Copyright 2008-2015                     ****
****           David Alexander, Suyash Shringarpure,            ****
****                John  Novembre, Ken Lange                   ****
****                                                            ****
****                 Please cite our paper!                     ****
****   Information at www.genetics.ucla.edu/software/admixture  ****

Parallel execution requested.  Will use 8 threads.
Cross-validation will be performed.  Folds=10.
Random seed: 1786
Point estimation method: Block relaxation algorithm
Convergence acceleration algorithm: QuasiNewton, 3 secant conditions
Point estimation will terminate when objective function delta < 0.0001
Estimation of standard errors disabled; will compute point estimates only.
Size of G: 133x453
Performing five EM steps to prime main algorithm
1 (EM) 	Elapsed: 0.004	Loglikelihood: -14077	(delta): 74248.7
2 (EM) 	Elapsed: 0.004	Loglikelihood: -12780.8	(delta): 1296.13
3 (EM) 	Elapsed: 0.004	Loglikelihood: -12552	(delta): 228.792
4 (EM) 	Elapsed: 0.004	Loglikelihood: -12421.8	(delta): 130.256
5 (EM) 	Elapsed: 0.004	Loglikelihood: -12332	(delta): 89.7983
Initial loglikelihood: -12332
Starting main algorithm
1 (QN/Block) 	Elapsed: 0.006	Loglikelihood: -9270.05	(delta): 3061.93
2 (QN/Block) 	Elapsed: 0.006	Loglikelihood: -7756.42	(delta): 1513.63
3 (QN/Block) 	Elapsed: 0.006	Loglikelihood: -7037.22	(delta): 719.198
4 (QN/Block) 	Elapsed: 0.006	Loglikelihood: -6673.43	(delta): 363.793
5 (QN/Block) 	Elapsed: 0.006	Loglikelihood: -6476.89	(delta): 196.534
6 (QN/Block) 	Elapsed: 0.006	Loglikelihood: -6415.53	(delta): 61.3605
7 (QN/Block) 	Elapsed: 0.007	Loglikelihood: -6401.82	(delta): 13.7141
8 (QN/Block) 	Elapsed: 0.006	Loglikelihood: -6399.13	(delta): 2.68598
9 (QN/Block) 	Elapsed: 0.007	Loglikelihood: -6398.95	(delta): 0.185019
10 (QN/Block) 	Elapsed: 0.007	Loglikelihood: -6398.95	(delta): 0.000214691
11 (QN/Block) 	Elapsed: 0.006	Loglikelihood: -6398.95	(delta): 8.49057e-06
Summary: 
Converged in 11 iterations (0.1 sec)
Loglikelihood: -6398.946688
Fst divergences between estimated populations: 
	Pop0	Pop1	Pop2	Pop3	Pop4	
Pop0	
Pop1	0.444	
Pop2	0.453	0.597	
Pop3	0.516	0.670	0.435	
Pop4	0.599	0.726	0.375	0.625	
Pop5	0.421	0.597	0.437	0.421	0.612	
CV error (K=6): 0.14590
Writing output files.
