****                   ADMIXTURE Version 1.3.0                  ****
****                    Copyright 2008-2015                     ****
****           David Alexander, Suyash Shringarpure,            ****
****                John  Novembre, Ken Lange                   ****
****                                                            ****
****                 Please cite our paper!                     ****
****   Information at www.genetics.ucla.edu/software/admixture  ****

Parallel execution requested.  Will use 8 threads.
Cross-validation will be performed.  Folds=10.
Random seed: 380
Point estimation method: Block relaxation algorithm
Convergence acceleration algorithm: QuasiNewton, 3 secant conditions
Point estimation will terminate when objective function delta < 0.0001
Estimation of standard errors disabled; will compute point estimates only.
Size of G: 133x453
Performing five EM steps to prime main algorithm
1 (EM) 	Elapsed: 0.006	Loglikelihood: -14216.4	(delta): 72521.2
2 (EM) 	Elapsed: 0.006	Loglikelihood: -12698.4	(delta): 1518.04
3 (EM) 	Elapsed: 0.006	Loglikelihood: -12431.6	(delta): 266.802
4 (EM) 	Elapsed: 0.006	Loglikelihood: -12266	(delta): 165.599
5 (EM) 	Elapsed: 0.006	Loglikelihood: -12130	(delta): 135.977
Initial loglikelihood: -12130
Starting main algorithm
1 (QN/Block) 	Elapsed: 0.009	Loglikelihood: -7716.01	(delta): 4413.97
2 (QN/Block) 	Elapsed: 0.009	Loglikelihood: -6362.27	(delta): 1353.74
3 (QN/Block) 	Elapsed: 0.01	Loglikelihood: -5859.37	(delta): 502.895
4 (QN/Block) 	Elapsed: 0.009	Loglikelihood: -5672.57	(delta): 186.806
5 (QN/Block) 	Elapsed: 0.01	Loglikelihood: -5584.09	(delta): 88.4779
6 (QN/Block) 	Elapsed: 0.01	Loglikelihood: -5552.85	(delta): 31.2351
7 (QN/Block) 	Elapsed: 0.01	Loglikelihood: -5543.28	(delta): 9.57675
8 (QN/Block) 	Elapsed: 0.01	Loglikelihood: -5542.49	(delta): 0.784396
9 (QN/Block) 	Elapsed: 0.01	Loglikelihood: -5542.2	(delta): 0.289261
10 (QN/Block) 	Elapsed: 0.01	Loglikelihood: -5542.08	(delta): 0.121536
11 (QN/Block) 	Elapsed: 0.01	Loglikelihood: -5542.03	(delta): 0.0483942
12 (QN/Block) 	Elapsed: 0.01	Loglikelihood: -5542.03	(delta): 0.00681915
13 (QN/Block) 	Elapsed: 0.009	Loglikelihood: -5542.02	(delta): 0.00491501
14 (QN/Block) 	Elapsed: 0.009	Loglikelihood: -5542.02	(delta): 0.000160319
15 (QN/Block) 	Elapsed: 0.01	Loglikelihood: -5542.02	(delta): 7.21525e-05
Summary: 
Converged in 15 iterations (0.189 sec)
Loglikelihood: -5542.022382
Fst divergences between estimated populations: 
	Pop0	Pop1	Pop2	Pop3	Pop4	Pop5	Pop6	Pop7	
Pop0	
Pop1	0.756	
Pop2	0.594	0.534	
Pop3	0.690	0.675	0.251	
Pop4	0.641	0.704	0.386	0.526	
Pop5	0.442	0.621	0.394	0.522	0.467	
Pop6	0.415	0.634	0.446	0.564	0.481	0.229	
Pop7	0.633	0.469	0.420	0.531	0.547	0.489	0.519	
Pop8	0.742	0.653	0.564	0.680	0.670	0.617	0.635	0.484	
CV error (K=9): 0.14060
Writing output files.
