****                   ADMIXTURE Version 1.3.0                  ****
****                    Copyright 2008-2015                     ****
****           David Alexander, Suyash Shringarpure,            ****
****                John  Novembre, Ken Lange                   ****
****                                                            ****
****                 Please cite our paper!                     ****
****   Information at www.genetics.ucla.edu/software/admixture  ****

Parallel execution requested.  Will use 8 threads.
Cross-validation will be performed.  Folds=10.
Random seed: 4843
Point estimation method: Block relaxation algorithm
Convergence acceleration algorithm: QuasiNewton, 3 secant conditions
Point estimation will terminate when objective function delta < 0.0001
Estimation of standard errors disabled; will compute point estimates only.
Size of G: 133x453
Performing five EM steps to prime main algorithm
1 (EM) 	Elapsed: 0.008	Loglikelihood: -14066.1	(delta): 72043.8
2 (EM) 	Elapsed: 0.008	Loglikelihood: -12599.7	(delta): 1466.38
3 (EM) 	Elapsed: 0.007	Loglikelihood: -12355.4	(delta): 244.222
4 (EM) 	Elapsed: 0.008	Loglikelihood: -12194.9	(delta): 160.564
5 (EM) 	Elapsed: 0.007	Loglikelihood: -12056.8	(delta): 138.102
Initial loglikelihood: -12056.8
Starting main algorithm
1 (QN/Block) 	Elapsed: 0.01	Loglikelihood: -7395.5	(delta): 4661.28
2 (QN/Block) 	Elapsed: 0.009	Loglikelihood: -6290.32	(delta): 1105.17
3 (QN/Block) 	Elapsed: 0.01	Loglikelihood: -5873.51	(delta): 416.81
4 (QN/Block) 	Elapsed: 0.01	Loglikelihood: -5654.37	(delta): 219.139
5 (QN/Block) 	Elapsed: 0.011	Loglikelihood: -5518.89	(delta): 135.481
6 (QN/Block) 	Elapsed: 0.01	Loglikelihood: -5452.38	(delta): 66.514
7 (QN/Block) 	Elapsed: 0.011	Loglikelihood: -5422.88	(delta): 29.4998
8 (QN/Block) 	Elapsed: 0.01	Loglikelihood: -5415.58	(delta): 7.30249
9 (QN/Block) 	Elapsed: 0.01	Loglikelihood: -5413.92	(delta): 1.65951
10 (QN/Block) 	Elapsed: 0.01	Loglikelihood: -5408.91	(delta): 5.01114
11 (QN/Block) 	Elapsed: 0.011	Loglikelihood: -5402.62	(delta): 6.28499
12 (QN/Block) 	Elapsed: 0.012	Loglikelihood: -5390.74	(delta): 11.8792
13 (QN/Block) 	Elapsed: 0.011	Loglikelihood: -5381.44	(delta): 9.30744
14 (QN/Block) 	Elapsed: 0.011	Loglikelihood: -5378.74	(delta): 2.69484
15 (QN/Block) 	Elapsed: 0.011	Loglikelihood: -5371.94	(delta): 6.79673
16 (QN/Block) 	Elapsed: 0.012	Loglikelihood: -5351.65	(delta): 20.293
17 (QN/Block) 	Elapsed: 0.011	Loglikelihood: -5338.74	(delta): 12.9117
18 (QN/Block) 	Elapsed: 0.01	Loglikelihood: -5332.23	(delta): 6.51368
19 (QN/Block) 	Elapsed: 0.01	Loglikelihood: -5316.26	(delta): 15.9632
20 (QN/Block) 	Elapsed: 0.011	Loglikelihood: -5296.92	(delta): 19.3423
21 (QN/Block) 	Elapsed: 0.01	Loglikelihood: -5282.79	(delta): 14.1289
22 (QN/Block) 	Elapsed: 0.011	Loglikelihood: -5280.65	(delta): 2.14134
23 (QN/Block) 	Elapsed: 0.011	Loglikelihood: -5280.39	(delta): 0.256473
24 (QN/Block) 	Elapsed: 0.011	Loglikelihood: -5280.3	(delta): 0.0967515
25 (QN/Block) 	Elapsed: 0.01	Loglikelihood: -5280.28	(delta): 0.0135739
26 (QN/Block) 	Elapsed: 0.011	Loglikelihood: -5280.28	(delta): 0.00390106
27 (QN/Block) 	Elapsed: 0.011	Loglikelihood: -5280.28	(delta): 0.000961249
28 (QN/Block) 	Elapsed: 0.011	Loglikelihood: -5280.28	(delta): 2.29326e-05
Summary: 
Converged in 28 iterations (0.358 sec)
Loglikelihood: -5280.278107
Fst divergences between estimated populations: 
	Pop0	Pop1	Pop2	Pop3	Pop4	Pop5	Pop6	Pop7	Pop8	
Pop0	
Pop1	0.484	
Pop2	0.561	0.517	
Pop3	0.476	0.428	0.257	
Pop4	0.639	0.671	0.677	0.586	
Pop5	0.432	0.502	0.522	0.459	0.562	
Pop6	0.522	0.557	0.526	0.435	0.477	0.403	
Pop7	0.530	0.608	0.584	0.494	0.677	0.520	0.580	
Pop8	0.443	0.684	0.728	0.648	0.783	0.563	0.693	0.638	
Pop9	0.282	0.500	0.543	0.423	0.637	0.438	0.530	0.519	0.510	
CV error (K=10): 0.14316
Writing output files.
