****                   ADMIXTURE Version 1.3.0                  ****
****                    Copyright 2008-2015                     ****
****           David Alexander, Suyash Shringarpure,            ****
****                John  Novembre, Ken Lange                   ****
****                                                            ****
****                 Please cite our paper!                     ****
****   Information at www.genetics.ucla.edu/software/admixture  ****

Parallel execution requested.  Will use 8 threads.
Cross-validation will be performed.  Folds=10.
Random seed: 891
Point estimation method: Block relaxation algorithm
Convergence acceleration algorithm: QuasiNewton, 3 secant conditions
Point estimation will terminate when objective function delta < 0.0001
Estimation of standard errors disabled; will compute point estimates only.
Size of G: 133x453
Performing five EM steps to prime main algorithm
1 (EM) 	Elapsed: 0.003	Loglikelihood: -13948.7	(delta): 77527.4
2 (EM) 	Elapsed: 0.003	Loglikelihood: -12805.9	(delta): 1142.8
3 (EM) 	Elapsed: 0.003	Loglikelihood: -12615.4	(delta): 190.476
4 (EM) 	Elapsed: 0.003	Loglikelihood: -12499.5	(delta): 115.91
5 (EM) 	Elapsed: 0.003	Loglikelihood: -12413.4	(delta): 86.0527
Initial loglikelihood: -12413.4
Starting main algorithm
1 (QN/Block) 	Elapsed: 0.006	Loglikelihood: -9299.38	(delta): 3114.07
2 (QN/Block) 	Elapsed: 0.005	Loglikelihood: -8047.59	(delta): 1251.79
3 (QN/Block) 	Elapsed: 0.005	Loglikelihood: -7666.94	(delta): 380.649
4 (QN/Block) 	Elapsed: 0.006	Loglikelihood: -7442.77	(delta): 224.173
5 (QN/Block) 	Elapsed: 0.006	Loglikelihood: -7235.06	(delta): 207.702
6 (QN/Block) 	Elapsed: 0.006	Loglikelihood: -7066.29	(delta): 168.773
7 (QN/Block) 	Elapsed: 0.006	Loglikelihood: -7043.59	(delta): 22.7069
8 (QN/Block) 	Elapsed: 0.006	Loglikelihood: -7035.1	(delta): 8.48458
9 (QN/Block) 	Elapsed: 0.006	Loglikelihood: -7031	(delta): 4.09656
10 (QN/Block) 	Elapsed: 0.006	Loglikelihood: -7030.18	(delta): 0.826936
11 (QN/Block) 	Elapsed: 0.006	Loglikelihood: -7029.85	(delta): 0.322705
12 (QN/Block) 	Elapsed: 0.006	Loglikelihood: -7029.68	(delta): 0.174965
13 (QN/Block) 	Elapsed: 0.006	Loglikelihood: -7029.67	(delta): 0.00444876
14 (QN/Block) 	Elapsed: 0.006	Loglikelihood: -7029.67	(delta): 0.00232905
15 (QN/Block) 	Elapsed: 0.005	Loglikelihood: -7029.67	(delta): 0.00712398
16 (QN/Block) 	Elapsed: 0.006	Loglikelihood: -7029.66	(delta): 0.00150701
17 (QN/Block) 	Elapsed: 0.006	Loglikelihood: -7029.66	(delta): 0.00181989
18 (QN/Block) 	Elapsed: 0.006	Loglikelihood: -7029.66	(delta): 0.00210181
19 (QN/Block) 	Elapsed: 0.006	Loglikelihood: -7029.66	(delta): 0.00245128
20 (QN/Block) 	Elapsed: 0.006	Loglikelihood: -7029.65	(delta): 0.00287126
21 (QN/Block) 	Elapsed: 0.006	Loglikelihood: -7029.65	(delta): 0.00337222
22 (QN/Block) 	Elapsed: 0.006	Loglikelihood: -7029.65	(delta): 0.00338092
23 (QN/Block) 	Elapsed: 0.006	Loglikelihood: -7029.65	(delta): 0.000114636
24 (QN/Block) 	Elapsed: 0.006	Loglikelihood: -7029.65	(delta): 0.000209696
25 (QN/Block) 	Elapsed: 0.006	Loglikelihood: -7029.65	(delta): 2.69698e-06
Summary: 
Converged in 25 iterations (0.182 sec)
Loglikelihood: -7029.647664
Fst divergences between estimated populations: 
	Pop0	Pop1	Pop2	Pop3	
Pop0	
Pop1	0.452	
Pop2	0.463	0.489	
Pop3	0.198	0.411	0.424	
Pop4	0.474	0.404	0.419	0.408	
CV error (K=5): 0.15834
Writing output files.
