****                   ADMIXTURE Version 1.3.0                  ****
****                    Copyright 2008-2015                     ****
****           David Alexander, Suyash Shringarpure,            ****
****                John  Novembre, Ken Lange                   ****
****                                                            ****
****                 Please cite our paper!                     ****
****   Information at www.genetics.ucla.edu/software/admixture  ****

Parallel execution requested.  Will use 8 threads.
Cross-validation will be performed.  Folds=10.
Random seed: 0
Point estimation method: Block relaxation algorithm
Convergence acceleration algorithm: QuasiNewton, 3 secant conditions
Point estimation will terminate when objective function delta < 0.0001
Estimation of standard errors disabled; will compute point estimates only.
Size of G: 133x453
Performing five EM steps to prime main algorithm
1 (EM) 	Elapsed: 0.001	Loglikelihood: -13322.1	(delta): 94248.3
2 (EM) 	Elapsed: 0.001	Loglikelihood: -12820.4	(delta): 501.701
3 (EM) 	Elapsed: 0.001	Loglikelihood: -12724.5	(delta): 95.9256
4 (EM) 	Elapsed: 0.001	Loglikelihood: -12675.7	(delta): 48.7257
5 (EM) 	Elapsed: 0.001	Loglikelihood: -12648.2	(delta): 27.5702
Initial loglikelihood: -12648.2
Starting main algorithm
1 (QN/Block) 	Elapsed: 0.002	Loglikelihood: -11733.1	(delta): 915.025
2 (QN/Block) 	Elapsed: 0.002	Loglikelihood: -11022.6	(delta): 710.575
3 (QN/Block) 	Elapsed: 0.003	Loglikelihood: -10562.5	(delta): 460.021
4 (QN/Block) 	Elapsed: 0.003	Loglikelihood: -10299.7	(delta): 262.872
5 (QN/Block) 	Elapsed: 0.004	Loglikelihood: -10135.1	(delta): 164.55
6 (QN/Block) 	Elapsed: 0.005	Loglikelihood: -10040.8	(delta): 94.2891
7 (QN/Block) 	Elapsed: 0.003	Loglikelihood: -10030.9	(delta): 9.89957
8 (QN/Block) 	Elapsed: 0.003	Loglikelihood: -10030.4	(delta): 0.530474
9 (QN/Block) 	Elapsed: 0.003	Loglikelihood: -10030.4	(delta): 0.00333183
10 (QN/Block) 	Elapsed: 0.003	Loglikelihood: -10030.4	(delta): 0.00187168
11 (QN/Block) 	Elapsed: 0.003	Loglikelihood: -10030.4	(delta): 0.000352086
12 (QN/Block) 	Elapsed: 0.003	Loglikelihood: -10030.4	(delta): 3.81291e-05
Summary: 
Converged in 12 iterations (0.053 sec)
Loglikelihood: -10030.387548
Fst divergences between estimated populations: 
	Pop0	
Pop0	
Pop1	0.328	
CV error (K=2): 0.19369
Writing output files.
