****                   ADMIXTURE Version 1.3.0                  ****
****                    Copyright 2008-2015                     ****
****           David Alexander, Suyash Shringarpure,            ****
****                John  Novembre, Ken Lange                   ****
****                                                            ****
****                 Please cite our paper!                     ****
****   Information at www.genetics.ucla.edu/software/admixture  ****

Parallel execution requested.  Will use 8 threads.
Cross-validation will be performed.  Folds=10.
Random seed: 4695
Point estimation method: Block relaxation algorithm
Convergence acceleration algorithm: QuasiNewton, 3 secant conditions
Point estimation will terminate when objective function delta < 0.0001
Estimation of standard errors disabled; will compute point estimates only.
Size of G: 133x453
Performing five EM steps to prime main algorithm
1 (EM) 	Elapsed: 0.003	Loglikelihood: -13939	(delta): 73191.8
2 (EM) 	Elapsed: 0.003	Loglikelihood: -12783.1	(delta): 1155.92
3 (EM) 	Elapsed: 0.003	Loglikelihood: -12600.5	(delta): 182.617
4 (EM) 	Elapsed: 0.003	Loglikelihood: -12489.5	(delta): 110.966
5 (EM) 	Elapsed: 0.003	Loglikelihood: -12403.1	(delta): 86.4225
Initial loglikelihood: -12403.1
Starting main algorithm
1 (QN/Block) 	Elapsed: 0.005	Loglikelihood: -8288.55	(delta): 4114.56
2 (QN/Block) 	Elapsed: 0.005	Loglikelihood: -7545.31	(delta): 743.239
3 (QN/Block) 	Elapsed: 0.006	Loglikelihood: -7226.6	(delta): 318.707
4 (QN/Block) 	Elapsed: 0.005	Loglikelihood: -7045.04	(delta): 181.559
5 (QN/Block) 	Elapsed: 0.006	Loglikelihood: -6970.85	(delta): 74.1902
6 (QN/Block) 	Elapsed: 0.006	Loglikelihood: -6960.79	(delta): 10.0597
7 (QN/Block) 	Elapsed: 0.005	Loglikelihood: -6958.92	(delta): 1.87339
8 (QN/Block) 	Elapsed: 0.007	Loglikelihood: -6958.12	(delta): 0.797034
9 (QN/Block) 	Elapsed: 0.006	Loglikelihood: -6958.11	(delta): 0.00741985
10 (QN/Block) 	Elapsed: 0.006	Loglikelihood: -6958.11	(delta): 0.00029958
11 (QN/Block) 	Elapsed: 0.005	Loglikelihood: -6958.11	(delta): 1.08207e-06
Summary: 
Converged in 11 iterations (0.089 sec)
Loglikelihood: -6958.113645
Fst divergences between estimated populations: 
	Pop0	Pop1	Pop2	Pop3	
Pop0	
Pop1	0.443	
Pop2	0.432	0.408	
Pop3	0.373	0.619	0.577	
Pop4	0.418	0.416	0.466	0.604	
CV error (K=5): 0.15464
Writing output files.
