****                   ADMIXTURE Version 1.3.0                  ****
****                    Copyright 2008-2015                     ****
****           David Alexander, Suyash Shringarpure,            ****
****                John  Novembre, Ken Lange                   ****
****                                                            ****
****                 Please cite our paper!                     ****
****   Information at www.genetics.ucla.edu/software/admixture  ****

Parallel execution requested.  Will use 8 threads.
Cross-validation will be performed.  Folds=10.
Random seed: 293
Point estimation method: Block relaxation algorithm
Convergence acceleration algorithm: QuasiNewton, 3 secant conditions
Point estimation will terminate when objective function delta < 0.0001
Estimation of standard errors disabled; will compute point estimates only.
Size of G: 133x453
Performing five EM steps to prime main algorithm
1 (EM) 	Elapsed: 0.005	Loglikelihood: -14242.9	(delta): 72989.2
2 (EM) 	Elapsed: 0.005	Loglikelihood: -12771.3	(delta): 1471.56
3 (EM) 	Elapsed: 0.005	Loglikelihood: -12516.8	(delta): 254.506
4 (EM) 	Elapsed: 0.005	Loglikelihood: -12348.4	(delta): 168.343
5 (EM) 	Elapsed: 0.005	Loglikelihood: -12206.9	(delta): 141.541
Initial loglikelihood: -12206.9
Starting main algorithm
1 (QN/Block) 	Elapsed: 0.008	Loglikelihood: -7845.52	(delta): 4361.38
2 (QN/Block) 	Elapsed: 0.008	Loglikelihood: -6981.5	(delta): 864.022
3 (QN/Block) 	Elapsed: 0.01	Loglikelihood: -6701.77	(delta): 279.731
4 (QN/Block) 	Elapsed: 0.009	Loglikelihood: -6537.33	(delta): 164.441
5 (QN/Block) 	Elapsed: 0.009	Loglikelihood: -6346.83	(delta): 190.498
6 (QN/Block) 	Elapsed: 0.01	Loglikelihood: -6154.64	(delta): 192.184
7 (QN/Block) 	Elapsed: 0.01	Loglikelihood: -6087.62	(delta): 67.0195
8 (QN/Block) 	Elapsed: 0.009	Loglikelihood: -6045.41	(delta): 42.2188
9 (QN/Block) 	Elapsed: 0.009	Loglikelihood: -6028.83	(delta): 16.5715
10 (QN/Block) 	Elapsed: 0.009	Loglikelihood: -6022.9	(delta): 5.93459
11 (QN/Block) 	Elapsed: 0.008	Loglikelihood: -6018.28	(delta): 4.6177
12 (QN/Block) 	Elapsed: 0.009	Loglikelihood: -6016.91	(delta): 1.37594
13 (QN/Block) 	Elapsed: 0.009	Loglikelihood: -6016.5	(delta): 0.404538
14 (QN/Block) 	Elapsed: 0.009	Loglikelihood: -6016.11	(delta): 0.393547
15 (QN/Block) 	Elapsed: 0.009	Loglikelihood: -6015.99	(delta): 0.114315
16 (QN/Block) 	Elapsed: 0.009	Loglikelihood: -6015.92	(delta): 0.0712657
17 (QN/Block) 	Elapsed: 0.009	Loglikelihood: -6015.9	(delta): 0.0257877
18 (QN/Block) 	Elapsed: 0.009	Loglikelihood: -6015.88	(delta): 0.0140836
19 (QN/Block) 	Elapsed: 0.011	Loglikelihood: -6015.88	(delta): 5.32338e-05
Summary: 
Converged in 19 iterations (0.212 sec)
Loglikelihood: -6015.882655
Fst divergences between estimated populations: 
	Pop0	Pop1	Pop2	Pop3	Pop4	Pop5	Pop6	
Pop0	
Pop1	0.489	
Pop2	0.445	0.423	
Pop3	0.630	0.546	0.478	
Pop4	0.478	0.473	0.217	0.540	
Pop5	0.686	0.632	0.445	0.656	0.442	
Pop6	0.387	0.384	0.386	0.502	0.444	0.633	
Pop7	0.518	0.471	0.497	0.604	0.557	0.730	0.243	
CV error (K=8): 0.15237
Writing output files.
