****                   ADMIXTURE Version 1.3.0                  ****
****                    Copyright 2008-2015                     ****
****           David Alexander, Suyash Shringarpure,            ****
****                John  Novembre, Ken Lange                   ****
****                                                            ****
****                 Please cite our paper!                     ****
****   Information at www.genetics.ucla.edu/software/admixture  ****

Parallel execution requested.  Will use 8 threads.
Cross-validation will be performed.  Folds=10.
Random seed: 4086
Point estimation method: Block relaxation algorithm
Convergence acceleration algorithm: QuasiNewton, 3 secant conditions
Point estimation will terminate when objective function delta < 0.0001
Estimation of standard errors disabled; will compute point estimates only.
Size of G: 133x453
Performing five EM steps to prime main algorithm
1 (EM) 	Elapsed: 0.006	Loglikelihood: -14293.8	(delta): 70467.9
2 (EM) 	Elapsed: 0.006	Loglikelihood: -12702.8	(delta): 1591.03
3 (EM) 	Elapsed: 0.006	Loglikelihood: -12412.6	(delta): 290.219
4 (EM) 	Elapsed: 0.006	Loglikelihood: -12220.6	(delta): 191.987
5 (EM) 	Elapsed: 0.006	Loglikelihood: -12054.9	(delta): 165.708
Initial loglikelihood: -12054.9
Starting main algorithm
1 (QN/Block) 	Elapsed: 0.009	Loglikelihood: -7871.25	(delta): 4183.65
2 (QN/Block) 	Elapsed: 0.009	Loglikelihood: -6644.05	(delta): 1227.2
3 (QN/Block) 	Elapsed: 0.01	Loglikelihood: -6072.62	(delta): 571.435
4 (QN/Block) 	Elapsed: 0.009	Loglikelihood: -5827.4	(delta): 245.223
5 (QN/Block) 	Elapsed: 0.01	Loglikelihood: -5716.22	(delta): 111.178
6 (QN/Block) 	Elapsed: 0.01	Loglikelihood: -5661.61	(delta): 54.604
7 (QN/Block) 	Elapsed: 0.01	Loglikelihood: -5616.66	(delta): 44.9564
8 (QN/Block) 	Elapsed: 0.01	Loglikelihood: -5604.97	(delta): 11.6863
9 (QN/Block) 	Elapsed: 0.01	Loglikelihood: -5602.96	(delta): 2.01409
10 (QN/Block) 	Elapsed: 0.009	Loglikelihood: -5600.05	(delta): 2.90399
11 (QN/Block) 	Elapsed: 0.01	Loglikelihood: -5597.11	(delta): 2.94443
12 (QN/Block) 	Elapsed: 0.01	Loglikelihood: -5560.22	(delta): 36.8903
13 (QN/Block) 	Elapsed: 0.009	Loglikelihood: -5554.82	(delta): 5.39383
14 (QN/Block) 	Elapsed: 0.009	Loglikelihood: -5554.36	(delta): 0.462247
15 (QN/Block) 	Elapsed: 0.009	Loglikelihood: -5554.1	(delta): 0.266193
16 (QN/Block) 	Elapsed: 0.01	Loglikelihood: -5554.07	(delta): 0.0264838
17 (QN/Block) 	Elapsed: 0.01	Loglikelihood: -5554.01	(delta): 0.0635547
18 (QN/Block) 	Elapsed: 0.01	Loglikelihood: -5553.88	(delta): 0.126676
19 (QN/Block) 	Elapsed: 0.01	Loglikelihood: -5553.87	(delta): 0.011135
20 (QN/Block) 	Elapsed: 0.009	Loglikelihood: -5553.86	(delta): 0.0102942
21 (QN/Block) 	Elapsed: 0.009	Loglikelihood: -5553.85	(delta): 0.00379393
22 (QN/Block) 	Elapsed: 0.009	Loglikelihood: -5553.85	(delta): 0.000221429
23 (QN/Block) 	Elapsed: 0.009	Loglikelihood: -5553.85	(delta): 1.58552e-05
Summary: 
Converged in 23 iterations (0.268 sec)
Loglikelihood: -5553.852915
Fst divergences between estimated populations: 
	Pop0	Pop1	Pop2	Pop3	Pop4	Pop5	Pop6	Pop7	
Pop0	
Pop1	0.656	
Pop2	0.396	0.553	
Pop3	0.487	0.651	0.467	
Pop4	0.515	0.449	0.392	0.514	
Pop5	0.493	0.667	0.273	0.569	0.491	
Pop6	0.494	0.640	0.401	0.310	0.512	0.540	
Pop7	0.677	0.791	0.620	0.461	0.664	0.728	0.520	
Pop8	0.463	0.618	0.430	0.210	0.441	0.520	0.260	0.446	
CV error (K=9): 0.14566
Writing output files.
