****                   ADMIXTURE Version 1.3.0                  ****
****                    Copyright 2008-2015                     ****
****           David Alexander, Suyash Shringarpure,            ****
****                John  Novembre, Ken Lange                   ****
****                                                            ****
****                 Please cite our paper!                     ****
****   Information at www.genetics.ucla.edu/software/admixture  ****

Parallel execution requested.  Will use 8 threads.
Cross-validation will be performed.  Folds=10.
Random seed: 3072
Point estimation method: Block relaxation algorithm
Convergence acceleration algorithm: QuasiNewton, 3 secant conditions
Point estimation will terminate when objective function delta < 0.0001
Estimation of standard errors disabled; will compute point estimates only.
Size of G: 133x453
Performing five EM steps to prime main algorithm
1 (EM) 	Elapsed: 0.005	Loglikelihood: -14240.2	(delta): 72396
2 (EM) 	Elapsed: 0.004	Loglikelihood: -12781.5	(delta): 1458.67
3 (EM) 	Elapsed: 0.005	Loglikelihood: -12495.7	(delta): 285.827
4 (EM) 	Elapsed: 0.005	Loglikelihood: -12322.9	(delta): 172.852
5 (EM) 	Elapsed: 0.004	Loglikelihood: -12186.8	(delta): 136.107
Initial loglikelihood: -12186.8
Starting main algorithm
1 (QN/Block) 	Elapsed: 0.007	Loglikelihood: -8432.28	(delta): 3754.48
2 (QN/Block) 	Elapsed: 0.007	Loglikelihood: -7577.22	(delta): 855.053
3 (QN/Block) 	Elapsed: 0.007	Loglikelihood: -7200.64	(delta): 376.586
4 (QN/Block) 	Elapsed: 0.007	Loglikelihood: -6857.06	(delta): 343.578
5 (QN/Block) 	Elapsed: 0.007	Loglikelihood: -6675.83	(delta): 181.228
6 (QN/Block) 	Elapsed: 0.008	Loglikelihood: -6614.55	(delta): 61.2802
7 (QN/Block) 	Elapsed: 0.008	Loglikelihood: -6606.69	(delta): 7.86539
8 (QN/Block) 	Elapsed: 0.009	Loglikelihood: -6597.93	(delta): 8.7592
9 (QN/Block) 	Elapsed: 0.008	Loglikelihood: -6581.7	(delta): 16.2256
10 (QN/Block) 	Elapsed: 0.008	Loglikelihood: -6564.68	(delta): 17.0238
11 (QN/Block) 	Elapsed: 0.008	Loglikelihood: -6555.56	(delta): 9.11816
12 (QN/Block) 	Elapsed: 0.007	Loglikelihood: -6555.1	(delta): 0.461147
13 (QN/Block) 	Elapsed: 0.008	Loglikelihood: -6546.05	(delta): 9.04566
14 (QN/Block) 	Elapsed: 0.008	Loglikelihood: -6545.82	(delta): 0.232349
15 (QN/Block) 	Elapsed: 0.007	Loglikelihood: -6545.82	(delta): 0.00142315
16 (QN/Block) 	Elapsed: 0.007	Loglikelihood: -6545.82	(delta): 7.12937e-05
Summary: 
Converged in 16 iterations (0.16 sec)
Loglikelihood: -6545.819949
Fst divergences between estimated populations: 
	Pop0	Pop1	Pop2	Pop3	Pop4	Pop5	
Pop0	
Pop1	0.437	
Pop2	0.573	0.480	
Pop3	0.413	0.478	0.602	
Pop4	0.170	0.414	0.562	0.397	
Pop5	0.522	0.425	0.583	0.566	0.498	
Pop6	0.590	0.618	0.730	0.382	0.585	0.702	
CV error (K=7): 0.15357
Writing output files.
