****                   ADMIXTURE Version 1.3.0                  ****
****                    Copyright 2008-2015                     ****
****           David Alexander, Suyash Shringarpure,            ****
****                John  Novembre, Ken Lange                   ****
****                                                            ****
****                 Please cite our paper!                     ****
****   Information at www.genetics.ucla.edu/software/admixture  ****

Parallel execution requested.  Will use 8 threads.
Cross-validation will be performed.  Folds=10.
Random seed: 846
Point estimation method: Block relaxation algorithm
Convergence acceleration algorithm: QuasiNewton, 3 secant conditions
Point estimation will terminate when objective function delta < 0.0001
Estimation of standard errors disabled; will compute point estimates only.
Size of G: 133x453
Performing five EM steps to prime main algorithm
1 (EM) 	Elapsed: 0.007	Loglikelihood: -14103.8	(delta): 72734.2
2 (EM) 	Elapsed: 0.007	Loglikelihood: -12614.9	(delta): 1488.93
3 (EM) 	Elapsed: 0.007	Loglikelihood: -12346.1	(delta): 268.723
4 (EM) 	Elapsed: 0.007	Loglikelihood: -12178.3	(delta): 167.793
5 (EM) 	Elapsed: 0.007	Loglikelihood: -12038.4	(delta): 139.938
Initial loglikelihood: -12038.4
Starting main algorithm
1 (QN/Block) 	Elapsed: 0.01	Loglikelihood: -7342.74	(delta): 4695.67
2 (QN/Block) 	Elapsed: 0.01	Loglikelihood: -6140.97	(delta): 1201.77
3 (QN/Block) 	Elapsed: 0.012	Loglikelihood: -5771.01	(delta): 369.961
4 (QN/Block) 	Elapsed: 0.012	Loglikelihood: -5541.65	(delta): 229.363
5 (QN/Block) 	Elapsed: 0.011	Loglikelihood: -5430.36	(delta): 111.286
6 (QN/Block) 	Elapsed: 0.011	Loglikelihood: -5339.07	(delta): 91.2941
7 (QN/Block) 	Elapsed: 0.012	Loglikelihood: -5323.92	(delta): 15.1479
8 (QN/Block) 	Elapsed: 0.012	Loglikelihood: -5317.38	(delta): 6.53668
9 (QN/Block) 	Elapsed: 0.011	Loglikelihood: -5310.47	(delta): 6.91414
10 (QN/Block) 	Elapsed: 0.013	Loglikelihood: -5308.04	(delta): 2.42301
11 (QN/Block) 	Elapsed: 0.011	Loglikelihood: -5307.71	(delta): 0.337482
12 (QN/Block) 	Elapsed: 0.011	Loglikelihood: -5307.7	(delta): 0.00223425
13 (QN/Block) 	Elapsed: 0.011	Loglikelihood: -5307.7	(delta): 0.000123469
14 (QN/Block) 	Elapsed: 0.01	Loglikelihood: -5307.7	(delta): 1.82142e-06
Summary: 
Converged in 14 iterations (0.208 sec)
Loglikelihood: -5307.703959
Fst divergences between estimated populations: 
	Pop0	Pop1	Pop2	Pop3	Pop4	Pop5	Pop6	Pop7	Pop8	
Pop0	
Pop1	0.441	
Pop2	0.460	0.419	
Pop3	0.456	0.672	0.648	
Pop4	0.523	0.506	0.253	0.730	
Pop5	0.505	0.563	0.503	0.646	0.591	
Pop6	0.460	0.518	0.407	0.667	0.496	0.601	
Pop7	0.285	0.516	0.481	0.457	0.571	0.547	0.479	
Pop8	0.332	0.563	0.471	0.572	0.596	0.562	0.538	0.348	
Pop9	0.620	0.454	0.583	0.787	0.674	0.680	0.650	0.648	0.686	
CV error (K=10): 0.14257
Writing output files.
