****                   ADMIXTURE Version 1.3.0                  ****
****                    Copyright 2008-2015                     ****
****           David Alexander, Suyash Shringarpure,            ****
****                John  Novembre, Ken Lange                   ****
****                                                            ****
****                 Please cite our paper!                     ****
****   Information at www.genetics.ucla.edu/software/admixture  ****

Parallel execution requested.  Will use 8 threads.
Cross-validation will be performed.  Folds=10.
Random seed: 1351
Point estimation method: Block relaxation algorithm
Convergence acceleration algorithm: QuasiNewton, 3 secant conditions
Point estimation will terminate when objective function delta < 0.0001
Estimation of standard errors disabled; will compute point estimates only.
Size of G: 133x453
Performing five EM steps to prime main algorithm
1 (EM) 	Elapsed: 0.005	Loglikelihood: -14161.8	(delta): 74309.9
2 (EM) 	Elapsed: 0.005	Loglikelihood: -12723.2	(delta): 1438.61
3 (EM) 	Elapsed: 0.005	Loglikelihood: -12501.1	(delta): 222.056
4 (EM) 	Elapsed: 0.005	Loglikelihood: -12361.3	(delta): 139.801
5 (EM) 	Elapsed: 0.005	Loglikelihood: -12247.3	(delta): 113.979
Initial loglikelihood: -12247.3
Starting main algorithm
1 (QN/Block) 	Elapsed: 0.008	Loglikelihood: -7985.34	(delta): 4262
2 (QN/Block) 	Elapsed: 0.007	Loglikelihood: -7034.52	(delta): 950.819
3 (QN/Block) 	Elapsed: 0.009	Loglikelihood: -6409.24	(delta): 625.277
4 (QN/Block) 	Elapsed: 0.009	Loglikelihood: -5987.08	(delta): 422.165
5 (QN/Block) 	Elapsed: 0.009	Loglikelihood: -5805.48	(delta): 181.591
6 (QN/Block) 	Elapsed: 0.009	Loglikelihood: -5771.68	(delta): 33.8092
7 (QN/Block) 	Elapsed: 0.011	Loglikelihood: -5770.83	(delta): 0.840225
8 (QN/Block) 	Elapsed: 0.01	Loglikelihood: -5745.51	(delta): 25.3201
9 (QN/Block) 	Elapsed: 0.009	Loglikelihood: -5725.04	(delta): 20.4765
10 (QN/Block) 	Elapsed: 0.009	Loglikelihood: -5718.99	(delta): 6.04657
11 (QN/Block) 	Elapsed: 0.009	Loglikelihood: -5714.99	(delta): 4.00213
12 (QN/Block) 	Elapsed: 0.009	Loglikelihood: -5712.64	(delta): 2.34939
13 (QN/Block) 	Elapsed: 0.009	Loglikelihood: -5712.28	(delta): 0.356677
14 (QN/Block) 	Elapsed: 0.009	Loglikelihood: -5712.25	(delta): 0.0353892
15 (QN/Block) 	Elapsed: 0.008	Loglikelihood: -5712.24	(delta): 0.00897936
16 (QN/Block) 	Elapsed: 0.008	Loglikelihood: -5712.23	(delta): 0.0050148
17 (QN/Block) 	Elapsed: 0.008	Loglikelihood: -5712.23	(delta): 0.000973192
18 (QN/Block) 	Elapsed: 0.008	Loglikelihood: -5712.23	(delta): 0.00478844
19 (QN/Block) 	Elapsed: 0.009	Loglikelihood: -5712.23	(delta): 0.000743647
20 (QN/Block) 	Elapsed: 0.009	Loglikelihood: -5712.23	(delta): 0.000850957
21 (QN/Block) 	Elapsed: 0.009	Loglikelihood: -5712.23	(delta): 0.000933037
22 (QN/Block) 	Elapsed: 0.01	Loglikelihood: -5712.22	(delta): 0.00102431
23 (QN/Block) 	Elapsed: 0.01	Loglikelihood: -5712.22	(delta): 0.00112512
24 (QN/Block) 	Elapsed: 0.009	Loglikelihood: -5712.22	(delta): 0.00123634
25 (QN/Block) 	Elapsed: 0.009	Loglikelihood: -5712.22	(delta): 0.00135896
26 (QN/Block) 	Elapsed: 0.01	Loglikelihood: -5712.22	(delta): 0.00149411
27 (QN/Block) 	Elapsed: 0.009	Loglikelihood: -5712.22	(delta): 0.00164304
28 (QN/Block) 	Elapsed: 0.009	Loglikelihood: -5712.22	(delta): 0.000748415
29 (QN/Block) 	Elapsed: 0.009	Loglikelihood: -5712.22	(delta): 5.92078e-06
Summary: 
Converged in 29 iterations (0.308 sec)
Loglikelihood: -5712.217293
Fst divergences between estimated populations: 
	Pop0	Pop1	Pop2	Pop3	Pop4	Pop5	Pop6	
Pop0	
Pop1	0.381	
Pop2	0.518	0.392	
Pop3	0.463	0.392	0.466	
Pop4	0.682	0.624	0.647	0.457	
Pop5	0.475	0.439	0.486	0.248	0.435	
Pop6	0.670	0.563	0.445	0.599	0.782	0.633	
Pop7	0.523	0.246	0.497	0.510	0.729	0.558	0.679	
CV error (K=8): 0.14204
Writing output files.
