****                   ADMIXTURE Version 1.3.0                  ****
****                    Copyright 2008-2015                     ****
****           David Alexander, Suyash Shringarpure,            ****
****                John  Novembre, Ken Lange                   ****
****                                                            ****
****                 Please cite our paper!                     ****
****   Information at www.genetics.ucla.edu/software/admixture  ****

Parallel execution requested.  Will use 8 threads.
Cross-validation will be performed.  Folds=10.
Random seed: 3011
Point estimation method: Block relaxation algorithm
Convergence acceleration algorithm: QuasiNewton, 3 secant conditions
Point estimation will terminate when objective function delta < 0.0001
Estimation of standard errors disabled; will compute point estimates only.
Size of G: 133x453
Performing five EM steps to prime main algorithm
1 (EM) 	Elapsed: 0.008	Loglikelihood: -14120.7	(delta): 70308.4
2 (EM) 	Elapsed: 0.007	Loglikelihood: -12722.2	(delta): 1398.5
3 (EM) 	Elapsed: 0.007	Loglikelihood: -12485.5	(delta): 236.749
4 (EM) 	Elapsed: 0.007	Loglikelihood: -12347.3	(delta): 138.115
5 (EM) 	Elapsed: 0.007	Loglikelihood: -12239.7	(delta): 107.658
Initial loglikelihood: -12239.7
Starting main algorithm
1 (QN/Block) 	Elapsed: 0.009	Loglikelihood: -7851.83	(delta): 4387.85
2 (QN/Block) 	Elapsed: 0.009	Loglikelihood: -6487.71	(delta): 1364.12
3 (QN/Block) 	Elapsed: 0.011	Loglikelihood: -5839.15	(delta): 648.562
4 (QN/Block) 	Elapsed: 0.01	Loglikelihood: -5536.86	(delta): 302.288
5 (QN/Block) 	Elapsed: 0.011	Loglikelihood: -5426.1	(delta): 110.763
6 (QN/Block) 	Elapsed: 0.01	Loglikelihood: -5372.72	(delta): 53.379
7 (QN/Block) 	Elapsed: 0.01	Loglikelihood: -5356.27	(delta): 16.4542
8 (QN/Block) 	Elapsed: 0.01	Loglikelihood: -5350.67	(delta): 5.59716
9 (QN/Block) 	Elapsed: 0.011	Loglikelihood: -5344.64	(delta): 6.03304
10 (QN/Block) 	Elapsed: 0.01	Loglikelihood: -5344.25	(delta): 0.38394
11 (QN/Block) 	Elapsed: 0.01	Loglikelihood: -5344.25	(delta): 0.00470513
12 (QN/Block) 	Elapsed: 0.01	Loglikelihood: -5344.25	(delta): 0.00121938
13 (QN/Block) 	Elapsed: 0.01	Loglikelihood: -5344.25	(delta): 0.000370946
14 (QN/Block) 	Elapsed: 0.01	Loglikelihood: -5344.25	(delta): 7.72764e-05
Summary: 
Converged in 14 iterations (0.193 sec)
Loglikelihood: -5344.245203
Fst divergences between estimated populations: 
	Pop0	Pop1	Pop2	Pop3	Pop4	Pop5	Pop6	Pop7	Pop8	
Pop0	
Pop1	0.561	
Pop2	0.554	0.294	
Pop3	0.670	0.481	0.492	
Pop4	0.682	0.684	0.675	0.781	
Pop5	0.531	0.562	0.558	0.664	0.541	
Pop6	0.424	0.430	0.449	0.583	0.643	0.451	
Pop7	0.676	0.634	0.624	0.741	0.698	0.585	0.547	
Pop8	0.478	0.516	0.521	0.636	0.438	0.304	0.469	0.575	
Pop9	0.494	0.500	0.518	0.659	0.711	0.560	0.235	0.635	0.540	
CV error (K=10): 0.14959
Writing output files.
