****                   ADMIXTURE Version 1.3.0                  ****
****                    Copyright 2008-2015                     ****
****           David Alexander, Suyash Shringarpure,            ****
****                John  Novembre, Ken Lange                   ****
****                                                            ****
****                 Please cite our paper!                     ****
****   Information at www.genetics.ucla.edu/software/admixture  ****

Parallel execution requested.  Will use 8 threads.
Cross-validation will be performed.  Folds=10.
Random seed: 2004
Point estimation method: Block relaxation algorithm
Convergence acceleration algorithm: QuasiNewton, 3 secant conditions
Point estimation will terminate when objective function delta < 0.0001
Estimation of standard errors disabled; will compute point estimates only.
Size of G: 133x453
Performing five EM steps to prime main algorithm
1 (EM) 	Elapsed: 0.001	Loglikelihood: -13668.9	(delta): 85973.2
2 (EM) 	Elapsed: 0.001	Loglikelihood: -12877.3	(delta): 791.604
3 (EM) 	Elapsed: 0.001	Loglikelihood: -12768.6	(delta): 108.739
4 (EM) 	Elapsed: 0.001	Loglikelihood: -12711.8	(delta): 56.7849
5 (EM) 	Elapsed: 0.001	Loglikelihood: -12680.1	(delta): 31.6444
Initial loglikelihood: -12680.1
Starting main algorithm
1 (QN/Block) 	Elapsed: 0.002	Loglikelihood: -11609.1	(delta): 1071.08
2 (QN/Block) 	Elapsed: 0.002	Loglikelihood: -10967.1	(delta): 641.931
3 (QN/Block) 	Elapsed: 0.003	Loglikelihood: -10600.4	(delta): 366.742
4 (QN/Block) 	Elapsed: 0.003	Loglikelihood: -10241.5	(delta): 358.863
5 (QN/Block) 	Elapsed: 0.004	Loglikelihood: -10092	(delta): 149.575
6 (QN/Block) 	Elapsed: 0.004	Loglikelihood: -10052.8	(delta): 39.1453
7 (QN/Block) 	Elapsed: 0.004	Loglikelihood: -10035.5	(delta): 17.3532
8 (QN/Block) 	Elapsed: 0.003	Loglikelihood: -10031.5	(delta): 3.97666
9 (QN/Block) 	Elapsed: 0.003	Loglikelihood: -10030.6	(delta): 0.93264
10 (QN/Block) 	Elapsed: 0.003	Loglikelihood: -10030.4	(delta): 0.197021
11 (QN/Block) 	Elapsed: 0.002	Loglikelihood: -10030.4	(delta): 0.00331356
12 (QN/Block) 	Elapsed: 0.002	Loglikelihood: -10030.4	(delta): 4.39451e-05
Summary: 
Converged in 12 iterations (0.052 sec)
Loglikelihood: -10030.351387
Fst divergences between estimated populations: 
	Pop0	
Pop0	
Pop1	0.328	
CV error (K=2): 0.19266
Writing output files.
