****                   ADMIXTURE Version 1.3.0                  ****
****                    Copyright 2008-2015                     ****
****           David Alexander, Suyash Shringarpure,            ****
****                John  Novembre, Ken Lange                   ****
****                                                            ****
****                 Please cite our paper!                     ****
****   Information at www.genetics.ucla.edu/software/admixture  ****

Parallel execution requested.  Will use 8 threads.
Cross-validation will be performed.  Folds=10.
Random seed: 2039
Point estimation method: Block relaxation algorithm
Convergence acceleration algorithm: QuasiNewton, 3 secant conditions
Point estimation will terminate when objective function delta < 0.0001
Estimation of standard errors disabled; will compute point estimates only.
Size of G: 133x453
Performing five EM steps to prime main algorithm
1 (EM) 	Elapsed: 0.004	Loglikelihood: -14252.2	(delta): 73475.4
2 (EM) 	Elapsed: 0.005	Loglikelihood: -12764.4	(delta): 1487.77
3 (EM) 	Elapsed: 0.005	Loglikelihood: -12528	(delta): 236.374
4 (EM) 	Elapsed: 0.005	Loglikelihood: -12395	(delta): 133.047
5 (EM) 	Elapsed: 0.005	Loglikelihood: -12291.9	(delta): 103.05
Initial loglikelihood: -12291.9
Starting main algorithm
1 (QN/Block) 	Elapsed: 0.007	Loglikelihood: -8480.69	(delta): 3811.26
2 (QN/Block) 	Elapsed: 0.007	Loglikelihood: -7307.88	(delta): 1172.81
3 (QN/Block) 	Elapsed: 0.007	Loglikelihood: -6953.16	(delta): 354.725
4 (QN/Block) 	Elapsed: 0.007	Loglikelihood: -6685.86	(delta): 267.294
5 (QN/Block) 	Elapsed: 0.007	Loglikelihood: -6561.92	(delta): 123.946
6 (QN/Block) 	Elapsed: 0.008	Loglikelihood: -6520.09	(delta): 41.8303
7 (QN/Block) 	Elapsed: 0.008	Loglikelihood: -6504.48	(delta): 15.6036
8 (QN/Block) 	Elapsed: 0.007	Loglikelihood: -6485.22	(delta): 19.2612
9 (QN/Block) 	Elapsed: 0.008	Loglikelihood: -6468.03	(delta): 17.1927
10 (QN/Block) 	Elapsed: 0.007	Loglikelihood: -6463.15	(delta): 4.87848
11 (QN/Block) 	Elapsed: 0.007	Loglikelihood: -6462.52	(delta): 0.627695
12 (QN/Block) 	Elapsed: 0.008	Loglikelihood: -6462.45	(delta): 0.0677562
13 (QN/Block) 	Elapsed: 0.008	Loglikelihood: -6462.44	(delta): 0.0156199
14 (QN/Block) 	Elapsed: 0.007	Loglikelihood: -6462.44	(delta): 0.000329849
15 (QN/Block) 	Elapsed: 0.007	Loglikelihood: -6462.44	(delta): 0.000385966
16 (QN/Block) 	Elapsed: 0.007	Loglikelihood: -6462.44	(delta): 1.23553e-05
Summary: 
Converged in 16 iterations (0.156 sec)
Loglikelihood: -6462.438045
Fst divergences between estimated populations: 
	Pop0	Pop1	Pop2	Pop3	Pop4	Pop5	
Pop0	
Pop1	0.521	
Pop2	0.458	0.486	
Pop3	0.489	0.595	0.470	
Pop4	0.377	0.476	0.441	0.379	
Pop5	0.474	0.573	0.549	0.523	0.242	
Pop6	0.440	0.470	0.233	0.462	0.391	0.519	
CV error (K=7): 0.15579
Writing output files.
