****                   ADMIXTURE Version 1.3.0                  ****
****                    Copyright 2008-2015                     ****
****           David Alexander, Suyash Shringarpure,            ****
****                John  Novembre, Ken Lange                   ****
****                                                            ****
****                 Please cite our paper!                     ****
****   Information at www.genetics.ucla.edu/software/admixture  ****

Parallel execution requested.  Will use 8 threads.
Cross-validation will be performed.  Folds=10.
Random seed: 3678
Point estimation method: Block relaxation algorithm
Convergence acceleration algorithm: QuasiNewton, 3 secant conditions
Point estimation will terminate when objective function delta < 0.0001
Estimation of standard errors disabled; will compute point estimates only.
Size of G: 133x453
Performing five EM steps to prime main algorithm
1 (EM) 	Elapsed: 0.001	Loglikelihood: -13482.4	(delta): 87404
2 (EM) 	Elapsed: 0.001	Loglikelihood: -12945.2	(delta): 537.252
3 (EM) 	Elapsed: 0.001	Loglikelihood: -12786.7	(delta): 158.515
4 (EM) 	Elapsed: 0.001	Loglikelihood: -12719.2	(delta): 67.4429
5 (EM) 	Elapsed: 0.001	Loglikelihood: -12681.4	(delta): 37.8735
Initial loglikelihood: -12681.4
Starting main algorithm
1 (QN/Block) 	Elapsed: 0.002	Loglikelihood: -11842.2	(delta): 839.148
2 (QN/Block) 	Elapsed: 0.002	Loglikelihood: -11269.5	(delta): 572.696
3 (QN/Block) 	Elapsed: 0.003	Loglikelihood: -11015	(delta): 254.5
4 (QN/Block) 	Elapsed: 0.004	Loglikelihood: -10767.1	(delta): 247.95
5 (QN/Block) 	Elapsed: 0.004	Loglikelihood: -10672.1	(delta): 94.9679
6 (QN/Block) 	Elapsed: 0.003	Loglikelihood: -10626.1	(delta): 46.0059
7 (QN/Block) 	Elapsed: 0.002	Loglikelihood: -10605.2	(delta): 20.9203
8 (QN/Block) 	Elapsed: 0.003	Loglikelihood: -10601.6	(delta): 3.58256
9 (QN/Block) 	Elapsed: 0.004	Loglikelihood: -10601.5	(delta): 0.120309
10 (QN/Block) 	Elapsed: 0.003	Loglikelihood: -10601.5	(delta): 8.49683e-05
Summary: 
Converged in 10 iterations (0.049 sec)
Loglikelihood: -10601.475920
Fst divergences between estimated populations: 
	Pop0	
Pop0	
Pop1	0.275	
CV error (K=2): 0.20491
Writing output files.
