****                   ADMIXTURE Version 1.3.0                  ****
****                    Copyright 2008-2015                     ****
****           David Alexander, Suyash Shringarpure,            ****
****                John  Novembre, Ken Lange                   ****
****                                                            ****
****                 Please cite our paper!                     ****
****   Information at www.genetics.ucla.edu/software/admixture  ****

Parallel execution requested.  Will use 8 threads.
Cross-validation will be performed.  Folds=10.
Random seed: 1730
Point estimation method: Block relaxation algorithm
Convergence acceleration algorithm: QuasiNewton, 3 secant conditions
Point estimation will terminate when objective function delta < 0.0001
Estimation of standard errors disabled; will compute point estimates only.
Size of G: 133x453
Performing five EM steps to prime main algorithm
1 (EM) 	Elapsed: 0.008	Loglikelihood: -14124.7	(delta): 71731.6
2 (EM) 	Elapsed: 0.007	Loglikelihood: -12634.7	(delta): 1489.98
3 (EM) 	Elapsed: 0.008	Loglikelihood: -12378.3	(delta): 256.338
4 (EM) 	Elapsed: 0.007	Loglikelihood: -12221.6	(delta): 156.787
5 (EM) 	Elapsed: 0.007	Loglikelihood: -12088.7	(delta): 132.893
Initial loglikelihood: -12088.7
Starting main algorithm
1 (QN/Block) 	Elapsed: 0.009	Loglikelihood: -7688.17	(delta): 4400.49
2 (QN/Block) 	Elapsed: 0.009	Loglikelihood: -6604.57	(delta): 1083.6
3 (QN/Block) 	Elapsed: 0.011	Loglikelihood: -6123.86	(delta): 480.708
4 (QN/Block) 	Elapsed: 0.01	Loglikelihood: -5826.8	(delta): 297.063
5 (QN/Block) 	Elapsed: 0.01	Loglikelihood: -5667.51	(delta): 159.287
6 (QN/Block) 	Elapsed: 0.01	Loglikelihood: -5553.37	(delta): 114.147
7 (QN/Block) 	Elapsed: 0.01	Loglikelihood: -5470.14	(delta): 83.2257
8 (QN/Block) 	Elapsed: 0.011	Loglikelihood: -5434.02	(delta): 36.1241
9 (QN/Block) 	Elapsed: 0.011	Loglikelihood: -5423.14	(delta): 10.8765
10 (QN/Block) 	Elapsed: 0.011	Loglikelihood: -5414.9	(delta): 8.23823
11 (QN/Block) 	Elapsed: 0.011	Loglikelihood: -5406.66	(delta): 8.24563
12 (QN/Block) 	Elapsed: 0.015	Loglikelihood: -5405.83	(delta): 0.824779
13 (QN/Block) 	Elapsed: 0.01	Loglikelihood: -5405.44	(delta): 0.392531
14 (QN/Block) 	Elapsed: 0.011	Loglikelihood: -5405.37	(delta): 0.0711043
15 (QN/Block) 	Elapsed: 0.011	Loglikelihood: -5405.36	(delta): 0.0078834
16 (QN/Block) 	Elapsed: 0.011	Loglikelihood: -5405.36	(delta): 0.000800381
17 (QN/Block) 	Elapsed: 0.015	Loglikelihood: -5405.36	(delta): 0.000397444
18 (QN/Block) 	Elapsed: 0.012	Loglikelihood: -5405.36	(delta): 8.55441e-05
Summary: 
Converged in 18 iterations (0.254 sec)
Loglikelihood: -5405.358865
Fst divergences between estimated populations: 
	Pop0	Pop1	Pop2	Pop3	Pop4	Pop5	Pop6	Pop7	Pop8	
Pop0	
Pop1	0.528	
Pop2	0.582	0.542	
Pop3	0.615	0.564	0.691	
Pop4	0.542	0.591	0.585	0.692	
Pop5	0.487	0.270	0.482	0.464	0.534	
Pop6	0.647	0.675	0.671	0.791	0.547	0.639	
Pop7	0.567	0.594	0.586	0.726	0.353	0.539	0.509	
Pop8	0.493	0.530	0.440	0.681	0.511	0.480	0.614	0.486	
Pop9	0.533	0.365	0.510	0.468	0.580	0.224	0.656	0.565	0.530	
CV error (K=10): 0.14897
Writing output files.
