****                   ADMIXTURE Version 1.3.0                  ****
****                    Copyright 2008-2015                     ****
****           David Alexander, Suyash Shringarpure,            ****
****                John  Novembre, Ken Lange                   ****
****                                                            ****
****                 Please cite our paper!                     ****
****   Information at www.genetics.ucla.edu/software/admixture  ****

Parallel execution requested.  Will use 8 threads.
Cross-validation will be performed.  Folds=10.
Random seed: 709
Point estimation method: Block relaxation algorithm
Convergence acceleration algorithm: QuasiNewton, 3 secant conditions
Point estimation will terminate when objective function delta < 0.0001
Estimation of standard errors disabled; will compute point estimates only.
Size of G: 133x453
Performing five EM steps to prime main algorithm
1 (EM) 	Elapsed: 0.003	Loglikelihood: -14188.3	(delta): 75309
2 (EM) 	Elapsed: 0.003	Loglikelihood: -12876.1	(delta): 1312.25
3 (EM) 	Elapsed: 0.003	Loglikelihood: -12638.4	(delta): 237.644
4 (EM) 	Elapsed: 0.003	Loglikelihood: -12502.4	(delta): 135.993
5 (EM) 	Elapsed: 0.003	Loglikelihood: -12403.9	(delta): 98.5625
Initial loglikelihood: -12403.9
Starting main algorithm
1 (QN/Block) 	Elapsed: 0.005	Loglikelihood: -9876.01	(delta): 2527.85
2 (QN/Block) 	Elapsed: 0.005	Loglikelihood: -8871.05	(delta): 1004.97
3 (QN/Block) 	Elapsed: 0.006	Loglikelihood: -8269.05	(delta): 601.994
4 (QN/Block) 	Elapsed: 0.006	Loglikelihood: -7719.33	(delta): 549.724
5 (QN/Block) 	Elapsed: 0.006	Loglikelihood: -7483.91	(delta): 235.418
6 (QN/Block) 	Elapsed: 0.006	Loglikelihood: -7361.99	(delta): 121.92
7 (QN/Block) 	Elapsed: 0.006	Loglikelihood: -7345.44	(delta): 16.5552
8 (QN/Block) 	Elapsed: 0.006	Loglikelihood: -7339.71	(delta): 5.72883
9 (QN/Block) 	Elapsed: 0.006	Loglikelihood: -7338.4	(delta): 1.30933
10 (QN/Block) 	Elapsed: 0.006	Loglikelihood: -7338.38	(delta): 0.016435
11 (QN/Block) 	Elapsed: 0.006	Loglikelihood: -7338.38	(delta): 0.00230698
12 (QN/Block) 	Elapsed: 0.006	Loglikelihood: -7338.37	(delta): 0.00936499
13 (QN/Block) 	Elapsed: 0.006	Loglikelihood: -7338.24	(delta): 0.12884
14 (QN/Block) 	Elapsed: 0.006	Loglikelihood: -7336.36	(delta): 1.87585
15 (QN/Block) 	Elapsed: 0.006	Loglikelihood: -7334.19	(delta): 2.17529
16 (QN/Block) 	Elapsed: 0.006	Loglikelihood: -7333.39	(delta): 0.796589
17 (QN/Block) 	Elapsed: 0.006	Loglikelihood: -7332.18	(delta): 1.21599
18 (QN/Block) 	Elapsed: 0.006	Loglikelihood: -7331.76	(delta): 0.419827
19 (QN/Block) 	Elapsed: 0.006	Loglikelihood: -7331.26	(delta): 0.493988
20 (QN/Block) 	Elapsed: 0.006	Loglikelihood: -7326.58	(delta): 4.68337
21 (QN/Block) 	Elapsed: 0.006	Loglikelihood: -7323.08	(delta): 3.50369
22 (QN/Block) 	Elapsed: 0.006	Loglikelihood: -7322.58	(delta): 0.494069
23 (QN/Block) 	Elapsed: 0.006	Loglikelihood: -7322.43	(delta): 0.152301
24 (QN/Block) 	Elapsed: 0.006	Loglikelihood: -7322.41	(delta): 0.0205748
25 (QN/Block) 	Elapsed: 0.006	Loglikelihood: -7322.41	(delta): 0.000865124
26 (QN/Block) 	Elapsed: 0.006	Loglikelihood: -7322.41	(delta): 1.19345e-06
Summary: 
Converged in 26 iterations (0.19 sec)
Loglikelihood: -7322.407990
Fst divergences between estimated populations: 
	Pop0	Pop1	Pop2	Pop3	
Pop0	
Pop1	0.595	
Pop2	0.363	0.577	
Pop3	0.474	0.410	0.436	
Pop4	0.416	0.402	0.379	0.216	
CV error (K=5): 0.16308
Writing output files.
