****                   ADMIXTURE Version 1.3.0                  ****
****                    Copyright 2008-2015                     ****
****           David Alexander, Suyash Shringarpure,            ****
****                John  Novembre, Ken Lange                   ****
****                                                            ****
****                 Please cite our paper!                     ****
****   Information at www.genetics.ucla.edu/software/admixture  ****

Parallel execution requested.  Will use 8 threads.
Cross-validation will be performed.  Folds=10.
Random seed: 3645
Point estimation method: Block relaxation algorithm
Convergence acceleration algorithm: QuasiNewton, 3 secant conditions
Point estimation will terminate when objective function delta < 0.0001
Estimation of standard errors disabled; will compute point estimates only.
Size of G: 133x453
Performing five EM steps to prime main algorithm
1 (EM) 	Elapsed: 0.001	Loglikelihood: -13572.1	(delta): 84323.1
2 (EM) 	Elapsed: 0.001	Loglikelihood: -12854	(delta): 718.095
3 (EM) 	Elapsed: 0.001	Loglikelihood: -12766.1	(delta): 87.9003
4 (EM) 	Elapsed: 0.001	Loglikelihood: -12720.4	(delta): 45.6706
5 (EM) 	Elapsed: 0.001	Loglikelihood: -12691.6	(delta): 28.7828
Initial loglikelihood: -12691.6
Starting main algorithm
1 (QN/Block) 	Elapsed: 0.002	Loglikelihood: -11272.1	(delta): 1419.48
2 (QN/Block) 	Elapsed: 0.002	Loglikelihood: -10668	(delta): 604.154
3 (QN/Block) 	Elapsed: 0.002	Loglikelihood: -10403.3	(delta): 264.654
4 (QN/Block) 	Elapsed: 0.003	Loglikelihood: -10182.9	(delta): 220.397
5 (QN/Block) 	Elapsed: 0.004	Loglikelihood: -10055.9	(delta): 127.034
6 (QN/Block) 	Elapsed: 0.004	Loglikelihood: -10041	(delta): 14.9526
7 (QN/Block) 	Elapsed: 0.004	Loglikelihood: -10033.8	(delta): 7.17095
8 (QN/Block) 	Elapsed: 0.003	Loglikelihood: -10031.8	(delta): 1.9987
9 (QN/Block) 	Elapsed: 0.003	Loglikelihood: -10030.4	(delta): 1.38781
10 (QN/Block) 	Elapsed: 0.003	Loglikelihood: -10030.4	(delta): 0.0482092
11 (QN/Block) 	Elapsed: 0.003	Loglikelihood: -10030.4	(delta): 0.000562574
12 (QN/Block) 	Elapsed: 0.003	Loglikelihood: -10030.4	(delta): 0.000865916
13 (QN/Block) 	Elapsed: 0.002	Loglikelihood: -10030.4	(delta): 5.05679e-08
Summary: 
Converged in 13 iterations (0.055 sec)
Loglikelihood: -10030.351387
Fst divergences between estimated populations: 
	Pop0	
Pop0	
Pop1	0.328	
CV error (K=2): 0.19345
Writing output files.
