****                   ADMIXTURE Version 1.3.0                  ****
****                    Copyright 2008-2015                     ****
****           David Alexander, Suyash Shringarpure,            ****
****                John  Novembre, Ken Lange                   ****
****                                                            ****
****                 Please cite our paper!                     ****
****   Information at www.genetics.ucla.edu/software/admixture  ****

Parallel execution requested.  Will use 8 threads.
Cross-validation will be performed.  Folds=10.
Random seed: 1149
Point estimation method: Block relaxation algorithm
Convergence acceleration algorithm: QuasiNewton, 3 secant conditions
Point estimation will terminate when objective function delta < 0.0001
Estimation of standard errors disabled; will compute point estimates only.
Size of G: 133x453
Performing five EM steps to prime main algorithm
1 (EM) 	Elapsed: 0.004	Loglikelihood: -14111.6	(delta): 72064.4
2 (EM) 	Elapsed: 0.004	Loglikelihood: -12779.7	(delta): 1331.92
3 (EM) 	Elapsed: 0.004	Loglikelihood: -12574.1	(delta): 205.54
4 (EM) 	Elapsed: 0.004	Loglikelihood: -12450.8	(delta): 123.341
5 (EM) 	Elapsed: 0.004	Loglikelihood: -12353.9	(delta): 96.883
Initial loglikelihood: -12353.9
Starting main algorithm
1 (QN/Block) 	Elapsed: 0.007	Loglikelihood: -8705.78	(delta): 3648.11
2 (QN/Block) 	Elapsed: 0.007	Loglikelihood: -7226.8	(delta): 1478.98
3 (QN/Block) 	Elapsed: 0.007	Loglikelihood: -6701.89	(delta): 524.91
4 (QN/Block) 	Elapsed: 0.008	Loglikelihood: -6411.54	(delta): 290.351
5 (QN/Block) 	Elapsed: 0.007	Loglikelihood: -6203.66	(delta): 207.882
6 (QN/Block) 	Elapsed: 0.008	Loglikelihood: -6100.84	(delta): 102.815
7 (QN/Block) 	Elapsed: 0.007	Loglikelihood: -6067.2	(delta): 33.6435
8 (QN/Block) 	Elapsed: 0.007	Loglikelihood: -6059.31	(delta): 7.88934
9 (QN/Block) 	Elapsed: 0.007	Loglikelihood: -6058.1	(delta): 1.20601
10 (QN/Block) 	Elapsed: 0.008	Loglikelihood: -6058.06	(delta): 0.0426212
11 (QN/Block) 	Elapsed: 0.007	Loglikelihood: -6058.06	(delta): 0.000480477
12 (QN/Block) 	Elapsed: 0.007	Loglikelihood: -6058.06	(delta): 6.63102e-05
Summary: 
Converged in 12 iterations (0.12 sec)
Loglikelihood: -6058.060859
Fst divergences between estimated populations: 
	Pop0	Pop1	Pop2	Pop3	Pop4	Pop5	
Pop0	
Pop1	0.667	
Pop2	0.647	0.747	
Pop3	0.468	0.449	0.587	
Pop4	0.532	0.647	0.446	0.479	
Pop5	0.478	0.432	0.612	0.254	0.503	
Pop6	0.421	0.646	0.577	0.447	0.435	0.485	
CV error (K=7): 0.14616
Writing output files.
