****                   ADMIXTURE Version 1.3.0                  ****
****                    Copyright 2008-2015                     ****
****           David Alexander, Suyash Shringarpure,            ****
****                John  Novembre, Ken Lange                   ****
****                                                            ****
****                 Please cite our paper!                     ****
****   Information at www.genetics.ucla.edu/software/admixture  ****

Parallel execution requested.  Will use 8 threads.
Cross-validation will be performed.  Folds=10.
Random seed: 2193
Point estimation method: Block relaxation algorithm
Convergence acceleration algorithm: QuasiNewton, 3 secant conditions
Point estimation will terminate when objective function delta < 0.0001
Estimation of standard errors disabled; will compute point estimates only.
Size of G: 133x453
Performing five EM steps to prime main algorithm
1 (EM) 	Elapsed: 0.007	Loglikelihood: -13976.4	(delta): 71708.3
2 (EM) 	Elapsed: 0.007	Loglikelihood: -12598.9	(delta): 1377.5
3 (EM) 	Elapsed: 0.007	Loglikelihood: -12336.1	(delta): 262.852
4 (EM) 	Elapsed: 0.007	Loglikelihood: -12161.3	(delta): 174.735
5 (EM) 	Elapsed: 0.007	Loglikelihood: -12015.9	(delta): 145.407
Initial loglikelihood: -12015.9
Starting main algorithm
1 (QN/Block) 	Elapsed: 0.009	Loglikelihood: -7616.17	(delta): 4399.76
2 (QN/Block) 	Elapsed: 0.009	Loglikelihood: -6419.41	(delta): 1196.76
3 (QN/Block) 	Elapsed: 0.01	Loglikelihood: -6019.25	(delta): 400.157
4 (QN/Block) 	Elapsed: 0.01	Loglikelihood: -5755.31	(delta): 263.941
5 (QN/Block) 	Elapsed: 0.01	Loglikelihood: -5604.55	(delta): 150.766
6 (QN/Block) 	Elapsed: 0.01	Loglikelihood: -5524.25	(delta): 80.3014
7 (QN/Block) 	Elapsed: 0.01	Loglikelihood: -5467.03	(delta): 57.2142
8 (QN/Block) 	Elapsed: 0.011	Loglikelihood: -5428.93	(delta): 38.1003
9 (QN/Block) 	Elapsed: 0.011	Loglikelihood: -5405.24	(delta): 23.695
10 (QN/Block) 	Elapsed: 0.01	Loglikelihood: -5397.17	(delta): 8.0705
11 (QN/Block) 	Elapsed: 0.01	Loglikelihood: -5394.76	(delta): 2.40901
12 (QN/Block) 	Elapsed: 0.01	Loglikelihood: -5393.77	(delta): 0.987952
13 (QN/Block) 	Elapsed: 0.011	Loglikelihood: -5392.21	(delta): 1.55624
14 (QN/Block) 	Elapsed: 0.011	Loglikelihood: -5388.34	(delta): 3.86974
15 (QN/Block) 	Elapsed: 0.01	Loglikelihood: -5386.35	(delta): 1.9934
16 (QN/Block) 	Elapsed: 0.011	Loglikelihood: -5386.04	(delta): 0.309208
17 (QN/Block) 	Elapsed: 0.01	Loglikelihood: -5386.03	(delta): 0.0107642
18 (QN/Block) 	Elapsed: 0.01	Loglikelihood: -5386.03	(delta): 0.0011468
19 (QN/Block) 	Elapsed: 0.01	Loglikelihood: -5386.03	(delta): 1.90481e-05
Summary: 
Converged in 19 iterations (0.243 sec)
Loglikelihood: -5386.028451
Fst divergences between estimated populations: 
	Pop0	Pop1	Pop2	Pop3	Pop4	Pop5	Pop6	Pop7	Pop8	
Pop0	
Pop1	0.682	
Pop2	0.769	0.458	
Pop3	0.690	0.548	0.647	
Pop4	0.475	0.489	0.602	0.467	
Pop5	0.680	0.472	0.594	0.472	0.434	
Pop6	0.457	0.529	0.620	0.492	0.234	0.513	
Pop7	0.738	0.529	0.657	0.524	0.525	0.316	0.575	
Pop8	0.619	0.550	0.640	0.591	0.474	0.517	0.521	0.573	
Pop9	0.673	0.464	0.600	0.406	0.479	0.299	0.496	0.285	0.526	
CV error (K=10): 0.14593
Writing output files.
