****                   ADMIXTURE Version 1.3.0                  ****
****                    Copyright 2008-2015                     ****
****           David Alexander, Suyash Shringarpure,            ****
****                John  Novembre, Ken Lange                   ****
****                                                            ****
****                 Please cite our paper!                     ****
****   Information at www.genetics.ucla.edu/software/admixture  ****

Parallel execution requested.  Will use 8 threads.
Cross-validation will be performed.  Folds=10.
Random seed: 2979
Point estimation method: Block relaxation algorithm
Convergence acceleration algorithm: QuasiNewton, 3 secant conditions
Point estimation will terminate when objective function delta < 0.0001
Estimation of standard errors disabled; will compute point estimates only.
Size of G: 133x453
Performing five EM steps to prime main algorithm
1 (EM) 	Elapsed: 0.006	Loglikelihood: -14204.8	(delta): 69999.3
2 (EM) 	Elapsed: 0.006	Loglikelihood: -12704.6	(delta): 1500.14
3 (EM) 	Elapsed: 0.006	Loglikelihood: -12434.2	(delta): 270.441
4 (EM) 	Elapsed: 0.006	Loglikelihood: -12279.3	(delta): 154.864
5 (EM) 	Elapsed: 0.006	Loglikelihood: -12157.8	(delta): 121.567
Initial loglikelihood: -12157.8
Starting main algorithm
1 (QN/Block) 	Elapsed: 0.009	Loglikelihood: -7779.74	(delta): 4378.02
2 (QN/Block) 	Elapsed: 0.008	Loglikelihood: -6565.11	(delta): 1214.63
3 (QN/Block) 	Elapsed: 0.01	Loglikelihood: -6137.03	(delta): 428.072
4 (QN/Block) 	Elapsed: 0.009	Loglikelihood: -5926.3	(delta): 210.736
5 (QN/Block) 	Elapsed: 0.009	Loglikelihood: -5831.12	(delta): 95.1773
6 (QN/Block) 	Elapsed: 0.009	Loglikelihood: -5785.52	(delta): 45.6033
7 (QN/Block) 	Elapsed: 0.009	Loglikelihood: -5765.56	(delta): 19.9618
8 (QN/Block) 	Elapsed: 0.009	Loglikelihood: -5755.93	(delta): 9.62674
9 (QN/Block) 	Elapsed: 0.01	Loglikelihood: -5749.78	(delta): 6.14444
10 (QN/Block) 	Elapsed: 0.01	Loglikelihood: -5735.7	(delta): 14.0883
11 (QN/Block) 	Elapsed: 0.01	Loglikelihood: -5706.98	(delta): 28.7118
12 (QN/Block) 	Elapsed: 0.01	Loglikelihood: -5680.07	(delta): 26.9146
13 (QN/Block) 	Elapsed: 0.01	Loglikelihood: -5647.21	(delta): 32.8636
14 (QN/Block) 	Elapsed: 0.01	Loglikelihood: -5628.39	(delta): 18.814
15 (QN/Block) 	Elapsed: 0.009	Loglikelihood: -5604.63	(delta): 23.7619
16 (QN/Block) 	Elapsed: 0.01	Loglikelihood: -5600.2	(delta): 4.4255
17 (QN/Block) 	Elapsed: 0.009	Loglikelihood: -5599.29	(delta): 0.916242
18 (QN/Block) 	Elapsed: 0.012	Loglikelihood: -5599.27	(delta): 0.0209866
19 (QN/Block) 	Elapsed: 0.009	Loglikelihood: -5599.26	(delta): 0.00460873
20 (QN/Block) 	Elapsed: 0.009	Loglikelihood: -5599.26	(delta): 0.00146293
21 (QN/Block) 	Elapsed: 0.011	Loglikelihood: -5599.26	(delta): 0.00173922
22 (QN/Block) 	Elapsed: 0.011	Loglikelihood: -5599.26	(delta): 0.000472439
23 (QN/Block) 	Elapsed: 0.009	Loglikelihood: -5599.26	(delta): 0.000112782
24 (QN/Block) 	Elapsed: 0.009	Loglikelihood: -5599.26	(delta): 1.15098e-05
Summary: 
Converged in 24 iterations (0.28 sec)
Loglikelihood: -5599.258842
Fst divergences between estimated populations: 
	Pop0	Pop1	Pop2	Pop3	Pop4	Pop5	Pop6	Pop7	
Pop0	
Pop1	0.571	
Pop2	0.493	0.371	
Pop3	0.517	0.539	0.504	
Pop4	0.588	0.568	0.485	0.559	
Pop5	0.671	0.493	0.527	0.675	0.651	
Pop6	0.447	0.499	0.410	0.521	0.476	0.608	
Pop7	0.663	0.687	0.554	0.708	0.592	0.764	0.409	
Pop8	0.419	0.444	0.443	0.255	0.485	0.586	0.418	0.631	
CV error (K=9): 0.14311
Writing output files.
