****                   ADMIXTURE Version 1.3.0                  ****
****                    Copyright 2008-2015                     ****
****           David Alexander, Suyash Shringarpure,            ****
****                John  Novembre, Ken Lange                   ****
****                                                            ****
****                 Please cite our paper!                     ****
****   Information at www.genetics.ucla.edu/software/admixture  ****

Parallel execution requested.  Will use 8 threads.
Cross-validation will be performed.  Folds=10.
Random seed: 4135
Point estimation method: Block relaxation algorithm
Convergence acceleration algorithm: QuasiNewton, 3 secant conditions
Point estimation will terminate when objective function delta < 0.0001
Estimation of standard errors disabled; will compute point estimates only.
Size of G: 133x453
Performing five EM steps to prime main algorithm
1 (EM) 	Elapsed: 0.006	Loglikelihood: -14072.9	(delta): 73424.7
2 (EM) 	Elapsed: 0.007	Loglikelihood: -12638.5	(delta): 1434.45
3 (EM) 	Elapsed: 0.006	Loglikelihood: -12391.6	(delta): 246.918
4 (EM) 	Elapsed: 0.006	Loglikelihood: -12225.5	(delta): 166.106
5 (EM) 	Elapsed: 0.006	Loglikelihood: -12085.6	(delta): 139.84
Initial loglikelihood: -12085.6
Starting main algorithm
1 (QN/Block) 	Elapsed: 0.009	Loglikelihood: -7507.16	(delta): 4578.46
2 (QN/Block) 	Elapsed: 0.009	Loglikelihood: -6336.98	(delta): 1170.18
3 (QN/Block) 	Elapsed: 0.009	Loglikelihood: -5925.37	(delta): 411.615
4 (QN/Block) 	Elapsed: 0.01	Loglikelihood: -5740.65	(delta): 184.72
5 (QN/Block) 	Elapsed: 0.01	Loglikelihood: -5653.99	(delta): 86.6535
6 (QN/Block) 	Elapsed: 0.01	Loglikelihood: -5624.35	(delta): 29.6474
7 (QN/Block) 	Elapsed: 0.011	Loglikelihood: -5616.95	(delta): 7.39394
8 (QN/Block) 	Elapsed: 0.01	Loglikelihood: -5610.88	(delta): 6.0725
9 (QN/Block) 	Elapsed: 0.01	Loglikelihood: -5605.88	(delta): 4.9969
10 (QN/Block) 	Elapsed: 0.01	Loglikelihood: -5603.67	(delta): 2.20735
11 (QN/Block) 	Elapsed: 0.01	Loglikelihood: -5600.42	(delta): 3.25487
12 (QN/Block) 	Elapsed: 0.009	Loglikelihood: -5599.95	(delta): 0.472215
13 (QN/Block) 	Elapsed: 0.01	Loglikelihood: -5599.61	(delta): 0.335238
14 (QN/Block) 	Elapsed: 0.01	Loglikelihood: -5599.32	(delta): 0.291673
15 (QN/Block) 	Elapsed: 0.009	Loglikelihood: -5599.21	(delta): 0.11354
16 (QN/Block) 	Elapsed: 0.01	Loglikelihood: -5599.17	(delta): 0.0361399
17 (QN/Block) 	Elapsed: 0.009	Loglikelihood: -5599.16	(delta): 0.0133928
18 (QN/Block) 	Elapsed: 0.009	Loglikelihood: -5599.14	(delta): 0.018377
19 (QN/Block) 	Elapsed: 0.01	Loglikelihood: -5599.12	(delta): 0.0149301
20 (QN/Block) 	Elapsed: 0.013	Loglikelihood: -5599.12	(delta): 0.005931
21 (QN/Block) 	Elapsed: 0.01	Loglikelihood: -5599.11	(delta): 0.00458643
22 (QN/Block) 	Elapsed: 0.01	Loglikelihood: -5599.11	(delta): 0.00535621
23 (QN/Block) 	Elapsed: 0.01	Loglikelihood: -5599.1	(delta): 0.00635236
24 (QN/Block) 	Elapsed: 0.01	Loglikelihood: -5599.09	(delta): 0.00761661
25 (QN/Block) 	Elapsed: 0.01	Loglikelihood: -5599.08	(delta): 0.00923855
26 (QN/Block) 	Elapsed: 0.01	Loglikelihood: -5599.07	(delta): 0.0113409
27 (QN/Block) 	Elapsed: 0.01	Loglikelihood: -5599.06	(delta): 0.0131432
28 (QN/Block) 	Elapsed: 0.01	Loglikelihood: -5599.06	(delta): 0.000511111
29 (QN/Block) 	Elapsed: 0.009	Loglikelihood: -5599.06	(delta): 4.74484e-05
Summary: 
Converged in 29 iterations (0.343 sec)
Loglikelihood: -5599.059918
Fst divergences between estimated populations: 
	Pop0	Pop1	Pop2	Pop3	Pop4	Pop5	Pop6	Pop7	
Pop0	
Pop1	0.439	
Pop2	0.632	0.481	
Pop3	0.434	0.507	0.610	
Pop4	0.354	0.575	0.709	0.524	
Pop5	0.268	0.500	0.619	0.430	0.263	
Pop6	0.609	0.639	0.738	0.444	0.710	0.608	
Pop7	0.500	0.288	0.409	0.487	0.587	0.481	0.638	
Pop8	0.462	0.504	0.637	0.517	0.561	0.394	0.670	0.480	
CV error (K=9): 0.14381
Writing output files.
