****                   ADMIXTURE Version 1.3.0                  ****
****                    Copyright 2008-2015                     ****
****           David Alexander, Suyash Shringarpure,            ****
****                John  Novembre, Ken Lange                   ****
****                                                            ****
****                 Please cite our paper!                     ****
****   Information at www.genetics.ucla.edu/software/admixture  ****

Parallel execution requested.  Will use 8 threads.
Cross-validation will be performed.  Folds=10.
Random seed: 1274
Point estimation method: Block relaxation algorithm
Convergence acceleration algorithm: QuasiNewton, 3 secant conditions
Point estimation will terminate when objective function delta < 0.0001
Estimation of standard errors disabled; will compute point estimates only.
Size of G: 133x453
Performing five EM steps to prime main algorithm
1 (EM) 	Elapsed: 0.006	Loglikelihood: -14085.2	(delta): 70487
2 (EM) 	Elapsed: 0.006	Loglikelihood: -12735.5	(delta): 1349.66
3 (EM) 	Elapsed: 0.006	Loglikelihood: -12513.3	(delta): 222.281
4 (EM) 	Elapsed: 0.006	Loglikelihood: -12371.7	(delta): 141.573
5 (EM) 	Elapsed: 0.006	Loglikelihood: -12258.8	(delta): 112.839
Initial loglikelihood: -12258.8
Starting main algorithm
1 (QN/Block) 	Elapsed: 0.008	Loglikelihood: -7932.41	(delta): 4326.43
2 (QN/Block) 	Elapsed: 0.008	Loglikelihood: -6615.77	(delta): 1316.64
3 (QN/Block) 	Elapsed: 0.01	Loglikelihood: -6084.22	(delta): 531.549
4 (QN/Block) 	Elapsed: 0.009	Loglikelihood: -5784.21	(delta): 300.009
5 (QN/Block) 	Elapsed: 0.009	Loglikelihood: -5578.3	(delta): 205.91
6 (QN/Block) 	Elapsed: 0.01	Loglikelihood: -5528.04	(delta): 50.2546
7 (QN/Block) 	Elapsed: 0.009	Loglikelihood: -5511.21	(delta): 16.8335
8 (QN/Block) 	Elapsed: 0.009	Loglikelihood: -5509.56	(delta): 1.64775
9 (QN/Block) 	Elapsed: 0.01	Loglikelihood: -5505.7	(delta): 3.85832
10 (QN/Block) 	Elapsed: 0.01	Loglikelihood: -5492.08	(delta): 13.6269
11 (QN/Block) 	Elapsed: 0.01	Loglikelihood: -5485.62	(delta): 6.46186
12 (QN/Block) 	Elapsed: 0.01	Loglikelihood: -5482.69	(delta): 2.92832
13 (QN/Block) 	Elapsed: 0.009	Loglikelihood: -5480.22	(delta): 2.47168
14 (QN/Block) 	Elapsed: 0.01	Loglikelihood: -5479.24	(delta): 0.978965
15 (QN/Block) 	Elapsed: 0.009	Loglikelihood: -5478.99	(delta): 0.248828
16 (QN/Block) 	Elapsed: 0.009	Loglikelihood: -5478.82	(delta): 0.171072
17 (QN/Block) 	Elapsed: 0.009	Loglikelihood: -5478.8	(delta): 0.0121856
18 (QN/Block) 	Elapsed: 0.009	Loglikelihood: -5478.8	(delta): 0.00148261
19 (QN/Block) 	Elapsed: 0.009	Loglikelihood: -5478.8	(delta): 0.00157548
20 (QN/Block) 	Elapsed: 0.009	Loglikelihood: -5478.8	(delta): 0.00607766
21 (QN/Block) 	Elapsed: 0.01	Loglikelihood: -5478.79	(delta): 0.00112254
22 (QN/Block) 	Elapsed: 0.01	Loglikelihood: -5478.79	(delta): 0.00130623
23 (QN/Block) 	Elapsed: 0.011	Loglikelihood: -5478.79	(delta): 0.0014404
24 (QN/Block) 	Elapsed: 0.009	Loglikelihood: -5478.79	(delta): 0.00159355
25 (QN/Block) 	Elapsed: 0.01	Loglikelihood: -5478.79	(delta): 0.00176585
26 (QN/Block) 	Elapsed: 0.009	Loglikelihood: -5478.79	(delta): 0.00195854
27 (QN/Block) 	Elapsed: 0.01	Loglikelihood: -5478.78	(delta): 0.00217344
28 (QN/Block) 	Elapsed: 0.01	Loglikelihood: -5478.78	(delta): 0.00083085
29 (QN/Block) 	Elapsed: 0.009	Loglikelihood: -5478.78	(delta): 8.87301e-07
Summary: 
Converged in 29 iterations (0.332 sec)
Loglikelihood: -5478.783443
Fst divergences between estimated populations: 
	Pop0	Pop1	Pop2	Pop3	Pop4	Pop5	Pop6	Pop7	
Pop0	
Pop1	0.535	
Pop2	0.523	0.480	
Pop3	0.559	0.237	0.478	
Pop4	0.678	0.630	0.669	0.632	
Pop5	0.242	0.404	0.381	0.441	0.564	
Pop6	0.511	0.484	0.533	0.501	0.456	0.402	
Pop7	0.571	0.483	0.591	0.510	0.655	0.475	0.540	
Pop8	0.734	0.489	0.687	0.442	0.788	0.628	0.666	0.616	
CV error (K=9): 0.14570
Writing output files.
