****                   ADMIXTURE Version 1.3.0                  ****
****                    Copyright 2008-2015                     ****
****           David Alexander, Suyash Shringarpure,            ****
****                John  Novembre, Ken Lange                   ****
****                                                            ****
****                 Please cite our paper!                     ****
****   Information at www.genetics.ucla.edu/software/admixture  ****

Parallel execution requested.  Will use 8 threads.
Cross-validation will be performed.  Folds=10.
Random seed: 1412
Point estimation method: Block relaxation algorithm
Convergence acceleration algorithm: QuasiNewton, 3 secant conditions
Point estimation will terminate when objective function delta < 0.0001
Estimation of standard errors disabled; will compute point estimates only.
Size of G: 133x453
Performing five EM steps to prime main algorithm
1 (EM) 	Elapsed: 0.003	Loglikelihood: -13985.7	(delta): 72849.1
2 (EM) 	Elapsed: 0.003	Loglikelihood: -12708.7	(delta): 1277.04
3 (EM) 	Elapsed: 0.003	Loglikelihood: -12498.9	(delta): 209.838
4 (EM) 	Elapsed: 0.003	Loglikelihood: -12379.6	(delta): 119.225
5 (EM) 	Elapsed: 0.003	Loglikelihood: -12288.8	(delta): 90.8066
Initial loglikelihood: -12288.8
Starting main algorithm
1 (QN/Block) 	Elapsed: 0.005	Loglikelihood: -9237.62	(delta): 3051.21
2 (QN/Block) 	Elapsed: 0.005	Loglikelihood: -8169.08	(delta): 1068.54
3 (QN/Block) 	Elapsed: 0.006	Loglikelihood: -7695.44	(delta): 473.641
4 (QN/Block) 	Elapsed: 0.006	Loglikelihood: -7292.95	(delta): 402.49
5 (QN/Block) 	Elapsed: 0.006	Loglikelihood: -7107.96	(delta): 184.996
6 (QN/Block) 	Elapsed: 0.006	Loglikelihood: -7043.51	(delta): 64.4442
7 (QN/Block) 	Elapsed: 0.006	Loglikelihood: -7034.35	(delta): 9.16183
8 (QN/Block) 	Elapsed: 0.006	Loglikelihood: -7030.3	(delta): 4.05045
9 (QN/Block) 	Elapsed: 0.006	Loglikelihood: -7028.46	(delta): 1.84291
10 (QN/Block) 	Elapsed: 0.006	Loglikelihood: -7027.97	(delta): 0.487773
11 (QN/Block) 	Elapsed: 0.006	Loglikelihood: -7027.74	(delta): 0.228186
12 (QN/Block) 	Elapsed: 0.006	Loglikelihood: -7027.66	(delta): 0.0828712
13 (QN/Block) 	Elapsed: 0.006	Loglikelihood: -7027.66	(delta): 0.00102041
14 (QN/Block) 	Elapsed: 0.006	Loglikelihood: -7027.66	(delta): 0.000108103
15 (QN/Block) 	Elapsed: 0.006	Loglikelihood: -7027.66	(delta): 0.000222591
16 (QN/Block) 	Elapsed: 0.006	Loglikelihood: -7027.66	(delta): 7.68187e-08
Summary: 
Converged in 16 iterations (0.122 sec)
Loglikelihood: -7027.658495
Fst divergences between estimated populations: 
	Pop0	Pop1	Pop2	Pop3	
Pop0	
Pop1	0.426	
Pop2	0.484	0.443	
Pop3	0.400	0.436	0.418	
Pop4	0.464	0.192	0.472	0.479	
CV error (K=5): 0.15760
Writing output files.
