****                   ADMIXTURE Version 1.3.0                  ****
****                    Copyright 2008-2015                     ****
****           David Alexander, Suyash Shringarpure,            ****
****                John  Novembre, Ken Lange                   ****
****                                                            ****
****                 Please cite our paper!                     ****
****   Information at www.genetics.ucla.edu/software/admixture  ****

Parallel execution requested.  Will use 8 threads.
Cross-validation will be performed.  Folds=10.
Random seed: 1840
Point estimation method: Block relaxation algorithm
Convergence acceleration algorithm: QuasiNewton, 3 secant conditions
Point estimation will terminate when objective function delta < 0.0001
Estimation of standard errors disabled; will compute point estimates only.
Size of G: 133x453
Performing five EM steps to prime main algorithm
1 (EM) 	Elapsed: 0.003	Loglikelihood: -13869.7	(delta): 73015.8
2 (EM) 	Elapsed: 0.003	Loglikelihood: -12735.7	(delta): 1134.02
3 (EM) 	Elapsed: 0.003	Loglikelihood: -12535.7	(delta): 199.927
4 (EM) 	Elapsed: 0.003	Loglikelihood: -12406.8	(delta): 128.924
5 (EM) 	Elapsed: 0.003	Loglikelihood: -12307.7	(delta): 99.1301
Initial loglikelihood: -12307.7
Starting main algorithm
1 (QN/Block) 	Elapsed: 0.006	Loglikelihood: -8918.24	(delta): 3389.43
2 (QN/Block) 	Elapsed: 0.005	Loglikelihood: -8019.74	(delta): 898.504
3 (QN/Block) 	Elapsed: 0.006	Loglikelihood: -7785.16	(delta): 234.582
4 (QN/Block) 	Elapsed: 0.006	Loglikelihood: -7681.28	(delta): 103.878
5 (QN/Block) 	Elapsed: 0.006	Loglikelihood: -7627.78	(delta): 53.4979
6 (QN/Block) 	Elapsed: 0.006	Loglikelihood: -7509.38	(delta): 118.398
7 (QN/Block) 	Elapsed: 0.006	Loglikelihood: -7424.83	(delta): 84.5577
8 (QN/Block) 	Elapsed: 0.006	Loglikelihood: -7364.98	(delta): 59.8493
9 (QN/Block) 	Elapsed: 0.006	Loglikelihood: -7327.63	(delta): 37.3521
10 (QN/Block) 	Elapsed: 0.006	Loglikelihood: -7297.25	(delta): 30.3713
11 (QN/Block) 	Elapsed: 0.007	Loglikelihood: -7274.19	(delta): 23.0598
12 (QN/Block) 	Elapsed: 0.006	Loglikelihood: -7263.34	(delta): 10.8551
13 (QN/Block) 	Elapsed: 0.007	Loglikelihood: -7249.65	(delta): 13.6909
14 (QN/Block) 	Elapsed: 0.007	Loglikelihood: -7237.15	(delta): 12.4991
15 (QN/Block) 	Elapsed: 0.007	Loglikelihood: -7221.49	(delta): 15.6551
16 (QN/Block) 	Elapsed: 0.007	Loglikelihood: -7203.47	(delta): 18.0265
17 (QN/Block) 	Elapsed: 0.007	Loglikelihood: -7199.48	(delta): 3.98634
18 (QN/Block) 	Elapsed: 0.007	Loglikelihood: -7199.15	(delta): 0.33147
19 (QN/Block) 	Elapsed: 0.007	Loglikelihood: -7199.14	(delta): 0.00860555
20 (QN/Block) 	Elapsed: 0.006	Loglikelihood: -7199.14	(delta): 3.51756e-05
Summary: 
Converged in 20 iterations (0.16 sec)
Loglikelihood: -7199.140978
Fst divergences between estimated populations: 
	Pop0	Pop1	Pop2	Pop3	
Pop0	
Pop1	0.478	
Pop2	0.413	0.480	
Pop3	0.449	0.427	0.423	
Pop4	0.439	0.554	0.484	0.431	
CV error (K=5): 0.15999
Writing output files.
