****                   ADMIXTURE Version 1.3.0                  ****
****                    Copyright 2008-2015                     ****
****           David Alexander, Suyash Shringarpure,            ****
****                John  Novembre, Ken Lange                   ****
****                                                            ****
****                 Please cite our paper!                     ****
****   Information at www.genetics.ucla.edu/software/admixture  ****

Parallel execution requested.  Will use 8 threads.
Cross-validation will be performed.  Folds=10.
Random seed: 2348
Point estimation method: Block relaxation algorithm
Convergence acceleration algorithm: QuasiNewton, 3 secant conditions
Point estimation will terminate when objective function delta < 0.0001
Estimation of standard errors disabled; will compute point estimates only.
Size of G: 133x453
Performing five EM steps to prime main algorithm
1 (EM) 	Elapsed: 0.005	Loglikelihood: -14160.3	(delta): 71130.3
2 (EM) 	Elapsed: 0.005	Loglikelihood: -12613.2	(delta): 1547.1
3 (EM) 	Elapsed: 0.005	Loglikelihood: -12317.7	(delta): 295.503
4 (EM) 	Elapsed: 0.006	Loglikelihood: -12126.7	(delta): 191.008
5 (EM) 	Elapsed: 0.005	Loglikelihood: -11968	(delta): 158.627
Initial loglikelihood: -11968
Starting main algorithm
1 (QN/Block) 	Elapsed: 0.008	Loglikelihood: -8011.9	(delta): 3956.13
2 (QN/Block) 	Elapsed: 0.008	Loglikelihood: -6646.29	(delta): 1365.61
3 (QN/Block) 	Elapsed: 0.008	Loglikelihood: -6273.6	(delta): 372.689
4 (QN/Block) 	Elapsed: 0.009	Loglikelihood: -5994.91	(delta): 278.694
5 (QN/Block) 	Elapsed: 0.009	Loglikelihood: -5841.69	(delta): 153.215
6 (QN/Block) 	Elapsed: 0.009	Loglikelihood: -5801.3	(delta): 40.3924
7 (QN/Block) 	Elapsed: 0.01	Loglikelihood: -5753.54	(delta): 47.7615
8 (QN/Block) 	Elapsed: 0.009	Loglikelihood: -5729.24	(delta): 24.2989
9 (QN/Block) 	Elapsed: 0.009	Loglikelihood: -5726.23	(delta): 3.0066
10 (QN/Block) 	Elapsed: 0.008	Loglikelihood: -5726.06	(delta): 0.176213
11 (QN/Block) 	Elapsed: 0.009	Loglikelihood: -5726.04	(delta): 0.0171686
12 (QN/Block) 	Elapsed: 0.008	Loglikelihood: -5726.03	(delta): 0.00890339
13 (QN/Block) 	Elapsed: 0.008	Loglikelihood: -5726.03	(delta): 0.00154646
14 (QN/Block) 	Elapsed: 0.008	Loglikelihood: -5726.03	(delta): 0.000189684
15 (QN/Block) 	Elapsed: 0.008	Loglikelihood: -5726.03	(delta): 3.20462e-05
Summary: 
Converged in 15 iterations (0.172 sec)
Loglikelihood: -5726.029352
Fst divergences between estimated populations: 
	Pop0	Pop1	Pop2	Pop3	Pop4	Pop5	Pop6	
Pop0	
Pop1	0.411	
Pop2	0.553	0.247	
Pop3	0.508	0.371	0.524	
Pop4	0.287	0.432	0.562	0.481	
Pop5	0.644	0.541	0.678	0.671	0.638	
Pop6	0.509	0.374	0.496	0.518	0.491	0.445	
Pop7	0.506	0.591	0.716	0.670	0.430	0.770	0.636	
CV error (K=8): 0.14440
Writing output files.
