****                   ADMIXTURE Version 1.3.0                  ****
****                    Copyright 2008-2015                     ****
****           David Alexander, Suyash Shringarpure,            ****
****                John  Novembre, Ken Lange                   ****
****                                                            ****
****                 Please cite our paper!                     ****
****   Information at www.genetics.ucla.edu/software/admixture  ****

Parallel execution requested.  Will use 8 threads.
Cross-validation will be performed.  Folds=10.
Random seed: 4778
Point estimation method: Block relaxation algorithm
Convergence acceleration algorithm: QuasiNewton, 3 secant conditions
Point estimation will terminate when objective function delta < 0.0001
Estimation of standard errors disabled; will compute point estimates only.
Size of G: 133x453
Performing five EM steps to prime main algorithm
1 (EM) 	Elapsed: 0.002	Loglikelihood: -13882.5	(delta): 74721.5
2 (EM) 	Elapsed: 0.002	Loglikelihood: -12677.1	(delta): 1205.43
3 (EM) 	Elapsed: 0.002	Loglikelihood: -12473.1	(delta): 203.959
4 (EM) 	Elapsed: 0.002	Loglikelihood: -12337.4	(delta): 135.684
5 (EM) 	Elapsed: 0.002	Loglikelihood: -12227.2	(delta): 110.21
Initial loglikelihood: -12227.2
Starting main algorithm
1 (QN/Block) 	Elapsed: 0.005	Loglikelihood: -8894.17	(delta): 3333.03
2 (QN/Block) 	Elapsed: 0.004	Loglikelihood: -8332	(delta): 562.173
3 (QN/Block) 	Elapsed: 0.005	Loglikelihood: -8053.84	(delta): 278.156
4 (QN/Block) 	Elapsed: 0.005	Loglikelihood: -7903.32	(delta): 150.523
5 (QN/Block) 	Elapsed: 0.005	Loglikelihood: -7815.7	(delta): 87.6184
6 (QN/Block) 	Elapsed: 0.005	Loglikelihood: -7798.63	(delta): 17.0741
7 (QN/Block) 	Elapsed: 0.005	Loglikelihood: -7798.21	(delta): 0.414586
8 (QN/Block) 	Elapsed: 0.005	Loglikelihood: -7798.16	(delta): 0.0489388
9 (QN/Block) 	Elapsed: 0.005	Loglikelihood: -7798.15	(delta): 0.016362
10 (QN/Block) 	Elapsed: 0.006	Loglikelihood: -7798.07	(delta): 0.0809955
11 (QN/Block) 	Elapsed: 0.006	Loglikelihood: -7796.6	(delta): 1.46644
12 (QN/Block) 	Elapsed: 0.006	Loglikelihood: -7795.26	(delta): 1.33605
13 (QN/Block) 	Elapsed: 0.006	Loglikelihood: -7794.49	(delta): 0.771127
14 (QN/Block) 	Elapsed: 0.006	Loglikelihood: -7791.59	(delta): 2.89688
15 (QN/Block) 	Elapsed: 0.005	Loglikelihood: -7790.66	(delta): 0.935144
16 (QN/Block) 	Elapsed: 0.006	Loglikelihood: -7782.87	(delta): 7.78762
17 (QN/Block) 	Elapsed: 0.006	Loglikelihood: -7774.59	(delta): 8.28359
18 (QN/Block) 	Elapsed: 0.006	Loglikelihood: -7770.12	(delta): 4.46673
19 (QN/Block) 	Elapsed: 0.006	Loglikelihood: -7766.35	(delta): 3.77458
20 (QN/Block) 	Elapsed: 0.006	Loglikelihood: -7764.02	(delta): 2.3276
21 (QN/Block) 	Elapsed: 0.005	Loglikelihood: -7762.59	(delta): 1.43015
22 (QN/Block) 	Elapsed: 0.005	Loglikelihood: -7761.87	(delta): 0.723873
23 (QN/Block) 	Elapsed: 0.005	Loglikelihood: -7761.37	(delta): 0.497104
24 (QN/Block) 	Elapsed: 0.005	Loglikelihood: -7759.22	(delta): 2.15152
25 (QN/Block) 	Elapsed: 0.005	Loglikelihood: -7758.56	(delta): 0.660285
26 (QN/Block) 	Elapsed: 0.005	Loglikelihood: -7757.96	(delta): 0.59626
27 (QN/Block) 	Elapsed: 0.006	Loglikelihood: -7748.46	(delta): 9.49638
28 (QN/Block) 	Elapsed: 0.006	Loglikelihood: -7750.63	(delta): -2.1695
29 (QN/Block) 	Elapsed: 0.006	Loglikelihood: -7737.95	(delta): 12.6806
30 (QN/Block) 	Elapsed: 0.006	Loglikelihood: -7727.88	(delta): 10.0745
31 (QN/Block) 	Elapsed: 0.007	Loglikelihood: -7718.37	(delta): 9.50365
32 (QN/Block) 	Elapsed: 0.006	Loglikelihood: -7713.01	(delta): 5.36832
33 (QN/Block) 	Elapsed: 0.006	Loglikelihood: -7711.45	(delta): 1.55297
34 (QN/Block) 	Elapsed: 0.006	Loglikelihood: -7711.41	(delta): 0.044556
35 (QN/Block) 	Elapsed: 0.005	Loglikelihood: -7711.37	(delta): 0.0363882
36 (QN/Block) 	Elapsed: 0.005	Loglikelihood: -7711.36	(delta): 0.00833893
37 (QN/Block) 	Elapsed: 0.005	Loglikelihood: -7711.36	(delta): 0.00743796
38 (QN/Block) 	Elapsed: 0.005	Loglikelihood: -7711.36	(delta): 0.00032689
39 (QN/Block) 	Elapsed: 0.004	Loglikelihood: -7711.36	(delta): 6.73926e-05
Summary: 
Converged in 39 iterations (0.255 sec)
Loglikelihood: -7711.356271
Fst divergences between estimated populations: 
	Pop0	Pop1	Pop2	
Pop0	
Pop1	0.565	
Pop2	0.436	0.368	
Pop3	0.358	0.554	0.391	
CV error (K=4): 0.16333
Writing output files.
