****                   ADMIXTURE Version 1.3.0                  ****
****                    Copyright 2008-2015                     ****
****           David Alexander, Suyash Shringarpure,            ****
****                John  Novembre, Ken Lange                   ****
****                                                            ****
****                 Please cite our paper!                     ****
****   Information at www.genetics.ucla.edu/software/admixture  ****

Parallel execution requested.  Will use 8 threads.
Cross-validation will be performed.  Folds=10.
Random seed: 126
Point estimation method: Block relaxation algorithm
Convergence acceleration algorithm: QuasiNewton, 3 secant conditions
Point estimation will terminate when objective function delta < 0.0001
Estimation of standard errors disabled; will compute point estimates only.
Size of G: 133x453
Performing five EM steps to prime main algorithm
1 (EM) 	Elapsed: 0.003	Loglikelihood: -14098	(delta): 79246.8
2 (EM) 	Elapsed: 0.002	Loglikelihood: -12848.2	(delta): 1249.81
3 (EM) 	Elapsed: 0.002	Loglikelihood: -12605.1	(delta): 243.147
4 (EM) 	Elapsed: 0.002	Loglikelihood: -12463.2	(delta): 141.929
5 (EM) 	Elapsed: 0.002	Loglikelihood: -12358.5	(delta): 104.622
Initial loglikelihood: -12358.5
Starting main algorithm
1 (QN/Block) 	Elapsed: 0.005	Loglikelihood: -9152.11	(delta): 3206.42
2 (QN/Block) 	Elapsed: 0.005	Loglikelihood: -8406.66	(delta): 745.451
3 (QN/Block) 	Elapsed: 0.005	Loglikelihood: -8032.07	(delta): 374.589
4 (QN/Block) 	Elapsed: 0.005	Loglikelihood: -7843.79	(delta): 188.284
5 (QN/Block) 	Elapsed: 0.005	Loglikelihood: -7762.52	(delta): 81.2669
6 (QN/Block) 	Elapsed: 0.005	Loglikelihood: -7739.57	(delta): 22.9466
7 (QN/Block) 	Elapsed: 0.005	Loglikelihood: -7721.42	(delta): 18.1552
8 (QN/Block) 	Elapsed: 0.005	Loglikelihood: -7715.6	(delta): 5.82294
9 (QN/Block) 	Elapsed: 0.005	Loglikelihood: -7713.84	(delta): 1.75852
10 (QN/Block) 	Elapsed: 0.006	Loglikelihood: -7713.8	(delta): 0.0341328
11 (QN/Block) 	Elapsed: 0.005	Loglikelihood: -7713.8	(delta): 1.54336e-05
Summary: 
Converged in 11 iterations (0.08 sec)
Loglikelihood: -7713.803453
Fst divergences between estimated populations: 
	Pop0	Pop1	Pop2	
Pop0	
Pop1	0.564	
Pop2	0.359	0.575	
Pop3	0.386	0.370	0.433	
CV error (K=4): 0.16621
Writing output files.
