****                   ADMIXTURE Version 1.3.0                  ****
****                    Copyright 2008-2015                     ****
****           David Alexander, Suyash Shringarpure,            ****
****                John  Novembre, Ken Lange                   ****
****                                                            ****
****                 Please cite our paper!                     ****
****   Information at www.genetics.ucla.edu/software/admixture  ****

Parallel execution requested.  Will use 8 threads.
Cross-validation will be performed.  Folds=10.
Random seed: 3689
Point estimation method: Block relaxation algorithm
Convergence acceleration algorithm: QuasiNewton, 3 secant conditions
Point estimation will terminate when objective function delta < 0.0001
Estimation of standard errors disabled; will compute point estimates only.
Size of G: 133x453
Performing five EM steps to prime main algorithm
1 (EM) 	Elapsed: 0.007	Loglikelihood: -14306.1	(delta): 71250
2 (EM) 	Elapsed: 0.007	Loglikelihood: -12713	(delta): 1593.11
3 (EM) 	Elapsed: 0.007	Loglikelihood: -12442.4	(delta): 270.565
4 (EM) 	Elapsed: 0.007	Loglikelihood: -12287	(delta): 155.396
5 (EM) 	Elapsed: 0.007	Loglikelihood: -12165.2	(delta): 121.799
Initial loglikelihood: -12165.2
Starting main algorithm
1 (QN/Block) 	Elapsed: 0.01	Loglikelihood: -7923.04	(delta): 4242.18
2 (QN/Block) 	Elapsed: 0.009	Loglikelihood: -6525.39	(delta): 1397.65
3 (QN/Block) 	Elapsed: 0.01	Loglikelihood: -5991.94	(delta): 533.453
4 (QN/Block) 	Elapsed: 0.01	Loglikelihood: -5602.46	(delta): 389.481
5 (QN/Block) 	Elapsed: 0.01	Loglikelihood: -5409.01	(delta): 193.449
6 (QN/Block) 	Elapsed: 0.01	Loglikelihood: -5340.2	(delta): 68.8062
7 (QN/Block) 	Elapsed: 0.011	Loglikelihood: -5316.08	(delta): 24.1197
8 (QN/Block) 	Elapsed: 0.01	Loglikelihood: -5309.31	(delta): 6.77443
9 (QN/Block) 	Elapsed: 0.011	Loglikelihood: -5307.73	(delta): 1.57785
10 (QN/Block) 	Elapsed: 0.011	Loglikelihood: -5306.97	(delta): 0.762582
11 (QN/Block) 	Elapsed: 0.011	Loglikelihood: -5306.68	(delta): 0.281034
12 (QN/Block) 	Elapsed: 0.01	Loglikelihood: -5306.6	(delta): 0.0866386
13 (QN/Block) 	Elapsed: 0.011	Loglikelihood: -5306.58	(delta): 0.0188658
14 (QN/Block) 	Elapsed: 0.01	Loglikelihood: -5306.58	(delta): 0.00356755
15 (QN/Block) 	Elapsed: 0.01	Loglikelihood: -5306.57	(delta): 0.00629911
16 (QN/Block) 	Elapsed: 0.011	Loglikelihood: -5306.57	(delta): 0.000199178
17 (QN/Block) 	Elapsed: 0.011	Loglikelihood: -5306.57	(delta): 3.22172e-06
Summary: 
Converged in 17 iterations (0.228 sec)
Loglikelihood: -5306.569084
Fst divergences between estimated populations: 
	Pop0	Pop1	Pop2	Pop3	Pop4	Pop5	Pop6	Pop7	Pop8	
Pop0	
Pop1	0.364	
Pop2	0.681	0.720	
Pop3	0.567	0.573	0.729	
Pop4	0.465	0.447	0.624	0.246	
Pop5	0.547	0.552	0.440	0.565	0.449	
Pop6	0.584	0.589	0.680	0.525	0.383	0.481	
Pop7	0.531	0.527	0.780	0.680	0.565	0.640	0.669	
Pop8	0.582	0.620	0.650	0.607	0.495	0.543	0.624	0.690	
Pop9	0.575	0.577	0.532	0.570	0.442	0.302	0.521	0.657	0.544	
CV error (K=10): 0.14479
Writing output files.
