****                   ADMIXTURE Version 1.3.0                  ****
****                    Copyright 2008-2015                     ****
****           David Alexander, Suyash Shringarpure,            ****
****                John  Novembre, Ken Lange                   ****
****                                                            ****
****                 Please cite our paper!                     ****
****   Information at www.genetics.ucla.edu/software/admixture  ****

Parallel execution requested.  Will use 8 threads.
Cross-validation will be performed.  Folds=10.
Random seed: 357
Point estimation method: Block relaxation algorithm
Convergence acceleration algorithm: QuasiNewton, 3 secant conditions
Point estimation will terminate when objective function delta < 0.0001
Estimation of standard errors disabled; will compute point estimates only.
Size of G: 133x453
Performing five EM steps to prime main algorithm
1 (EM) 	Elapsed: 0.003	Loglikelihood: -14163.2	(delta): 75040.8
2 (EM) 	Elapsed: 0.003	Loglikelihood: -12744.5	(delta): 1418.69
3 (EM) 	Elapsed: 0.003	Loglikelihood: -12538.4	(delta): 206.106
4 (EM) 	Elapsed: 0.004	Loglikelihood: -12424.6	(delta): 113.78
5 (EM) 	Elapsed: 0.004	Loglikelihood: -12335.1	(delta): 89.5103
Initial loglikelihood: -12335.1
Starting main algorithm
1 (QN/Block) 	Elapsed: 0.006	Loglikelihood: -8962.25	(delta): 3372.86
2 (QN/Block) 	Elapsed: 0.006	Loglikelihood: -7801.03	(delta): 1161.22
3 (QN/Block) 	Elapsed: 0.006	Loglikelihood: -7201.42	(delta): 599.614
4 (QN/Block) 	Elapsed: 0.006	Loglikelihood: -6820.49	(delta): 380.926
5 (QN/Block) 	Elapsed: 0.007	Loglikelihood: -6662.31	(delta): 158.186
6 (QN/Block) 	Elapsed: 0.006	Loglikelihood: -6629.33	(delta): 32.9784
7 (QN/Block) 	Elapsed: 0.007	Loglikelihood: -6619.78	(delta): 9.54901
8 (QN/Block) 	Elapsed: 0.007	Loglikelihood: -6616.05	(delta): 3.73117
9 (QN/Block) 	Elapsed: 0.007	Loglikelihood: -6613.58	(delta): 2.47039
10 (QN/Block) 	Elapsed: 0.007	Loglikelihood: -6612.9	(delta): 0.674192
11 (QN/Block) 	Elapsed: 0.008	Loglikelihood: -6612.89	(delta): 0.0150624
12 (QN/Block) 	Elapsed: 0.006	Loglikelihood: -6612.89	(delta): 2.26001e-06
Summary: 
Converged in 12 iterations (0.108 sec)
Loglikelihood: -6612.889572
Fst divergences between estimated populations: 
	Pop0	Pop1	Pop2	Pop3	Pop4	
Pop0	
Pop1	0.516	
Pop2	0.589	0.659	
Pop3	0.453	0.495	0.439	
Pop4	0.407	0.325	0.521	0.385	
Pop5	0.444	0.512	0.656	0.523	0.398	
CV error (K=6): 0.14943
Writing output files.
