****                   ADMIXTURE Version 1.3.0                  ****
****                    Copyright 2008-2015                     ****
****           David Alexander, Suyash Shringarpure,            ****
****                John  Novembre, Ken Lange                   ****
****                                                            ****
****                 Please cite our paper!                     ****
****   Information at www.genetics.ucla.edu/software/admixture  ****

Parallel execution requested.  Will use 8 threads.
Cross-validation will be performed.  Folds=10.
Random seed: 3662
Point estimation method: Block relaxation algorithm
Convergence acceleration algorithm: QuasiNewton, 3 secant conditions
Point estimation will terminate when objective function delta < 0.0001
Estimation of standard errors disabled; will compute point estimates only.
Size of G: 133x453
Performing five EM steps to prime main algorithm
1 (EM) 	Elapsed: 0.002	Loglikelihood: -13546.4	(delta): 82102.2
2 (EM) 	Elapsed: 0.002	Loglikelihood: -12777.3	(delta): 769.042
3 (EM) 	Elapsed: 0.002	Loglikelihood: -12602.9	(delta): 174.416
4 (EM) 	Elapsed: 0.002	Loglikelihood: -12498.6	(delta): 104.333
5 (EM) 	Elapsed: 0.002	Loglikelihood: -12429.1	(delta): 69.4487
Initial loglikelihood: -12429.1
Starting main algorithm
1 (QN/Block) 	Elapsed: 0.005	Loglikelihood: -10214.7	(delta): 2214.48
2 (QN/Block) 	Elapsed: 0.007	Loglikelihood: -8980.38	(delta): 1234.28
3 (QN/Block) 	Elapsed: 0.007	Loglikelihood: -8615.64	(delta): 364.735
4 (QN/Block) 	Elapsed: 0.007	Loglikelihood: -8430.07	(delta): 185.573
5 (QN/Block) 	Elapsed: 0.007	Loglikelihood: -8332.74	(delta): 97.3249
6 (QN/Block) 	Elapsed: 0.008	Loglikelihood: -8309.06	(delta): 23.6822
7 (QN/Block) 	Elapsed: 0.008	Loglikelihood: -8292.4	(delta): 16.6624
8 (QN/Block) 	Elapsed: 0.007	Loglikelihood: -8289.87	(delta): 2.52825
9 (QN/Block) 	Elapsed: 0.006	Loglikelihood: -8288.63	(delta): 1.24602
10 (QN/Block) 	Elapsed: 0.007	Loglikelihood: -8288.55	(delta): 0.0788916
11 (QN/Block) 	Elapsed: 0.006	Loglikelihood: -8288.54	(delta): 0.00321388
12 (QN/Block) 	Elapsed: 0.008	Loglikelihood: -8288.54	(delta): 1.5098e-05
Summary: 
Converged in 12 iterations (0.101 sec)
Loglikelihood: -8288.543789
Fst divergences between estimated populations: 
	Pop0	Pop1	
Pop0	
Pop1	0.356	
Pop2	0.409	0.374	
CV error (K=3): 0.16745
Writing output files.
