****                   ADMIXTURE Version 1.3.0                  ****
****                    Copyright 2008-2015                     ****
****           David Alexander, Suyash Shringarpure,            ****
****                John  Novembre, Ken Lange                   ****
****                                                            ****
****                 Please cite our paper!                     ****
****   Information at www.genetics.ucla.edu/software/admixture  ****

Parallel execution requested.  Will use 8 threads.
Cross-validation will be performed.  Folds=10.
Random seed: 3895
Point estimation method: Block relaxation algorithm
Convergence acceleration algorithm: QuasiNewton, 3 secant conditions
Point estimation will terminate when objective function delta < 0.0001
Estimation of standard errors disabled; will compute point estimates only.
Size of G: 133x453
Performing five EM steps to prime main algorithm
1 (EM) 	Elapsed: 0.002	Loglikelihood: -13894.8	(delta): 82430.7
2 (EM) 	Elapsed: 0.002	Loglikelihood: -12855.9	(delta): 1038.9
3 (EM) 	Elapsed: 0.002	Loglikelihood: -12658	(delta): 197.881
4 (EM) 	Elapsed: 0.002	Loglikelihood: -12554.5	(delta): 103.531
5 (EM) 	Elapsed: 0.002	Loglikelihood: -12483.1	(delta): 71.3946
Initial loglikelihood: -12483.1
Starting main algorithm
1 (QN/Block) 	Elapsed: 0.004	Loglikelihood: -9912.88	(delta): 2570.2
2 (QN/Block) 	Elapsed: 0.007	Loglikelihood: -9170.27	(delta): 742.609
3 (QN/Block) 	Elapsed: 0.008	Loglikelihood: -8818.88	(delta): 351.393
4 (QN/Block) 	Elapsed: 0.007	Loglikelihood: -8526.92	(delta): 291.957
5 (QN/Block) 	Elapsed: 0.007	Loglikelihood: -8335.97	(delta): 190.951
6 (QN/Block) 	Elapsed: 0.007	Loglikelihood: -8295.24	(delta): 40.7358
7 (QN/Block) 	Elapsed: 0.007	Loglikelihood: -8288.75	(delta): 6.48438
8 (QN/Block) 	Elapsed: 0.006	Loglikelihood: -8288.56	(delta): 0.189483
9 (QN/Block) 	Elapsed: 0.006	Loglikelihood: -8288.55	(delta): 0.00890051
10 (QN/Block) 	Elapsed: 0.007	Loglikelihood: -8288.55	(delta): 0.00790647
11 (QN/Block) 	Elapsed: 0.006	Loglikelihood: -8288.54	(delta): 0.00219703
12 (QN/Block) 	Elapsed: 0.007	Loglikelihood: -8288.54	(delta): 0.000122676
13 (QN/Block) 	Elapsed: 0.006	Loglikelihood: -8288.54	(delta): 2.10093e-09
Summary: 
Converged in 13 iterations (0.106 sec)
Loglikelihood: -8288.542858
Fst divergences between estimated populations: 
	Pop0	Pop1	
Pop0	
Pop1	0.356	
Pop2	0.374	0.409	
CV error (K=3): 0.16712
Writing output files.
