****                   ADMIXTURE Version 1.3.0                  ****
****                    Copyright 2008-2015                     ****
****           David Alexander, Suyash Shringarpure,            ****
****                John  Novembre, Ken Lange                   ****
****                                                            ****
****                 Please cite our paper!                     ****
****   Information at www.genetics.ucla.edu/software/admixture  ****

Parallel execution requested.  Will use 8 threads.
Cross-validation will be performed.  Folds=10.
Random seed: 3813
Point estimation method: Block relaxation algorithm
Convergence acceleration algorithm: QuasiNewton, 3 secant conditions
Point estimation will terminate when objective function delta < 0.0001
Estimation of standard errors disabled; will compute point estimates only.
Size of G: 133x453
Performing five EM steps to prime main algorithm
1 (EM) 	Elapsed: 0.004	Loglikelihood: -14212.8	(delta): 73106.3
2 (EM) 	Elapsed: 0.004	Loglikelihood: -12774.9	(delta): 1437.86
3 (EM) 	Elapsed: 0.004	Loglikelihood: -12539.1	(delta): 235.831
4 (EM) 	Elapsed: 0.004	Loglikelihood: -12404.9	(delta): 134.195
5 (EM) 	Elapsed: 0.004	Loglikelihood: -12302.3	(delta): 102.564
Initial loglikelihood: -12302.3
Starting main algorithm
1 (QN/Block) 	Elapsed: 0.007	Loglikelihood: -8412.09	(delta): 3890.24
2 (QN/Block) 	Elapsed: 0.006	Loglikelihood: -7250.93	(delta): 1161.16
3 (QN/Block) 	Elapsed: 0.008	Loglikelihood: -6822.62	(delta): 428.307
4 (QN/Block) 	Elapsed: 0.008	Loglikelihood: -6546.71	(delta): 275.908
5 (QN/Block) 	Elapsed: 0.008	Loglikelihood: -6445.34	(delta): 101.372
6 (QN/Block) 	Elapsed: 0.008	Loglikelihood: -6416.12	(delta): 29.223
7 (QN/Block) 	Elapsed: 0.007	Loglikelihood: -6400.62	(delta): 15.5006
8 (QN/Block) 	Elapsed: 0.007	Loglikelihood: -6399.07	(delta): 1.54814
9 (QN/Block) 	Elapsed: 0.007	Loglikelihood: -6398.85	(delta): 0.216845
10 (QN/Block) 	Elapsed: 0.008	Loglikelihood: -6398.83	(delta): 0.0194574
11 (QN/Block) 	Elapsed: 0.01	Loglikelihood: -6398.83	(delta): 0.000164167
12 (QN/Block) 	Elapsed: 0.009	Loglikelihood: -6398.83	(delta): 2.06848e-06
Summary: 
Converged in 12 iterations (0.127 sec)
Loglikelihood: -6398.830885
Fst divergences between estimated populations: 
	Pop0	Pop1	Pop2	Pop3	Pop4	Pop5	
Pop0	
Pop1	0.498	
Pop2	0.448	0.418	
Pop3	0.289	0.522	0.458	
Pop4	0.446	0.399	0.169	0.434	
Pop5	0.612	0.445	0.553	0.628	0.543	
Pop6	0.409	0.622	0.596	0.488	0.594	0.722	
CV error (K=7): 0.15205
Writing output files.
