****                   ADMIXTURE Version 1.3.0                  ****
****                    Copyright 2008-2015                     ****
****           David Alexander, Suyash Shringarpure,            ****
****                John  Novembre, Ken Lange                   ****
****                                                            ****
****                 Please cite our paper!                     ****
****   Information at www.genetics.ucla.edu/software/admixture  ****

Parallel execution requested.  Will use 8 threads.
Cross-validation will be performed.  Folds=10.
Random seed: 3337
Point estimation method: Block relaxation algorithm
Convergence acceleration algorithm: QuasiNewton, 3 secant conditions
Point estimation will terminate when objective function delta < 0.0001
Estimation of standard errors disabled; will compute point estimates only.
Size of G: 133x453
Performing five EM steps to prime main algorithm
1 (EM) 	Elapsed: 0.002	Loglikelihood: -14129.1	(delta): 78401.4
2 (EM) 	Elapsed: 0.002	Loglikelihood: -12883.4	(delta): 1245.67
3 (EM) 	Elapsed: 0.002	Loglikelihood: -12662.2	(delta): 221.238
4 (EM) 	Elapsed: 0.002	Loglikelihood: -12551.8	(delta): 110.443
5 (EM) 	Elapsed: 0.002	Loglikelihood: -12475.4	(delta): 76.4085
Initial loglikelihood: -12475.4
Starting main algorithm
1 (QN/Block) 	Elapsed: 0.004	Loglikelihood: -9715.95	(delta): 2759.4
2 (QN/Block) 	Elapsed: 0.004	Loglikelihood: -8601.45	(delta): 1114.5
3 (QN/Block) 	Elapsed: 0.005	Loglikelihood: -8132.42	(delta): 469.028
4 (QN/Block) 	Elapsed: 0.005	Loglikelihood: -7852.55	(delta): 279.871
5 (QN/Block) 	Elapsed: 0.005	Loglikelihood: -7699.16	(delta): 153.388
6 (QN/Block) 	Elapsed: 0.005	Loglikelihood: -7631.36	(delta): 67.8083
7 (QN/Block) 	Elapsed: 0.005	Loglikelihood: -7599.35	(delta): 32.0082
8 (QN/Block) 	Elapsed: 0.005	Loglikelihood: -7577.49	(delta): 21.8577
9 (QN/Block) 	Elapsed: 0.005	Loglikelihood: -7552.15	(delta): 25.3386
10 (QN/Block) 	Elapsed: 0.005	Loglikelihood: -7539.63	(delta): 12.5215
11 (QN/Block) 	Elapsed: 0.005	Loglikelihood: -7532.75	(delta): 6.88022
12 (QN/Block) 	Elapsed: 0.005	Loglikelihood: -7532.56	(delta): 0.18709
13 (QN/Block) 	Elapsed: 0.005	Loglikelihood: -7532.55	(delta): 0.00871753
14 (QN/Block) 	Elapsed: 0.005	Loglikelihood: -7532.54	(delta): 0.0133638
15 (QN/Block) 	Elapsed: 0.006	Loglikelihood: -7532.54	(delta): 0.00126922
16 (QN/Block) 	Elapsed: 0.005	Loglikelihood: -7532.54	(delta): 0.00106275
17 (QN/Block) 	Elapsed: 0.005	Loglikelihood: -7532.54	(delta): 0.00122887
18 (QN/Block) 	Elapsed: 0.005	Loglikelihood: -7532.54	(delta): 0.0014212
19 (QN/Block) 	Elapsed: 0.005	Loglikelihood: -7532.53	(delta): 0.00164379
20 (QN/Block) 	Elapsed: 0.005	Loglikelihood: -7532.53	(delta): 0.00190132
21 (QN/Block) 	Elapsed: 0.005	Loglikelihood: -7532.53	(delta): 0.00219917
22 (QN/Block) 	Elapsed: 0.005	Loglikelihood: -7532.53	(delta): 0.00254359
23 (QN/Block) 	Elapsed: 0.005	Loglikelihood: -7532.52	(delta): 0.00294171
24 (QN/Block) 	Elapsed: 0.005	Loglikelihood: -7532.52	(delta): 0.00340178
25 (QN/Block) 	Elapsed: 0.005	Loglikelihood: -7532.52	(delta): 0.00393326
26 (QN/Block) 	Elapsed: 0.006	Loglikelihood: -7532.52	(delta): 0.000262411
27 (QN/Block) 	Elapsed: 0.005	Loglikelihood: -7532.52	(delta): 3.90301e-08
Summary: 
Converged in 27 iterations (0.17 sec)
Loglikelihood: -7532.517399
Fst divergences between estimated populations: 
	Pop0	Pop1	Pop2	
Pop0	
Pop1	0.398	
Pop2	0.410	0.421	
Pop3	0.481	0.418	0.415	
CV error (K=4): 0.15741
Writing output files.
