****                   ADMIXTURE Version 1.3.0                  ****
****                    Copyright 2008-2015                     ****
****           David Alexander, Suyash Shringarpure,            ****
****                John  Novembre, Ken Lange                   ****
****                                                            ****
****                 Please cite our paper!                     ****
****   Information at www.genetics.ucla.edu/software/admixture  ****

Parallel execution requested.  Will use 8 threads.
Cross-validation will be performed.  Folds=10.
Random seed: 4713
Point estimation method: Block relaxation algorithm
Convergence acceleration algorithm: QuasiNewton, 3 secant conditions
Point estimation will terminate when objective function delta < 0.0001
Estimation of standard errors disabled; will compute point estimates only.
Size of G: 133x453
Performing five EM steps to prime main algorithm
1 (EM) 	Elapsed: 0.006	Loglikelihood: -14132.5	(delta): 72898.5
2 (EM) 	Elapsed: 0.005	Loglikelihood: -12762.8	(delta): 1369.69
3 (EM) 	Elapsed: 0.005	Loglikelihood: -12503.5	(delta): 259.247
4 (EM) 	Elapsed: 0.006	Loglikelihood: -12351.7	(delta): 151.867
5 (EM) 	Elapsed: 0.005	Loglikelihood: -12232.7	(delta): 118.944
Initial loglikelihood: -12232.7
Starting main algorithm
1 (QN/Block) 	Elapsed: 0.009	Loglikelihood: -7970.86	(delta): 4261.88
2 (QN/Block) 	Elapsed: 0.008	Loglikelihood: -6516.17	(delta): 1454.69
3 (QN/Block) 	Elapsed: 0.009	Loglikelihood: -6101.77	(delta): 414.398
4 (QN/Block) 	Elapsed: 0.009	Loglikelihood: -5860.4	(delta): 241.365
5 (QN/Block) 	Elapsed: 0.009	Loglikelihood: -5734.61	(delta): 125.792
6 (QN/Block) 	Elapsed: 0.01	Loglikelihood: -5674.39	(delta): 60.2227
7 (QN/Block) 	Elapsed: 0.009	Loglikelihood: -5660.21	(delta): 14.1836
8 (QN/Block) 	Elapsed: 0.01	Loglikelihood: -5637.6	(delta): 22.6018
9 (QN/Block) 	Elapsed: 0.009	Loglikelihood: -5633.51	(delta): 4.09338
10 (QN/Block) 	Elapsed: 0.01	Loglikelihood: -5633.15	(delta): 0.364971
11 (QN/Block) 	Elapsed: 0.009	Loglikelihood: -5633.12	(delta): 0.0249946
12 (QN/Block) 	Elapsed: 0.009	Loglikelihood: -5633.11	(delta): 0.00878773
13 (QN/Block) 	Elapsed: 0.009	Loglikelihood: -5633.11	(delta): 0.00193159
14 (QN/Block) 	Elapsed: 0.009	Loglikelihood: -5633.11	(delta): 0.000416919
15 (QN/Block) 	Elapsed: 0.009	Loglikelihood: -5633.11	(delta): 0.000102439
16 (QN/Block) 	Elapsed: 0.009	Loglikelihood: -5633.11	(delta): 7.01983e-06
Summary: 
Converged in 16 iterations (0.189 sec)
Loglikelihood: -5633.109161
Fst divergences between estimated populations: 
	Pop0	Pop1	Pop2	Pop3	Pop4	Pop5	Pop6	Pop7	
Pop0	
Pop1	0.456	
Pop2	0.473	0.433	
Pop3	0.480	0.674	0.690	
Pop4	0.514	0.464	0.569	0.708	
Pop5	0.606	0.607	0.670	0.790	0.489	
Pop6	0.273	0.491	0.499	0.479	0.525	0.650	
Pop7	0.506	0.473	0.554	0.672	0.287	0.511	0.469	
Pop8	0.278	0.503	0.487	0.453	0.534	0.639	0.251	0.540	
CV error (K=9): 0.14855
Writing output files.
