****                   ADMIXTURE Version 1.3.0                  ****
****                    Copyright 2008-2015                     ****
****           David Alexander, Suyash Shringarpure,            ****
****                John  Novembre, Ken Lange                   ****
****                                                            ****
****                 Please cite our paper!                     ****
****   Information at www.genetics.ucla.edu/software/admixture  ****

Parallel execution requested.  Will use 8 threads.
Cross-validation will be performed.  Folds=10.
Random seed: 4482
Point estimation method: Block relaxation algorithm
Convergence acceleration algorithm: QuasiNewton, 3 secant conditions
Point estimation will terminate when objective function delta < 0.0001
Estimation of standard errors disabled; will compute point estimates only.
Size of G: 133x453
Performing five EM steps to prime main algorithm
1 (EM) 	Elapsed: 0.002	Loglikelihood: -13652.5	(delta): 77710
2 (EM) 	Elapsed: 0.002	Loglikelihood: -12824.1	(delta): 828.39
3 (EM) 	Elapsed: 0.002	Loglikelihood: -12658	(delta): 166.147
4 (EM) 	Elapsed: 0.002	Loglikelihood: -12573.3	(delta): 84.703
5 (EM) 	Elapsed: 0.002	Loglikelihood: -12511	(delta): 62.2488
Initial loglikelihood: -12511
Starting main algorithm
1 (QN/Block) 	Elapsed: 0.003	Loglikelihood: -10739.8	(delta): 1771.27
2 (QN/Block) 	Elapsed: 0.003	Loglikelihood: -9934.07	(delta): 805.686
3 (QN/Block) 	Elapsed: 0.008	Loglikelihood: -9528.35	(delta): 405.726
4 (QN/Block) 	Elapsed: 0.006	Loglikelihood: -8803.07	(delta): 725.277
5 (QN/Block) 	Elapsed: 0.006	Loglikelihood: -8438.37	(delta): 364.706
6 (QN/Block) 	Elapsed: 0.007	Loglikelihood: -8347.47	(delta): 90.896
7 (QN/Block) 	Elapsed: 0.008	Loglikelihood: -8310.04	(delta): 37.4275
8 (QN/Block) 	Elapsed: 0.008	Loglikelihood: -8294.57	(delta): 15.4726
9 (QN/Block) 	Elapsed: 0.009	Loglikelihood: -8288.74	(delta): 5.82903
10 (QN/Block) 	Elapsed: 0.007	Loglikelihood: -8288.56	(delta): 0.181351
11 (QN/Block) 	Elapsed: 0.006	Loglikelihood: -8288.56	(delta): 7.61584e-06
Summary: 
Converged in 11 iterations (0.089 sec)
Loglikelihood: -8288.558908
Fst divergences between estimated populations: 
	Pop0	Pop1	
Pop0	
Pop1	0.374	
Pop2	0.409	0.356	
CV error (K=3): 0.16762
Writing output files.
