****                   ADMIXTURE Version 1.3.0                  ****
****                    Copyright 2008-2015                     ****
****           David Alexander, Suyash Shringarpure,            ****
****                John  Novembre, Ken Lange                   ****
****                                                            ****
****                 Please cite our paper!                     ****
****   Information at www.genetics.ucla.edu/software/admixture  ****

Parallel execution requested.  Will use 8 threads.
Cross-validation will be performed.  Folds=10.
Random seed: 1085
Point estimation method: Block relaxation algorithm
Convergence acceleration algorithm: QuasiNewton, 3 secant conditions
Point estimation will terminate when objective function delta < 0.0001
Estimation of standard errors disabled; will compute point estimates only.
Size of G: 133x453
Performing five EM steps to prime main algorithm
1 (EM) 	Elapsed: 0.005	Loglikelihood: -14116.8	(delta): 73412.8
2 (EM) 	Elapsed: 0.005	Loglikelihood: -12744.1	(delta): 1372.73
3 (EM) 	Elapsed: 0.005	Loglikelihood: -12499.2	(delta): 244.938
4 (EM) 	Elapsed: 0.005	Loglikelihood: -12365.2	(delta): 133.972
5 (EM) 	Elapsed: 0.005	Loglikelihood: -12264.7	(delta): 100.508
Initial loglikelihood: -12264.7
Starting main algorithm
1 (QN/Block) 	Elapsed: 0.007	Loglikelihood: -8526.93	(delta): 3737.75
2 (QN/Block) 	Elapsed: 0.007	Loglikelihood: -7022.5	(delta): 1504.43
3 (QN/Block) 	Elapsed: 0.007	Loglikelihood: -6532.21	(delta): 490.289
4 (QN/Block) 	Elapsed: 0.008	Loglikelihood: -6249.91	(delta): 282.302
5 (QN/Block) 	Elapsed: 0.008	Loglikelihood: -6122.83	(delta): 127.076
6 (QN/Block) 	Elapsed: 0.009	Loglikelihood: -6075.13	(delta): 47.6959
7 (QN/Block) 	Elapsed: 0.008	Loglikelihood: -6067.51	(delta): 7.62212
8 (QN/Block) 	Elapsed: 0.007	Loglikelihood: -6065.45	(delta): 2.05654
9 (QN/Block) 	Elapsed: 0.008	Loglikelihood: -6065.41	(delta): 0.0471997
10 (QN/Block) 	Elapsed: 0.007	Loglikelihood: -6065.41	(delta): 0.00200292
11 (QN/Block) 	Elapsed: 0.007	Loglikelihood: -6065.4	(delta): 0.001029
12 (QN/Block) 	Elapsed: 0.007	Loglikelihood: -6065.4	(delta): 3.05287e-05
Summary: 
Converged in 12 iterations (0.127 sec)
Loglikelihood: -6065.404684
Fst divergences between estimated populations: 
	Pop0	Pop1	Pop2	Pop3	Pop4	Pop5	
Pop0	
Pop1	0.445	
Pop2	0.518	0.671	
Pop3	0.590	0.715	0.614	
Pop4	0.459	0.603	0.442	0.375	
Pop5	0.498	0.680	0.526	0.664	0.521	
Pop6	0.391	0.563	0.385	0.573	0.396	0.251	
CV error (K=7): 0.14334
Writing output files.
