****                   ADMIXTURE Version 1.3.0                  ****
****                    Copyright 2008-2015                     ****
****           David Alexander, Suyash Shringarpure,            ****
****                John  Novembre, Ken Lange                   ****
****                                                            ****
****                 Please cite our paper!                     ****
****   Information at www.genetics.ucla.edu/software/admixture  ****

Parallel execution requested.  Will use 8 threads.
Cross-validation will be performed.  Folds=10.
Random seed: 2133
Point estimation method: Block relaxation algorithm
Convergence acceleration algorithm: QuasiNewton, 3 secant conditions
Point estimation will terminate when objective function delta < 0.0001
Estimation of standard errors disabled; will compute point estimates only.
Size of G: 133x453
Performing five EM steps to prime main algorithm
1 (EM) 	Elapsed: 0.005	Loglikelihood: -14081.5	(delta): 74306
2 (EM) 	Elapsed: 0.005	Loglikelihood: -12763.2	(delta): 1318.33
3 (EM) 	Elapsed: 0.005	Loglikelihood: -12539.4	(delta): 223.732
4 (EM) 	Elapsed: 0.005	Loglikelihood: -12411.7	(delta): 127.698
5 (EM) 	Elapsed: 0.005	Loglikelihood: -12316.7	(delta): 95.004
Initial loglikelihood: -12316.7
Starting main algorithm
1 (QN/Block) 	Elapsed: 0.007	Loglikelihood: -8351.92	(delta): 3964.82
2 (QN/Block) 	Elapsed: 0.007	Loglikelihood: -7254.57	(delta): 1097.35
3 (QN/Block) 	Elapsed: 0.008	Loglikelihood: -6803.52	(delta): 451.046
4 (QN/Block) 	Elapsed: 0.007	Loglikelihood: -6462.59	(delta): 340.936
5 (QN/Block) 	Elapsed: 0.008	Loglikelihood: -6308.19	(delta): 154.395
6 (QN/Block) 	Elapsed: 0.008	Loglikelihood: -6268.91	(delta): 39.2829
7 (QN/Block) 	Elapsed: 0.008	Loglikelihood: -6250.32	(delta): 18.5865
8 (QN/Block) 	Elapsed: 0.008	Loglikelihood: -6243.73	(delta): 6.58742
9 (QN/Block) 	Elapsed: 0.008	Loglikelihood: -6241.36	(delta): 2.37139
10 (QN/Block) 	Elapsed: 0.007	Loglikelihood: -6239.77	(delta): 1.5879
11 (QN/Block) 	Elapsed: 0.008	Loglikelihood: -6238.81	(delta): 0.959938
12 (QN/Block) 	Elapsed: 0.008	Loglikelihood: -6238.75	(delta): 0.0617388
13 (QN/Block) 	Elapsed: 0.008	Loglikelihood: -6238.75	(delta): 0.000554961
14 (QN/Block) 	Elapsed: 0.008	Loglikelihood: -6238.75	(delta): 8.58099e-06
Summary: 
Converged in 14 iterations (0.143 sec)
Loglikelihood: -6238.752287
Fst divergences between estimated populations: 
	Pop0	Pop1	Pop2	Pop3	Pop4	Pop5	
Pop0	
Pop1	0.376	
Pop2	0.417	0.379	
Pop3	0.214	0.442	0.473	
Pop4	0.408	0.594	0.598	0.413	
Pop5	0.489	0.248	0.472	0.557	0.686	
Pop6	0.439	0.385	0.491	0.478	0.640	0.520	
CV error (K=7): 0.14823
Writing output files.
