****                   ADMIXTURE Version 1.3.0                  ****
****                    Copyright 2008-2015                     ****
****           David Alexander, Suyash Shringarpure,            ****
****                John  Novembre, Ken Lange                   ****
****                                                            ****
****                 Please cite our paper!                     ****
****   Information at www.genetics.ucla.edu/software/admixture  ****

Parallel execution requested.  Will use 8 threads.
Cross-validation will be performed.  Folds=10.
Random seed: 154
Point estimation method: Block relaxation algorithm
Convergence acceleration algorithm: QuasiNewton, 3 secant conditions
Point estimation will terminate when objective function delta < 0.0001
Estimation of standard errors disabled; will compute point estimates only.
Size of G: 133x453
Performing five EM steps to prime main algorithm
1 (EM) 	Elapsed: 0.001	Loglikelihood: -13485.3	(delta): 90414.8
2 (EM) 	Elapsed: 0.001	Loglikelihood: -12858.4	(delta): 626.9
3 (EM) 	Elapsed: 0.001	Loglikelihood: -12778.5	(delta): 79.915
4 (EM) 	Elapsed: 0.001	Loglikelihood: -12733.1	(delta): 45.313
5 (EM) 	Elapsed: 0.001	Loglikelihood: -12705.8	(delta): 27.2992
Initial loglikelihood: -12705.8
Starting main algorithm
1 (QN/Block) 	Elapsed: 0.002	Loglikelihood: -11461.3	(delta): 1244.56
2 (QN/Block) 	Elapsed: 0.002	Loglikelihood: -10605.9	(delta): 855.378
3 (QN/Block) 	Elapsed: 0.003	Loglikelihood: -10322.4	(delta): 283.505
4 (QN/Block) 	Elapsed: 0.003	Loglikelihood: -10162.1	(delta): 160.254
5 (QN/Block) 	Elapsed: 0.004	Loglikelihood: -10060.7	(delta): 101.406
6 (QN/Block) 	Elapsed: 0.003	Loglikelihood: -10031.8	(delta): 28.934
7 (QN/Block) 	Elapsed: 0.002	Loglikelihood: -10030.5	(delta): 1.31564
8 (QN/Block) 	Elapsed: 0.002	Loglikelihood: -10030.4	(delta): 0.0592466
9 (QN/Block) 	Elapsed: 0.003	Loglikelihood: -10030.4	(delta): 0.0452741
10 (QN/Block) 	Elapsed: 0.002	Loglikelihood: -10030.4	(delta): 4.4266e-05
Summary: 
Converged in 10 iterations (0.043 sec)
Loglikelihood: -10030.379955
Fst divergences between estimated populations: 
	Pop0	
Pop0	
Pop1	0.328	
CV error (K=2): 0.19169
Writing output files.
