****                   ADMIXTURE Version 1.3.0                  ****
****                    Copyright 2008-2015                     ****
****           David Alexander, Suyash Shringarpure,            ****
****                John  Novembre, Ken Lange                   ****
****                                                            ****
****                 Please cite our paper!                     ****
****   Information at www.genetics.ucla.edu/software/admixture  ****

Parallel execution requested.  Will use 8 threads.
Cross-validation will be performed.  Folds=10.
Random seed: 816
Point estimation method: Block relaxation algorithm
Convergence acceleration algorithm: QuasiNewton, 3 secant conditions
Point estimation will terminate when objective function delta < 0.0001
Estimation of standard errors disabled; will compute point estimates only.
Size of G: 133x453
Performing five EM steps to prime main algorithm
1 (EM) 	Elapsed: 0.002	Loglikelihood: -13769.1	(delta): 81059.5
2 (EM) 	Elapsed: 0.002	Loglikelihood: -12836.8	(delta): 932.286
3 (EM) 	Elapsed: 0.002	Loglikelihood: -12693	(delta): 143.807
4 (EM) 	Elapsed: 0.002	Loglikelihood: -12609.4	(delta): 83.565
5 (EM) 	Elapsed: 0.002	Loglikelihood: -12554.4	(delta): 55.0696
Initial loglikelihood: -12554.4
Starting main algorithm
1 (QN/Block) 	Elapsed: 0.004	Loglikelihood: -10011.8	(delta): 2542.58
2 (QN/Block) 	Elapsed: 0.007	Loglikelihood: -9075.17	(delta): 936.627
3 (QN/Block) 	Elapsed: 0.009	Loglikelihood: -8720.68	(delta): 354.483
4 (QN/Block) 	Elapsed: 0.006	Loglikelihood: -8499.82	(delta): 220.862
5 (QN/Block) 	Elapsed: 0.008	Loglikelihood: -8352.47	(delta): 147.349
6 (QN/Block) 	Elapsed: 0.007	Loglikelihood: -8300.38	(delta): 52.0865
7 (QN/Block) 	Elapsed: 0.007	Loglikelihood: -8288.6	(delta): 11.7887
8 (QN/Block) 	Elapsed: 0.008	Loglikelihood: -8288.56	(delta): 0.0401561
9 (QN/Block) 	Elapsed: 0.008	Loglikelihood: -8288.56	(delta): 3.49134e-05
Summary: 
Converged in 9 iterations (0.08 sec)
Loglikelihood: -8288.555954
Fst divergences between estimated populations: 
	Pop0	Pop1	
Pop0	
Pop1	0.356	
Pop2	0.374	0.409	
CV error (K=3): 0.16710
Writing output files.
