****                   ADMIXTURE Version 1.3.0                  ****
****                    Copyright 2008-2015                     ****
****           David Alexander, Suyash Shringarpure,            ****
****                John  Novembre, Ken Lange                   ****
****                                                            ****
****                 Please cite our paper!                     ****
****   Information at www.genetics.ucla.edu/software/admixture  ****

Parallel execution requested.  Will use 8 threads.
Cross-validation will be performed.  Folds=10.
Random seed: 136
Point estimation method: Block relaxation algorithm
Convergence acceleration algorithm: QuasiNewton, 3 secant conditions
Point estimation will terminate when objective function delta < 0.0001
Estimation of standard errors disabled; will compute point estimates only.
Size of G: 133x453
Performing five EM steps to prime main algorithm
1 (EM) 	Elapsed: 0.007	Loglikelihood: -13993.5	(delta): 73033.1
2 (EM) 	Elapsed: 0.006	Loglikelihood: -12568.5	(delta): 1425
3 (EM) 	Elapsed: 0.006	Loglikelihood: -12302.9	(delta): 265.645
4 (EM) 	Elapsed: 0.007	Loglikelihood: -12114.9	(delta): 187.986
5 (EM) 	Elapsed: 0.006	Loglikelihood: -11949.5	(delta): 165.364
Initial loglikelihood: -11949.5
Starting main algorithm
1 (QN/Block) 	Elapsed: 0.009	Loglikelihood: -7899.68	(delta): 4049.87
2 (QN/Block) 	Elapsed: 0.009	Loglikelihood: -6783.88	(delta): 1115.8
3 (QN/Block) 	Elapsed: 0.01	Loglikelihood: -6159.2	(delta): 624.677
4 (QN/Block) 	Elapsed: 0.01	Loglikelihood: -5798.28	(delta): 360.92
5 (QN/Block) 	Elapsed: 0.009	Loglikelihood: -5704.89	(delta): 93.3985
6 (QN/Block) 	Elapsed: 0.009	Loglikelihood: -5674.82	(delta): 30.0632
7 (QN/Block) 	Elapsed: 0.009	Loglikelihood: -5667.5	(delta): 7.32617
8 (QN/Block) 	Elapsed: 0.01	Loglikelihood: -5666.21	(delta): 1.28755
9 (QN/Block) 	Elapsed: 0.01	Loglikelihood: -5666.1	(delta): 0.112476
10 (QN/Block) 	Elapsed: 0.009	Loglikelihood: -5666.08	(delta): 0.0174475
11 (QN/Block) 	Elapsed: 0.01	Loglikelihood: -5666.07	(delta): 0.0115552
12 (QN/Block) 	Elapsed: 0.009	Loglikelihood: -5666.04	(delta): 0.0304488
13 (QN/Block) 	Elapsed: 0.01	Loglikelihood: -5666.03	(delta): 0.00497886
14 (QN/Block) 	Elapsed: 0.01	Loglikelihood: -5665.96	(delta): 0.0733377
15 (QN/Block) 	Elapsed: 0.01	Loglikelihood: -5665.8	(delta): 0.161816
16 (QN/Block) 	Elapsed: 0.009	Loglikelihood: -5665.78	(delta): 0.0113946
17 (QN/Block) 	Elapsed: 0.009	Loglikelihood: -5665.77	(delta): 0.0112321
18 (QN/Block) 	Elapsed: 0.009	Loglikelihood: -5665.77	(delta): 0.000718994
19 (QN/Block) 	Elapsed: 0.009	Loglikelihood: -5665.77	(delta): 0.000367445
20 (QN/Block) 	Elapsed: 0.009	Loglikelihood: -5665.77	(delta): 3.44095e-05
Summary: 
Converged in 20 iterations (0.239 sec)
Loglikelihood: -5665.772329
Fst divergences between estimated populations: 
	Pop0	Pop1	Pop2	Pop3	Pop4	Pop5	Pop6	Pop7	
Pop0	
Pop1	0.515	
Pop2	0.565	0.519	
Pop3	0.522	0.567	0.544	
Pop4	0.541	0.483	0.251	0.534	
Pop5	0.673	0.450	0.727	0.741	0.680	
Pop6	0.451	0.612	0.677	0.659	0.642	0.768	
Pop7	0.404	0.448	0.415	0.286	0.414	0.618	0.533	
Pop8	0.468	0.222	0.473	0.510	0.459	0.458	0.588	0.376	
CV error (K=9): 0.14718
Writing output files.
