****                   ADMIXTURE Version 1.3.0                  ****
****                    Copyright 2008-2015                     ****
****           David Alexander, Suyash Shringarpure,            ****
****                John  Novembre, Ken Lange                   ****
****                                                            ****
****                 Please cite our paper!                     ****
****   Information at www.genetics.ucla.edu/software/admixture  ****

Parallel execution requested.  Will use 8 threads.
Cross-validation will be performed.  Folds=10.
Random seed: 2423
Point estimation method: Block relaxation algorithm
Convergence acceleration algorithm: QuasiNewton, 3 secant conditions
Point estimation will terminate when objective function delta < 0.0001
Estimation of standard errors disabled; will compute point estimates only.
Size of G: 133x453
Performing five EM steps to prime main algorithm
1 (EM) 	Elapsed: 0.001	Loglikelihood: -13586.6	(delta): 89031
2 (EM) 	Elapsed: 0.001	Loglikelihood: -12815.9	(delta): 770.692
3 (EM) 	Elapsed: 0.001	Loglikelihood: -12711.9	(delta): 103.993
4 (EM) 	Elapsed: 0.001	Loglikelihood: -12665.6	(delta): 46.2931
5 (EM) 	Elapsed: 0.001	Loglikelihood: -12640.4	(delta): 25.1921
Initial loglikelihood: -12640.4
Starting main algorithm
1 (QN/Block) 	Elapsed: 0.002	Loglikelihood: -11574	(delta): 1066.44
2 (QN/Block) 	Elapsed: 0.002	Loglikelihood: -11161.7	(delta): 412.249
3 (QN/Block) 	Elapsed: 0.004	Loglikelihood: -10900.4	(delta): 261.34
4 (QN/Block) 	Elapsed: 0.004	Loglikelihood: -10666.5	(delta): 233.931
5 (QN/Block) 	Elapsed: 0.004	Loglikelihood: -10658.6	(delta): 7.83389
6 (QN/Block) 	Elapsed: 0.003	Loglikelihood: -10620.3	(delta): 38.379
7 (QN/Block) 	Elapsed: 0.003	Loglikelihood: -10604.4	(delta): 15.8538
8 (QN/Block) 	Elapsed: 0.003	Loglikelihood: -10598.1	(delta): 6.30929
9 (QN/Block) 	Elapsed: 0.003	Loglikelihood: -10597.6	(delta): 0.46799
10 (QN/Block) 	Elapsed: 0.003	Loglikelihood: -10597.6	(delta): 1.29291e-05
Summary: 
Converged in 10 iterations (0.048 sec)
Loglikelihood: -10597.623121
Fst divergences between estimated populations: 
	Pop0	
Pop0	
Pop1	0.274	
CV error (K=2): 0.20352
Writing output files.
