****                   ADMIXTURE Version 1.3.0                  ****
****                    Copyright 2008-2015                     ****
****           David Alexander, Suyash Shringarpure,            ****
****                John  Novembre, Ken Lange                   ****
****                                                            ****
****                 Please cite our paper!                     ****
****   Information at www.genetics.ucla.edu/software/admixture  ****

Parallel execution requested.  Will use 8 threads.
Cross-validation will be performed.  Folds=10.
Random seed: 3905
Point estimation method: Block relaxation algorithm
Convergence acceleration algorithm: QuasiNewton, 3 secant conditions
Point estimation will terminate when objective function delta < 0.0001
Estimation of standard errors disabled; will compute point estimates only.
Size of G: 66x7633
Performing five EM steps to prime main algorithm
1 (EM) 	Elapsed: 0.053	Loglikelihood: -167091	(delta): 490147
2 (EM) 	Elapsed: 0.052	Loglikelihood: -151264	(delta): 15827.2
3 (EM) 	Elapsed: 0.052	Loglikelihood: -147791	(delta): 3472.91
4 (EM) 	Elapsed: 0.054	Loglikelihood: -145545	(delta): 2245.59
5 (EM) 	Elapsed: 0.052	Loglikelihood: -143610	(delta): 1935.42
Initial loglikelihood: -143610
Starting main algorithm
1 (QN/Block) 	Elapsed: 0.075	Loglikelihood: -101789	(delta): 41820.7
2 (QN/Block) 	Elapsed: 0.076	Loglikelihood: -89249.1	(delta): 12540.1
3 (QN/Block) 	Elapsed: 0.085	Loglikelihood: -83403.6	(delta): 5845.48
4 (QN/Block) 	Elapsed: 0.084	Loglikelihood: -79549.3	(delta): 3854.34
5 (QN/Block) 	Elapsed: 0.087	Loglikelihood: -76937.1	(delta): 2612.21
6 (QN/Block) 	Elapsed: 0.087	Loglikelihood: -75878.1	(delta): 1058.95
7 (QN/Block) 	Elapsed: 0.09	Loglikelihood: -75456.8	(delta): 421.363
8 (QN/Block) 	Elapsed: 0.089	Loglikelihood: -75268.1	(delta): 188.632
9 (QN/Block) 	Elapsed: 0.084	Loglikelihood: -75197	(delta): 71.1623
10 (QN/Block) 	Elapsed: 0.087	Loglikelihood: -75134.2	(delta): 62.7981
11 (QN/Block) 	Elapsed: 0.085	Loglikelihood: -75117.9	(delta): 16.3152
12 (QN/Block) 	Elapsed: 0.091	Loglikelihood: -75113.2	(delta): 4.62068
13 (QN/Block) 	Elapsed: 0.09	Loglikelihood: -75112.6	(delta): 0.639375
14 (QN/Block) 	Elapsed: 0.091	Loglikelihood: -75112.6	(delta): 0.00332428
15 (QN/Block) 	Elapsed: 0.087	Loglikelihood: -75112.6	(delta): 0.000821851
16 (QN/Block) 	Elapsed: 0.088	Loglikelihood: -75112.6	(delta): 1.31389e-07
Summary: 
Converged in 16 iterations (1.68 sec)
Loglikelihood: -75112.593688
Fst divergences between estimated populations: 
	Pop0	Pop1	Pop2	Pop3	Pop4	Pop5	Pop6	Pop7	
Pop0	
Pop1	0.529	
Pop2	0.551	0.603	
Pop3	0.647	0.379	0.730	
Pop4	0.390	0.507	0.451	0.625	
Pop5	0.541	0.229	0.614	0.327	0.518	
Pop6	0.530	0.250	0.601	0.307	0.508	0.179	
Pop7	0.573	0.206	0.647	0.478	0.550	0.342	0.346	
Pop8	0.581	0.266	0.657	0.310	0.558	0.185	0.191	0.382	
CV error (K=9): 0.29404
Writing output files.
