****                   ADMIXTURE Version 1.3.0                  ****
****                    Copyright 2008-2015                     ****
****           David Alexander, Suyash Shringarpure,            ****
****                John  Novembre, Ken Lange                   ****
****                                                            ****
****                 Please cite our paper!                     ****
****   Information at www.genetics.ucla.edu/software/admixture  ****

Parallel execution requested.  Will use 8 threads.
Cross-validation will be performed.  Folds=10.
Random seed: 3707
Point estimation method: Block relaxation algorithm
Convergence acceleration algorithm: QuasiNewton, 3 secant conditions
Point estimation will terminate when objective function delta < 0.0001
Estimation of standard errors disabled; will compute point estimates only.
Size of G: 66x7633
Performing five EM steps to prime main algorithm
1 (EM) 	Elapsed: 0.033	Loglikelihood: -166575	(delta): 509589
2 (EM) 	Elapsed: 0.033	Loglikelihood: -151839	(delta): 14735.5
3 (EM) 	Elapsed: 0.033	Loglikelihood: -148600	(delta): 3238.85
4 (EM) 	Elapsed: 0.033	Loglikelihood: -146598	(delta): 2002.59
5 (EM) 	Elapsed: 0.033	Loglikelihood: -145001	(delta): 1596.74
Initial loglikelihood: -145001
Starting main algorithm
1 (QN/Block) 	Elapsed: 0.055	Loglikelihood: -110621	(delta): 34380.4
2 (QN/Block) 	Elapsed: 0.051	Loglikelihood: -96526.7	(delta): 14093.8
3 (QN/Block) 	Elapsed: 0.06	Loglikelihood: -90706.1	(delta): 5820.6
4 (QN/Block) 	Elapsed: 0.059	Loglikelihood: -87116.3	(delta): 3589.84
5 (QN/Block) 	Elapsed: 0.059	Loglikelihood: -85317.8	(delta): 1798.48
6 (QN/Block) 	Elapsed: 0.06	Loglikelihood: -84841.9	(delta): 475.858
7 (QN/Block) 	Elapsed: 0.055	Loglikelihood: -84547.7	(delta): 294.229
8 (QN/Block) 	Elapsed: 0.057	Loglikelihood: -84480.8	(delta): 66.8631
9 (QN/Block) 	Elapsed: 0.056	Loglikelihood: -84444.3	(delta): 36.5213
10 (QN/Block) 	Elapsed: 0.058	Loglikelihood: -84440.9	(delta): 3.36859
11 (QN/Block) 	Elapsed: 0.056	Loglikelihood: -84440.8	(delta): 0.133389
12 (QN/Block) 	Elapsed: 0.058	Loglikelihood: -84440.8	(delta): 0.0356822
13 (QN/Block) 	Elapsed: 0.056	Loglikelihood: -84440.7	(delta): 0.0424842
14 (QN/Block) 	Elapsed: 0.061	Loglikelihood: -84440.7	(delta): 0.00295319
15 (QN/Block) 	Elapsed: 0.054	Loglikelihood: -84440.7	(delta): 0.00010484
16 (QN/Block) 	Elapsed: 0.054	Loglikelihood: -84440.7	(delta): 1.75512e-05
Summary: 
Converged in 16 iterations (1.107 sec)
Loglikelihood: -84440.728515
Fst divergences between estimated populations: 
	Pop0	Pop1	Pop2	Pop3	Pop4	
Pop0	
Pop1	0.371	
Pop2	0.327	0.226	
Pop3	0.307	0.244	0.179	
Pop4	0.554	0.436	0.459	0.452	
Pop5	0.310	0.263	0.185	0.191	0.494	
CV error (K=6): 0.26965
Writing output files.
