****                   ADMIXTURE Version 1.3.0                  ****
****                    Copyright 2008-2015                     ****
****           David Alexander, Suyash Shringarpure,            ****
****                John  Novembre, Ken Lange                   ****
****                                                            ****
****                 Please cite our paper!                     ****
****   Information at www.genetics.ucla.edu/software/admixture  ****

Parallel execution requested.  Will use 8 threads.
Cross-validation will be performed.  Folds=10.
Random seed: 2584
Point estimation method: Block relaxation algorithm
Convergence acceleration algorithm: QuasiNewton, 3 secant conditions
Point estimation will terminate when objective function delta < 0.0001
Estimation of standard errors disabled; will compute point estimates only.
Size of G: 66x7633
Performing five EM steps to prime main algorithm
1 (EM) 	Elapsed: 0.039	Loglikelihood: -166625	(delta): 498721
2 (EM) 	Elapsed: 0.038	Loglikelihood: -150797	(delta): 15827.9
3 (EM) 	Elapsed: 0.038	Loglikelihood: -146683	(delta): 4114.17
4 (EM) 	Elapsed: 0.038	Loglikelihood: -143477	(delta): 3206.58
5 (EM) 	Elapsed: 0.04	Loglikelihood: -140433	(delta): 3044.1
Initial loglikelihood: -140433
Starting main algorithm
1 (QN/Block) 	Elapsed: 0.058	Loglikelihood: -103562	(delta): 36870.2
2 (QN/Block) 	Elapsed: 0.059	Loglikelihood: -92242	(delta): 11320.3
3 (QN/Block) 	Elapsed: 0.065	Loglikelihood: -86273.7	(delta): 5968.3
4 (QN/Block) 	Elapsed: 0.061	Loglikelihood: -82930.1	(delta): 3343.66
5 (QN/Block) 	Elapsed: 0.066	Loglikelihood: -80958.2	(delta): 1971.85
6 (QN/Block) 	Elapsed: 0.064	Loglikelihood: -80259.7	(delta): 698.543
7 (QN/Block) 	Elapsed: 0.063	Loglikelihood: -79951.4	(delta): 308.299
8 (QN/Block) 	Elapsed: 0.064	Loglikelihood: -79866.5	(delta): 84.8967
9 (QN/Block) 	Elapsed: 0.064	Loglikelihood: -79854.4	(delta): 12.0431
10 (QN/Block) 	Elapsed: 0.07	Loglikelihood: -79853.2	(delta): 1.18635
11 (QN/Block) 	Elapsed: 0.064	Loglikelihood: -79853.2	(delta): 0.0161971
12 (QN/Block) 	Elapsed: 0.062	Loglikelihood: -79853.2	(delta): 0.00141548
13 (QN/Block) 	Elapsed: 0.063	Loglikelihood: -79853.2	(delta): 0.000108339
14 (QN/Block) 	Elapsed: 0.068	Loglikelihood: -79853.2	(delta): 6.14181e-06
Summary: 
Converged in 14 iterations (1.117 sec)
Loglikelihood: -79853.213474
Fst divergences between estimated populations: 
	Pop0	Pop1	Pop2	Pop3	Pop4	Pop5	
Pop0	
Pop1	0.191	
Pop2	0.185	0.179	
Pop3	0.559	0.511	0.520	
Pop4	0.263	0.245	0.227	0.497	
Pop5	0.564	0.515	0.525	0.385	0.501	
Pop6	0.310	0.306	0.327	0.624	0.372	0.629	
CV error (K=7): 0.26600
Writing output files.
