****                   ADMIXTURE Version 1.3.0                  ****
****                    Copyright 2008-2015                     ****
****           David Alexander, Suyash Shringarpure,            ****
****                John  Novembre, Ken Lange                   ****
****                                                            ****
****                 Please cite our paper!                     ****
****   Information at www.genetics.ucla.edu/software/admixture  ****

Parallel execution requested.  Will use 8 threads.
Cross-validation will be performed.  Folds=10.
Random seed: 2611
Point estimation method: Block relaxation algorithm
Convergence acceleration algorithm: QuasiNewton, 3 secant conditions
Point estimation will terminate when objective function delta < 0.0001
Estimation of standard errors disabled; will compute point estimates only.
Size of G: 66x7633
Performing five EM steps to prime main algorithm
1 (EM) 	Elapsed: 0.02	Loglikelihood: -164994	(delta): 538333
2 (EM) 	Elapsed: 0.021	Loglikelihood: -151563	(delta): 13431.2
3 (EM) 	Elapsed: 0.021	Loglikelihood: -148390	(delta): 3173.26
4 (EM) 	Elapsed: 0.021	Loglikelihood: -146398	(delta): 1991.19
5 (EM) 	Elapsed: 0.021	Loglikelihood: -144833	(delta): 1564.99
Initial loglikelihood: -144833
Starting main algorithm
1 (QN/Block) 	Elapsed: 0.038	Loglikelihood: -116414	(delta): 28419.1
2 (QN/Block) 	Elapsed: 0.041	Loglikelihood: -105010	(delta): 11404.6
3 (QN/Block) 	Elapsed: 0.045	Loglikelihood: -99407.9	(delta): 5601.89
4 (QN/Block) 	Elapsed: 0.045	Loglikelihood: -96831.8	(delta): 2576.11
5 (QN/Block) 	Elapsed: 0.039	Loglikelihood: -95280.4	(delta): 1551.39
6 (QN/Block) 	Elapsed: 0.041	Loglikelihood: -94773.2	(delta): 507.203
7 (QN/Block) 	Elapsed: 0.039	Loglikelihood: -94521.5	(delta): 251.786
8 (QN/Block) 	Elapsed: 0.045	Loglikelihood: -94454.3	(delta): 67.1488
9 (QN/Block) 	Elapsed: 0.042	Loglikelihood: -94435	(delta): 19.348
10 (QN/Block) 	Elapsed: 0.049	Loglikelihood: -94432.5	(delta): 2.5024
11 (QN/Block) 	Elapsed: 0.043	Loglikelihood: -94432.4	(delta): 0.0426273
12 (QN/Block) 	Elapsed: 0.039	Loglikelihood: -94432.4	(delta): 0.019038
13 (QN/Block) 	Elapsed: 0.043	Loglikelihood: -94432.3	(delta): 0.0528941
14 (QN/Block) 	Elapsed: 0.043	Loglikelihood: -94432.3	(delta): 0.00519486
15 (QN/Block) 	Elapsed: 0.039	Loglikelihood: -94432.3	(delta): 0.000847676
16 (QN/Block) 	Elapsed: 0.04	Loglikelihood: -94432.3	(delta): 0.000245079
17 (QN/Block) 	Elapsed: 0.043	Loglikelihood: -94432.3	(delta): 2.23743e-06
Summary: 
Converged in 17 iterations (0.851 sec)
Loglikelihood: -94432.333925
Fst divergences between estimated populations: 
	Pop0	Pop1	Pop2	
Pop0	
Pop1	0.258	
Pop2	0.194	0.353	
Pop3	0.432	0.539	0.436	
CV error (K=4): 0.26075
Writing output files.
