****                   ADMIXTURE Version 1.3.0                  ****
****                    Copyright 2008-2015                     ****
****           David Alexander, Suyash Shringarpure,            ****
****                John  Novembre, Ken Lange                   ****
****                                                            ****
****                 Please cite our paper!                     ****
****   Information at www.genetics.ucla.edu/software/admixture  ****

Parallel execution requested.  Will use 8 threads.
Cross-validation will be performed.  Folds=10.
Random seed: 2028
Point estimation method: Block relaxation algorithm
Convergence acceleration algorithm: QuasiNewton, 3 secant conditions
Point estimation will terminate when objective function delta < 0.0001
Estimation of standard errors disabled; will compute point estimates only.
Size of G: 66x7633
Performing five EM steps to prime main algorithm
1 (EM) 	Elapsed: 0.048	Loglikelihood: -166983	(delta): 495444
2 (EM) 	Elapsed: 0.046	Loglikelihood: -151759	(delta): 15224.5
3 (EM) 	Elapsed: 0.045	Loglikelihood: -148475	(delta): 3283.56
4 (EM) 	Elapsed: 0.055	Loglikelihood: -146358	(delta): 2117.05
5 (EM) 	Elapsed: 0.048	Loglikelihood: -144585	(delta): 1773.37
Initial loglikelihood: -144585
Starting main algorithm
1 (QN/Block) 	Elapsed: 0.082	Loglikelihood: -104804	(delta): 39780.5
2 (QN/Block) 	Elapsed: 0.073	Loglikelihood: -89619	(delta): 15185.2
3 (QN/Block) 	Elapsed: 0.081	Loglikelihood: -83959.4	(delta): 5659.66
4 (QN/Block) 	Elapsed: 0.079	Loglikelihood: -80671.8	(delta): 3287.54
5 (QN/Block) 	Elapsed: 0.079	Loglikelihood: -79063.8	(delta): 1608.02
6 (QN/Block) 	Elapsed: 0.079	Loglikelihood: -78326.7	(delta): 737.139
7 (QN/Block) 	Elapsed: 0.078	Loglikelihood: -78036.5	(delta): 290.143
8 (QN/Block) 	Elapsed: 0.076	Loglikelihood: -77966.9	(delta): 69.6119
9 (QN/Block) 	Elapsed: 0.078	Loglikelihood: -77925	(delta): 41.8862
10 (QN/Block) 	Elapsed: 0.075	Loglikelihood: -77912.2	(delta): 12.7746
11 (QN/Block) 	Elapsed: 0.072	Loglikelihood: -77911.1	(delta): 1.15067
12 (QN/Block) 	Elapsed: 0.073	Loglikelihood: -77911.1	(delta): 0.00575908
13 (QN/Block) 	Elapsed: 0.079	Loglikelihood: -77911.1	(delta): 3.29315e-05
Summary: 
Converged in 13 iterations (1.282 sec)
Loglikelihood: -77911.092575
Fst divergences between estimated populations: 
	Pop0	Pop1	Pop2	Pop3	Pop4	Pop5	Pop6	
Pop0	
Pop1	0.539	
Pop2	0.385	0.534	
Pop3	0.501	0.240	0.497	
Pop4	0.557	0.147	0.553	0.273	
Pop5	0.564	0.197	0.559	0.263	0.249	
Pop6	0.515	0.192	0.511	0.245	0.228	0.191	
Pop7	0.629	0.343	0.624	0.372	0.383	0.310	0.306	
CV error (K=8): 0.28342
Writing output files.
