****                   ADMIXTURE Version 1.3.0                  ****
****                    Copyright 2008-2015                     ****
****           David Alexander, Suyash Shringarpure,            ****
****                John  Novembre, Ken Lange                   ****
****                                                            ****
****                 Please cite our paper!                     ****
****   Information at www.genetics.ucla.edu/software/admixture  ****

Parallel execution requested.  Will use 8 threads.
Cross-validation will be performed.  Folds=10.
Random seed: 2136
Point estimation method: Block relaxation algorithm
Convergence acceleration algorithm: QuasiNewton, 3 secant conditions
Point estimation will terminate when objective function delta < 0.0001
Estimation of standard errors disabled; will compute point estimates only.
Size of G: 66x7633
Performing five EM steps to prime main algorithm
1 (EM) 	Elapsed: 0.025	Loglikelihood: -166226	(delta): 525215
2 (EM) 	Elapsed: 0.025	Loglikelihood: -151502	(delta): 14724.4
3 (EM) 	Elapsed: 0.025	Loglikelihood: -148073	(delta): 3428.46
4 (EM) 	Elapsed: 0.025	Loglikelihood: -145913	(delta): 2160.81
5 (EM) 	Elapsed: 0.025	Loglikelihood: -144177	(delta): 1735.64
Initial loglikelihood: -144177
Starting main algorithm
1 (QN/Block) 	Elapsed: 0.046	Loglikelihood: -110909	(delta): 33268.5
2 (QN/Block) 	Elapsed: 0.047	Loglikelihood: -99623.2	(delta): 11285.4
3 (QN/Block) 	Elapsed: 0.049	Loglikelihood: -94328.3	(delta): 5294.88
4 (QN/Block) 	Elapsed: 0.048	Loglikelihood: -91405.4	(delta): 2922.9
5 (QN/Block) 	Elapsed: 0.048	Loglikelihood: -89802	(delta): 1603.38
6 (QN/Block) 	Elapsed: 0.048	Loglikelihood: -89046.3	(delta): 755.666
7 (QN/Block) 	Elapsed: 0.052	Loglikelihood: -88785.1	(delta): 261.202
8 (QN/Block) 	Elapsed: 0.046	Loglikelihood: -88673.1	(delta): 112.054
9 (QN/Block) 	Elapsed: 0.052	Loglikelihood: -88640.9	(delta): 32.1573
10 (QN/Block) 	Elapsed: 0.045	Loglikelihood: -88627.2	(delta): 13.7661
11 (QN/Block) 	Elapsed: 0.048	Loglikelihood: -88624.8	(delta): 2.39724
12 (QN/Block) 	Elapsed: 0.049	Loglikelihood: -88624	(delta): 0.765115
13 (QN/Block) 	Elapsed: 0.053	Loglikelihood: -88603.9	(delta): 20.0963
14 (QN/Block) 	Elapsed: 0.049	Loglikelihood: -88593.9	(delta): 9.96545
15 (QN/Block) 	Elapsed: 0.049	Loglikelihood: -88591.2	(delta): 2.71023
16 (QN/Block) 	Elapsed: 0.048	Loglikelihood: -88590.9	(delta): 0.318437
17 (QN/Block) 	Elapsed: 0.049	Loglikelihood: -88590.9	(delta): 0.0163844
18 (QN/Block) 	Elapsed: 0.051	Loglikelihood: -88590.9	(delta): 0.00744714
19 (QN/Block) 	Elapsed: 0.055	Loglikelihood: -88590.9	(delta): 0.00821567
20 (QN/Block) 	Elapsed: 0.052	Loglikelihood: -88590.9	(delta): 0.00325385
21 (QN/Block) 	Elapsed: 0.05	Loglikelihood: -88590.9	(delta): 7.40402e-05
Summary: 
Converged in 21 iterations (1.197 sec)
Loglikelihood: -88590.869088
Fst divergences between estimated populations: 
	Pop0	Pop1	Pop2	Pop3	
Pop0	
Pop1	0.208	
Pop2	0.243	0.151	
Pop3	0.436	0.450	0.452	
Pop4	0.369	0.298	0.303	0.554	
CV error (K=5): 0.26572
Writing output files.
