****                   ADMIXTURE Version 1.3.0                  ****
****                    Copyright 2008-2015                     ****
****           David Alexander, Suyash Shringarpure,            ****
****                John  Novembre, Ken Lange                   ****
****                                                            ****
****                 Please cite our paper!                     ****
****   Information at www.genetics.ucla.edu/software/admixture  ****

Parallel execution requested.  Will use 8 threads.
Cross-validation will be performed.  Folds=10.
Random seed: 3402
Point estimation method: Block relaxation algorithm
Convergence acceleration algorithm: QuasiNewton, 3 secant conditions
Point estimation will terminate when objective function delta < 0.0001
Estimation of standard errors disabled; will compute point estimates only.
Size of G: 66x7633
Performing five EM steps to prime main algorithm
1 (EM) 	Elapsed: 0.041	Loglikelihood: -166319	(delta): 498917
2 (EM) 	Elapsed: 0.041	Loglikelihood: -150437	(delta): 15881.1
3 (EM) 	Elapsed: 0.04	Loglikelihood: -146371	(delta): 4066.28
4 (EM) 	Elapsed: 0.04	Loglikelihood: -143483	(delta): 2887.98
5 (EM) 	Elapsed: 0.041	Loglikelihood: -140897	(delta): 2586.27
Initial loglikelihood: -140897
Starting main algorithm
1 (QN/Block) 	Elapsed: 0.072	Loglikelihood: -102567	(delta): 38329.8
2 (QN/Block) 	Elapsed: 0.07	Loglikelihood: -90466.2	(delta): 12100.8
3 (QN/Block) 	Elapsed: 0.079	Loglikelihood: -84508.8	(delta): 5957.4
4 (QN/Block) 	Elapsed: 0.075	Loglikelihood: -80886	(delta): 3622.89
5 (QN/Block) 	Elapsed: 0.075	Loglikelihood: -79273.4	(delta): 1612.54
6 (QN/Block) 	Elapsed: 0.08	Loglikelihood: -78518.4	(delta): 755.042
7 (QN/Block) 	Elapsed: 0.073	Loglikelihood: -78166.9	(delta): 351.487
8 (QN/Block) 	Elapsed: 0.078	Loglikelihood: -78122.7	(delta): 44.1716
9 (QN/Block) 	Elapsed: 0.078	Loglikelihood: -78074.9	(delta): 47.8379
10 (QN/Block) 	Elapsed: 0.078	Loglikelihood: -78047.7	(delta): 27.1948
11 (QN/Block) 	Elapsed: 0.077	Loglikelihood: -78042.7	(delta): 4.96204
12 (QN/Block) 	Elapsed: 0.073	Loglikelihood: -78008.5	(delta): 34.2572
13 (QN/Block) 	Elapsed: 0.078	Loglikelihood: -77971.1	(delta): 37.3958
14 (QN/Block) 	Elapsed: 0.075	Loglikelihood: -77955.9	(delta): 15.2058
15 (QN/Block) 	Elapsed: 0.077	Loglikelihood: -77954.1	(delta): 1.76787
16 (QN/Block) 	Elapsed: 0.081	Loglikelihood: -77951	(delta): 3.101
17 (QN/Block) 	Elapsed: 0.088	Loglikelihood: -77939.6	(delta): 11.4433
18 (QN/Block) 	Elapsed: 0.084	Loglikelihood: -77917.7	(delta): 21.8224
19 (QN/Block) 	Elapsed: 0.079	Loglikelihood: -77909.1	(delta): 8.61539
20 (QN/Block) 	Elapsed: 0.08	Loglikelihood: -77908.1	(delta): 0.997851
21 (QN/Block) 	Elapsed: 0.083	Loglikelihood: -77908.1	(delta): 0.00758288
22 (QN/Block) 	Elapsed: 0.079	Loglikelihood: -77908.1	(delta): 1.11271e-05
Summary: 
Converged in 22 iterations (1.964 sec)
Loglikelihood: -77908.109527
Fst divergences between estimated populations: 
	Pop0	Pop1	Pop2	Pop3	Pop4	Pop5	Pop6	
Pop0	
Pop1	0.511	
Pop2	0.624	0.306	
Pop3	0.534	0.193	0.344	
Pop4	0.567	0.249	0.405	0.185	
Pop5	0.385	0.515	0.629	0.539	0.572	
Pop6	0.497	0.245	0.372	0.240	0.293	0.501	
Pop7	0.559	0.191	0.310	0.197	0.277	0.564	0.263	
CV error (K=8): 0.28379
Writing output files.
