****                   ADMIXTURE Version 1.3.0                  ****
****                    Copyright 2008-2015                     ****
****           David Alexander, Suyash Shringarpure,            ****
****                John  Novembre, Ken Lange                   ****
****                                                            ****
****                 Please cite our paper!                     ****
****   Information at www.genetics.ucla.edu/software/admixture  ****

Parallel execution requested.  Will use 8 threads.
Cross-validation will be performed.  Folds=10.
Random seed: 1878
Point estimation method: Block relaxation algorithm
Convergence acceleration algorithm: QuasiNewton, 3 secant conditions
Point estimation will terminate when objective function delta < 0.0001
Estimation of standard errors disabled; will compute point estimates only.
Size of G: 66x7633
Performing five EM steps to prime main algorithm
1 (EM) 	Elapsed: 0.015	Loglikelihood: -163690	(delta): 575004
2 (EM) 	Elapsed: 0.015	Loglikelihood: -151987	(delta): 11703.6
3 (EM) 	Elapsed: 0.015	Loglikelihood: -149420	(delta): 2566.19
4 (EM) 	Elapsed: 0.015	Loglikelihood: -147958	(delta): 1462.42
5 (EM) 	Elapsed: 0.015	Loglikelihood: -146918	(delta): 1039.76
Initial loglikelihood: -146918
Starting main algorithm
1 (QN/Block) 	Elapsed: 0.028	Loglikelihood: -123399	(delta): 23519.6
2 (QN/Block) 	Elapsed: 0.03	Loglikelihood: -112425	(delta): 10973.4
3 (QN/Block) 	Elapsed: 0.033	Loglikelihood: -109142	(delta): 3282.88
4 (QN/Block) 	Elapsed: 0.034	Loglikelihood: -107356	(delta): 1786.22
5 (QN/Block) 	Elapsed: 0.031	Loglikelihood: -106178	(delta): 1177.79
6 (QN/Block) 	Elapsed: 0.033	Loglikelihood: -105442	(delta): 735.875
7 (QN/Block) 	Elapsed: 0.033	Loglikelihood: -105186	(delta): 256.431
8 (QN/Block) 	Elapsed: 0.03	Loglikelihood: -105160	(delta): 26.4312
9 (QN/Block) 	Elapsed: 0.032	Loglikelihood: -105142	(delta): 17.7852
10 (QN/Block) 	Elapsed: 0.031	Loglikelihood: -105130	(delta): 12.0792
11 (QN/Block) 	Elapsed: 0.031	Loglikelihood: -105126	(delta): 3.45857
12 (QN/Block) 	Elapsed: 0.032	Loglikelihood: -105084	(delta): 41.7995
13 (QN/Block) 	Elapsed: 0.035	Loglikelihood: -105028	(delta): 56.7889
14 (QN/Block) 	Elapsed: 0.032	Loglikelihood: -105013	(delta): 15.1765
15 (QN/Block) 	Elapsed: 0.033	Loglikelihood: -105004	(delta): 8.04518
16 (QN/Block) 	Elapsed: 0.033	Loglikelihood: -104923	(delta): 81.7986
17 (QN/Block) 	Elapsed: 0.034	Loglikelihood: -104692	(delta): 230.28
18 (QN/Block) 	Elapsed: 0.035	Loglikelihood: -104489	(delta): 203.198
19 (QN/Block) 	Elapsed: 0.031	Loglikelihood: -104280	(delta): 209.545
20 (QN/Block) 	Elapsed: 0.033	Loglikelihood: -104180	(delta): 99.5192
21 (QN/Block) 	Elapsed: 0.033	Loglikelihood: -104121	(delta): 58.9244
22 (QN/Block) 	Elapsed: 0.032	Loglikelihood: -104099	(delta): 22.4067
23 (QN/Block) 	Elapsed: 0.036	Loglikelihood: -104097	(delta): 2.30762
24 (QN/Block) 	Elapsed: 0.031	Loglikelihood: -104096	(delta): 0.0275953
25 (QN/Block) 	Elapsed: 0.031	Loglikelihood: -104096	(delta): 0.0183649
26 (QN/Block) 	Elapsed: 0.031	Loglikelihood: -104096	(delta): 0.000302008
27 (QN/Block) 	Elapsed: 0.031	Loglikelihood: -104096	(delta): 4.3043e-06
Summary: 
Converged in 27 iterations (0.984 sec)
Loglikelihood: -104096.455272
Fst divergences between estimated populations: 
	Pop0	Pop1	
Pop0	
Pop1	0.435	
Pop2	0.197	0.431	
CV error (K=3): 0.27315
Writing output files.
