****                   ADMIXTURE Version 1.3.0                  ****
****                    Copyright 2008-2015                     ****
****           David Alexander, Suyash Shringarpure,            ****
****                John  Novembre, Ken Lange                   ****
****                                                            ****
****                 Please cite our paper!                     ****
****   Information at www.genetics.ucla.edu/software/admixture  ****

Parallel execution requested.  Will use 8 threads.
Cross-validation will be performed.  Folds=10.
Random seed: 1432
Point estimation method: Block relaxation algorithm
Convergence acceleration algorithm: QuasiNewton, 3 secant conditions
Point estimation will terminate when objective function delta < 0.0001
Estimation of standard errors disabled; will compute point estimates only.
Size of G: 66x7633
Performing five EM steps to prime main algorithm
1 (EM) 	Elapsed: 0.011	Loglikelihood: -161428	(delta): 606869
2 (EM) 	Elapsed: 0.011	Loglikelihood: -153270	(delta): 8157.99
3 (EM) 	Elapsed: 0.011	Loglikelihood: -151730	(delta): 1539.93
4 (EM) 	Elapsed: 0.011	Loglikelihood: -150843	(delta): 886.745
5 (EM) 	Elapsed: 0.011	Loglikelihood: -150194	(delta): 648.878
Initial loglikelihood: -150194
Starting main algorithm
1 (QN/Block) 	Elapsed: 0.023	Loglikelihood: -131305	(delta): 18889.5
2 (QN/Block) 	Elapsed: 0.025	Loglikelihood: -123843	(delta): 7462.07
3 (QN/Block) 	Elapsed: 0.025	Loglikelihood: -121450	(delta): 2392.79
4 (QN/Block) 	Elapsed: 0.03	Loglikelihood: -119838	(delta): 1612.25
5 (QN/Block) 	Elapsed: 0.03	Loglikelihood: -118787	(delta): 1050.79
6 (QN/Block) 	Elapsed: 0.028	Loglikelihood: -118128	(delta): 659.459
7 (QN/Block) 	Elapsed: 0.025	Loglikelihood: -118350	(delta): -222.074
8 (QN/Block) 	Elapsed: 0.025	Loglikelihood: -118557	(delta): -207.117
9 (QN/Block) 	Elapsed: 0.023	Loglikelihood: -118030	(delta): 526.624
10 (QN/Block) 	Elapsed: 0.025	Loglikelihood: -117876	(delta): 153.848
11 (QN/Block) 	Elapsed: 0.027	Loglikelihood: -117875	(delta): 1.26397
12 (QN/Block) 	Elapsed: 0.024	Loglikelihood: -117875	(delta): 0.000282816
13 (QN/Block) 	Elapsed: 0.023	Loglikelihood: -117875	(delta): 0.000128032
14 (QN/Block) 	Elapsed: 0.025	Loglikelihood: -117875	(delta): 1.76724e-05
Summary: 
Converged in 14 iterations (0.435 sec)
Loglikelihood: -117875.101588
Fst divergences between estimated populations: 
	Pop0	
Pop0	
Pop1	0.405	
CV error (K=2): 0.28872
Writing output files.
