****                   ADMIXTURE Version 1.3.0                  ****
****                    Copyright 2008-2015                     ****
****           David Alexander, Suyash Shringarpure,            ****
****                John  Novembre, Ken Lange                   ****
****                                                            ****
****                 Please cite our paper!                     ****
****   Information at www.genetics.ucla.edu/software/admixture  ****

Parallel execution requested.  Will use 8 threads.
Cross-validation will be performed.  Folds=10.
Random seed: 1228
Point estimation method: Block relaxation algorithm
Convergence acceleration algorithm: QuasiNewton, 3 secant conditions
Point estimation will terminate when objective function delta < 0.0001
Estimation of standard errors disabled; will compute point estimates only.
Size of G: 66x7633
Performing five EM steps to prime main algorithm
1 (EM) 	Elapsed: 0.021	Loglikelihood: -164880	(delta): 529560
2 (EM) 	Elapsed: 0.02	Loglikelihood: -151464	(delta): 13416.8
3 (EM) 	Elapsed: 0.02	Loglikelihood: -148257	(delta): 3206.46
4 (EM) 	Elapsed: 0.022	Loglikelihood: -146002	(delta): 2255.48
5 (EM) 	Elapsed: 0.022	Loglikelihood: -144073	(delta): 1928.25
Initial loglikelihood: -144073
Starting main algorithm
1 (QN/Block) 	Elapsed: 0.041	Loglikelihood: -119610	(delta): 24463.3
2 (QN/Block) 	Elapsed: 0.043	Loglikelihood: -110258	(delta): 9352.29
3 (QN/Block) 	Elapsed: 0.045	Loglikelihood: -104825	(delta): 5433.19
4 (QN/Block) 	Elapsed: 0.041	Loglikelihood: -102101	(delta): 2723.62
5 (QN/Block) 	Elapsed: 0.043	Loglikelihood: -100483	(delta): 1618.5
6 (QN/Block) 	Elapsed: 0.041	Loglikelihood: -99829.5	(delta): 653
7 (QN/Block) 	Elapsed: 0.045	Loglikelihood: -99716.4	(delta): 113.16
8 (QN/Block) 	Elapsed: 0.045	Loglikelihood: -99694.7	(delta): 21.6932
9 (QN/Block) 	Elapsed: 0.042	Loglikelihood: -99691.5	(delta): 3.213
10 (QN/Block) 	Elapsed: 0.044	Loglikelihood: -99690.8	(delta): 0.671743
11 (QN/Block) 	Elapsed: 0.046	Loglikelihood: -99690.7	(delta): 0.0449175
12 (QN/Block) 	Elapsed: 0.042	Loglikelihood: -99690.7	(delta): 0.0813634
13 (QN/Block) 	Elapsed: 0.04	Loglikelihood: -99690.7	(delta): 0.00346633
14 (QN/Block) 	Elapsed: 0.04	Loglikelihood: -99690.7	(delta): 0.000874748
15 (QN/Block) 	Elapsed: 0.04	Loglikelihood: -99690.7	(delta): 0.00034531
16 (QN/Block) 	Elapsed: 0.043	Loglikelihood: -99690.7	(delta): 0.000111731
17 (QN/Block) 	Elapsed: 0.044	Loglikelihood: -99690.7	(delta): 3.44937e-06
Summary: 
Converged in 17 iterations (0.864 sec)
Loglikelihood: -99690.657135
Fst divergences between estimated populations: 
	Pop0	Pop1	Pop2	
Pop0	
Pop1	0.182	
Pop2	0.147	0.149	
Pop3	0.452	0.427	0.448	
CV error (K=4): 0.28381
Writing output files.
