****                   ADMIXTURE Version 1.3.0                  ****
****                    Copyright 2008-2015                     ****
****           David Alexander, Suyash Shringarpure,            ****
****                John  Novembre, Ken Lange                   ****
****                                                            ****
****                 Please cite our paper!                     ****
****   Information at www.genetics.ucla.edu/software/admixture  ****

Parallel execution requested.  Will use 8 threads.
Cross-validation will be performed.  Folds=10.
Random seed: 3563
Point estimation method: Block relaxation algorithm
Convergence acceleration algorithm: QuasiNewton, 3 secant conditions
Point estimation will terminate when objective function delta < 0.0001
Estimation of standard errors disabled; will compute point estimates only.
Size of G: 66x7633
Performing five EM steps to prime main algorithm
1 (EM) 	Elapsed: 0.01	Loglikelihood: -162230	(delta): 611944
2 (EM) 	Elapsed: 0.01	Loglikelihood: -154406	(delta): 7824.91
3 (EM) 	Elapsed: 0.01	Loglikelihood: -153115	(delta): 1290.7
4 (EM) 	Elapsed: 0.01	Loglikelihood: -152401	(delta): 714.218
5 (EM) 	Elapsed: 0.01	Loglikelihood: -151939	(delta): 461.161
Initial loglikelihood: -151939
Starting main algorithm
1 (QN/Block) 	Elapsed: 0.021	Loglikelihood: -140353	(delta): 11586.3
2 (QN/Block) 	Elapsed: 0.022	Loglikelihood: -133914	(delta): 6439.07
3 (QN/Block) 	Elapsed: 0.024	Loglikelihood: -130678	(delta): 3236.55
4 (QN/Block) 	Elapsed: 0.027	Loglikelihood: -126259	(delta): 4418.31
5 (QN/Block) 	Elapsed: 0.025	Loglikelihood: -122209	(delta): 4050.32
6 (QN/Block) 	Elapsed: 0.025	Loglikelihood: -120250	(delta): 1959.23
7 (QN/Block) 	Elapsed: 0.025	Loglikelihood: -118563	(delta): 1686.9
8 (QN/Block) 	Elapsed: 0.026	Loglikelihood: -118132	(delta): 430.926
9 (QN/Block) 	Elapsed: 0.028	Loglikelihood: -117992	(delta): 140.077
10 (QN/Block) 	Elapsed: 0.026	Loglikelihood: -117908	(delta): 83.7462
11 (QN/Block) 	Elapsed: 0.025	Loglikelihood: -117879	(delta): 28.7721
12 (QN/Block) 	Elapsed: 0.024	Loglikelihood: -117876	(delta): 3.19466
13 (QN/Block) 	Elapsed: 0.027	Loglikelihood: -117875	(delta): 0.820785
14 (QN/Block) 	Elapsed: 0.026	Loglikelihood: -117875	(delta): 0.169773
15 (QN/Block) 	Elapsed: 0.026	Loglikelihood: -117875	(delta): 0.00104469
16 (QN/Block) 	Elapsed: 0.03	Loglikelihood: -117875	(delta): 2.1355e-05
Summary: 
Converged in 16 iterations (0.484 sec)
Loglikelihood: -117875.101602
Fst divergences between estimated populations: 
	Pop0	
Pop0	
Pop1	0.405	
CV error (K=2): 0.28822
Writing output files.
