****                   ADMIXTURE Version 1.3.0                  ****
****                    Copyright 2008-2015                     ****
****           David Alexander, Suyash Shringarpure,            ****
****                John  Novembre, Ken Lange                   ****
****                                                            ****
****                 Please cite our paper!                     ****
****   Information at www.genetics.ucla.edu/software/admixture  ****

Parallel execution requested.  Will use 8 threads.
Cross-validation will be performed.  Folds=10.
Random seed: 4432
Point estimation method: Block relaxation algorithm
Convergence acceleration algorithm: QuasiNewton, 3 secant conditions
Point estimation will terminate when objective function delta < 0.0001
Estimation of standard errors disabled; will compute point estimates only.
Size of G: 66x7633
Performing five EM steps to prime main algorithm
1 (EM) 	Elapsed: 0.033	Loglikelihood: -166841	(delta): 511972
2 (EM) 	Elapsed: 0.032	Loglikelihood: -151444	(delta): 15397.3
3 (EM) 	Elapsed: 0.032	Loglikelihood: -147893	(delta): 3550.67
4 (EM) 	Elapsed: 0.032	Loglikelihood: -145594	(delta): 2299.2
5 (EM) 	Elapsed: 0.032	Loglikelihood: -143747	(delta): 1847.27
Initial loglikelihood: -143747
Starting main algorithm
1 (QN/Block) 	Elapsed: 0.049	Loglikelihood: -110320	(delta): 33426.6
2 (QN/Block) 	Elapsed: 0.051	Loglikelihood: -99532	(delta): 10788.3
3 (QN/Block) 	Elapsed: 0.056	Loglikelihood: -95169.5	(delta): 4362.51
4 (QN/Block) 	Elapsed: 0.054	Loglikelihood: -90435.9	(delta): 4733.61
5 (QN/Block) 	Elapsed: 0.058	Loglikelihood: -86285.5	(delta): 4150.35
6 (QN/Block) 	Elapsed: 0.053	Loglikelihood: -84820	(delta): 1465.57
7 (QN/Block) 	Elapsed: 0.058	Loglikelihood: -84299.9	(delta): 520.116
8 (QN/Block) 	Elapsed: 0.055	Loglikelihood: -84105.2	(delta): 194.64
9 (QN/Block) 	Elapsed: 0.058	Loglikelihood: -84033	(delta): 72.1949
10 (QN/Block) 	Elapsed: 0.056	Loglikelihood: -84008	(delta): 25.0385
11 (QN/Block) 	Elapsed: 0.058	Loglikelihood: -84004.4	(delta): 3.55187
12 (QN/Block) 	Elapsed: 0.056	Loglikelihood: -84003.9	(delta): 0.523289
13 (QN/Block) 	Elapsed: 0.061	Loglikelihood: -84003.9	(delta): 0.0350514
14 (QN/Block) 	Elapsed: 0.056	Loglikelihood: -84003.9	(delta): 0.000781314
15 (QN/Block) 	Elapsed: 0.057	Loglikelihood: -84003.9	(delta): 1.95413e-05
Summary: 
Converged in 15 iterations (1.031 sec)
Loglikelihood: -84003.877338
Fst divergences between estimated populations: 
	Pop0	Pop1	Pop2	Pop3	Pop4	
Pop0	
Pop1	0.514	
Pop2	0.298	0.628	
Pop3	0.151	0.515	0.304	
Pop4	0.209	0.500	0.369	0.243	
Pop5	0.511	0.388	0.624	0.513	0.498	
CV error (K=6): 0.26219
Writing output files.
