****                   ADMIXTURE Version 1.3.0                  ****
****                    Copyright 2008-2015                     ****
****           David Alexander, Suyash Shringarpure,            ****
****                John  Novembre, Ken Lange                   ****
****                                                            ****
****                 Please cite our paper!                     ****
****   Information at www.genetics.ucla.edu/software/admixture  ****

Parallel execution requested.  Will use 8 threads.
Cross-validation will be performed.  Folds=10.
Random seed: 2200
Point estimation method: Block relaxation algorithm
Convergence acceleration algorithm: QuasiNewton, 3 secant conditions
Point estimation will terminate when objective function delta < 0.0001
Estimation of standard errors disabled; will compute point estimates only.
Size of G: 66x7633
Performing five EM steps to prime main algorithm
1 (EM) 	Elapsed: 0.063	Loglikelihood: -166066	(delta): 491542
2 (EM) 	Elapsed: 0.061	Loglikelihood: -149902	(delta): 16164.1
3 (EM) 	Elapsed: 0.061	Loglikelihood: -146011	(delta): 3891.25
4 (EM) 	Elapsed: 0.06	Loglikelihood: -143423	(delta): 2588.28
5 (EM) 	Elapsed: 0.059	Loglikelihood: -141260	(delta): 2162.55
Initial loglikelihood: -141260
Starting main algorithm
1 (QN/Block) 	Elapsed: 0.082	Loglikelihood: -100341	(delta): 40919.1
2 (QN/Block) 	Elapsed: 0.082	Loglikelihood: -87781.4	(delta): 12559.5
3 (QN/Block) 	Elapsed: 0.093	Loglikelihood: -81846.7	(delta): 5934.72
4 (QN/Block) 	Elapsed: 0.091	Loglikelihood: -78716.9	(delta): 3129.81
5 (QN/Block) 	Elapsed: 0.101	Loglikelihood: -77103.7	(delta): 1613.21
6 (QN/Block) 	Elapsed: 0.094	Loglikelihood: -76212.8	(delta): 890.899
7 (QN/Block) 	Elapsed: 0.096	Loglikelihood: -75739	(delta): 473.77
8 (QN/Block) 	Elapsed: 0.098	Loglikelihood: -75552.1	(delta): 186.898
9 (QN/Block) 	Elapsed: 0.093	Loglikelihood: -75418.1	(delta): 133.998
10 (QN/Block) 	Elapsed: 0.094	Loglikelihood: -75373.2	(delta): 44.9314
11 (QN/Block) 	Elapsed: 0.104	Loglikelihood: -75356.9	(delta): 16.2491
12 (QN/Block) 	Elapsed: 0.099	Loglikelihood: -75351.1	(delta): 5.84313
13 (QN/Block) 	Elapsed: 0.101	Loglikelihood: -75350.4	(delta): 0.68209
14 (QN/Block) 	Elapsed: 0.098	Loglikelihood: -75350.4	(delta): 0.00158464
15 (QN/Block) 	Elapsed: 0.091	Loglikelihood: -75350.4	(delta): 5.39876e-09
Summary: 
Converged in 15 iterations (1.765 sec)
Loglikelihood: -75350.387878
Fst divergences between estimated populations: 
	Pop0	Pop1	Pop2	Pop3	Pop4	Pop5	Pop6	Pop7	Pop8	
Pop0	
Pop1	0.342	
Pop2	0.323	0.211	
Pop3	0.110	0.313	0.301	
Pop4	0.407	0.384	0.362	0.383	
Pop5	0.355	0.250	0.224	0.330	0.398	
Pop6	0.529	0.573	0.553	0.506	0.627	0.573	
Pop7	0.263	0.242	0.228	0.237	0.327	0.265	0.523	
Pop8	0.527	0.567	0.550	0.505	0.625	0.569	0.384	0.521	
Pop9	0.301	0.262	0.239	0.274	0.310	0.287	0.563	0.185	0.560	
CV error (K=10): 0.33389
Writing output files.
