****                   ADMIXTURE Version 1.3.0                  ****
****                    Copyright 2008-2015                     ****
****           David Alexander, Suyash Shringarpure,            ****
****                John  Novembre, Ken Lange                   ****
****                                                            ****
****                 Please cite our paper!                     ****
****   Information at www.genetics.ucla.edu/software/admixture  ****

Parallel execution requested.  Will use 8 threads.
Cross-validation will be performed.  Folds=10.
Random seed: 4101
Point estimation method: Block relaxation algorithm
Convergence acceleration algorithm: QuasiNewton, 3 secant conditions
Point estimation will terminate when objective function delta < 0.0001
Estimation of standard errors disabled; will compute point estimates only.
Size of G: 66x7633
Performing five EM steps to prime main algorithm
1 (EM) 	Elapsed: 0.01	Loglikelihood: -161616	(delta): 612689
2 (EM) 	Elapsed: 0.011	Loglikelihood: -153979	(delta): 7636.57
3 (EM) 	Elapsed: 0.01	Loglikelihood: -152691	(delta): 1288.01
4 (EM) 	Elapsed: 0.01	Loglikelihood: -151991	(delta): 700.238
5 (EM) 	Elapsed: 0.01	Loglikelihood: -151547	(delta): 444.622
Initial loglikelihood: -151547
Starting main algorithm
1 (QN/Block) 	Elapsed: 0.022	Loglikelihood: -145621	(delta): 5925.5
2 (QN/Block) 	Elapsed: 0.021	Loglikelihood: -142364	(delta): 3257.04
3 (QN/Block) 	Elapsed: 0.023	Loglikelihood: -141020	(delta): 1343.99
4 (QN/Block) 	Elapsed: 0.026	Loglikelihood: -140083	(delta): 937.506
5 (QN/Block) 	Elapsed: 0.026	Loglikelihood: -138331	(delta): 1751.49
6 (QN/Block) 	Elapsed: 0.026	Loglikelihood: -132392	(delta): 5938.91
7 (QN/Block) 	Elapsed: 0.028	Loglikelihood: -127335	(delta): 5056.79
8 (QN/Block) 	Elapsed: 0.025	Loglikelihood: -123098	(delta): 4237.29
9 (QN/Block) 	Elapsed: 0.026	Loglikelihood: -121104	(delta): 1994.23
10 (QN/Block) 	Elapsed: 0.025	Loglikelihood: -119229	(delta): 1874.97
11 (QN/Block) 	Elapsed: 0.026	Loglikelihood: -118142	(delta): 1086.54
12 (QN/Block) 	Elapsed: 0.028	Loglikelihood: -117933	(delta): 208.891
13 (QN/Block) 	Elapsed: 0.023	Loglikelihood: -117897	(delta): 36.1925
14 (QN/Block) 	Elapsed: 0.027	Loglikelihood: -117883	(delta): 14.4032
15 (QN/Block) 	Elapsed: 0.024	Loglikelihood: -117877	(delta): 5.97384
16 (QN/Block) 	Elapsed: 0.027	Loglikelihood: -117875	(delta): 1.52701
17 (QN/Block) 	Elapsed: 0.025	Loglikelihood: -117875	(delta): 0.212819
18 (QN/Block) 	Elapsed: 0.025	Loglikelihood: -117875	(delta): 0.0003012
19 (QN/Block) 	Elapsed: 0.023	Loglikelihood: -117875	(delta): 1.7006e-06
Summary: 
Converged in 19 iterations (0.559 sec)
Loglikelihood: -117875.101588
Fst divergences between estimated populations: 
	Pop0	
Pop0	
Pop1	0.405	
CV error (K=2): 0.28900
Writing output files.
