****                   ADMIXTURE Version 1.3.0                  ****
****                    Copyright 2008-2015                     ****
****           David Alexander, Suyash Shringarpure,            ****
****                John  Novembre, Ken Lange                   ****
****                                                            ****
****                 Please cite our paper!                     ****
****   Information at www.genetics.ucla.edu/software/admixture  ****

Parallel execution requested.  Will use 8 threads.
Cross-validation will be performed.  Folds=10.
Random seed: 366
Point estimation method: Block relaxation algorithm
Convergence acceleration algorithm: QuasiNewton, 3 secant conditions
Point estimation will terminate when objective function delta < 0.0001
Estimation of standard errors disabled; will compute point estimates only.
Size of G: 66x7633
Performing five EM steps to prime main algorithm
1 (EM) 	Elapsed: 0.054	Loglikelihood: -165426	(delta): 497788
2 (EM) 	Elapsed: 0.054	Loglikelihood: -149209	(delta): 16216.2
3 (EM) 	Elapsed: 0.054	Loglikelihood: -144787	(delta): 4421.9
4 (EM) 	Elapsed: 0.054	Loglikelihood: -141650	(delta): 3137.31
5 (EM) 	Elapsed: 0.054	Loglikelihood: -138927	(delta): 2722.78
Initial loglikelihood: -138927
Starting main algorithm
1 (QN/Block) 	Elapsed: 0.077	Loglikelihood: -105258	(delta): 33669.5
2 (QN/Block) 	Elapsed: 0.084	Loglikelihood: -91584.8	(delta): 13673
3 (QN/Block) 	Elapsed: 0.084	Loglikelihood: -85755.9	(delta): 5828.89
4 (QN/Block) 	Elapsed: 0.086	Loglikelihood: -82654.9	(delta): 3101.01
5 (QN/Block) 	Elapsed: 0.083	Loglikelihood: -80927.7	(delta): 1727.24
6 (QN/Block) 	Elapsed: 0.084	Loglikelihood: -80230.5	(delta): 697.13
7 (QN/Block) 	Elapsed: 0.085	Loglikelihood: -79910.4	(delta): 320.165
8 (QN/Block) 	Elapsed: 0.089	Loglikelihood: -79783	(delta): 127.316
9 (QN/Block) 	Elapsed: 0.084	Loglikelihood: -79697.6	(delta): 85.4122
10 (QN/Block) 	Elapsed: 0.082	Loglikelihood: -79639.1	(delta): 58.5518
11 (QN/Block) 	Elapsed: 0.083	Loglikelihood: -79601.7	(delta): 37.4063
12 (QN/Block) 	Elapsed: 0.084	Loglikelihood: -79580.2	(delta): 21.4424
13 (QN/Block) 	Elapsed: 0.085	Loglikelihood: -79562.9	(delta): 17.3502
14 (QN/Block) 	Elapsed: 0.085	Loglikelihood: -79538.1	(delta): 24.7902
15 (QN/Block) 	Elapsed: 0.086	Loglikelihood: -79487.9	(delta): 50.2309
16 (QN/Block) 	Elapsed: 0.098	Loglikelihood: -79472.2	(delta): 15.6747
17 (QN/Block) 	Elapsed: 0.093	Loglikelihood: -79467.6	(delta): 4.59525
18 (QN/Block) 	Elapsed: 0.094	Loglikelihood: -79465.2	(delta): 2.39642
19 (QN/Block) 	Elapsed: 0.093	Loglikelihood: -79463.8	(delta): 1.37198
20 (QN/Block) 	Elapsed: 0.091	Loglikelihood: -79463.6	(delta): 0.216033
21 (QN/Block) 	Elapsed: 0.089	Loglikelihood: -79463.6	(delta): 0.00209533
22 (QN/Block) 	Elapsed: 0.086	Loglikelihood: -79463.6	(delta): 0.00458107
23 (QN/Block) 	Elapsed: 0.087	Loglikelihood: -79463.6	(delta): 0.00370478
24 (QN/Block) 	Elapsed: 0.093	Loglikelihood: -79463.6	(delta): 3.71355e-06
Summary: 
Converged in 24 iterations (2.412 sec)
Loglikelihood: -79463.596985
Fst divergences between estimated populations: 
	Pop0	Pop1	Pop2	Pop3	Pop4	Pop5	Pop6	Pop7	
Pop0	
Pop1	0.245	
Pop2	0.250	0.304	
Pop3	0.194	0.211	0.244	
Pop4	0.200	0.258	0.276	0.211	
Pop5	0.302	0.329	0.348	0.244	0.347	
Pop6	0.451	0.515	0.447	0.471	0.499	0.538	
Pop7	0.307	0.408	0.379	0.344	0.315	0.466	0.553	
Pop8	0.344	0.415	0.204	0.356	0.388	0.451	0.486	0.477	
CV error (K=9): 0.33719
Writing output files.
