****                   ADMIXTURE Version 1.3.0                  ****
****                    Copyright 2008-2015                     ****
****           David Alexander, Suyash Shringarpure,            ****
****                John  Novembre, Ken Lange                   ****
****                                                            ****
****                 Please cite our paper!                     ****
****   Information at www.genetics.ucla.edu/software/admixture  ****

Parallel execution requested.  Will use 8 threads.
Cross-validation will be performed.  Folds=10.
Random seed: 4192
Point estimation method: Block relaxation algorithm
Convergence acceleration algorithm: QuasiNewton, 3 secant conditions
Point estimation will terminate when objective function delta < 0.0001
Estimation of standard errors disabled; will compute point estimates only.
Size of G: 66x7633
Performing five EM steps to prime main algorithm
1 (EM) 	Elapsed: 0.053	Loglikelihood: -166122	(delta): 498974
2 (EM) 	Elapsed: 0.052	Loglikelihood: -150164	(delta): 15958.1
3 (EM) 	Elapsed: 0.053	Loglikelihood: -146075	(delta): 4089.11
4 (EM) 	Elapsed: 0.055	Loglikelihood: -143181	(delta): 2893.52
5 (EM) 	Elapsed: 0.055	Loglikelihood: -140610	(delta): 2570.95
Initial loglikelihood: -140610
Starting main algorithm
1 (QN/Block) 	Elapsed: 0.076	Loglikelihood: -102707	(delta): 37902.7
2 (QN/Block) 	Elapsed: 0.078	Loglikelihood: -90674.7	(delta): 12032.8
3 (QN/Block) 	Elapsed: 0.09	Loglikelihood: -84680.3	(delta): 5994.39
4 (QN/Block) 	Elapsed: 0.085	Loglikelihood: -81249.5	(delta): 3430.82
5 (QN/Block) 	Elapsed: 0.087	Loglikelihood: -79199.5	(delta): 2049.97
6 (QN/Block) 	Elapsed: 0.087	Loglikelihood: -78237.6	(delta): 961.871
7 (QN/Block) 	Elapsed: 0.085	Loglikelihood: -77720	(delta): 517.632
8 (QN/Block) 	Elapsed: 0.088	Loglikelihood: -77423.7	(delta): 296.296
9 (QN/Block) 	Elapsed: 0.085	Loglikelihood: -77226.7	(delta): 196.991
10 (QN/Block) 	Elapsed: 0.084	Loglikelihood: -77148	(delta): 78.7172
11 (QN/Block) 	Elapsed: 0.083	Loglikelihood: -77138.2	(delta): 9.82581
12 (QN/Block) 	Elapsed: 0.085	Loglikelihood: -77134.6	(delta): 3.56388
13 (QN/Block) 	Elapsed: 0.086	Loglikelihood: -77133.9	(delta): 0.65068
14 (QN/Block) 	Elapsed: 0.09	Loglikelihood: -77133.9	(delta): 0.000215103
15 (QN/Block) 	Elapsed: 0.085	Loglikelihood: -77133.9	(delta): 1.0776e-05
Summary: 
Converged in 15 iterations (1.581 sec)
Loglikelihood: -77133.945817
Fst divergences between estimated populations: 
	Pop0	Pop1	Pop2	Pop3	Pop4	Pop5	Pop6	Pop7	
Pop0	
Pop1	0.215	
Pop2	0.582	0.521	
Pop3	0.587	0.525	0.386	
Pop4	0.253	0.206	0.524	0.528	
Pop5	0.290	0.227	0.498	0.501	0.265	
Pop6	0.354	0.327	0.625	0.629	0.332	0.372	
Pop7	0.186	0.227	0.586	0.591	0.257	0.300	0.345	
Pop8	0.266	0.226	0.560	0.567	0.173	0.294	0.369	0.274	
CV error (K=9): 0.30273
Writing output files.
