****                   ADMIXTURE Version 1.3.0                  ****
****                    Copyright 2008-2015                     ****
****           David Alexander, Suyash Shringarpure,            ****
****                John  Novembre, Ken Lange                   ****
****                                                            ****
****                 Please cite our paper!                     ****
****   Information at www.genetics.ucla.edu/software/admixture  ****

Parallel execution requested.  Will use 8 threads.
Cross-validation will be performed.  Folds=10.
Random seed: 2029
Point estimation method: Block relaxation algorithm
Convergence acceleration algorithm: QuasiNewton, 3 secant conditions
Point estimation will terminate when objective function delta < 0.0001
Estimation of standard errors disabled; will compute point estimates only.
Size of G: 66x7633
Performing five EM steps to prime main algorithm
1 (EM) 	Elapsed: 0.015	Loglikelihood: -163313	(delta): 568165
2 (EM) 	Elapsed: 0.016	Loglikelihood: -152880	(delta): 10433
3 (EM) 	Elapsed: 0.015	Loglikelihood: -150635	(delta): 2245.4
4 (EM) 	Elapsed: 0.015	Loglikelihood: -149259	(delta): 1376
5 (EM) 	Elapsed: 0.015	Loglikelihood: -148195	(delta): 1063.97
Initial loglikelihood: -148195
Starting main algorithm
1 (QN/Block) 	Elapsed: 0.028	Loglikelihood: -124758	(delta): 23437.2
2 (QN/Block) 	Elapsed: 0.028	Loglikelihood: -115427	(delta): 9330.22
3 (QN/Block) 	Elapsed: 0.031	Loglikelihood: -111360	(delta): 4067.36
4 (QN/Block) 	Elapsed: 0.031	Loglikelihood: -107740	(delta): 3620.24
5 (QN/Block) 	Elapsed: 0.03	Loglikelihood: -105797	(delta): 1942.84
6 (QN/Block) 	Elapsed: 0.03	Loglikelihood: -104792	(delta): 1004.59
7 (QN/Block) 	Elapsed: 0.033	Loglikelihood: -104472	(delta): 320.361
8 (QN/Block) 	Elapsed: 0.032	Loglikelihood: -104408	(delta): 64.0447
9 (QN/Block) 	Elapsed: 0.031	Loglikelihood: -104397	(delta): 11.0393
10 (QN/Block) 	Elapsed: 0.034	Loglikelihood: -104394	(delta): 3.05145
11 (QN/Block) 	Elapsed: 0.03	Loglikelihood: -104394	(delta): 0.281666
12 (QN/Block) 	Elapsed: 0.033	Loglikelihood: -104394	(delta): 0.00700417
13 (QN/Block) 	Elapsed: 0.032	Loglikelihood: -104394	(delta): 0.0023189
14 (QN/Block) 	Elapsed: 0.032	Loglikelihood: -104394	(delta): 0.000459228
15 (QN/Block) 	Elapsed: 0.031	Loglikelihood: -104394	(delta): 6.16663e-05
Summary: 
Converged in 15 iterations (0.57 sec)
Loglikelihood: -104393.653332
Fst divergences between estimated populations: 
	Pop0	Pop1	
Pop0	
Pop1	0.410	
Pop2	0.144	0.451	
CV error (K=3): 0.27553
Writing output files.
