****                   ADMIXTURE Version 1.3.0                  ****
****                    Copyright 2008-2015                     ****
****           David Alexander, Suyash Shringarpure,            ****
****                John  Novembre, Ken Lange                   ****
****                                                            ****
****                 Please cite our paper!                     ****
****   Information at www.genetics.ucla.edu/software/admixture  ****

Parallel execution requested.  Will use 8 threads.
Cross-validation will be performed.  Folds=10.
Random seed: 3748
Point estimation method: Block relaxation algorithm
Convergence acceleration algorithm: QuasiNewton, 3 secant conditions
Point estimation will terminate when objective function delta < 0.0001
Estimation of standard errors disabled; will compute point estimates only.
Size of G: 66x7633
Performing five EM steps to prime main algorithm
1 (EM) 	Elapsed: 0.055	Loglikelihood: -166681	(delta): 489917
2 (EM) 	Elapsed: 0.056	Loglikelihood: -150929	(delta): 15752.1
3 (EM) 	Elapsed: 0.055	Loglikelihood: -147589	(delta): 3339.76
4 (EM) 	Elapsed: 0.056	Loglikelihood: -145468	(delta): 2120.9
5 (EM) 	Elapsed: 0.055	Loglikelihood: -143739	(delta): 1729.31
Initial loglikelihood: -143739
Starting main algorithm
1 (QN/Block) 	Elapsed: 0.082	Loglikelihood: -106731	(delta): 37007.9
2 (QN/Block) 	Elapsed: 0.083	Loglikelihood: -91734.7	(delta): 14996.3
3 (QN/Block) 	Elapsed: 0.092	Loglikelihood: -83576.4	(delta): 8158.31
4 (QN/Block) 	Elapsed: 0.09	Loglikelihood: -79152.7	(delta): 4423.71
5 (QN/Block) 	Elapsed: 0.092	Loglikelihood: -76731	(delta): 2421.68
6 (QN/Block) 	Elapsed: 0.095	Loglikelihood: -75527.4	(delta): 1203.58
7 (QN/Block) 	Elapsed: 0.093	Loglikelihood: -75065.9	(delta): 461.496
8 (QN/Block) 	Elapsed: 0.094	Loglikelihood: -74889.4	(delta): 176.472
9 (QN/Block) 	Elapsed: 0.09	Loglikelihood: -74844.6	(delta): 44.875
10 (QN/Block) 	Elapsed: 0.09	Loglikelihood: -74835.3	(delta): 9.26145
11 (QN/Block) 	Elapsed: 0.092	Loglikelihood: -74832.3	(delta): 3.00009
12 (QN/Block) 	Elapsed: 0.095	Loglikelihood: -74832.2	(delta): 0.103973
13 (QN/Block) 	Elapsed: 0.099	Loglikelihood: -74832.2	(delta): 0.0232813
14 (QN/Block) 	Elapsed: 0.096	Loglikelihood: -74832.2	(delta): 0.00134491
15 (QN/Block) 	Elapsed: 0.099	Loglikelihood: -74832.2	(delta): 0.000152669
16 (QN/Block) 	Elapsed: 0.092	Loglikelihood: -74832.2	(delta): 9.74243e-06
Summary: 
Converged in 16 iterations (1.792 sec)
Loglikelihood: -74832.170376
Fst divergences between estimated populations: 
	Pop0	Pop1	Pop2	Pop3	Pop4	Pop5	Pop6	Pop7	Pop8	
Pop0	
Pop1	0.524	
Pop2	0.606	0.650	
Pop3	0.613	0.657	0.382	
Pop4	0.255	0.412	0.513	0.515	
Pop5	0.421	0.544	0.559	0.563	0.268	
Pop6	0.381	0.489	0.511	0.514	0.252	0.191	
Pop7	0.525	0.642	0.624	0.627	0.383	0.310	0.307	
Pop8	0.383	0.507	0.527	0.530	0.239	0.196	0.187	0.336	
Pop9	0.414	0.538	0.548	0.553	0.267	0.222	0.215	0.370	0.103	
CV error (K=10): 0.29863
Writing output files.
