****                   ADMIXTURE Version 1.3.0                  ****
****                    Copyright 2008-2015                     ****
****           David Alexander, Suyash Shringarpure,            ****
****                John  Novembre, Ken Lange                   ****
****                                                            ****
****                 Please cite our paper!                     ****
****   Information at www.genetics.ucla.edu/software/admixture  ****

Parallel execution requested.  Will use 8 threads.
Cross-validation will be performed.  Folds=10.
Random seed: 996
Point estimation method: Block relaxation algorithm
Convergence acceleration algorithm: QuasiNewton, 3 secant conditions
Point estimation will terminate when objective function delta < 0.0001
Estimation of standard errors disabled; will compute point estimates only.
Size of G: 66x7633
Performing five EM steps to prime main algorithm
1 (EM) 	Elapsed: 0.015	Loglikelihood: -163548	(delta): 574061
2 (EM) 	Elapsed: 0.015	Loglikelihood: -151747	(delta): 11801.9
3 (EM) 	Elapsed: 0.015	Loglikelihood: -149165	(delta): 2581.16
4 (EM) 	Elapsed: 0.015	Loglikelihood: -147729	(delta): 1435.88
5 (EM) 	Elapsed: 0.015	Loglikelihood: -146725	(delta): 1003.98
Initial loglikelihood: -146725
Starting main algorithm
1 (QN/Block) 	Elapsed: 0.028	Loglikelihood: -122236	(delta): 24489.6
2 (QN/Block) 	Elapsed: 0.028	Loglikelihood: -112520	(delta): 9715.89
3 (QN/Block) 	Elapsed: 0.032	Loglikelihood: -110081	(delta): 2438.78
4 (QN/Block) 	Elapsed: 0.034	Loglikelihood: -107710	(delta): 2371.19
5 (QN/Block) 	Elapsed: 0.034	Loglikelihood: -105611	(delta): 2098.76
6 (QN/Block) 	Elapsed: 0.035	Loglikelihood: -104722	(delta): 889.391
7 (QN/Block) 	Elapsed: 0.032	Loglikelihood: -104451	(delta): 270.848
8 (QN/Block) 	Elapsed: 0.037	Loglikelihood: -104406	(delta): 44.6042
9 (QN/Block) 	Elapsed: 0.032	Loglikelihood: -104396	(delta): 10.6054
10 (QN/Block) 	Elapsed: 0.035	Loglikelihood: -104394	(delta): 2.13303
11 (QN/Block) 	Elapsed: 0.033	Loglikelihood: -104394	(delta): 0.0171208
12 (QN/Block) 	Elapsed: 0.032	Loglikelihood: -104394	(delta): 0.00796262
13 (QN/Block) 	Elapsed: 0.031	Loglikelihood: -104394	(delta): 0.000513122
14 (QN/Block) 	Elapsed: 0.033	Loglikelihood: -104394	(delta): 2.13356e-05
Summary: 
Converged in 14 iterations (0.555 sec)
Loglikelihood: -104393.664746
Fst divergences between estimated populations: 
	Pop0	Pop1	
Pop0	
Pop1	0.144	
Pop2	0.451	0.410	
CV error (K=3): 0.27591
Writing output files.
