****                   ADMIXTURE Version 1.3.0                  ****
****                    Copyright 2008-2015                     ****
****           David Alexander, Suyash Shringarpure,            ****
****                John  Novembre, Ken Lange                   ****
****                                                            ****
****                 Please cite our paper!                     ****
****   Information at www.genetics.ucla.edu/software/admixture  ****

Parallel execution requested.  Will use 8 threads.
Cross-validation will be performed.  Folds=10.
Random seed: 40
Point estimation method: Block relaxation algorithm
Convergence acceleration algorithm: QuasiNewton, 3 secant conditions
Point estimation will terminate when objective function delta < 0.0001
Estimation of standard errors disabled; will compute point estimates only.
Size of G: 66x7633
Performing five EM steps to prime main algorithm
1 (EM) 	Elapsed: 0.031	Loglikelihood: -167505	(delta): 510374
2 (EM) 	Elapsed: 0.031	Loglikelihood: -152354	(delta): 15151
3 (EM) 	Elapsed: 0.031	Loglikelihood: -149100	(delta): 3254.24
4 (EM) 	Elapsed: 0.03	Loglikelihood: -147049	(delta): 2050.72
5 (EM) 	Elapsed: 0.031	Loglikelihood: -145388	(delta): 1660.67
Initial loglikelihood: -145388
Starting main algorithm
1 (QN/Block) 	Elapsed: 0.057	Loglikelihood: -108543	(delta): 36845.4
2 (QN/Block) 	Elapsed: 0.051	Loglikelihood: -94636.9	(delta): 13905.9
3 (QN/Block) 	Elapsed: 0.058	Loglikelihood: -89572.1	(delta): 5064.79
4 (QN/Block) 	Elapsed: 0.057	Loglikelihood: -86617.7	(delta): 2954.41
5 (QN/Block) 	Elapsed: 0.058	Loglikelihood: -85126.1	(delta): 1491.53
6 (QN/Block) 	Elapsed: 0.058	Loglikelihood: -84578.7	(delta): 547.476
7 (QN/Block) 	Elapsed: 0.059	Loglikelihood: -84496.1	(delta): 82.5965
8 (QN/Block) 	Elapsed: 0.052	Loglikelihood: -84472.3	(delta): 23.7538
9 (QN/Block) 	Elapsed: 0.056	Loglikelihood: -84456.1	(delta): 16.2095
10 (QN/Block) 	Elapsed: 0.058	Loglikelihood: -84445.7	(delta): 10.3724
11 (QN/Block) 	Elapsed: 0.059	Loglikelihood: -84445.2	(delta): 0.577478
12 (QN/Block) 	Elapsed: 0.056	Loglikelihood: -84444.9	(delta): 0.292336
13 (QN/Block) 	Elapsed: 0.055	Loglikelihood: -84444.9	(delta): 0.0137665
14 (QN/Block) 	Elapsed: 0.055	Loglikelihood: -84444.8	(delta): 0.00676151
15 (QN/Block) 	Elapsed: 0.057	Loglikelihood: -84444.8	(delta): 0.00343691
16 (QN/Block) 	Elapsed: 0.054	Loglikelihood: -84444.8	(delta): 0.00156178
17 (QN/Block) 	Elapsed: 0.056	Loglikelihood: -84444.8	(delta): 4.76452e-05
Summary: 
Converged in 17 iterations (1.145 sec)
Loglikelihood: -84444.843331
Fst divergences between estimated populations: 
	Pop0	Pop1	Pop2	Pop3	Pop4	
Pop0	
Pop1	0.327	
Pop2	0.307	0.179	
Pop3	0.371	0.226	0.244	
Pop4	0.554	0.459	0.452	0.436	
Pop5	0.310	0.185	0.191	0.263	0.494	
CV error (K=6): 0.27120
Writing output files.
