****                   ADMIXTURE Version 1.3.0                  ****
****                    Copyright 2008-2015                     ****
****           David Alexander, Suyash Shringarpure,            ****
****                John  Novembre, Ken Lange                   ****
****                                                            ****
****                 Please cite our paper!                     ****
****   Information at www.genetics.ucla.edu/software/admixture  ****

Parallel execution requested.  Will use 8 threads.
Cross-validation will be performed.  Folds=10.
Random seed: 1944
Point estimation method: Block relaxation algorithm
Convergence acceleration algorithm: QuasiNewton, 3 secant conditions
Point estimation will terminate when objective function delta < 0.0001
Estimation of standard errors disabled; will compute point estimates only.
Size of G: 66x7633
Performing five EM steps to prime main algorithm
1 (EM) 	Elapsed: 0.015	Loglikelihood: -165199	(delta): 559254
2 (EM) 	Elapsed: 0.015	Loglikelihood: -151759	(delta): 13439.9
3 (EM) 	Elapsed: 0.015	Loglikelihood: -148508	(delta): 3250.41
4 (EM) 	Elapsed: 0.015	Loglikelihood: -146274	(delta): 2234.61
5 (EM) 	Elapsed: 0.015	Loglikelihood: -144394	(delta): 1879.38
Initial loglikelihood: -144394
Starting main algorithm
1 (QN/Block) 	Elapsed: 0.031	Loglikelihood: -117510	(delta): 26884.1
2 (QN/Block) 	Elapsed: 0.027	Loglikelihood: -111985	(delta): 5525.64
3 (QN/Block) 	Elapsed: 0.035	Loglikelihood: -109307	(delta): 2677.73
4 (QN/Block) 	Elapsed: 0.032	Loglikelihood: -107355	(delta): 1951.52
5 (QN/Block) 	Elapsed: 0.034	Loglikelihood: -106293	(delta): 1062.36
6 (QN/Block) 	Elapsed: 0.033	Loglikelihood: -105810	(delta): 483.5
7 (QN/Block) 	Elapsed: 0.034	Loglikelihood: -105749	(delta): 60.4492
8 (QN/Block) 	Elapsed: 0.032	Loglikelihood: -105734	(delta): 15.5357
9 (QN/Block) 	Elapsed: 0.03	Loglikelihood: -105726	(delta): 7.57715
10 (QN/Block) 	Elapsed: 0.032	Loglikelihood: -105725	(delta): 1.03533
11 (QN/Block) 	Elapsed: 0.033	Loglikelihood: -105725	(delta): 0.148406
12 (QN/Block) 	Elapsed: 0.031	Loglikelihood: -105725	(delta): 0.0136301
13 (QN/Block) 	Elapsed: 0.032	Loglikelihood: -105725	(delta): 0.00225038
14 (QN/Block) 	Elapsed: 0.034	Loglikelihood: -105725	(delta): 7.59614e-05
Summary: 
Converged in 14 iterations (0.554 sec)
Loglikelihood: -105724.806256
Fst divergences between estimated populations: 
	Pop0	Pop1	
Pop0	
Pop1	0.404	
Pop2	0.521	0.231	
CV error (K=3): 0.26940
Writing output files.
