****                   ADMIXTURE Version 1.3.0                  ****
****                    Copyright 2008-2015                     ****
****           David Alexander, Suyash Shringarpure,            ****
****                John  Novembre, Ken Lange                   ****
****                                                            ****
****                 Please cite our paper!                     ****
****   Information at www.genetics.ucla.edu/software/admixture  ****

Parallel execution requested.  Will use 8 threads.
Cross-validation will be performed.  Folds=10.
Random seed: 1250
Point estimation method: Block relaxation algorithm
Convergence acceleration algorithm: QuasiNewton, 3 secant conditions
Point estimation will terminate when objective function delta < 0.0001
Estimation of standard errors disabled; will compute point estimates only.
Size of G: 66x7633
Performing five EM steps to prime main algorithm
1 (EM) 	Elapsed: 0.025	Loglikelihood: -167280	(delta): 515746
2 (EM) 	Elapsed: 0.026	Loglikelihood: -152813	(delta): 14466.7
3 (EM) 	Elapsed: 0.026	Loglikelihood: -149695	(delta): 3118.33
4 (EM) 	Elapsed: 0.025	Loglikelihood: -147841	(delta): 1853.26
5 (EM) 	Elapsed: 0.025	Loglikelihood: -146388	(delta): 1453.77
Initial loglikelihood: -146388
Starting main algorithm
1 (QN/Block) 	Elapsed: 0.047	Loglikelihood: -116908	(delta): 29480
2 (QN/Block) 	Elapsed: 0.047	Loglikelihood: -103742	(delta): 13165.3
3 (QN/Block) 	Elapsed: 0.049	Loglikelihood: -95112.4	(delta): 8630.1
4 (QN/Block) 	Elapsed: 0.053	Loglikelihood: -91217	(delta): 3895.36
5 (QN/Block) 	Elapsed: 0.046	Loglikelihood: -89204.2	(delta): 2012.83
6 (QN/Block) 	Elapsed: 0.046	Loglikelihood: -88478.2	(delta): 725.913
7 (QN/Block) 	Elapsed: 0.05	Loglikelihood: -88263.2	(delta): 215.028
8 (QN/Block) 	Elapsed: 0.053	Loglikelihood: -88216.2	(delta): 46.9852
9 (QN/Block) 	Elapsed: 0.053	Loglikelihood: -88212.8	(delta): 3.45729
10 (QN/Block) 	Elapsed: 0.052	Loglikelihood: -88212.1	(delta): 0.629646
11 (QN/Block) 	Elapsed: 0.046	Loglikelihood: -88212	(delta): 0.115016
12 (QN/Block) 	Elapsed: 0.047	Loglikelihood: -88212	(delta): 0.0633679
13 (QN/Block) 	Elapsed: 0.05	Loglikelihood: -88211.9	(delta): 0.0418666
14 (QN/Block) 	Elapsed: 0.046	Loglikelihood: -88211.9	(delta): 0.0250513
15 (QN/Block) 	Elapsed: 0.046	Loglikelihood: -88211.9	(delta): 0.000427295
16 (QN/Block) 	Elapsed: 0.051	Loglikelihood: -88211.9	(delta): 4.48417e-07
Summary: 
Converged in 16 iterations (0.942 sec)
Loglikelihood: -88211.902858
Fst divergences between estimated populations: 
	Pop0	Pop1	Pop2	Pop3	
Pop0	
Pop1	0.371	
Pop2	0.226	0.326	
Pop3	0.216	0.271	0.140	
Pop4	0.436	0.554	0.459	0.443	
CV error (K=5): 0.26156
Writing output files.
