****                   ADMIXTURE Version 1.3.0                  ****
****                    Copyright 2008-2015                     ****
****           David Alexander, Suyash Shringarpure,            ****
****                John  Novembre, Ken Lange                   ****
****                                                            ****
****                 Please cite our paper!                     ****
****   Information at www.genetics.ucla.edu/software/admixture  ****

Parallel execution requested.  Will use 8 threads.
Cross-validation will be performed.  Folds=10.
Random seed: 19
Point estimation method: Block relaxation algorithm
Convergence acceleration algorithm: QuasiNewton, 3 secant conditions
Point estimation will terminate when objective function delta < 0.0001
Estimation of standard errors disabled; will compute point estimates only.
Size of G: 66x7633
Performing five EM steps to prime main algorithm
1 (EM) 	Elapsed: 0.044	Loglikelihood: -166160	(delta): 493747
2 (EM) 	Elapsed: 0.045	Loglikelihood: -149972	(delta): 16187.5
3 (EM) 	Elapsed: 0.044	Loglikelihood: -145776	(delta): 4196.76
4 (EM) 	Elapsed: 0.045	Loglikelihood: -142629	(delta): 3147
5 (EM) 	Elapsed: 0.044	Loglikelihood: -139666	(delta): 2963.04
Initial loglikelihood: -139666
Starting main algorithm
1 (QN/Block) 	Elapsed: 0.067	Loglikelihood: -102377	(delta): 37288.7
2 (QN/Block) 	Elapsed: 0.064	Loglikelihood: -90711	(delta): 11665.9
3 (QN/Block) 	Elapsed: 0.07	Loglikelihood: -85789.9	(delta): 4921.07
4 (QN/Block) 	Elapsed: 0.071	Loglikelihood: -82792.5	(delta): 2997.42
5 (QN/Block) 	Elapsed: 0.074	Loglikelihood: -81507.6	(delta): 1284.86
6 (QN/Block) 	Elapsed: 0.073	Loglikelihood: -80971	(delta): 536.586
7 (QN/Block) 	Elapsed: 0.072	Loglikelihood: -80781.3	(delta): 189.735
8 (QN/Block) 	Elapsed: 0.073	Loglikelihood: -80710.4	(delta): 70.8738
9 (QN/Block) 	Elapsed: 0.071	Loglikelihood: -80638	(delta): 72.4107
10 (QN/Block) 	Elapsed: 0.07	Loglikelihood: -80595.7	(delta): 42.2649
11 (QN/Block) 	Elapsed: 0.074	Loglikelihood: -80587.7	(delta): 8.0903
12 (QN/Block) 	Elapsed: 0.073	Loglikelihood: -80586.8	(delta): 0.901243
13 (QN/Block) 	Elapsed: 0.073	Loglikelihood: -80586.7	(delta): 0.0489766
14 (QN/Block) 	Elapsed: 0.078	Loglikelihood: -80586.7	(delta): 0.0199956
15 (QN/Block) 	Elapsed: 0.077	Loglikelihood: -80586.6	(delta): 0.0604865
16 (QN/Block) 	Elapsed: 0.077	Loglikelihood: -80586.4	(delta): 0.20074
17 (QN/Block) 	Elapsed: 0.079	Loglikelihood: -80585.7	(delta): 0.673507
18 (QN/Block) 	Elapsed: 0.078	Loglikelihood: -80583.5	(delta): 2.27931
19 (QN/Block) 	Elapsed: 0.077	Loglikelihood: -80576.7	(delta): 6.7357
20 (QN/Block) 	Elapsed: 0.076	Loglikelihood: -80563.4	(delta): 13.3052
21 (QN/Block) 	Elapsed: 0.077	Loglikelihood: -80545.6	(delta): 17.8639
22 (QN/Block) 	Elapsed: 0.077	Loglikelihood: -80533.8	(delta): 11.7695
23 (QN/Block) 	Elapsed: 0.074	Loglikelihood: -80494.4	(delta): 39.3482
24 (QN/Block) 	Elapsed: 0.074	Loglikelihood: -80460.9	(delta): 33.5265
25 (QN/Block) 	Elapsed: 0.071	Loglikelihood: -80437.5	(delta): 23.4481
26 (QN/Block) 	Elapsed: 0.076	Loglikelihood: -80432.6	(delta): 4.85335
27 (QN/Block) 	Elapsed: 0.075	Loglikelihood: -80431.9	(delta): 0.671243
28 (QN/Block) 	Elapsed: 0.077	Loglikelihood: -80431.9	(delta): 0.0275801
29 (QN/Block) 	Elapsed: 0.078	Loglikelihood: -80431.9	(delta): 0.00670847
30 (QN/Block) 	Elapsed: 0.075	Loglikelihood: -80431.9	(delta): 0.00313295
31 (QN/Block) 	Elapsed: 0.073	Loglikelihood: -80431.9	(delta): 0.00219836
32 (QN/Block) 	Elapsed: 0.072	Loglikelihood: -80431.9	(delta): 0.00294721
33 (QN/Block) 	Elapsed: 0.072	Loglikelihood: -80431.9	(delta): 0.00446289
34 (QN/Block) 	Elapsed: 0.073	Loglikelihood: -80431.9	(delta): 0.00417874
35 (QN/Block) 	Elapsed: 0.078	Loglikelihood: -80431.8	(delta): 0.105249
36 (QN/Block) 	Elapsed: 0.076	Loglikelihood: -80427.8	(delta): 3.95135
37 (QN/Block) 	Elapsed: 0.074	Loglikelihood: -80417.1	(delta): 10.7521
38 (QN/Block) 	Elapsed: 0.076	Loglikelihood: -80415.6	(delta): 1.48339
39 (QN/Block) 	Elapsed: 0.073	Loglikelihood: -80415.4	(delta): 0.177068
40 (QN/Block) 	Elapsed: 0.072	Loglikelihood: -80415.4	(delta): 0.0190095
41 (QN/Block) 	Elapsed: 0.071	Loglikelihood: -80415.4	(delta): 0.00138783
42 (QN/Block) 	Elapsed: 0.072	Loglikelihood: -80415.4	(delta): 0.000172375
43 (QN/Block) 	Elapsed: 0.073	Loglikelihood: -80415.4	(delta): 4.04261e-06
Summary: 
Converged in 43 iterations (3.481 sec)
Loglikelihood: -80415.405373
Fst divergences between estimated populations: 
	Pop0	Pop1	Pop2	Pop3	Pop4	Pop5	Pop6	
Pop0	
Pop1	0.207	
Pop2	0.408	0.314	
Pop3	0.342	0.229	0.257	
Pop4	0.478	0.380	0.386	0.327	
Pop5	0.382	0.267	0.277	0.185	0.310	
Pop6	0.490	0.450	0.497	0.460	0.555	0.495	
Pop7	0.365	0.267	0.196	0.191	0.327	0.201	0.471	
CV error (K=8): 0.30876
Writing output files.
