****                   ADMIXTURE Version 1.3.0                  ****
****                    Copyright 2008-2015                     ****
****           David Alexander, Suyash Shringarpure,            ****
****                John  Novembre, Ken Lange                   ****
****                                                            ****
****                 Please cite our paper!                     ****
****   Information at www.genetics.ucla.edu/software/admixture  ****

Parallel execution requested.  Will use 8 threads.
Cross-validation will be performed.  Folds=10.
Random seed: 4327
Point estimation method: Block relaxation algorithm
Convergence acceleration algorithm: QuasiNewton, 3 secant conditions
Point estimation will terminate when objective function delta < 0.0001
Estimation of standard errors disabled; will compute point estimates only.
Size of G: 66x7633
Performing five EM steps to prime main algorithm
1 (EM) 	Elapsed: 0.032	Loglikelihood: -165992	(delta): 509398
2 (EM) 	Elapsed: 0.031	Loglikelihood: -150842	(delta): 15150.3
3 (EM) 	Elapsed: 0.031	Loglikelihood: -146905	(delta): 3937.09
4 (EM) 	Elapsed: 0.031	Loglikelihood: -144059	(delta): 2845.6
5 (EM) 	Elapsed: 0.032	Loglikelihood: -141575	(delta): 2484.49
Initial loglikelihood: -141575
Starting main algorithm
1 (QN/Block) 	Elapsed: 0.057	Loglikelihood: -107905	(delta): 33669.9
2 (QN/Block) 	Elapsed: 0.052	Loglikelihood: -96146.6	(delta): 11758.4
3 (QN/Block) 	Elapsed: 0.055	Loglikelihood: -91061.5	(delta): 5085.16
4 (QN/Block) 	Elapsed: 0.053	Loglikelihood: -87514.3	(delta): 3547.2
5 (QN/Block) 	Elapsed: 0.055	Loglikelihood: -85479.6	(delta): 2034.64
6 (QN/Block) 	Elapsed: 0.055	Loglikelihood: -84501.7	(delta): 977.937
7 (QN/Block) 	Elapsed: 0.059	Loglikelihood: -84112	(delta): 389.719
8 (QN/Block) 	Elapsed: 0.059	Loglikelihood: -83896.3	(delta): 215.672
9 (QN/Block) 	Elapsed: 0.055	Loglikelihood: -83803.6	(delta): 92.7465
10 (QN/Block) 	Elapsed: 0.056	Loglikelihood: -83741.5	(delta): 62.0547
11 (QN/Block) 	Elapsed: 0.056	Loglikelihood: -83661	(delta): 80.4673
12 (QN/Block) 	Elapsed: 0.055	Loglikelihood: -83620.7	(delta): 40.3622
13 (QN/Block) 	Elapsed: 0.053	Loglikelihood: -83613.8	(delta): 6.85734
14 (QN/Block) 	Elapsed: 0.053	Loglikelihood: -83613.8	(delta): 0.0213699
15 (QN/Block) 	Elapsed: 0.054	Loglikelihood: -83613.8	(delta): 1.46204e-05
Summary: 
Converged in 15 iterations (1.016 sec)
Loglikelihood: -83613.796593
Fst divergences between estimated populations: 
	Pop0	Pop1	Pop2	Pop3	Pop4	
Pop0	
Pop1	0.227	
Pop2	0.525	0.501	
Pop3	0.140	0.216	0.507	
Pop4	0.521	0.498	0.385	0.503	
Pop5	0.326	0.371	0.629	0.271	0.624	
CV error (K=6): 0.26107
Writing output files.
