****                   ADMIXTURE Version 1.3.0                  ****
****                    Copyright 2008-2015                     ****
****           David Alexander, Suyash Shringarpure,            ****
****                John  Novembre, Ken Lange                   ****
****                                                            ****
****                 Please cite our paper!                     ****
****   Information at www.genetics.ucla.edu/software/admixture  ****

Parallel execution requested.  Will use 8 threads.
Cross-validation will be performed.  Folds=10.
Random seed: 134
Point estimation method: Block relaxation algorithm
Convergence acceleration algorithm: QuasiNewton, 3 secant conditions
Point estimation will terminate when objective function delta < 0.0001
Estimation of standard errors disabled; will compute point estimates only.
Size of G: 66x7633
Performing five EM steps to prime main algorithm
1 (EM) 	Elapsed: 0.011	Loglikelihood: -159554	(delta): 610726
2 (EM) 	Elapsed: 0.011	Loglikelihood: -153312	(delta): 6241.96
3 (EM) 	Elapsed: 0.011	Loglikelihood: -151969	(delta): 1343.47
4 (EM) 	Elapsed: 0.011	Loglikelihood: -151339	(delta): 629.733
5 (EM) 	Elapsed: 0.011	Loglikelihood: -150994	(delta): 345.199
Initial loglikelihood: -150994
Starting main algorithm
1 (QN/Block) 	Elapsed: 0.023	Loglikelihood: -137623	(delta): 13371.4
2 (QN/Block) 	Elapsed: 0.023	Loglikelihood: -128763	(delta): 8859.89
3 (QN/Block) 	Elapsed: 0.027	Loglikelihood: -125335	(delta): 3427.37
4 (QN/Block) 	Elapsed: 0.026	Loglikelihood: -122093	(delta): 3242.53
5 (QN/Block) 	Elapsed: 0.03	Loglikelihood: -119307	(delta): 2786.11
6 (QN/Block) 	Elapsed: 0.029	Loglikelihood: -118287	(delta): 1019.73
7 (QN/Block) 	Elapsed: 0.026	Loglikelihood: -117927	(delta): 359.871
8 (QN/Block) 	Elapsed: 0.028	Loglikelihood: -117865	(delta): 62.4042
9 (QN/Block) 	Elapsed: 0.025	Loglikelihood: -117854	(delta): 10.6726
10 (QN/Block) 	Elapsed: 0.027	Loglikelihood: -117847	(delta): 6.64095
11 (QN/Block) 	Elapsed: 0.028	Loglikelihood: -117844	(delta): 3.35675
12 (QN/Block) 	Elapsed: 0.027	Loglikelihood: -117844	(delta): 0.417307
13 (QN/Block) 	Elapsed: 0.027	Loglikelihood: -117844	(delta): 0.000483037
14 (QN/Block) 	Elapsed: 0.026	Loglikelihood: -117844	(delta): 1.17043e-06
Summary: 
Converged in 14 iterations (0.454 sec)
Loglikelihood: -117843.506901
Fst divergences between estimated populations: 
	Pop0	
Pop0	
Pop1	0.408	
CV error (K=2): 0.28826
Writing output files.
