****                   ADMIXTURE Version 1.3.0                  ****
****                    Copyright 2008-2015                     ****
****           David Alexander, Suyash Shringarpure,            ****
****                John  Novembre, Ken Lange                   ****
****                                                            ****
****                 Please cite our paper!                     ****
****   Information at www.genetics.ucla.edu/software/admixture  ****

Parallel execution requested.  Will use 8 threads.
Cross-validation will be performed.  Folds=10.
Random seed: 4694
Point estimation method: Block relaxation algorithm
Convergence acceleration algorithm: QuasiNewton, 3 secant conditions
Point estimation will terminate when objective function delta < 0.0001
Estimation of standard errors disabled; will compute point estimates only.
Size of G: 66x7633
Performing five EM steps to prime main algorithm
1 (EM) 	Elapsed: 0.047	Loglikelihood: -165946	(delta): 493796
2 (EM) 	Elapsed: 0.047	Loglikelihood: -149664	(delta): 16282.5
3 (EM) 	Elapsed: 0.046	Loglikelihood: -145484	(delta): 4179.77
4 (EM) 	Elapsed: 0.047	Loglikelihood: -142491	(delta): 2992.77
5 (EM) 	Elapsed: 0.047	Loglikelihood: -139818	(delta): 2673.03
Initial loglikelihood: -139818
Starting main algorithm
1 (QN/Block) 	Elapsed: 0.078	Loglikelihood: -101537	(delta): 38281.3
2 (QN/Block) 	Elapsed: 0.079	Loglikelihood: -90250.8	(delta): 11286.1
3 (QN/Block) 	Elapsed: 0.088	Loglikelihood: -84809	(delta): 5441.77
4 (QN/Block) 	Elapsed: 0.086	Loglikelihood: -81407.8	(delta): 3401.27
5 (QN/Block) 	Elapsed: 0.085	Loglikelihood: -80016.3	(delta): 1391.52
6 (QN/Block) 	Elapsed: 0.084	Loglikelihood: -78707.8	(delta): 1308.48
7 (QN/Block) 	Elapsed: 0.091	Loglikelihood: -77834.4	(delta): 873.38
8 (QN/Block) 	Elapsed: 0.087	Loglikelihood: -77590.3	(delta): 244.104
9 (QN/Block) 	Elapsed: 0.085	Loglikelihood: -77454	(delta): 136.26
10 (QN/Block) 	Elapsed: 0.089	Loglikelihood: -77337.5	(delta): 116.555
11 (QN/Block) 	Elapsed: 0.086	Loglikelihood: -77218.8	(delta): 118.684
12 (QN/Block) 	Elapsed: 0.086	Loglikelihood: -77116.9	(delta): 101.924
13 (QN/Block) 	Elapsed: 0.09	Loglikelihood: -77032.7	(delta): 84.1805
14 (QN/Block) 	Elapsed: 0.088	Loglikelihood: -76940.4	(delta): 92.2887
15 (QN/Block) 	Elapsed: 0.086	Loglikelihood: -76889.3	(delta): 51.1405
16 (QN/Block) 	Elapsed: 0.09	Loglikelihood: -76807.8	(delta): 81.4277
17 (QN/Block) 	Elapsed: 0.087	Loglikelihood: -76732.9	(delta): 74.8975
18 (QN/Block) 	Elapsed: 0.086	Loglikelihood: -76712.1	(delta): 20.8019
19 (QN/Block) 	Elapsed: 0.088	Loglikelihood: -76711.6	(delta): 0.50196
20 (QN/Block) 	Elapsed: 0.087	Loglikelihood: -76711.6	(delta): 0.000118663
21 (QN/Block) 	Elapsed: 0.083	Loglikelihood: -76711.6	(delta): 8.6971e-07
Summary: 
Converged in 21 iterations (2.096 sec)
Loglikelihood: -76711.625929
Fst divergences between estimated populations: 
	Pop0	Pop1	Pop2	Pop3	Pop4	Pop5	Pop6	Pop7	
Pop0	
Pop1	0.234	
Pop2	0.558	0.559	
Pop3	0.296	0.291	0.522	
Pop4	0.564	0.564	0.384	0.525	
Pop5	0.378	0.310	0.624	0.403	0.628	
Pop6	0.111	0.193	0.524	0.260	0.528	0.334	
Pop7	0.286	0.282	0.508	0.115	0.511	0.388	0.250	
Pop8	0.222	0.191	0.511	0.271	0.515	0.307	0.186	0.259	
CV error (K=9): 0.29960
Writing output files.
