****                   ADMIXTURE Version 1.3.0                  ****
****                    Copyright 2008-2015                     ****
****           David Alexander, Suyash Shringarpure,            ****
****                John  Novembre, Ken Lange                   ****
****                                                            ****
****                 Please cite our paper!                     ****
****   Information at www.genetics.ucla.edu/software/admixture  ****

Parallel execution requested.  Will use 8 threads.
Cross-validation will be performed.  Folds=10.
Random seed: 791
Point estimation method: Block relaxation algorithm
Convergence acceleration algorithm: QuasiNewton, 3 secant conditions
Point estimation will terminate when objective function delta < 0.0001
Estimation of standard errors disabled; will compute point estimates only.
Size of G: 66x7633
Performing five EM steps to prime main algorithm
1 (EM) 	Elapsed: 0.021	Loglikelihood: -166138	(delta): 540414
2 (EM) 	Elapsed: 0.021	Loglikelihood: -152608	(delta): 13530.7
3 (EM) 	Elapsed: 0.021	Loglikelihood: -149690	(delta): 2917.93
4 (EM) 	Elapsed: 0.021	Loglikelihood: -147939	(delta): 1750.42
5 (EM) 	Elapsed: 0.02	Loglikelihood: -146566	(delta): 1373.43
Initial loglikelihood: -146566
Starting main algorithm
1 (QN/Block) 	Elapsed: 0.038	Loglikelihood: -123981	(delta): 22584.8
2 (QN/Block) 	Elapsed: 0.04	Loglikelihood: -109984	(delta): 13997
3 (QN/Block) 	Elapsed: 0.039	Loglikelihood: -103446	(delta): 6538.08
4 (QN/Block) 	Elapsed: 0.043	Loglikelihood: -100102	(delta): 3344.28
5 (QN/Block) 	Elapsed: 0.043	Loglikelihood: -96816.4	(delta): 3285.31
6 (QN/Block) 	Elapsed: 0.042	Loglikelihood: -95651.3	(delta): 1165.02
7 (QN/Block) 	Elapsed: 0.041	Loglikelihood: -95267.1	(delta): 384.226
8 (QN/Block) 	Elapsed: 0.042	Loglikelihood: -95200.7	(delta): 66.3992
9 (QN/Block) 	Elapsed: 0.04	Loglikelihood: -95195.4	(delta): 5.2872
10 (QN/Block) 	Elapsed: 0.043	Loglikelihood: -95194.6	(delta): 0.799459
11 (QN/Block) 	Elapsed: 0.042	Loglikelihood: -95194.6	(delta): 0.0441851
12 (QN/Block) 	Elapsed: 0.043	Loglikelihood: -95194.6	(delta): 0.0111881
13 (QN/Block) 	Elapsed: 0.04	Loglikelihood: -95194.6	(delta): 0.0220023
14 (QN/Block) 	Elapsed: 0.039	Loglikelihood: -95194.5	(delta): 0.000830574
15 (QN/Block) 	Elapsed: 0.042	Loglikelihood: -95194.5	(delta): 0.0004843
16 (QN/Block) 	Elapsed: 0.041	Loglikelihood: -95194.5	(delta): 1.17426e-05
Summary: 
Converged in 16 iterations (0.792 sec)
Loglikelihood: -95194.549272
Fst divergences between estimated populations: 
	Pop0	Pop1	Pop2	
Pop0	
Pop1	0.249	
Pop2	0.450	0.502	
Pop3	0.205	0.316	0.436	
CV error (K=4): 0.26288
Writing output files.
