****                   ADMIXTURE Version 1.3.0                  ****
****                    Copyright 2008-2015                     ****
****           David Alexander, Suyash Shringarpure,            ****
****                John  Novembre, Ken Lange                   ****
****                                                            ****
****                 Please cite our paper!                     ****
****   Information at www.genetics.ucla.edu/software/admixture  ****

Parallel execution requested.  Will use 8 threads.
Cross-validation will be performed.  Folds=10.
Random seed: 4097
Point estimation method: Block relaxation algorithm
Convergence acceleration algorithm: QuasiNewton, 3 secant conditions
Point estimation will terminate when objective function delta < 0.0001
Estimation of standard errors disabled; will compute point estimates only.
Size of G: 66x7633
Performing five EM steps to prime main algorithm
1 (EM) 	Elapsed: 0.049	Loglikelihood: -166006	(delta): 495777
2 (EM) 	Elapsed: 0.052	Loglikelihood: -149754	(delta): 16251.6
3 (EM) 	Elapsed: 0.049	Loglikelihood: -145597	(delta): 4157.01
4 (EM) 	Elapsed: 0.049	Loglikelihood: -142754	(delta): 2842.95
5 (EM) 	Elapsed: 0.048	Loglikelihood: -140354	(delta): 2400.58
Initial loglikelihood: -140354
Starting main algorithm
1 (QN/Block) 	Elapsed: 0.075	Loglikelihood: -101752	(delta): 38602.2
2 (QN/Block) 	Elapsed: 0.082	Loglikelihood: -91042.6	(delta): 10708.9
3 (QN/Block) 	Elapsed: 0.087	Loglikelihood: -87031.7	(delta): 4010.99
4 (QN/Block) 	Elapsed: 0.081	Loglikelihood: -84465	(delta): 2566.67
5 (QN/Block) 	Elapsed: 0.089	Loglikelihood: -82775.8	(delta): 1689.22
6 (QN/Block) 	Elapsed: 0.082	Loglikelihood: -81518.1	(delta): 1257.67
7 (QN/Block) 	Elapsed: 0.086	Loglikelihood: -81094.6	(delta): 423.466
8 (QN/Block) 	Elapsed: 0.087	Loglikelihood: -80615.8	(delta): 478.824
9 (QN/Block) 	Elapsed: 0.085	Loglikelihood: -80090	(delta): 525.804
10 (QN/Block) 	Elapsed: 0.089	Loglikelihood: -79823.9	(delta): 266.087
11 (QN/Block) 	Elapsed: 0.088	Loglikelihood: -79666	(delta): 157.901
12 (QN/Block) 	Elapsed: 0.086	Loglikelihood: -79491.6	(delta): 174.368
13 (QN/Block) 	Elapsed: 0.085	Loglikelihood: -79172.5	(delta): 319.128
14 (QN/Block) 	Elapsed: 0.089	Loglikelihood: -78308.1	(delta): 864.396
15 (QN/Block) 	Elapsed: 0.093	Loglikelihood: -76832.4	(delta): 1475.75
16 (QN/Block) 	Elapsed: 0.09	Loglikelihood: -75943.7	(delta): 888.698
17 (QN/Block) 	Elapsed: 0.093	Loglikelihood: -75643	(delta): 300.712
18 (QN/Block) 	Elapsed: 0.089	Loglikelihood: -75447.7	(delta): 195.249
19 (QN/Block) 	Elapsed: 0.092	Loglikelihood: -75283	(delta): 164.697
20 (QN/Block) 	Elapsed: 0.089	Loglikelihood: -75258.3	(delta): 24.754
21 (QN/Block) 	Elapsed: 0.094	Loglikelihood: -75256.8	(delta): 1.51519
22 (QN/Block) 	Elapsed: 0.094	Loglikelihood: -75256.7	(delta): 0.00579522
23 (QN/Block) 	Elapsed: 0.087	Loglikelihood: -75256.7	(delta): 0.000349342
24 (QN/Block) 	Elapsed: 0.084	Loglikelihood: -75256.7	(delta): 6.33649e-07
Summary: 
Converged in 24 iterations (2.404 sec)
Loglikelihood: -75256.746874
Fst divergences between estimated populations: 
	Pop0	Pop1	Pop2	Pop3	Pop4	Pop5	Pop6	Pop7	
Pop0	
Pop1	0.658	
Pop2	0.269	0.606	
Pop3	0.582	0.550	0.531	
Pop4	0.196	0.602	0.254	0.531	
Pop5	0.310	0.730	0.382	0.647	0.309	
Pop6	0.185	0.614	0.231	0.541	0.183	0.327	
Pop7	0.374	0.642	0.206	0.568	0.341	0.470	0.334	
Pop8	0.559	0.454	0.511	0.392	0.510	0.626	0.519	0.546	
CV error (K=9): 0.28609
Writing output files.
