****                   ADMIXTURE Version 1.3.0                  ****
****                    Copyright 2008-2015                     ****
****           David Alexander, Suyash Shringarpure,            ****
****                John  Novembre, Ken Lange                   ****
****                                                            ****
****                 Please cite our paper!                     ****
****   Information at www.genetics.ucla.edu/software/admixture  ****

Parallel execution requested.  Will use 8 threads.
Cross-validation will be performed.  Folds=10.
Random seed: 0
Point estimation method: Block relaxation algorithm
Convergence acceleration algorithm: QuasiNewton, 3 secant conditions
Point estimation will terminate when objective function delta < 0.0001
Estimation of standard errors disabled; will compute point estimates only.
Size of G: 66x7633
Performing five EM steps to prime main algorithm
1 (EM) 	Elapsed: 0.032	Loglikelihood: -166564	(delta): 510683
2 (EM) 	Elapsed: 0.032	Loglikelihood: -151421	(delta): 15143.2
3 (EM) 	Elapsed: 0.036	Loglikelihood: -148062	(delta): 3358.69
4 (EM) 	Elapsed: 0.032	Loglikelihood: -146030	(delta): 2031.96
5 (EM) 	Elapsed: 0.032	Loglikelihood: -144442	(delta): 1587.65
Initial loglikelihood: -144442
Starting main algorithm
1 (QN/Block) 	Elapsed: 0.051	Loglikelihood: -110952	(delta): 33490.2
2 (QN/Block) 	Elapsed: 0.05	Loglikelihood: -97395.8	(delta): 13556.4
3 (QN/Block) 	Elapsed: 0.056	Loglikelihood: -90932.3	(delta): 6463.42
4 (QN/Block) 	Elapsed: 0.053	Loglikelihood: -87159.8	(delta): 3772.56
5 (QN/Block) 	Elapsed: 0.054	Loglikelihood: -85448.5	(delta): 1711.3
6 (QN/Block) 	Elapsed: 0.058	Loglikelihood: -84556.4	(delta): 892.041
7 (QN/Block) 	Elapsed: 0.059	Loglikelihood: -84181.6	(delta): 374.829
8 (QN/Block) 	Elapsed: 0.056	Loglikelihood: -84031.9	(delta): 149.711
9 (QN/Block) 	Elapsed: 0.058	Loglikelihood: -84004.9	(delta): 27.0257
10 (QN/Block) 	Elapsed: 0.053	Loglikelihood: -83996.2	(delta): 8.7191
11 (QN/Block) 	Elapsed: 0.055	Loglikelihood: -83995.7	(delta): 0.463587
12 (QN/Block) 	Elapsed: 0.056	Loglikelihood: -83995.7	(delta): 0.000285477
13 (QN/Block) 	Elapsed: 0.053	Loglikelihood: -83995.7	(delta): 0.000100442
14 (QN/Block) 	Elapsed: 0.056	Loglikelihood: -83995.7	(delta): 1.21829e-05
Summary: 
Converged in 14 iterations (0.964 sec)
Loglikelihood: -83995.698194
Fst divergences between estimated populations: 
	Pop0	Pop1	Pop2	Pop3	Pop4	
Pop0	
Pop1	0.298	
Pop2	0.628	0.514	
Pop3	0.623	0.510	0.385	
Pop4	0.369	0.209	0.500	0.497	
Pop5	0.303	0.151	0.515	0.511	0.243	
CV error (K=6): 0.26383
Writing output files.
