****                   ADMIXTURE Version 1.3.0                  ****
****                    Copyright 2008-2015                     ****
****           David Alexander, Suyash Shringarpure,            ****
****                John  Novembre, Ken Lange                   ****
****                                                            ****
****                 Please cite our paper!                     ****
****   Information at www.genetics.ucla.edu/software/admixture  ****

Parallel execution requested.  Will use 8 threads.
Cross-validation will be performed.  Folds=10.
Random seed: 2204
Point estimation method: Block relaxation algorithm
Convergence acceleration algorithm: QuasiNewton, 3 secant conditions
Point estimation will terminate when objective function delta < 0.0001
Estimation of standard errors disabled; will compute point estimates only.
Size of G: 66x7633
Performing five EM steps to prime main algorithm
1 (EM) 	Elapsed: 0.021	Loglikelihood: -165997	(delta): 535815
2 (EM) 	Elapsed: 0.021	Loglikelihood: -151365	(delta): 14632
3 (EM) 	Elapsed: 0.021	Loglikelihood: -147585	(delta): 3779.49
4 (EM) 	Elapsed: 0.02	Loglikelihood: -144803	(delta): 2781.85
5 (EM) 	Elapsed: 0.02	Loglikelihood: -142246	(delta): 2557.24
Initial loglikelihood: -142246
Starting main algorithm
1 (QN/Block) 	Elapsed: 0.036	Loglikelihood: -106392	(delta): 35854.4
2 (QN/Block) 	Elapsed: 0.036	Loglikelihood: -100609	(delta): 5782.32
3 (QN/Block) 	Elapsed: 0.039	Loglikelihood: -97730.7	(delta): 2878.77
4 (QN/Block) 	Elapsed: 0.04	Loglikelihood: -96015.2	(delta): 1715.44
5 (QN/Block) 	Elapsed: 0.04	Loglikelihood: -94864.2	(delta): 1151.05
6 (QN/Block) 	Elapsed: 0.043	Loglikelihood: -94558.5	(delta): 305.71
7 (QN/Block) 	Elapsed: 0.04	Loglikelihood: -94482.7	(delta): 75.8008
8 (QN/Block) 	Elapsed: 0.04	Loglikelihood: -94474.6	(delta): 8.10162
9 (QN/Block) 	Elapsed: 0.042	Loglikelihood: -94469.5	(delta): 5.09843
10 (QN/Block) 	Elapsed: 0.048	Loglikelihood: -94464.9	(delta): 4.60516
11 (QN/Block) 	Elapsed: 0.047	Loglikelihood: -94461.7	(delta): 3.12454
12 (QN/Block) 	Elapsed: 0.044	Loglikelihood: -94461.4	(delta): 0.370603
13 (QN/Block) 	Elapsed: 0.044	Loglikelihood: -94461.3	(delta): 0.116627
14 (QN/Block) 	Elapsed: 0.046	Loglikelihood: -94461.2	(delta): 0.0711436
15 (QN/Block) 	Elapsed: 0.043	Loglikelihood: -94461.2	(delta): 0.0227179
16 (QN/Block) 	Elapsed: 0.04	Loglikelihood: -94461.1	(delta): 0.0189827
17 (QN/Block) 	Elapsed: 0.04	Loglikelihood: -94461.1	(delta): 0.02894
18 (QN/Block) 	Elapsed: 0.041	Loglikelihood: -94461.1	(delta): 0.00642023
19 (QN/Block) 	Elapsed: 0.039	Loglikelihood: -94461.1	(delta): 0.00147039
20 (QN/Block) 	Elapsed: 0.04	Loglikelihood: -94461.1	(delta): 2.75081e-05
Summary: 
Converged in 20 iterations (0.967 sec)
Loglikelihood: -94461.107682
Fst divergences between estimated populations: 
	Pop0	Pop1	Pop2	
Pop0	
Pop1	0.435	
Pop2	0.549	0.365	
Pop3	0.429	0.192	0.264	
CV error (K=4): 0.26063
Writing output files.
