****                   ADMIXTURE Version 1.3.0                  ****
****                    Copyright 2008-2015                     ****
****           David Alexander, Suyash Shringarpure,            ****
****                John  Novembre, Ken Lange                   ****
****                                                            ****
****                 Please cite our paper!                     ****
****   Information at www.genetics.ucla.edu/software/admixture  ****

Parallel execution requested.  Will use 8 threads.
Cross-validation will be performed.  Folds=10.
Random seed: 2685
Point estimation method: Block relaxation algorithm
Convergence acceleration algorithm: QuasiNewton, 3 secant conditions
Point estimation will terminate when objective function delta < 0.0001
Estimation of standard errors disabled; will compute point estimates only.
Size of G: 66x7633
Performing five EM steps to prime main algorithm
1 (EM) 	Elapsed: 0.061	Loglikelihood: -166371	(delta): 492253
2 (EM) 	Elapsed: 0.059	Loglikelihood: -150326	(delta): 16044.7
3 (EM) 	Elapsed: 0.059	Loglikelihood: -146564	(delta): 3761.49
4 (EM) 	Elapsed: 0.059	Loglikelihood: -144072	(delta): 2492.35
5 (EM) 	Elapsed: 0.058	Loglikelihood: -141964	(delta): 2107.85
Initial loglikelihood: -141964
Starting main algorithm
1 (QN/Block) 	Elapsed: 0.081	Loglikelihood: -100805	(delta): 41159.3
2 (QN/Block) 	Elapsed: 0.083	Loglikelihood: -87032	(delta): 13772.9
3 (QN/Block) 	Elapsed: 0.091	Loglikelihood: -81023.4	(delta): 6008.63
4 (QN/Block) 	Elapsed: 0.09	Loglikelihood: -77441.9	(delta): 3581.45
5 (QN/Block) 	Elapsed: 0.092	Loglikelihood: -75403.4	(delta): 2038.56
6 (QN/Block) 	Elapsed: 0.092	Loglikelihood: -74314.9	(delta): 1088.43
7 (QN/Block) 	Elapsed: 0.091	Loglikelihood: -73794.8	(delta): 520.125
8 (QN/Block) 	Elapsed: 0.094	Loglikelihood: -73634.2	(delta): 160.602
9 (QN/Block) 	Elapsed: 0.093	Loglikelihood: -73600	(delta): 34.2127
10 (QN/Block) 	Elapsed: 0.093	Loglikelihood: -73538.7	(delta): 61.2545
11 (QN/Block) 	Elapsed: 0.094	Loglikelihood: -73492	(delta): 46.6997
12 (QN/Block) 	Elapsed: 0.092	Loglikelihood: -73455.7	(delta): 36.3403
13 (QN/Block) 	Elapsed: 0.103	Loglikelihood: -73441.5	(delta): 14.2285
14 (QN/Block) 	Elapsed: 0.103	Loglikelihood: -73420.3	(delta): 21.131
15 (QN/Block) 	Elapsed: 0.095	Loglikelihood: -73387.8	(delta): 32.5192
16 (QN/Block) 	Elapsed: 0.093	Loglikelihood: -73379.1	(delta): 8.74917
17 (QN/Block) 	Elapsed: 0.1	Loglikelihood: -73377.6	(delta): 1.50136
18 (QN/Block) 	Elapsed: 0.097	Loglikelihood: -73377.5	(delta): 0.0321769
19 (QN/Block) 	Elapsed: 0.09	Loglikelihood: -73377.5	(delta): 5.35953e-06
Summary: 
Converged in 19 iterations (2.111 sec)
Loglikelihood: -73377.540964
Fst divergences between estimated populations: 
	Pop0	Pop1	Pop2	Pop3	Pop4	Pop5	Pop6	Pop7	Pop8	
Pop0	
Pop1	0.346	
Pop2	0.477	0.377	
Pop3	0.626	0.533	0.550	
Pop4	0.731	0.628	0.647	0.451	
Pop5	0.327	0.220	0.341	0.518	0.614	
Pop6	0.310	0.237	0.381	0.559	0.658	0.185	
Pop7	0.648	0.557	0.574	0.394	0.553	0.543	0.583	
Pop8	0.380	0.284	0.205	0.508	0.603	0.230	0.267	0.531	
Pop9	0.359	0.188	0.387	0.548	0.644	0.221	0.234	0.572	0.293	
CV error (K=10): 0.30879
Writing output files.
