****                   ADMIXTURE Version 1.3.0                  ****
****                    Copyright 2008-2015                     ****
****           David Alexander, Suyash Shringarpure,            ****
****                John  Novembre, Ken Lange                   ****
****                                                            ****
****                 Please cite our paper!                     ****
****   Information at www.genetics.ucla.edu/software/admixture  ****

Parallel execution requested.  Will use 8 threads.
Cross-validation will be performed.  Folds=10.
Random seed: 1620
Point estimation method: Block relaxation algorithm
Convergence acceleration algorithm: QuasiNewton, 3 secant conditions
Point estimation will terminate when objective function delta < 0.0001
Estimation of standard errors disabled; will compute point estimates only.
Size of G: 66x7633
Performing five EM steps to prime main algorithm
1 (EM) 	Elapsed: 0.03	Loglikelihood: -165241	(delta): 514302
2 (EM) 	Elapsed: 0.03	Loglikelihood: -150168	(delta): 15073.1
3 (EM) 	Elapsed: 0.031	Loglikelihood: -146207	(delta): 3960.92
4 (EM) 	Elapsed: 0.031	Loglikelihood: -143450	(delta): 2756.77
5 (EM) 	Elapsed: 0.032	Loglikelihood: -141112	(delta): 2338.33
Initial loglikelihood: -141112
Starting main algorithm
1 (QN/Block) 	Elapsed: 0.052	Loglikelihood: -106820	(delta): 34292.2
2 (QN/Block) 	Elapsed: 0.052	Loglikelihood: -97360.9	(delta): 9458.74
3 (QN/Block) 	Elapsed: 0.06	Loglikelihood: -91227.1	(delta): 6133.78
4 (QN/Block) 	Elapsed: 0.061	Loglikelihood: -87227.5	(delta): 3999.62
5 (QN/Block) 	Elapsed: 0.058	Loglikelihood: -84982.7	(delta): 2244.75
6 (QN/Block) 	Elapsed: 0.057	Loglikelihood: -84074.2	(delta): 908.484
7 (QN/Block) 	Elapsed: 0.057	Loglikelihood: -83768.5	(delta): 305.726
8 (QN/Block) 	Elapsed: 0.056	Loglikelihood: -83652.6	(delta): 115.892
9 (QN/Block) 	Elapsed: 0.056	Loglikelihood: -83617.7	(delta): 34.943
10 (QN/Block) 	Elapsed: 0.056	Loglikelihood: -83613.9	(delta): 3.746
11 (QN/Block) 	Elapsed: 0.056	Loglikelihood: -83613.7	(delta): 0.187947
12 (QN/Block) 	Elapsed: 0.057	Loglikelihood: -83613.7	(delta): 0.000277851
13 (QN/Block) 	Elapsed: 0.054	Loglikelihood: -83613.7	(delta): 2.82332e-06
Summary: 
Converged in 13 iterations (0.917 sec)
Loglikelihood: -83613.749239
Fst divergences between estimated populations: 
	Pop0	Pop1	Pop2	Pop3	Pop4	
Pop0	
Pop1	0.271	
Pop2	0.507	0.629	
Pop3	0.503	0.624	0.385	
Pop4	0.140	0.326	0.525	0.521	
Pop5	0.216	0.371	0.501	0.498	0.227	
CV error (K=6): 0.26032
Writing output files.
