****                   ADMIXTURE Version 1.3.0                  ****
****                    Copyright 2008-2015                     ****
****           David Alexander, Suyash Shringarpure,            ****
****                John  Novembre, Ken Lange                   ****
****                                                            ****
****                 Please cite our paper!                     ****
****   Information at www.genetics.ucla.edu/software/admixture  ****

Parallel execution requested.  Will use 8 threads.
Cross-validation will be performed.  Folds=10.
Random seed: 377
Point estimation method: Block relaxation algorithm
Convergence acceleration algorithm: QuasiNewton, 3 secant conditions
Point estimation will terminate when objective function delta < 0.0001
Estimation of standard errors disabled; will compute point estimates only.
Size of G: 66x7633
Performing five EM steps to prime main algorithm
1 (EM) 	Elapsed: 0.01	Loglikelihood: -161292	(delta): 616521
2 (EM) 	Elapsed: 0.01	Loglikelihood: -153932	(delta): 7360
3 (EM) 	Elapsed: 0.01	Loglikelihood: -152526	(delta): 1405.61
4 (EM) 	Elapsed: 0.01	Loglikelihood: -151766	(delta): 760.296
5 (EM) 	Elapsed: 0.01	Loglikelihood: -151276	(delta): 490.08
Initial loglikelihood: -151276
Starting main algorithm
1 (QN/Block) 	Elapsed: 0.022	Loglikelihood: -134484	(delta): 16792.4
2 (QN/Block) 	Elapsed: 0.023	Loglikelihood: -125257	(delta): 9226.99
3 (QN/Block) 	Elapsed: 0.023	Loglikelihood: -121922	(delta): 3334.56
4 (QN/Block) 	Elapsed: 0.025	Loglikelihood: -119995	(delta): 1927.36
5 (QN/Block) 	Elapsed: 0.025	Loglikelihood: -118774	(delta): 1220.99
6 (QN/Block) 	Elapsed: 0.028	Loglikelihood: -118130	(delta): 643.995
7 (QN/Block) 	Elapsed: 0.027	Loglikelihood: -117915	(delta): 214.821
8 (QN/Block) 	Elapsed: 0.028	Loglikelihood: -117876	(delta): 38.6524
9 (QN/Block) 	Elapsed: 0.025	Loglikelihood: -117875	(delta): 1.11029
10 (QN/Block) 	Elapsed: 0.024	Loglikelihood: -117875	(delta): 0.00416209
11 (QN/Block) 	Elapsed: 0.024	Loglikelihood: -117875	(delta): 0.000243654
12 (QN/Block) 	Elapsed: 0.028	Loglikelihood: -117875	(delta): 6.86095e-05
Summary: 
Converged in 12 iterations (0.374 sec)
Loglikelihood: -117875.101597
Fst divergences between estimated populations: 
	Pop0	
Pop0	
Pop1	0.405	
CV error (K=2): 0.28837
Writing output files.
