****                   ADMIXTURE Version 1.3.0                  ****
****                    Copyright 2008-2015                     ****
****           David Alexander, Suyash Shringarpure,            ****
****                John  Novembre, Ken Lange                   ****
****                                                            ****
****                 Please cite our paper!                     ****
****   Information at www.genetics.ucla.edu/software/admixture  ****

Parallel execution requested.  Will use 8 threads.
Cross-validation will be performed.  Folds=10.
Random seed: 3523
Point estimation method: Block relaxation algorithm
Convergence acceleration algorithm: QuasiNewton, 3 secant conditions
Point estimation will terminate when objective function delta < 0.0001
Estimation of standard errors disabled; will compute point estimates only.
Size of G: 66x7633
Performing five EM steps to prime main algorithm
1 (EM) 	Elapsed: 0.033	Loglikelihood: -164060	(delta): 516482
2 (EM) 	Elapsed: 0.033	Loglikelihood: -149050	(delta): 15009.6
3 (EM) 	Elapsed: 0.032	Loglikelihood: -145122	(delta): 3927.62
4 (EM) 	Elapsed: 0.032	Loglikelihood: -142621	(delta): 2501.04
5 (EM) 	Elapsed: 0.033	Loglikelihood: -140721	(delta): 1900.77
Initial loglikelihood: -140721
Starting main algorithm
1 (QN/Block) 	Elapsed: 0.051	Loglikelihood: -112005	(delta): 28716
2 (QN/Block) 	Elapsed: 0.051	Loglikelihood: -97450.5	(delta): 14554
3 (QN/Block) 	Elapsed: 0.057	Loglikelihood: -89635.8	(delta): 7814.71
4 (QN/Block) 	Elapsed: 0.056	Loglikelihood: -86185	(delta): 3450.79
5 (QN/Block) 	Elapsed: 0.056	Loglikelihood: -84780.6	(delta): 1404.4
6 (QN/Block) 	Elapsed: 0.055	Loglikelihood: -84051	(delta): 729.598
7 (QN/Block) 	Elapsed: 0.054	Loglikelihood: -83670.3	(delta): 380.706
8 (QN/Block) 	Elapsed: 0.06	Loglikelihood: -83618.6	(delta): 51.6813
9 (QN/Block) 	Elapsed: 0.056	Loglikelihood: -83614.2	(delta): 4.43766
10 (QN/Block) 	Elapsed: 0.058	Loglikelihood: -83613.9	(delta): 0.270474
11 (QN/Block) 	Elapsed: 0.059	Loglikelihood: -83613.8	(delta): 0.149416
12 (QN/Block) 	Elapsed: 0.058	Loglikelihood: -83613.8	(delta): 0.005677
13 (QN/Block) 	Elapsed: 0.057	Loglikelihood: -83613.8	(delta): 6.49668e-05
Summary: 
Converged in 13 iterations (0.919 sec)
Loglikelihood: -83613.785078
Fst divergences between estimated populations: 
	Pop0	Pop1	Pop2	Pop3	Pop4	
Pop0	
Pop1	0.521	
Pop2	0.140	0.503	
Pop3	0.326	0.624	0.271	
Pop4	0.227	0.498	0.216	0.371	
Pop5	0.525	0.385	0.507	0.629	0.501	
CV error (K=6): 0.26282
Writing output files.
