****                   ADMIXTURE Version 1.3.0                  ****
****                    Copyright 2008-2015                     ****
****           David Alexander, Suyash Shringarpure,            ****
****                John  Novembre, Ken Lange                   ****
****                                                            ****
****                 Please cite our paper!                     ****
****   Information at www.genetics.ucla.edu/software/admixture  ****

Parallel execution requested.  Will use 8 threads.
Cross-validation will be performed.  Folds=10.
Random seed: 2469
Point estimation method: Block relaxation algorithm
Convergence acceleration algorithm: QuasiNewton, 3 secant conditions
Point estimation will terminate when objective function delta < 0.0001
Estimation of standard errors disabled; will compute point estimates only.
Size of G: 66x7633
Performing five EM steps to prime main algorithm
1 (EM) 	Elapsed: 0.035	Loglikelihood: -167480	(delta): 500454
2 (EM) 	Elapsed: 0.035	Loglikelihood: -151958	(delta): 15521.4
3 (EM) 	Elapsed: 0.035	Loglikelihood: -148495	(delta): 3462.75
4 (EM) 	Elapsed: 0.037	Loglikelihood: -146245	(delta): 2250.8
5 (EM) 	Elapsed: 0.036	Loglikelihood: -144327	(delta): 1917.32
Initial loglikelihood: -144327
Starting main algorithm
1 (QN/Block) 	Elapsed: 0.059	Loglikelihood: -106047	(delta): 38280
2 (QN/Block) 	Elapsed: 0.057	Loglikelihood: -92678.4	(delta): 13368.9
3 (QN/Block) 	Elapsed: 0.063	Loglikelihood: -87943.5	(delta): 4734.89
4 (QN/Block) 	Elapsed: 0.063	Loglikelihood: -85029.8	(delta): 2913.76
5 (QN/Block) 	Elapsed: 0.072	Loglikelihood: -82954.8	(delta): 2074.96
6 (QN/Block) 	Elapsed: 0.069	Loglikelihood: -81910.1	(delta): 1044.67
7 (QN/Block) 	Elapsed: 0.07	Loglikelihood: -81556.4	(delta): 353.767
8 (QN/Block) 	Elapsed: 0.063	Loglikelihood: -81457.2	(delta): 99.1388
9 (QN/Block) 	Elapsed: 0.067	Loglikelihood: -81436.9	(delta): 20.3178
10 (QN/Block) 	Elapsed: 0.066	Loglikelihood: -81429.2	(delta): 7.67022
11 (QN/Block) 	Elapsed: 0.07	Loglikelihood: -81426.2	(delta): 3.0782
12 (QN/Block) 	Elapsed: 0.066	Loglikelihood: -81424.9	(delta): 1.25438
13 (QN/Block) 	Elapsed: 0.068	Loglikelihood: -81424.7	(delta): 0.202797
14 (QN/Block) 	Elapsed: 0.062	Loglikelihood: -81424.6	(delta): 0.0509182
15 (QN/Block) 	Elapsed: 0.065	Loglikelihood: -81424.6	(delta): 0.00289792
16 (QN/Block) 	Elapsed: 0.066	Loglikelihood: -81424.6	(delta): 0.00271451
17 (QN/Block) 	Elapsed: 0.062	Loglikelihood: -81424.6	(delta): 7.98376e-07
Summary: 
Converged in 17 iterations (1.325 sec)
Loglikelihood: -81424.638792
Fst divergences between estimated populations: 
	Pop0	Pop1	Pop2	Pop3	Pop4	Pop5	
Pop0	
Pop1	0.729	
Pop2	0.369	0.588	
Pop3	0.303	0.601	0.243	
Pop4	0.646	0.550	0.515	0.530	
Pop5	0.298	0.603	0.208	0.151	0.530	
Pop6	0.626	0.455	0.495	0.510	0.392	0.509	
CV error (K=7): 0.26549
Writing output files.
