****                   ADMIXTURE Version 1.3.0                  ****
****                    Copyright 2008-2015                     ****
****           David Alexander, Suyash Shringarpure,            ****
****                John  Novembre, Ken Lange                   ****
****                                                            ****
****                 Please cite our paper!                     ****
****   Information at www.genetics.ucla.edu/software/admixture  ****

Parallel execution requested.  Will use 8 threads.
Cross-validation will be performed.  Folds=10.
Random seed: 4132
Point estimation method: Block relaxation algorithm
Convergence acceleration algorithm: QuasiNewton, 3 secant conditions
Point estimation will terminate when objective function delta < 0.0001
Estimation of standard errors disabled; will compute point estimates only.
Size of G: 66x7633
Performing five EM steps to prime main algorithm
1 (EM) 	Elapsed: 0.02	Loglikelihood: -166907	(delta): 527557
2 (EM) 	Elapsed: 0.021	Loglikelihood: -153108	(delta): 13799.7
3 (EM) 	Elapsed: 0.02	Loglikelihood: -150477	(delta): 2630.35
4 (EM) 	Elapsed: 0.021	Loglikelihood: -148846	(delta): 1631.24
5 (EM) 	Elapsed: 0.021	Loglikelihood: -147539	(delta): 1307.36
Initial loglikelihood: -147539
Starting main algorithm
1 (QN/Block) 	Elapsed: 0.04	Loglikelihood: -114007	(delta): 33531.4
2 (QN/Block) 	Elapsed: 0.039	Loglikelihood: -103158	(delta): 10848.9
3 (QN/Block) 	Elapsed: 0.045	Loglikelihood: -99386.8	(delta): 3771.55
4 (QN/Block) 	Elapsed: 0.043	Loglikelihood: -96784.6	(delta): 2602.15
5 (QN/Block) 	Elapsed: 0.046	Loglikelihood: -95435.8	(delta): 1348.84
6 (QN/Block) 	Elapsed: 0.044	Loglikelihood: -94764.5	(delta): 671.284
7 (QN/Block) 	Elapsed: 0.041	Loglikelihood: -94469.4	(delta): 295.025
8 (QN/Block) 	Elapsed: 0.041	Loglikelihood: -94435	(delta): 34.4591
9 (QN/Block) 	Elapsed: 0.043	Loglikelihood: -94432.2	(delta): 2.80054
10 (QN/Block) 	Elapsed: 0.044	Loglikelihood: -94432	(delta): 0.186104
11 (QN/Block) 	Elapsed: 0.043	Loglikelihood: -94431.9	(delta): 0.0661973
12 (QN/Block) 	Elapsed: 0.043	Loglikelihood: -94431.9	(delta): 0.033792
13 (QN/Block) 	Elapsed: 0.042	Loglikelihood: -94431.9	(delta): 0.012731
14 (QN/Block) 	Elapsed: 0.044	Loglikelihood: -94431.9	(delta): 0.0136294
15 (QN/Block) 	Elapsed: 0.042	Loglikelihood: -94431.9	(delta): 0.000150774
16 (QN/Block) 	Elapsed: 0.045	Loglikelihood: -94431.9	(delta): 3.26359e-05
Summary: 
Converged in 16 iterations (0.82 sec)
Loglikelihood: -94431.872676
Fst divergences between estimated populations: 
	Pop0	Pop1	Pop2	
Pop0	
Pop1	0.259	
Pop2	0.356	0.193	
Pop3	0.542	0.431	0.436	
CV error (K=4): 0.26209
Writing output files.
