****                   ADMIXTURE Version 1.3.0                  ****
****                    Copyright 2008-2015                     ****
****           David Alexander, Suyash Shringarpure,            ****
****                John  Novembre, Ken Lange                   ****
****                                                            ****
****                 Please cite our paper!                     ****
****   Information at www.genetics.ucla.edu/software/admixture  ****

Parallel execution requested.  Will use 8 threads.
Cross-validation will be performed.  Folds=10.
Random seed: 3069
Point estimation method: Block relaxation algorithm
Convergence acceleration algorithm: QuasiNewton, 3 secant conditions
Point estimation will terminate when objective function delta < 0.0001
Estimation of standard errors disabled; will compute point estimates only.
Size of G: 66x7633
Performing five EM steps to prime main algorithm
1 (EM) 	Elapsed: 0.021	Loglikelihood: -164920	(delta): 545862
2 (EM) 	Elapsed: 0.02	Loglikelihood: -151439	(delta): 13481.3
3 (EM) 	Elapsed: 0.02	Loglikelihood: -148227	(delta): 3212.04
4 (EM) 	Elapsed: 0.022	Loglikelihood: -146292	(delta): 1935.15
5 (EM) 	Elapsed: 0.021	Loglikelihood: -144892	(delta): 1399.58
Initial loglikelihood: -144892
Starting main algorithm
1 (QN/Block) 	Elapsed: 0.041	Loglikelihood: -111562	(delta): 33330.7
2 (QN/Block) 	Elapsed: 0.039	Loglikelihood: -102351	(delta): 9210.99
3 (QN/Block) 	Elapsed: 0.042	Loglikelihood: -99251.2	(delta): 3099.52
4 (QN/Block) 	Elapsed: 0.039	Loglikelihood: -97055.7	(delta): 2195.51
5 (QN/Block) 	Elapsed: 0.04	Loglikelihood: -95891.6	(delta): 1164.05
6 (QN/Block) 	Elapsed: 0.042	Loglikelihood: -95233.3	(delta): 658.321
7 (QN/Block) 	Elapsed: 0.044	Loglikelihood: -94954.6	(delta): 278.745
8 (QN/Block) 	Elapsed: 0.042	Loglikelihood: -94753.8	(delta): 200.739
9 (QN/Block) 	Elapsed: 0.042	Loglikelihood: -94697.8	(delta): 56.0402
10 (QN/Block) 	Elapsed: 0.042	Loglikelihood: -94598.7	(delta): 99.0556
11 (QN/Block) 	Elapsed: 0.039	Loglikelihood: -94523.6	(delta): 75.0913
12 (QN/Block) 	Elapsed: 0.045	Loglikelihood: -94492.2	(delta): 31.3892
13 (QN/Block) 	Elapsed: 0.041	Loglikelihood: -94470.6	(delta): 21.6562
14 (QN/Block) 	Elapsed: 0.044	Loglikelihood: -94465.9	(delta): 4.67475
15 (QN/Block) 	Elapsed: 0.041	Loglikelihood: -94462.5	(delta): 3.40686
16 (QN/Block) 	Elapsed: 0.039	Loglikelihood: -94461.3	(delta): 1.19192
17 (QN/Block) 	Elapsed: 0.04	Loglikelihood: -94461.2	(delta): 0.14647
18 (QN/Block) 	Elapsed: 0.039	Loglikelihood: -94461.1	(delta): 0.0412737
19 (QN/Block) 	Elapsed: 0.042	Loglikelihood: -94461.1	(delta): 0.00686444
20 (QN/Block) 	Elapsed: 0.043	Loglikelihood: -94461.1	(delta): 0.00371245
21 (QN/Block) 	Elapsed: 0.042	Loglikelihood: -94461.1	(delta): 0.003191
22 (QN/Block) 	Elapsed: 0.043	Loglikelihood: -94461.1	(delta): 0.00273869
23 (QN/Block) 	Elapsed: 0.044	Loglikelihood: -94461.1	(delta): 0.000462882
24 (QN/Block) 	Elapsed: 0.044	Loglikelihood: -94461.1	(delta): 0.000250337
25 (QN/Block) 	Elapsed: 0.044	Loglikelihood: -94461.1	(delta): 2.33023e-06
Summary: 
Converged in 25 iterations (1.19 sec)
Loglikelihood: -94461.102666
Fst divergences between estimated populations: 
	Pop0	Pop1	Pop2	
Pop0	
Pop1	0.429	
Pop2	0.192	0.435	
Pop3	0.264	0.549	0.365	
CV error (K=4): 0.26221
Writing output files.
