****                   ADMIXTURE Version 1.3.0                  ****
****                    Copyright 2008-2015                     ****
****           David Alexander, Suyash Shringarpure,            ****
****                John  Novembre, Ken Lange                   ****
****                                                            ****
****                 Please cite our paper!                     ****
****   Information at www.genetics.ucla.edu/software/admixture  ****

Parallel execution requested.  Will use 8 threads.
Cross-validation will be performed.  Folds=10.
Random seed: 3662
Point estimation method: Block relaxation algorithm
Convergence acceleration algorithm: QuasiNewton, 3 secant conditions
Point estimation will terminate when objective function delta < 0.0001
Estimation of standard errors disabled; will compute point estimates only.
Size of G: 66x7633
Performing five EM steps to prime main algorithm
1 (EM) 	Elapsed: 0.014	Loglikelihood: -163662	(delta): 567444
2 (EM) 	Elapsed: 0.014	Loglikelihood: -151892	(delta): 11770.5
3 (EM) 	Elapsed: 0.015	Loglikelihood: -148939	(delta): 2952.63
4 (EM) 	Elapsed: 0.015	Loglikelihood: -146946	(delta): 1993.41
5 (EM) 	Elapsed: 0.015	Loglikelihood: -145302	(delta): 1643.83
Initial loglikelihood: -145302
Starting main algorithm
1 (QN/Block) 	Elapsed: 0.029	Loglikelihood: -121019	(delta): 24282.7
2 (QN/Block) 	Elapsed: 0.031	Loglikelihood: -112844	(delta): 8175.42
3 (QN/Block) 	Elapsed: 0.032	Loglikelihood: -109428	(delta): 3415.44
4 (QN/Block) 	Elapsed: 0.032	Loglikelihood: -107389	(delta): 2039.57
5 (QN/Block) 	Elapsed: 0.032	Loglikelihood: -106019	(delta): 1369.95
6 (QN/Block) 	Elapsed: 0.03	Loglikelihood: -105683	(delta): 335.87
7 (QN/Block) 	Elapsed: 0.03	Loglikelihood: -105593	(delta): 89.6251
8 (QN/Block) 	Elapsed: 0.033	Loglikelihood: -105571	(delta): 22.2403
9 (QN/Block) 	Elapsed: 0.033	Loglikelihood: -105566	(delta): 5.16192
10 (QN/Block) 	Elapsed: 0.033	Loglikelihood: -105565	(delta): 0.620823
11 (QN/Block) 	Elapsed: 0.03	Loglikelihood: -105565	(delta): 0.0697251
12 (QN/Block) 	Elapsed: 0.03	Loglikelihood: -105565	(delta): 0.014011
13 (QN/Block) 	Elapsed: 0.032	Loglikelihood: -105565	(delta): 0.000297397
14 (QN/Block) 	Elapsed: 0.032	Loglikelihood: -105565	(delta): 1.78799e-07
Summary: 
Converged in 14 iterations (0.538 sec)
Loglikelihood: -105564.965321
Fst divergences between estimated populations: 
	Pop0	Pop1	
Pop0	
Pop1	0.429	
Pop2	0.131	0.427	
CV error (K=3): 0.28017
Writing output files.
