****                   ADMIXTURE Version 1.3.0                  ****
****                    Copyright 2008-2015                     ****
****           David Alexander, Suyash Shringarpure,            ****
****                John  Novembre, Ken Lange                   ****
****                                                            ****
****                 Please cite our paper!                     ****
****   Information at www.genetics.ucla.edu/software/admixture  ****

Parallel execution requested.  Will use 8 threads.
Cross-validation will be performed.  Folds=10.
Random seed: 4617
Point estimation method: Block relaxation algorithm
Convergence acceleration algorithm: QuasiNewton, 3 secant conditions
Point estimation will terminate when objective function delta < 0.0001
Estimation of standard errors disabled; will compute point estimates only.
Size of G: 66x7633
Performing five EM steps to prime main algorithm
1 (EM) 	Elapsed: 0.048	Loglikelihood: -166661	(delta): 493380
2 (EM) 	Elapsed: 0.047	Loglikelihood: -150668	(delta): 15993.1
3 (EM) 	Elapsed: 0.047	Loglikelihood: -146759	(delta): 3909.22
4 (EM) 	Elapsed: 0.047	Loglikelihood: -143983	(delta): 2776.08
5 (EM) 	Elapsed: 0.047	Loglikelihood: -141498	(delta): 2485.39
Initial loglikelihood: -141498
Starting main algorithm
1 (QN/Block) 	Elapsed: 0.075	Loglikelihood: -102386	(delta): 39111.6
2 (QN/Block) 	Elapsed: 0.077	Loglikelihood: -87771.9	(delta): 14614
3 (QN/Block) 	Elapsed: 0.087	Loglikelihood: -81994.4	(delta): 5777.56
4 (QN/Block) 	Elapsed: 0.083	Loglikelihood: -78757.6	(delta): 3236.78
5 (QN/Block) 	Elapsed: 0.085	Loglikelihood: -77121.7	(delta): 1635.92
6 (QN/Block) 	Elapsed: 0.084	Loglikelihood: -76450.8	(delta): 670.876
7 (QN/Block) 	Elapsed: 0.085	Loglikelihood: -76204.1	(delta): 246.691
8 (QN/Block) 	Elapsed: 0.087	Loglikelihood: -75998.2	(delta): 205.953
9 (QN/Block) 	Elapsed: 0.084	Loglikelihood: -75922.6	(delta): 75.5598
10 (QN/Block) 	Elapsed: 0.083	Loglikelihood: -75907.8	(delta): 14.7684
11 (QN/Block) 	Elapsed: 0.089	Loglikelihood: -75899.3	(delta): 8.56773
12 (QN/Block) 	Elapsed: 0.089	Loglikelihood: -75886.9	(delta): 12.3321
13 (QN/Block) 	Elapsed: 0.087	Loglikelihood: -75876	(delta): 10.9568
14 (QN/Block) 	Elapsed: 0.096	Loglikelihood: -75871.1	(delta): 4.88826
15 (QN/Block) 	Elapsed: 0.086	Loglikelihood: -75869.8	(delta): 1.32274
16 (QN/Block) 	Elapsed: 0.085	Loglikelihood: -75868.8	(delta): 0.936972
17 (QN/Block) 	Elapsed: 0.094	Loglikelihood: -75867.9	(delta): 0.923586
18 (QN/Block) 	Elapsed: 0.093	Loglikelihood: -75856.4	(delta): 11.4592
19 (QN/Block) 	Elapsed: 0.09	Loglikelihood: -75844.8	(delta): 11.6472
20 (QN/Block) 	Elapsed: 0.086	Loglikelihood: -75843.9	(delta): 0.861673
21 (QN/Block) 	Elapsed: 0.087	Loglikelihood: -75843.9	(delta): 0.00243943
22 (QN/Block) 	Elapsed: 0.086	Loglikelihood: -75843.9	(delta): 4.10437e-07
Summary: 
Converged in 22 iterations (2.184 sec)
Loglikelihood: -75843.929696
Fst divergences between estimated populations: 
	Pop0	Pop1	Pop2	Pop3	Pop4	Pop5	Pop6	Pop7	
Pop0	
Pop1	0.624	
Pop2	0.650	0.392	
Pop3	0.328	0.519	0.544	
Pop4	0.372	0.494	0.518	0.261	
Pop5	0.311	0.557	0.584	0.216	0.265	
Pop6	0.414	0.584	0.613	0.221	0.327	0.282	
Pop7	0.328	0.516	0.544	0.200	0.227	0.186	0.265	
Pop8	0.733	0.454	0.561	0.618	0.591	0.662	0.690	0.618	
CV error (K=9): 0.27073
Writing output files.
