****                   ADMIXTURE Version 1.3.0                  ****
****                    Copyright 2008-2015                     ****
****           David Alexander, Suyash Shringarpure,            ****
****                John  Novembre, Ken Lange                   ****
****                                                            ****
****                 Please cite our paper!                     ****
****   Information at www.genetics.ucla.edu/software/admixture  ****

Parallel execution requested.  Will use 8 threads.
Cross-validation will be performed.  Folds=10.
Random seed: 2798
Point estimation method: Block relaxation algorithm
Convergence acceleration algorithm: QuasiNewton, 3 secant conditions
Point estimation will terminate when objective function delta < 0.0001
Estimation of standard errors disabled; will compute point estimates only.
Size of G: 66x7633
Performing five EM steps to prime main algorithm
1 (EM) 	Elapsed: 0.02	Loglikelihood: -164773	(delta): 544744
2 (EM) 	Elapsed: 0.02	Loglikelihood: -152211	(delta): 12562.2
3 (EM) 	Elapsed: 0.02	Loglikelihood: -149518	(delta): 2692.4
4 (EM) 	Elapsed: 0.02	Loglikelihood: -147989	(delta): 1529.3
5 (EM) 	Elapsed: 0.02	Loglikelihood: -146928	(delta): 1060.84
Initial loglikelihood: -146928
Starting main algorithm
1 (QN/Block) 	Elapsed: 0.039	Loglikelihood: -127279	(delta): 19649.5
2 (QN/Block) 	Elapsed: 0.038	Loglikelihood: -111526	(delta): 15752.6
3 (QN/Block) 	Elapsed: 0.041	Loglikelihood: -103752	(delta): 7774.5
4 (QN/Block) 	Elapsed: 0.042	Loglikelihood: -100128	(delta): 3623.35
5 (QN/Block) 	Elapsed: 0.043	Loglikelihood: -98017.4	(delta): 2110.75
6 (QN/Block) 	Elapsed: 0.041	Loglikelihood: -97292	(delta): 725.415
7 (QN/Block) 	Elapsed: 0.044	Loglikelihood: -97048.6	(delta): 243.379
8 (QN/Block) 	Elapsed: 0.044	Loglikelihood: -96990.8	(delta): 57.8509
9 (QN/Block) 	Elapsed: 0.045	Loglikelihood: -96986.2	(delta): 4.59537
10 (QN/Block) 	Elapsed: 0.042	Loglikelihood: -96985	(delta): 1.14605
11 (QN/Block) 	Elapsed: 0.041	Loglikelihood: -96984.7	(delta): 0.295364
12 (QN/Block) 	Elapsed: 0.043	Loglikelihood: -96984.7	(delta): 0.058361
13 (QN/Block) 	Elapsed: 0.043	Loglikelihood: -96984.6	(delta): 0.0881216
14 (QN/Block) 	Elapsed: 0.039	Loglikelihood: -96984.6	(delta): 0.0110157
15 (QN/Block) 	Elapsed: 0.042	Loglikelihood: -96984.6	(delta): 0.00701068
16 (QN/Block) 	Elapsed: 0.039	Loglikelihood: -96984.5	(delta): 0.00464378
17 (QN/Block) 	Elapsed: 0.044	Loglikelihood: -96984.5	(delta): 0.000316214
18 (QN/Block) 	Elapsed: 0.044	Loglikelihood: -96984.5	(delta): 0.000149313
19 (QN/Block) 	Elapsed: 0.044	Loglikelihood: -96984.5	(delta): 8.9683e-06
Summary: 
Converged in 19 iterations (0.933 sec)
Loglikelihood: -96984.548406
Fst divergences between estimated populations: 
	Pop0	Pop1	Pop2	
Pop0	
Pop1	0.451	
Pop2	0.113	0.442	
Pop3	0.222	0.436	0.214	
CV error (K=4): 0.27623
Writing output files.
