****                   ADMIXTURE Version 1.3.0                  ****
****                    Copyright 2008-2015                     ****
****           David Alexander, Suyash Shringarpure,            ****
****                John  Novembre, Ken Lange                   ****
****                                                            ****
****                 Please cite our paper!                     ****
****   Information at www.genetics.ucla.edu/software/admixture  ****

Parallel execution requested.  Will use 8 threads.
Cross-validation will be performed.  Folds=10.
Random seed: 2478
Point estimation method: Block relaxation algorithm
Convergence acceleration algorithm: QuasiNewton, 3 secant conditions
Point estimation will terminate when objective function delta < 0.0001
Estimation of standard errors disabled; will compute point estimates only.
Size of G: 66x7633
Performing five EM steps to prime main algorithm
1 (EM) 	Elapsed: 0.026	Loglikelihood: -166393	(delta): 521253
2 (EM) 	Elapsed: 0.026	Loglikelihood: -152561	(delta): 13832
3 (EM) 	Elapsed: 0.026	Loglikelihood: -149631	(delta): 2930.01
4 (EM) 	Elapsed: 0.026	Loglikelihood: -147925	(delta): 1705.54
5 (EM) 	Elapsed: 0.026	Loglikelihood: -146648	(delta): 1277
Initial loglikelihood: -146648
Starting main algorithm
1 (QN/Block) 	Elapsed: 0.045	Loglikelihood: -116142	(delta): 30506.1
2 (QN/Block) 	Elapsed: 0.045	Loglikelihood: -102684	(delta): 13457.9
3 (QN/Block) 	Elapsed: 0.051	Loglikelihood: -97861.2	(delta): 4823.25
4 (QN/Block) 	Elapsed: 0.05	Loglikelihood: -95424.8	(delta): 2436.43
5 (QN/Block) 	Elapsed: 0.051	Loglikelihood: -93994.1	(delta): 1430.68
6 (QN/Block) 	Elapsed: 0.049	Loglikelihood: -93012.5	(delta): 981.624
7 (QN/Block) 	Elapsed: 0.047	Loglikelihood: -92568.1	(delta): 444.369
8 (QN/Block) 	Elapsed: 0.049	Loglikelihood: -92388.4	(delta): 179.712
9 (QN/Block) 	Elapsed: 0.05	Loglikelihood: -92344.6	(delta): 43.7622
10 (QN/Block) 	Elapsed: 0.049	Loglikelihood: -92316.7	(delta): 27.9094
11 (QN/Block) 	Elapsed: 0.05	Loglikelihood: -91942.7	(delta): 374.001
12 (QN/Block) 	Elapsed: 0.05	Loglikelihood: -90707.7	(delta): 1235.03
13 (QN/Block) 	Elapsed: 0.048	Loglikelihood: -90275.3	(delta): 432.348
14 (QN/Block) 	Elapsed: 0.05	Loglikelihood: -90114.7	(delta): 160.627
15 (QN/Block) 	Elapsed: 0.05	Loglikelihood: -90014.3	(delta): 100.441
16 (QN/Block) 	Elapsed: 0.052	Loglikelihood: -89944	(delta): 70.309
17 (QN/Block) 	Elapsed: 0.051	Loglikelihood: -89896.6	(delta): 47.3262
18 (QN/Block) 	Elapsed: 0.046	Loglikelihood: -89881.2	(delta): 15.4116
19 (QN/Block) 	Elapsed: 0.047	Loglikelihood: -89874.3	(delta): 6.92983
20 (QN/Block) 	Elapsed: 0.046	Loglikelihood: -89874.3	(delta): 0.000323702
21 (QN/Block) 	Elapsed: 0.051	Loglikelihood: -89874.3	(delta): 2.56941e-05
Summary: 
Converged in 21 iterations (1.196 sec)
Loglikelihood: -89874.297508
Fst divergences between estimated populations: 
	Pop0	Pop1	Pop2	Pop3	
Pop0	
Pop1	0.492	
Pop2	0.626	0.265	
Pop3	0.500	0.192	0.368	
Pop4	0.386	0.489	0.623	0.498	
CV error (K=5): 0.26019
Writing output files.
