****                   ADMIXTURE Version 1.3.0                  ****
****                    Copyright 2008-2015                     ****
****           David Alexander, Suyash Shringarpure,            ****
****                John  Novembre, Ken Lange                   ****
****                                                            ****
****                 Please cite our paper!                     ****
****   Information at www.genetics.ucla.edu/software/admixture  ****

Parallel execution requested.  Will use 8 threads.
Cross-validation will be performed.  Folds=10.
Random seed: 3144
Point estimation method: Block relaxation algorithm
Convergence acceleration algorithm: QuasiNewton, 3 secant conditions
Point estimation will terminate when objective function delta < 0.0001
Estimation of standard errors disabled; will compute point estimates only.
Size of G: 66x7633
Performing five EM steps to prime main algorithm
1 (EM) 	Elapsed: 0.019	Loglikelihood: -165147	(delta): 543565
2 (EM) 	Elapsed: 0.02	Loglikelihood: -151904	(delta): 13242.1
3 (EM) 	Elapsed: 0.02	Loglikelihood: -148818	(delta): 3086.18
4 (EM) 	Elapsed: 0.02	Loglikelihood: -146954	(delta): 1863.75
5 (EM) 	Elapsed: 0.02	Loglikelihood: -145591	(delta): 1363.11
Initial loglikelihood: -145591
Starting main algorithm
1 (QN/Block) 	Elapsed: 0.038	Loglikelihood: -124781	(delta): 20810.2
2 (QN/Block) 	Elapsed: 0.037	Loglikelihood: -110589	(delta): 14192.6
3 (QN/Block) 	Elapsed: 0.042	Loglikelihood: -104738	(delta): 5850.49
4 (QN/Block) 	Elapsed: 0.043	Loglikelihood: -102026	(delta): 2712.1
5 (QN/Block) 	Elapsed: 0.04	Loglikelihood: -100235	(delta): 1791.18
6 (QN/Block) 	Elapsed: 0.041	Loglikelihood: -97136.2	(delta): 3098.53
7 (QN/Block) 	Elapsed: 0.04	Loglikelihood: -96032	(delta): 1104.19
8 (QN/Block) 	Elapsed: 0.042	Loglikelihood: -95567.8	(delta): 464.22
9 (QN/Block) 	Elapsed: 0.042	Loglikelihood: -95304.6	(delta): 263.231
10 (QN/Block) 	Elapsed: 0.041	Loglikelihood: -95215.6	(delta): 88.9225
11 (QN/Block) 	Elapsed: 0.039	Loglikelihood: -95194.8	(delta): 20.803
12 (QN/Block) 	Elapsed: 0.039	Loglikelihood: -95192.2	(delta): 2.60065
13 (QN/Block) 	Elapsed: 0.039	Loglikelihood: -95192.2	(delta): 0.0354447
14 (QN/Block) 	Elapsed: 0.041	Loglikelihood: -95192.2	(delta): 0.0233878
15 (QN/Block) 	Elapsed: 0.042	Loglikelihood: -95192.2	(delta): 0.00677911
16 (QN/Block) 	Elapsed: 0.042	Loglikelihood: -95192.2	(delta): 0.00407159
17 (QN/Block) 	Elapsed: 0.041	Loglikelihood: -95192.2	(delta): 9.20968e-05
Summary: 
Converged in 17 iterations (0.82 sec)
Loglikelihood: -95192.174550
Fst divergences between estimated populations: 
	Pop0	Pop1	Pop2	
Pop0	
Pop1	0.314	
Pop2	0.499	0.436	
Pop3	0.247	0.206	0.450	
CV error (K=4): 0.26187
Writing output files.
