****                   ADMIXTURE Version 1.3.0                  ****
****                    Copyright 2008-2015                     ****
****           David Alexander, Suyash Shringarpure,            ****
****                John  Novembre, Ken Lange                   ****
****                                                            ****
****                 Please cite our paper!                     ****
****   Information at www.genetics.ucla.edu/software/admixture  ****

Parallel execution requested.  Will use 8 threads.
Cross-validation will be performed.  Folds=10.
Random seed: 2837
Point estimation method: Block relaxation algorithm
Convergence acceleration algorithm: QuasiNewton, 3 secant conditions
Point estimation will terminate when objective function delta < 0.0001
Estimation of standard errors disabled; will compute point estimates only.
Size of G: 66x7633
Performing five EM steps to prime main algorithm
1 (EM) 	Elapsed: 0.059	Loglikelihood: -164993	(delta): 494994
2 (EM) 	Elapsed: 0.059	Loglikelihood: -148075	(delta): 16918.6
3 (EM) 	Elapsed: 0.058	Loglikelihood: -143226	(delta): 4849.11
4 (EM) 	Elapsed: 0.059	Loglikelihood: -139615	(delta): 3610.84
5 (EM) 	Elapsed: 0.057	Loglikelihood: -136372	(delta): 3243.14
Initial loglikelihood: -136372
Starting main algorithm
1 (QN/Block) 	Elapsed: 0.08	Loglikelihood: -97778.6	(delta): 38593
2 (QN/Block) 	Elapsed: 0.082	Loglikelihood: -85620.4	(delta): 12158.2
3 (QN/Block) 	Elapsed: 0.09	Loglikelihood: -80995.1	(delta): 4625.27
4 (QN/Block) 	Elapsed: 0.09	Loglikelihood: -78251.3	(delta): 2743.76
5 (QN/Block) 	Elapsed: 0.093	Loglikelihood: -76783.5	(delta): 1467.83
6 (QN/Block) 	Elapsed: 0.091	Loglikelihood: -76030.7	(delta): 752.772
7 (QN/Block) 	Elapsed: 0.089	Loglikelihood: -75746.7	(delta): 284.063
8 (QN/Block) 	Elapsed: 0.097	Loglikelihood: -75685.8	(delta): 60.894
9 (QN/Block) 	Elapsed: 0.088	Loglikelihood: -75661.2	(delta): 24.5925
10 (QN/Block) 	Elapsed: 0.092	Loglikelihood: -75638.1	(delta): 23.0522
11 (QN/Block) 	Elapsed: 0.095	Loglikelihood: -75619.9	(delta): 18.2663
12 (QN/Block) 	Elapsed: 0.096	Loglikelihood: -75576.7	(delta): 43.1525
13 (QN/Block) 	Elapsed: 0.1	Loglikelihood: -75505	(delta): 71.6815
14 (QN/Block) 	Elapsed: 0.096	Loglikelihood: -75490.7	(delta): 14.2919
15 (QN/Block) 	Elapsed: 0.096	Loglikelihood: -75488.8	(delta): 1.98873
16 (QN/Block) 	Elapsed: 0.109	Loglikelihood: -75472.9	(delta): 15.8367
17 (QN/Block) 	Elapsed: 0.102	Loglikelihood: -75428.5	(delta): 44.3807
18 (QN/Block) 	Elapsed: 0.09	Loglikelihood: -75416.7	(delta): 11.859
19 (QN/Block) 	Elapsed: 0.095	Loglikelihood: -75416.1	(delta): 0.556526
20 (QN/Block) 	Elapsed: 0.091	Loglikelihood: -75416.1	(delta): 0.0366214
21 (QN/Block) 	Elapsed: 0.099	Loglikelihood: -75416.1	(delta): 0.0196329
22 (QN/Block) 	Elapsed: 0.093	Loglikelihood: -75416	(delta): 0.104914
23 (QN/Block) 	Elapsed: 0.1	Loglikelihood: -75405.9	(delta): 10.0221
24 (QN/Block) 	Elapsed: 0.095	Loglikelihood: -75395.7	(delta): 10.2744
25 (QN/Block) 	Elapsed: 0.092	Loglikelihood: -75392.5	(delta): 3.11965
26 (QN/Block) 	Elapsed: 0.099	Loglikelihood: -75389.7	(delta): 2.8634
27 (QN/Block) 	Elapsed: 0.097	Loglikelihood: -75389.6	(delta): 0.0392788
28 (QN/Block) 	Elapsed: 0.091	Loglikelihood: -75389.6	(delta): 2.18148e-07
Summary: 
Converged in 28 iterations (2.988 sec)
Loglikelihood: -75389.644069
Fst divergences between estimated populations: 
	Pop0	Pop1	Pop2	Pop3	Pop4	Pop5	Pop6	Pop7	Pop8	
Pop0	
Pop1	0.550	
Pop2	0.536	0.359	
Pop3	0.510	0.203	0.248	
Pop4	0.631	0.485	0.359	0.388	
Pop5	0.559	0.379	0.203	0.267	0.321	
Pop6	0.382	0.554	0.539	0.512	0.634	0.563	
Pop7	0.512	0.344	0.196	0.250	0.315	0.191	0.514	
Pop8	0.642	0.496	0.373	0.399	0.141	0.337	0.645	0.330	
Pop9	0.532	0.352	0.089	0.245	0.354	0.205	0.535	0.195	0.368	
CV error (K=10): 0.31868
Writing output files.
