****                   ADMIXTURE Version 1.3.0                  ****
****                    Copyright 2008-2015                     ****
****           David Alexander, Suyash Shringarpure,            ****
****                John  Novembre, Ken Lange                   ****
****                                                            ****
****                 Please cite our paper!                     ****
****   Information at www.genetics.ucla.edu/software/admixture  ****

Parallel execution requested.  Will use 8 threads.
Cross-validation will be performed.  Folds=10.
Random seed: 1533
Point estimation method: Block relaxation algorithm
Convergence acceleration algorithm: QuasiNewton, 3 secant conditions
Point estimation will terminate when objective function delta < 0.0001
Estimation of standard errors disabled; will compute point estimates only.
Size of G: 66x7633
Performing five EM steps to prime main algorithm
1 (EM) 	Elapsed: 0.016	Loglikelihood: -165088	(delta): 561189
2 (EM) 	Elapsed: 0.016	Loglikelihood: -153275	(delta): 11812.6
3 (EM) 	Elapsed: 0.016	Loglikelihood: -150816	(delta): 2459.03
4 (EM) 	Elapsed: 0.016	Loglikelihood: -149390	(delta): 1425.87
5 (EM) 	Elapsed: 0.015	Loglikelihood: -148386	(delta): 1004.53
Initial loglikelihood: -148386
Starting main algorithm
1 (QN/Block) 	Elapsed: 0.031	Loglikelihood: -126632	(delta): 21753.3
2 (QN/Block) 	Elapsed: 0.03	Loglikelihood: -113910	(delta): 12722.7
3 (QN/Block) 	Elapsed: 0.033	Loglikelihood: -110424	(delta): 3486.1
4 (QN/Block) 	Elapsed: 0.035	Loglikelihood: -107945	(delta): 2478.64
5 (QN/Block) 	Elapsed: 0.032	Loglikelihood: -106271	(delta): 1674.13
6 (QN/Block) 	Elapsed: 0.034	Loglikelihood: -104927	(delta): 1344.09
7 (QN/Block) 	Elapsed: 0.036	Loglikelihood: -104535	(delta): 391.563
8 (QN/Block) 	Elapsed: 0.036	Loglikelihood: -104412	(delta): 122.898
9 (QN/Block) 	Elapsed: 0.034	Loglikelihood: -104399	(delta): 13.495
10 (QN/Block) 	Elapsed: 0.036	Loglikelihood: -104395	(delta): 3.96495
11 (QN/Block) 	Elapsed: 0.034	Loglikelihood: -104394	(delta): 1.04989
12 (QN/Block) 	Elapsed: 0.036	Loglikelihood: -104394	(delta): 0.226437
13 (QN/Block) 	Elapsed: 0.035	Loglikelihood: -104394	(delta): 0.000663856
14 (QN/Block) 	Elapsed: 0.036	Loglikelihood: -104394	(delta): 0.000176576
15 (QN/Block) 	Elapsed: 0.031	Loglikelihood: -104394	(delta): 6.7362e-05
Summary: 
Converged in 15 iterations (0.618 sec)
Loglikelihood: -104393.646122
Fst divergences between estimated populations: 
	Pop0	Pop1	
Pop0	
Pop1	0.410	
Pop2	0.451	0.144	
CV error (K=3): 0.27507
Writing output files.
