****                   ADMIXTURE Version 1.3.0                  ****
****                    Copyright 2008-2015                     ****
****           David Alexander, Suyash Shringarpure,            ****
****                John  Novembre, Ken Lange                   ****
****                                                            ****
****                 Please cite our paper!                     ****
****   Information at www.genetics.ucla.edu/software/admixture  ****

Parallel execution requested.  Will use 8 threads.
Cross-validation will be performed.  Folds=10.
Random seed: 2940
Point estimation method: Block relaxation algorithm
Convergence acceleration algorithm: QuasiNewton, 3 secant conditions
Point estimation will terminate when objective function delta < 0.0001
Estimation of standard errors disabled; will compute point estimates only.
Size of G: 66x7633
Performing five EM steps to prime main algorithm
1 (EM) 	Elapsed: 0.015	Loglikelihood: -165064	(delta): 570292
2 (EM) 	Elapsed: 0.015	Loglikelihood: -153525	(delta): 11538.1
3 (EM) 	Elapsed: 0.015	Loglikelihood: -151242	(delta): 2283.11
4 (EM) 	Elapsed: 0.015	Loglikelihood: -150052	(delta): 1190.42
5 (EM) 	Elapsed: 0.015	Loglikelihood: -149311	(delta): 741.12
Initial loglikelihood: -149311
Starting main algorithm
1 (QN/Block) 	Elapsed: 0.027	Loglikelihood: -134201	(delta): 15109.7
2 (QN/Block) 	Elapsed: 0.031	Loglikelihood: -118882	(delta): 15319.1
3 (QN/Block) 	Elapsed: 0.033	Loglikelihood: -111247	(delta): 7634.58
4 (QN/Block) 	Elapsed: 0.033	Loglikelihood: -107954	(delta): 3293.66
5 (QN/Block) 	Elapsed: 0.031	Loglikelihood: -105756	(delta): 2197.25
6 (QN/Block) 	Elapsed: 0.038	Loglikelihood: -104502	(delta): 1254.13
7 (QN/Block) 	Elapsed: 0.031	Loglikelihood: -104228	(delta): 274.449
8 (QN/Block) 	Elapsed: 0.039	Loglikelihood: -104153	(delta): 75.0594
9 (QN/Block) 	Elapsed: 0.033	Loglikelihood: -104109	(delta): 44.1388
10 (QN/Block) 	Elapsed: 0.033	Loglikelihood: -104100	(delta): 8.85164
11 (QN/Block) 	Elapsed: 0.036	Loglikelihood: -104098	(delta): 1.82643
12 (QN/Block) 	Elapsed: 0.038	Loglikelihood: -104097	(delta): 1.03512
13 (QN/Block) 	Elapsed: 0.035	Loglikelihood: -104096	(delta): 0.440647
14 (QN/Block) 	Elapsed: 0.034	Loglikelihood: -104096	(delta): 0.0263905
15 (QN/Block) 	Elapsed: 0.033	Loglikelihood: -104096	(delta): 0.00105893
16 (QN/Block) 	Elapsed: 0.03	Loglikelihood: -104096	(delta): 0.00280225
17 (QN/Block) 	Elapsed: 0.03	Loglikelihood: -104096	(delta): 0.000221254
18 (QN/Block) 	Elapsed: 0.033	Loglikelihood: -104096	(delta): 9.31323e-10
Summary: 
Converged in 18 iterations (0.705 sec)
Loglikelihood: -104096.462968
Fst divergences between estimated populations: 
	Pop0	Pop1	
Pop0	
Pop1	0.431	
Pop2	0.197	0.435	
CV error (K=3): 0.27320
Writing output files.
