****                   ADMIXTURE Version 1.3.0                  ****
****                    Copyright 2008-2015                     ****
****           David Alexander, Suyash Shringarpure,            ****
****                John  Novembre, Ken Lange                   ****
****                                                            ****
****                 Please cite our paper!                     ****
****   Information at www.genetics.ucla.edu/software/admixture  ****

Parallel execution requested.  Will use 8 threads.
Cross-validation will be performed.  Folds=10.
Random seed: 465
Point estimation method: Block relaxation algorithm
Convergence acceleration algorithm: QuasiNewton, 3 secant conditions
Point estimation will terminate when objective function delta < 0.0001
Estimation of standard errors disabled; will compute point estimates only.
Size of G: 66x7633
Performing five EM steps to prime main algorithm
1 (EM) 	Elapsed: 0.039	Loglikelihood: -166033	(delta): 499856
2 (EM) 	Elapsed: 0.038	Loglikelihood: -150082	(delta): 15951.1
3 (EM) 	Elapsed: 0.041	Loglikelihood: -145837	(delta): 4244.64
4 (EM) 	Elapsed: 0.04	Loglikelihood: -142884	(delta): 2953.39
5 (EM) 	Elapsed: 0.038	Loglikelihood: -140337	(delta): 2546.33
Initial loglikelihood: -140337
Starting main algorithm
1 (QN/Block) 	Elapsed: 0.061	Loglikelihood: -105411	(delta): 34926.9
2 (QN/Block) 	Elapsed: 0.058	Loglikelihood: -92361.8	(delta): 13048.7
3 (QN/Block) 	Elapsed: 0.064	Loglikelihood: -87582.7	(delta): 4779.12
4 (QN/Block) 	Elapsed: 0.064	Loglikelihood: -85282.8	(delta): 2299.9
5 (QN/Block) 	Elapsed: 0.064	Loglikelihood: -83951.4	(delta): 1331.42
6 (QN/Block) 	Elapsed: 0.064	Loglikelihood: -83175.9	(delta): 775.482
7 (QN/Block) 	Elapsed: 0.066	Loglikelihood: -82816.3	(delta): 359.592
8 (QN/Block) 	Elapsed: 0.071	Loglikelihood: -82680.7	(delta): 135.607
9 (QN/Block) 	Elapsed: 0.066	Loglikelihood: -82593.5	(delta): 87.1814
10 (QN/Block) 	Elapsed: 0.069	Loglikelihood: -82488.3	(delta): 105.188
11 (QN/Block) 	Elapsed: 0.063	Loglikelihood: -82424.2	(delta): 64.1814
12 (QN/Block) 	Elapsed: 0.066	Loglikelihood: -82319.9	(delta): 104.279
13 (QN/Block) 	Elapsed: 0.067	Loglikelihood: -82238.6	(delta): 81.3064
14 (QN/Block) 	Elapsed: 0.069	Loglikelihood: -82218.7	(delta): 19.8561
15 (QN/Block) 	Elapsed: 0.065	Loglikelihood: -82216.8	(delta): 1.93255
16 (QN/Block) 	Elapsed: 0.065	Loglikelihood: -82216.7	(delta): 0.106778
17 (QN/Block) 	Elapsed: 0.066	Loglikelihood: -82216.2	(delta): 0.441267
18 (QN/Block) 	Elapsed: 0.066	Loglikelihood: -82201	(delta): 15.2002
19 (QN/Block) 	Elapsed: 0.073	Loglikelihood: -82194	(delta): 7.00025
20 (QN/Block) 	Elapsed: 0.068	Loglikelihood: -82188.8	(delta): 5.24766
21 (QN/Block) 	Elapsed: 0.073	Loglikelihood: -82185	(delta): 3.77804
22 (QN/Block) 	Elapsed: 0.072	Loglikelihood: -82183.5	(delta): 1.47227
23 (QN/Block) 	Elapsed: 0.068	Loglikelihood: -82183.4	(delta): 0.166294
24 (QN/Block) 	Elapsed: 0.066	Loglikelihood: -82183.4	(delta): 0.000668051
25 (QN/Block) 	Elapsed: 0.065	Loglikelihood: -82183.4	(delta): 1.45699e-05
Summary: 
Converged in 25 iterations (1.906 sec)
Loglikelihood: -82183.370592
Fst divergences between estimated populations: 
	Pop0	Pop1	Pop2	Pop3	Pop4	Pop5	
Pop0	
Pop1	0.510	
Pop2	0.623	0.299	
Pop3	0.511	0.152	0.303	
Pop4	0.525	0.227	0.397	0.263	
Pop5	0.503	0.232	0.387	0.262	0.115	
Pop6	0.385	0.515	0.628	0.515	0.529	0.507	
CV error (K=7): 0.27831
Writing output files.
