****                   ADMIXTURE Version 1.3.0                  ****
****                    Copyright 2008-2015                     ****
****           David Alexander, Suyash Shringarpure,            ****
****                John  Novembre, Ken Lange                   ****
****                                                            ****
****                 Please cite our paper!                     ****
****   Information at www.genetics.ucla.edu/software/admixture  ****

Parallel execution requested.  Will use 8 threads.
Cross-validation will be performed.  Folds=10.
Random seed: 4458
Point estimation method: Block relaxation algorithm
Convergence acceleration algorithm: QuasiNewton, 3 secant conditions
Point estimation will terminate when objective function delta < 0.0001
Estimation of standard errors disabled; will compute point estimates only.
Size of G: 66x7633
Performing five EM steps to prime main algorithm
1 (EM) 	Elapsed: 0.025	Loglikelihood: -165826	(delta): 520936
2 (EM) 	Elapsed: 0.025	Loglikelihood: -152028	(delta): 13798.4
3 (EM) 	Elapsed: 0.025	Loglikelihood: -148993	(delta): 3034.29
4 (EM) 	Elapsed: 0.025	Loglikelihood: -147075	(delta): 1918.67
5 (EM) 	Elapsed: 0.026	Loglikelihood: -145529	(delta): 1545.46
Initial loglikelihood: -145529
Starting main algorithm
1 (QN/Block) 	Elapsed: 0.043	Loglikelihood: -113536	(delta): 31993.2
2 (QN/Block) 	Elapsed: 0.045	Loglikelihood: -97922.3	(delta): 15613.7
3 (QN/Block) 	Elapsed: 0.049	Loglikelihood: -93643	(delta): 4279.26
4 (QN/Block) 	Elapsed: 0.057	Loglikelihood: -91214.2	(delta): 2428.85
5 (QN/Block) 	Elapsed: 0.049	Loglikelihood: -89368.3	(delta): 1845.87
6 (QN/Block) 	Elapsed: 0.047	Loglikelihood: -88657.1	(delta): 711.234
7 (QN/Block) 	Elapsed: 0.049	Loglikelihood: -88312.5	(delta): 344.537
8 (QN/Block) 	Elapsed: 0.05	Loglikelihood: -88227.1	(delta): 85.4697
9 (QN/Block) 	Elapsed: 0.05	Loglikelihood: -88214	(delta): 13.0968
10 (QN/Block) 	Elapsed: 0.05	Loglikelihood: -88210.8	(delta): 3.12052
11 (QN/Block) 	Elapsed: 0.053	Loglikelihood: -88209.3	(delta): 1.56659
12 (QN/Block) 	Elapsed: 0.049	Loglikelihood: -88208.9	(delta): 0.347903
13 (QN/Block) 	Elapsed: 0.046	Loglikelihood: -88208.9	(delta): 0.0438782
14 (QN/Block) 	Elapsed: 0.047	Loglikelihood: -88208.8	(delta): 0.0490412
15 (QN/Block) 	Elapsed: 0.047	Loglikelihood: -88208.8	(delta): 0.013258
16 (QN/Block) 	Elapsed: 0.049	Loglikelihood: -88208.8	(delta): 0.0108979
17 (QN/Block) 	Elapsed: 0.047	Loglikelihood: -88208.8	(delta): 8.97303e-05
Summary: 
Converged in 17 iterations (0.985 sec)
Loglikelihood: -88208.805179
Fst divergences between estimated populations: 
	Pop0	Pop1	Pop2	Pop3	
Pop0	
Pop1	0.271	
Pop2	0.554	0.443	
Pop3	0.371	0.216	0.436	
Pop4	0.326	0.140	0.459	0.226	
CV error (K=5): 0.26328
Writing output files.
