****                   ADMIXTURE Version 1.3.0                  ****
****                    Copyright 2008-2015                     ****
****           David Alexander, Suyash Shringarpure,            ****
****                John  Novembre, Ken Lange                   ****
****                                                            ****
****                 Please cite our paper!                     ****
****   Information at www.genetics.ucla.edu/software/admixture  ****

Parallel execution requested.  Will use 8 threads.
Cross-validation will be performed.  Folds=10.
Random seed: 17
Point estimation method: Block relaxation algorithm
Convergence acceleration algorithm: QuasiNewton, 3 secant conditions
Point estimation will terminate when objective function delta < 0.0001
Estimation of standard errors disabled; will compute point estimates only.
Size of G: 66x7633
Performing five EM steps to prime main algorithm
1 (EM) 	Elapsed: 0.016	Loglikelihood: -164587	(delta): 566198
2 (EM) 	Elapsed: 0.016	Loglikelihood: -153339	(delta): 11247.6
3 (EM) 	Elapsed: 0.016	Loglikelihood: -151099	(delta): 2240.08
4 (EM) 	Elapsed: 0.016	Loglikelihood: -149917	(delta): 1181.86
5 (EM) 	Elapsed: 0.016	Loglikelihood: -149150	(delta): 767.337
Initial loglikelihood: -149150
Starting main algorithm
1 (QN/Block) 	Elapsed: 0.032	Loglikelihood: -132617	(delta): 16532.3
2 (QN/Block) 	Elapsed: 0.031	Loglikelihood: -114213	(delta): 18404.1
3 (QN/Block) 	Elapsed: 0.034	Loglikelihood: -110100	(delta): 4112.83
4 (QN/Block) 	Elapsed: 0.035	Loglikelihood: -107330	(delta): 2770.81
5 (QN/Block) 	Elapsed: 0.034	Loglikelihood: -104987	(delta): 2342.35
6 (QN/Block) 	Elapsed: 0.03	Loglikelihood: -104279	(delta): 708.59
7 (QN/Block) 	Elapsed: 0.032	Loglikelihood: -104114	(delta): 164.132
8 (QN/Block) 	Elapsed: 0.031	Loglikelihood: -104099	(delta): 15.8448
9 (QN/Block) 	Elapsed: 0.034	Loglikelihood: -104097	(delta): 1.40759
10 (QN/Block) 	Elapsed: 0.035	Loglikelihood: -104097	(delta): 0.628652
11 (QN/Block) 	Elapsed: 0.035	Loglikelihood: -104097	(delta): 0.109605
12 (QN/Block) 	Elapsed: 0.035	Loglikelihood: -104096	(delta): 0.0445692
13 (QN/Block) 	Elapsed: 0.035	Loglikelihood: -104096	(delta): 0.0218493
14 (QN/Block) 	Elapsed: 0.035	Loglikelihood: -104096	(delta): 8.17791e-05
Summary: 
Converged in 14 iterations (0.575 sec)
Loglikelihood: -104096.436379
Fst divergences between estimated populations: 
	Pop0	Pop1	
Pop0	
Pop1	0.435	
Pop2	0.197	0.431	
CV error (K=3): 0.27320
Writing output files.
