****                   ADMIXTURE Version 1.3.0                  ****
****                    Copyright 2008-2015                     ****
****           David Alexander, Suyash Shringarpure,            ****
****                John  Novembre, Ken Lange                   ****
****                                                            ****
****                 Please cite our paper!                     ****
****   Information at www.genetics.ucla.edu/software/admixture  ****

Parallel execution requested.  Will use 8 threads.
Cross-validation will be performed.  Folds=10.
Random seed: 514
Point estimation method: Block relaxation algorithm
Convergence acceleration algorithm: QuasiNewton, 3 secant conditions
Point estimation will terminate when objective function delta < 0.0001
Estimation of standard errors disabled; will compute point estimates only.
Size of G: 66x7633
Performing five EM steps to prime main algorithm
1 (EM) 	Elapsed: 0.015	Loglikelihood: -164976	(delta): 559603
2 (EM) 	Elapsed: 0.015	Loglikelihood: -153554	(delta): 11421.3
3 (EM) 	Elapsed: 0.015	Loglikelihood: -151247	(delta): 2306.94
4 (EM) 	Elapsed: 0.015	Loglikelihood: -149934	(delta): 1313.37
5 (EM) 	Elapsed: 0.015	Loglikelihood: -148982	(delta): 952.461
Initial loglikelihood: -148982
Starting main algorithm
1 (QN/Block) 	Elapsed: 0.036	Loglikelihood: -127269	(delta): 21712.1
2 (QN/Block) 	Elapsed: 0.035	Loglikelihood: -117167	(delta): 10102.2
3 (QN/Block) 	Elapsed: 0.035	Loglikelihood: -111961	(delta): 5206.35
4 (QN/Block) 	Elapsed: 0.031	Loglikelihood: -108879	(delta): 3081.69
5 (QN/Block) 	Elapsed: 0.032	Loglikelihood: -106638	(delta): 2241.58
6 (QN/Block) 	Elapsed: 0.037	Loglikelihood: -105241	(delta): 1396.54
7 (QN/Block) 	Elapsed: 0.04	Loglikelihood: -104657	(delta): 583.759
8 (QN/Block) 	Elapsed: 0.035	Loglikelihood: -104440	(delta): 217.398
9 (QN/Block) 	Elapsed: 0.038	Loglikelihood: -104404	(delta): 35.7931
10 (QN/Block) 	Elapsed: 0.036	Loglikelihood: -104398	(delta): 6.39758
11 (QN/Block) 	Elapsed: 0.037	Loglikelihood: -104395	(delta): 2.52584
12 (QN/Block) 	Elapsed: 0.037	Loglikelihood: -104395	(delta): 0.293247
13 (QN/Block) 	Elapsed: 0.033	Loglikelihood: -104395	(delta): 0.00856325
14 (QN/Block) 	Elapsed: 0.032	Loglikelihood: -104395	(delta): 0.000108793
15 (QN/Block) 	Elapsed: 0.032	Loglikelihood: -104395	(delta): 1.64738e-05
Summary: 
Converged in 15 iterations (0.631 sec)
Loglikelihood: -104394.996518
Fst divergences between estimated populations: 
	Pop0	Pop1	
Pop0	
Pop1	0.144	
Pop2	0.410	0.451	
CV error (K=3): 0.27577
Writing output files.
