****                   ADMIXTURE Version 1.3.0                  ****
****                    Copyright 2008-2015                     ****
****           David Alexander, Suyash Shringarpure,            ****
****                John  Novembre, Ken Lange                   ****
****                                                            ****
****                 Please cite our paper!                     ****
****   Information at www.genetics.ucla.edu/software/admixture  ****

Parallel execution requested.  Will use 8 threads.
Cross-validation will be performed.  Folds=10.
Random seed: 4144
Point estimation method: Block relaxation algorithm
Convergence acceleration algorithm: QuasiNewton, 3 secant conditions
Point estimation will terminate when objective function delta < 0.0001
Estimation of standard errors disabled; will compute point estimates only.
Size of G: 66x7633
Performing five EM steps to prime main algorithm
1 (EM) 	Elapsed: 0.032	Loglikelihood: -166534	(delta): 508743
2 (EM) 	Elapsed: 0.032	Loglikelihood: -151769	(delta): 14765.3
3 (EM) 	Elapsed: 0.032	Loglikelihood: -148600	(delta): 3168.48
4 (EM) 	Elapsed: 0.033	Loglikelihood: -146727	(delta): 1873.45
5 (EM) 	Elapsed: 0.032	Loglikelihood: -145313	(delta): 1414.31
Initial loglikelihood: -145313
Starting main algorithm
1 (QN/Block) 	Elapsed: 0.052	Loglikelihood: -112860	(delta): 32452.2
2 (QN/Block) 	Elapsed: 0.05	Loglikelihood: -101684	(delta): 11176.7
3 (QN/Block) 	Elapsed: 0.064	Loglikelihood: -97095.2	(delta): 4588.46
4 (QN/Block) 	Elapsed: 0.056	Loglikelihood: -92514.6	(delta): 4580.65
5 (QN/Block) 	Elapsed: 0.053	Loglikelihood: -89351.9	(delta): 3162.63
6 (QN/Block) 	Elapsed: 0.054	Loglikelihood: -87196.8	(delta): 2155.13
7 (QN/Block) 	Elapsed: 0.056	Loglikelihood: -86378.2	(delta): 818.584
8 (QN/Block) 	Elapsed: 0.054	Loglikelihood: -85787.9	(delta): 590.275
9 (QN/Block) 	Elapsed: 0.056	Loglikelihood: -84954.1	(delta): 833.794
10 (QN/Block) 	Elapsed: 0.057	Loglikelihood: -84548.7	(delta): 405.466
11 (QN/Block) 	Elapsed: 0.057	Loglikelihood: -84450.9	(delta): 97.7846
12 (QN/Block) 	Elapsed: 0.056	Loglikelihood: -84440.9	(delta): 9.95169
13 (QN/Block) 	Elapsed: 0.06	Loglikelihood: -84440.8	(delta): 0.140686
14 (QN/Block) 	Elapsed: 0.056	Loglikelihood: -84440.7	(delta): 0.0701643
15 (QN/Block) 	Elapsed: 0.057	Loglikelihood: -84440.7	(delta): 0.00392629
16 (QN/Block) 	Elapsed: 0.053	Loglikelihood: -84440.7	(delta): 0.00377899
17 (QN/Block) 	Elapsed: 0.053	Loglikelihood: -84440.7	(delta): 0.000205238
18 (QN/Block) 	Elapsed: 0.053	Loglikelihood: -84440.7	(delta): 3.88471e-05
Summary: 
Converged in 18 iterations (1.196 sec)
Loglikelihood: -84440.725018
Fst divergences between estimated populations: 
	Pop0	Pop1	Pop2	Pop3	Pop4	
Pop0	
Pop1	0.226	
Pop2	0.185	0.263	
Pop3	0.327	0.371	0.310	
Pop4	0.459	0.436	0.494	0.554	
Pop5	0.179	0.244	0.191	0.307	0.452	
CV error (K=6): 0.26862
Writing output files.
