****                   ADMIXTURE Version 1.3.0                  ****
****                    Copyright 2008-2015                     ****
****           David Alexander, Suyash Shringarpure,            ****
****                John  Novembre, Ken Lange                   ****
****                                                            ****
****                 Please cite our paper!                     ****
****   Information at www.genetics.ucla.edu/software/admixture  ****

Parallel execution requested.  Will use 8 threads.
Cross-validation will be performed.  Folds=10.
Random seed: 864
Point estimation method: Block relaxation algorithm
Convergence acceleration algorithm: QuasiNewton, 3 secant conditions
Point estimation will terminate when objective function delta < 0.0001
Estimation of standard errors disabled; will compute point estimates only.
Size of G: 66x7633
Performing five EM steps to prime main algorithm
1 (EM) 	Elapsed: 0.044	Loglikelihood: -166019	(delta): 501329
2 (EM) 	Elapsed: 0.043	Loglikelihood: -150668	(delta): 15350.8
3 (EM) 	Elapsed: 0.044	Loglikelihood: -147042	(delta): 3625.89
4 (EM) 	Elapsed: 0.044	Loglikelihood: -144701	(delta): 2341.08
5 (EM) 	Elapsed: 0.043	Loglikelihood: -142793	(delta): 1908.41
Initial loglikelihood: -142793
Starting main algorithm
1 (QN/Block) 	Elapsed: 0.067	Loglikelihood: -104690	(delta): 38102.4
2 (QN/Block) 	Elapsed: 0.066	Loglikelihood: -91184.3	(delta): 13506
3 (QN/Block) 	Elapsed: 0.072	Loglikelihood: -84810	(delta): 6374.29
4 (QN/Block) 	Elapsed: 0.076	Loglikelihood: -80951.4	(delta): 3858.64
5 (QN/Block) 	Elapsed: 0.075	Loglikelihood: -79253.6	(delta): 1697.77
6 (QN/Block) 	Elapsed: 0.076	Loglikelihood: -78306	(delta): 947.561
7 (QN/Block) 	Elapsed: 0.07	Loglikelihood: -77978.8	(delta): 327.275
8 (QN/Block) 	Elapsed: 0.072	Loglikelihood: -77876.7	(delta): 102.093
9 (QN/Block) 	Elapsed: 0.073	Loglikelihood: -77857.2	(delta): 19.4661
10 (QN/Block) 	Elapsed: 0.082	Loglikelihood: -77853.1	(delta): 4.14001
11 (QN/Block) 	Elapsed: 0.074	Loglikelihood: -77852.5	(delta): 0.572997
12 (QN/Block) 	Elapsed: 0.073	Loglikelihood: -77852.5	(delta): 0.0128241
13 (QN/Block) 	Elapsed: 0.073	Loglikelihood: -77852.5	(delta): 0.000474683
14 (QN/Block) 	Elapsed: 0.075	Loglikelihood: -77852.5	(delta): 2.87558e-05
Summary: 
Converged in 14 iterations (1.277 sec)
Loglikelihood: -77852.485664
Fst divergences between estimated populations: 
	Pop0	Pop1	Pop2	Pop3	Pop4	Pop5	Pop6	
Pop0	
Pop1	0.516	
Pop2	0.149	0.518	
Pop3	0.417	0.624	0.390	
Pop4	0.280	0.520	0.239	0.327	
Pop5	0.519	0.382	0.521	0.627	0.523	
Pop6	0.318	0.559	0.276	0.310	0.185	0.563	
Pop7	0.290	0.512	0.260	0.307	0.180	0.514	0.192	
CV error (K=8): 0.28943
Writing output files.
