****                   ADMIXTURE Version 1.3.0                  ****
****                    Copyright 2008-2015                     ****
****           David Alexander, Suyash Shringarpure,            ****
****                John  Novembre, Ken Lange                   ****
****                                                            ****
****                 Please cite our paper!                     ****
****   Information at www.genetics.ucla.edu/software/admixture  ****

Parallel execution requested.  Will use 8 threads.
Cross-validation will be performed.  Folds=10.
Random seed: 2935
Point estimation method: Block relaxation algorithm
Convergence acceleration algorithm: QuasiNewton, 3 secant conditions
Point estimation will terminate when objective function delta < 0.0001
Estimation of standard errors disabled; will compute point estimates only.
Size of G: 66x7633
Performing five EM steps to prime main algorithm
1 (EM) 	Elapsed: 0.045	Loglikelihood: -165996	(delta): 500010
2 (EM) 	Elapsed: 0.044	Loglikelihood: -149535	(delta): 16461
3 (EM) 	Elapsed: 0.045	Loglikelihood: -145077	(delta): 4458.38
4 (EM) 	Elapsed: 0.047	Loglikelihood: -141938	(delta): 3138.25
5 (EM) 	Elapsed: 0.045	Loglikelihood: -139239	(delta): 2699.76
Initial loglikelihood: -139239
Starting main algorithm
1 (QN/Block) 	Elapsed: 0.069	Loglikelihood: -103487	(delta): 35751.1
2 (QN/Block) 	Elapsed: 0.067	Loglikelihood: -92626	(delta): 10861.5
3 (QN/Block) 	Elapsed: 0.077	Loglikelihood: -87299.8	(delta): 5326.2
4 (QN/Block) 	Elapsed: 0.072	Loglikelihood: -83267.1	(delta): 4032.65
5 (QN/Block) 	Elapsed: 0.072	Loglikelihood: -80518.4	(delta): 2748.74
6 (QN/Block) 	Elapsed: 0.07	Loglikelihood: -78984.9	(delta): 1533.48
7 (QN/Block) 	Elapsed: 0.073	Loglikelihood: -78239.8	(delta): 745.109
8 (QN/Block) 	Elapsed: 0.07	Loglikelihood: -77940.1	(delta): 299.729
9 (QN/Block) 	Elapsed: 0.072	Loglikelihood: -77865.8	(delta): 74.3352
10 (QN/Block) 	Elapsed: 0.07	Loglikelihood: -77850.8	(delta): 14.9364
11 (QN/Block) 	Elapsed: 0.071	Loglikelihood: -77847	(delta): 3.80381
12 (QN/Block) 	Elapsed: 0.075	Loglikelihood: -77846.6	(delta): 0.456755
13 (QN/Block) 	Elapsed: 0.078	Loglikelihood: -77846.6	(delta): 0.000159719
14 (QN/Block) 	Elapsed: 0.077	Loglikelihood: -77846.6	(delta): 6.60791e-06
Summary: 
Converged in 14 iterations (1.277 sec)
Loglikelihood: -77846.553083
Fst divergences between estimated populations: 
	Pop0	Pop1	Pop2	Pop3	Pop4	Pop5	Pop6	
Pop0	
Pop1	0.249	
Pop2	0.515	0.513	
Pop3	0.306	0.379	0.628	
Pop4	0.179	0.229	0.524	0.327	
Pop5	0.191	0.267	0.564	0.310	0.185	
Pop6	0.466	0.377	0.633	0.607	0.474	0.515	
Pop7	0.512	0.511	0.385	0.625	0.522	0.560	0.626	
CV error (K=8): 0.28486
Writing output files.
