****                   ADMIXTURE Version 1.3.0                  ****
****                    Copyright 2008-2015                     ****
****           David Alexander, Suyash Shringarpure,            ****
****                John  Novembre, Ken Lange                   ****
****                                                            ****
****                 Please cite our paper!                     ****
****   Information at www.genetics.ucla.edu/software/admixture  ****

Parallel execution requested.  Will use 8 threads.
Cross-validation will be performed.  Folds=10.
Random seed: 1233
Point estimation method: Block relaxation algorithm
Convergence acceleration algorithm: QuasiNewton, 3 secant conditions
Point estimation will terminate when objective function delta < 0.0001
Estimation of standard errors disabled; will compute point estimates only.
Size of G: 66x7633
Performing five EM steps to prime main algorithm
1 (EM) 	Elapsed: 0.026	Loglikelihood: -165807	(delta): 521427
2 (EM) 	Elapsed: 0.025	Loglikelihood: -151399	(delta): 14408
3 (EM) 	Elapsed: 0.025	Loglikelihood: -147767	(delta): 3632.62
4 (EM) 	Elapsed: 0.026	Loglikelihood: -145413	(delta): 2353.96
5 (EM) 	Elapsed: 0.026	Loglikelihood: -143543	(delta): 1869.86
Initial loglikelihood: -143543
Starting main algorithm
1 (QN/Block) 	Elapsed: 0.046	Loglikelihood: -114185	(delta): 29357.9
2 (QN/Block) 	Elapsed: 0.046	Loglikelihood: -106080	(delta): 8105.04
3 (QN/Block) 	Elapsed: 0.05	Loglikelihood: -99976.8	(delta): 6103.19
4 (QN/Block) 	Elapsed: 0.05	Loglikelihood: -94056.6	(delta): 5920.16
5 (QN/Block) 	Elapsed: 0.053	Loglikelihood: -90694.3	(delta): 3362.37
6 (QN/Block) 	Elapsed: 0.05	Loglikelihood: -89241.8	(delta): 1452.43
7 (QN/Block) 	Elapsed: 0.049	Loglikelihood: -88745.5	(delta): 496.34
8 (QN/Block) 	Elapsed: 0.05	Loglikelihood: -88621.3	(delta): 124.211
9 (QN/Block) 	Elapsed: 0.05	Loglikelihood: -88595.7	(delta): 25.5982
10 (QN/Block) 	Elapsed: 0.047	Loglikelihood: -88591.2	(delta): 4.48051
11 (QN/Block) 	Elapsed: 0.053	Loglikelihood: -88590.9	(delta): 0.296493
12 (QN/Block) 	Elapsed: 0.048	Loglikelihood: -88590.8	(delta): 0.0484487
13 (QN/Block) 	Elapsed: 0.046	Loglikelihood: -88590.8	(delta): 0.0208642
14 (QN/Block) 	Elapsed: 0.048	Loglikelihood: -88590.8	(delta): 0.0170614
15 (QN/Block) 	Elapsed: 0.045	Loglikelihood: -88590.8	(delta): 0.00110893
16 (QN/Block) 	Elapsed: 0.047	Loglikelihood: -88590.8	(delta): 0.00134511
17 (QN/Block) 	Elapsed: 0.048	Loglikelihood: -88590.8	(delta): 5.16455e-05
Summary: 
Converged in 17 iterations (0.988 sec)
Loglikelihood: -88590.804818
Fst divergences between estimated populations: 
	Pop0	Pop1	Pop2	Pop3	
Pop0	
Pop1	0.298	
Pop2	0.450	0.554	
Pop3	0.208	0.369	0.436	
Pop4	0.151	0.303	0.452	0.243	
CV error (K=5): 0.26607
Writing output files.
