****                   ADMIXTURE Version 1.3.0                  ****
****                    Copyright 2008-2015                     ****
****           David Alexander, Suyash Shringarpure,            ****
****                John  Novembre, Ken Lange                   ****
****                                                            ****
****                 Please cite our paper!                     ****
****   Information at www.genetics.ucla.edu/software/admixture  ****

Parallel execution requested.  Will use 8 threads.
Cross-validation will be performed.  Folds=10.
Random seed: 3270
Point estimation method: Block relaxation algorithm
Convergence acceleration algorithm: QuasiNewton, 3 secant conditions
Point estimation will terminate when objective function delta < 0.0001
Estimation of standard errors disabled; will compute point estimates only.
Size of G: 66x7633
Performing five EM steps to prime main algorithm
1 (EM) 	Elapsed: 0.027	Loglikelihood: -166853	(delta): 518956
2 (EM) 	Elapsed: 0.027	Loglikelihood: -152274	(delta): 14579.2
3 (EM) 	Elapsed: 0.027	Loglikelihood: -149216	(delta): 3058.32
4 (EM) 	Elapsed: 0.027	Loglikelihood: -147413	(delta): 1802.71
5 (EM) 	Elapsed: 0.027	Loglikelihood: -146045	(delta): 1368.31
Initial loglikelihood: -146045
Starting main algorithm
1 (QN/Block) 	Elapsed: 0.044	Loglikelihood: -114819	(delta): 31226.1
2 (QN/Block) 	Elapsed: 0.043	Loglikelihood: -100426	(delta): 14392.2
3 (QN/Block) 	Elapsed: 0.048	Loglikelihood: -94720.2	(delta): 5706.18
4 (QN/Block) 	Elapsed: 0.047	Loglikelihood: -91478.1	(delta): 3242.13
5 (QN/Block) 	Elapsed: 0.047	Loglikelihood: -89570.4	(delta): 1907.71
6 (QN/Block) 	Elapsed: 0.048	Loglikelihood: -88488.2	(delta): 1082.22
7 (QN/Block) 	Elapsed: 0.046	Loglikelihood: -88317	(delta): 171.133
8 (QN/Block) 	Elapsed: 0.048	Loglikelihood: -88214.2	(delta): 102.796
9 (QN/Block) 	Elapsed: 0.046	Loglikelihood: -88209.1	(delta): 5.12295
10 (QN/Block) 	Elapsed: 0.046	Loglikelihood: -88209	(delta): 0.136651
11 (QN/Block) 	Elapsed: 0.046	Loglikelihood: -88208.9	(delta): 0.0434977
12 (QN/Block) 	Elapsed: 0.049	Loglikelihood: -88208.8	(delta): 0.0892565
13 (QN/Block) 	Elapsed: 0.046	Loglikelihood: -88208.8	(delta): 0.00264167
14 (QN/Block) 	Elapsed: 0.047	Loglikelihood: -88208.8	(delta): 0.00294509
15 (QN/Block) 	Elapsed: 0.048	Loglikelihood: -88208.8	(delta): 8.52942e-05
Summary: 
Converged in 15 iterations (0.866 sec)
Loglikelihood: -88208.843804
Fst divergences between estimated populations: 
	Pop0	Pop1	Pop2	Pop3	
Pop0	
Pop1	0.271	
Pop2	0.140	0.326	
Pop3	0.216	0.371	0.226	
Pop4	0.443	0.554	0.459	0.436	
CV error (K=5): 0.26289
Writing output files.
