****                   ADMIXTURE Version 1.3.0                  ****
****                    Copyright 2008-2015                     ****
****           David Alexander, Suyash Shringarpure,            ****
****                John  Novembre, Ken Lange                   ****
****                                                            ****
****                 Please cite our paper!                     ****
****   Information at www.genetics.ucla.edu/software/admixture  ****

Parallel execution requested.  Will use 8 threads.
Cross-validation will be performed.  Folds=10.
Random seed: 3472
Point estimation method: Block relaxation algorithm
Convergence acceleration algorithm: QuasiNewton, 3 secant conditions
Point estimation will terminate when objective function delta < 0.0001
Estimation of standard errors disabled; will compute point estimates only.
Size of G: 66x7633
Performing five EM steps to prime main algorithm
1 (EM) 	Elapsed: 0.036	Loglikelihood: -166138	(delta): 503517
2 (EM) 	Elapsed: 0.035	Loglikelihood: -150805	(delta): 15332.7
3 (EM) 	Elapsed: 0.035	Loglikelihood: -147136	(delta): 3669.49
4 (EM) 	Elapsed: 0.035	Loglikelihood: -144726	(delta): 2409.81
5 (EM) 	Elapsed: 0.039	Loglikelihood: -142776	(delta): 1950.21
Initial loglikelihood: -142776
Starting main algorithm
1 (QN/Block) 	Elapsed: 0.063	Loglikelihood: -110856	(delta): 31919.4
2 (QN/Block) 	Elapsed: 0.062	Loglikelihood: -98110	(delta): 12746.3
3 (QN/Block) 	Elapsed: 0.067	Loglikelihood: -92183	(delta): 5927.01
4 (QN/Block) 	Elapsed: 0.068	Loglikelihood: -88020.6	(delta): 4162.36
5 (QN/Block) 	Elapsed: 0.066	Loglikelihood: -85141.3	(delta): 2879.36
6 (QN/Block) 	Elapsed: 0.065	Loglikelihood: -83414.5	(delta): 1726.72
7 (QN/Block) 	Elapsed: 0.072	Loglikelihood: -82665.1	(delta): 749.407
8 (QN/Block) 	Elapsed: 0.069	Loglikelihood: -82411.7	(delta): 253.475
9 (QN/Block) 	Elapsed: 0.067	Loglikelihood: -82269.6	(delta): 142.034
10 (QN/Block) 	Elapsed: 0.065	Loglikelihood: -82199.5	(delta): 70.103
11 (QN/Block) 	Elapsed: 0.064	Loglikelihood: -82170.9	(delta): 28.6597
12 (QN/Block) 	Elapsed: 0.067	Loglikelihood: -82163.5	(delta): 7.38934
13 (QN/Block) 	Elapsed: 0.069	Loglikelihood: -82159.6	(delta): 3.85638
14 (QN/Block) 	Elapsed: 0.069	Loglikelihood: -82159.3	(delta): 0.276084
15 (QN/Block) 	Elapsed: 0.067	Loglikelihood: -82159.3	(delta): 0.0029803
16 (QN/Block) 	Elapsed: 0.064	Loglikelihood: -82159.3	(delta): 0.000260968
17 (QN/Block) 	Elapsed: 0.063	Loglikelihood: -82159.3	(delta): 2.67918e-06
Summary: 
Converged in 17 iterations (1.345 sec)
Loglikelihood: -82159.333501
Fst divergences between estimated populations: 
	Pop0	Pop1	Pop2	Pop3	Pop4	Pop5	
Pop0	
Pop1	0.510	
Pop2	0.231	0.507	
Pop3	0.298	0.623	0.389	
Pop4	0.151	0.511	0.261	0.303	
Pop5	0.513	0.382	0.509	0.626	0.514	
Pop6	0.227	0.515	0.109	0.392	0.263	0.518	
CV error (K=7): 0.28359
Writing output files.
