****                   ADMIXTURE Version 1.3.0                  ****
****                    Copyright 2008-2015                     ****
****           David Alexander, Suyash Shringarpure,            ****
****                John  Novembre, Ken Lange                   ****
****                                                            ****
****                 Please cite our paper!                     ****
****   Information at www.genetics.ucla.edu/software/admixture  ****

Parallel execution requested.  Will use 8 threads.
Cross-validation will be performed.  Folds=10.
Random seed: 392
Point estimation method: Block relaxation algorithm
Convergence acceleration algorithm: QuasiNewton, 3 secant conditions
Point estimation will terminate when objective function delta < 0.0001
Estimation of standard errors disabled; will compute point estimates only.
Size of G: 66x7633
Performing five EM steps to prime main algorithm
1 (EM) 	Elapsed: 0.011	Loglikelihood: -162189	(delta): 622955
2 (EM) 	Elapsed: 0.011	Loglikelihood: -154204	(delta): 7984.91
3 (EM) 	Elapsed: 0.011	Loglikelihood: -152798	(delta): 1405.31
4 (EM) 	Elapsed: 0.011	Loglikelihood: -152070	(delta): 728.797
5 (EM) 	Elapsed: 0.011	Loglikelihood: -151634	(delta): 435.843
Initial loglikelihood: -151634
Starting main algorithm
1 (QN/Block) 	Elapsed: 0.022	Loglikelihood: -137818	(delta): 13815.4
2 (QN/Block) 	Elapsed: 0.022	Loglikelihood: -131203	(delta): 6615.43
3 (QN/Block) 	Elapsed: 0.024	Loglikelihood: -128186	(delta): 3017.35
4 (QN/Block) 	Elapsed: 0.025	Loglikelihood: -124207	(delta): 3978.62
5 (QN/Block) 	Elapsed: 0.025	Loglikelihood: -120839	(delta): 3368.01
6 (QN/Block) 	Elapsed: 0.025	Loglikelihood: -119271	(delta): 1568.13
7 (QN/Block) 	Elapsed: 0.026	Loglikelihood: -118517	(delta): 753.987
8 (QN/Block) 	Elapsed: 0.025	Loglikelihood: -118163	(delta): 353.984
9 (QN/Block) 	Elapsed: 0.025	Loglikelihood: -117935	(delta): 227.814
10 (QN/Block) 	Elapsed: 0.025	Loglikelihood: -117875	(delta): 59.5621
11 (QN/Block) 	Elapsed: 0.026	Loglikelihood: -117859	(delta): 16.3894
12 (QN/Block) 	Elapsed: 0.027	Loglikelihood: -117851	(delta): 8.15614
13 (QN/Block) 	Elapsed: 0.023	Loglikelihood: -117845	(delta): 6.23932
14 (QN/Block) 	Elapsed: 0.025	Loglikelihood: -117844	(delta): 1.15753
15 (QN/Block) 	Elapsed: 0.027	Loglikelihood: -117844	(delta): 0.0495875
16 (QN/Block) 	Elapsed: 0.024	Loglikelihood: -117844	(delta): 0.000302381
17 (QN/Block) 	Elapsed: 0.023	Loglikelihood: -117844	(delta): 3.89674e-06
Summary: 
Converged in 17 iterations (0.501 sec)
Loglikelihood: -117843.506870
Fst divergences between estimated populations: 
	Pop0	
Pop0	
Pop1	0.408	
CV error (K=2): 0.28760
Writing output files.
