****                   ADMIXTURE Version 1.3.0                  ****
****                    Copyright 2008-2015                     ****
****           David Alexander, Suyash Shringarpure,            ****
****                John  Novembre, Ken Lange                   ****
****                                                            ****
****                 Please cite our paper!                     ****
****   Information at www.genetics.ucla.edu/software/admixture  ****

Parallel execution requested.  Will use 8 threads.
Cross-validation will be performed.  Folds=10.
Random seed: 4824
Point estimation method: Block relaxation algorithm
Convergence acceleration algorithm: QuasiNewton, 3 secant conditions
Point estimation will terminate when objective function delta < 0.0001
Estimation of standard errors disabled; will compute point estimates only.
Size of G: 66x7633
Performing five EM steps to prime main algorithm
1 (EM) 	Elapsed: 0.062	Loglikelihood: -166464	(delta): 491846
2 (EM) 	Elapsed: 0.06	Loglikelihood: -149689	(delta): 16775
3 (EM) 	Elapsed: 0.06	Loglikelihood: -145312	(delta): 4377.07
4 (EM) 	Elapsed: 0.061	Loglikelihood: -142042	(delta): 3269.49
5 (EM) 	Elapsed: 0.059	Loglikelihood: -139034	(delta): 3007.94
Initial loglikelihood: -139034
Starting main algorithm
1 (QN/Block) 	Elapsed: 0.082	Loglikelihood: -100763	(delta): 38271.4
2 (QN/Block) 	Elapsed: 0.082	Loglikelihood: -89796.8	(delta): 10966
3 (QN/Block) 	Elapsed: 0.091	Loglikelihood: -82824.4	(delta): 6972.44
4 (QN/Block) 	Elapsed: 0.092	Loglikelihood: -78757.9	(delta): 4066.43
5 (QN/Block) 	Elapsed: 0.092	Loglikelihood: -77063	(delta): 1694.91
6 (QN/Block) 	Elapsed: 0.094	Loglikelihood: -75938.9	(delta): 1124.13
7 (QN/Block) 	Elapsed: 0.091	Loglikelihood: -75388.4	(delta): 550.535
8 (QN/Block) 	Elapsed: 0.09	Loglikelihood: -74958.6	(delta): 429.783
9 (QN/Block) 	Elapsed: 0.093	Loglikelihood: -74169.9	(delta): 788.665
10 (QN/Block) 	Elapsed: 0.095	Loglikelihood: -73927.3	(delta): 242.614
11 (QN/Block) 	Elapsed: 0.092	Loglikelihood: -73862.5	(delta): 64.8403
12 (QN/Block) 	Elapsed: 0.099	Loglikelihood: -73837.1	(delta): 25.3406
13 (QN/Block) 	Elapsed: 0.097	Loglikelihood: -73820.8	(delta): 16.3044
14 (QN/Block) 	Elapsed: 0.099	Loglikelihood: -73813.6	(delta): 7.2232
15 (QN/Block) 	Elapsed: 0.096	Loglikelihood: -73807.2	(delta): 6.37919
16 (QN/Block) 	Elapsed: 0.097	Loglikelihood: -73804.5	(delta): 2.71907
17 (QN/Block) 	Elapsed: 0.091	Loglikelihood: -73803.1	(delta): 1.45479
18 (QN/Block) 	Elapsed: 0.091	Loglikelihood: -73803	(delta): 0.0367909
19 (QN/Block) 	Elapsed: 0.097	Loglikelihood: -73803	(delta): 0.0036242
20 (QN/Block) 	Elapsed: 0.093	Loglikelihood: -73803	(delta): 4.95368e-05
Summary: 
Converged in 20 iterations (2.207 sec)
Loglikelihood: -73803.012459
Fst divergences between estimated populations: 
	Pop0	Pop1	Pop2	Pop3	Pop4	Pop5	Pop6	Pop7	Pop8	
Pop0	
Pop1	0.587	
Pop2	0.535	0.325	
Pop3	0.559	0.314	0.246	
Pop4	0.467	0.693	0.636	0.665	
Pop5	0.535	0.306	0.157	0.211	0.639	
Pop6	0.625	0.437	0.357	0.312	0.736	0.335	
Pop7	0.495	0.321	0.284	0.266	0.595	0.269	0.372	
Pop8	0.390	0.611	0.558	0.582	0.564	0.558	0.647	0.516	
Pop9	0.528	0.218	0.238	0.196	0.633	0.210	0.339	0.237	0.552	
CV error (K=10): 0.30484
Writing output files.
