****                   ADMIXTURE Version 1.3.0                  ****
****                    Copyright 2008-2015                     ****
****           David Alexander, Suyash Shringarpure,            ****
****                John  Novembre, Ken Lange                   ****
****                                                            ****
****                 Please cite our paper!                     ****
****   Information at www.genetics.ucla.edu/software/admixture  ****

Parallel execution requested.  Will use 8 threads.
Cross-validation will be performed.  Folds=10.
Random seed: 2940
Point estimation method: Block relaxation algorithm
Convergence acceleration algorithm: QuasiNewton, 3 secant conditions
Point estimation will terminate when objective function delta < 0.0001
Estimation of standard errors disabled; will compute point estimates only.
Size of G: 66x7633
Performing five EM steps to prime main algorithm
1 (EM) 	Elapsed: 0.04	Loglikelihood: -166198	(delta): 501145
2 (EM) 	Elapsed: 0.04	Loglikelihood: -150345	(delta): 15853.1
3 (EM) 	Elapsed: 0.039	Loglikelihood: -146393	(delta): 3952
4 (EM) 	Elapsed: 0.041	Loglikelihood: -143516	(delta): 2876.78
5 (EM) 	Elapsed: 0.053	Loglikelihood: -140851	(delta): 2665.01
Initial loglikelihood: -140851
Starting main algorithm
1 (QN/Block) 	Elapsed: 0.118	Loglikelihood: -101782	(delta): 39069
2 (QN/Block) 	Elapsed: 0.128	Loglikelihood: -90911.7	(delta): 10870.1
3 (QN/Block) 	Elapsed: 0.148	Loglikelihood: -84088	(delta): 6823.75
4 (QN/Block) 	Elapsed: 0.154	Loglikelihood: -80596.1	(delta): 3491.88
5 (QN/Block) 	Elapsed: 0.141	Loglikelihood: -79126.7	(delta): 1469.36
6 (QN/Block) 	Elapsed: 0.137	Loglikelihood: -78450.6	(delta): 676.134
7 (QN/Block) 	Elapsed: 0.141	Loglikelihood: -78248.3	(delta): 202.27
8 (QN/Block) 	Elapsed: 0.148	Loglikelihood: -78184.8	(delta): 63.4941
9 (QN/Block) 	Elapsed: 0.145	Loglikelihood: -78170.5	(delta): 14.3488
10 (QN/Block) 	Elapsed: 0.15	Loglikelihood: -78143	(delta): 27.5242
11 (QN/Block) 	Elapsed: 0.136	Loglikelihood: -78111.1	(delta): 31.8616
12 (QN/Block) 	Elapsed: 0.156	Loglikelihood: -78106.7	(delta): 4.41527
13 (QN/Block) 	Elapsed: 0.138	Loglikelihood: -78105	(delta): 1.65273
14 (QN/Block) 	Elapsed: 0.156	Loglikelihood: -78104.4	(delta): 0.608272
15 (QN/Block) 	Elapsed: 0.087	Loglikelihood: -78104.3	(delta): 0.0798452
16 (QN/Block) 	Elapsed: 0.085	Loglikelihood: -78104.3	(delta): 8.00065e-05
Summary: 
Converged in 16 iterations (2.453 sec)
Loglikelihood: -78104.336035
Fst divergences between estimated populations: 
	Pop0	Pop1	Pop2	Pop3	Pop4	Pop5	Pop6	
Pop0	
Pop1	0.372	
Pop2	0.501	0.629	
Pop3	0.261	0.367	0.547	
Pop4	0.246	0.350	0.545	0.140	
Pop5	0.263	0.310	0.564	0.233	0.204	
Pop6	0.245	0.307	0.516	0.214	0.199	0.191	
Pop7	0.498	0.625	0.383	0.543	0.541	0.560	0.512	
CV error (K=8): 0.28316
Writing output files.
