****                   ADMIXTURE Version 1.3.0                  ****
****                    Copyright 2008-2015                     ****
****           David Alexander, Suyash Shringarpure,            ****
****                John  Novembre, Ken Lange                   ****
****                                                            ****
****                 Please cite our paper!                     ****
****   Information at www.genetics.ucla.edu/software/admixture  ****

Parallel execution requested.  Will use 8 threads.
Cross-validation will be performed.  Folds=10.
Random seed: 617
Point estimation method: Block relaxation algorithm
Convergence acceleration algorithm: QuasiNewton, 3 secant conditions
Point estimation will terminate when objective function delta < 0.0001
Estimation of standard errors disabled; will compute point estimates only.
Size of G: 66x7633
Performing five EM steps to prime main algorithm
1 (EM) 	Elapsed: 0.057	Loglikelihood: -165950	(delta): 491506
2 (EM) 	Elapsed: 0.056	Loglikelihood: -149531	(delta): 16419
3 (EM) 	Elapsed: 0.056	Loglikelihood: -145423	(delta): 4107.52
4 (EM) 	Elapsed: 0.056	Loglikelihood: -142542	(delta): 2881.17
5 (EM) 	Elapsed: 0.059	Loglikelihood: -139998	(delta): 2543.76
Initial loglikelihood: -139998
Starting main algorithm
1 (QN/Block) 	Elapsed: 0.082	Loglikelihood: -98527.7	(delta): 41470.4
2 (QN/Block) 	Elapsed: 0.083	Loglikelihood: -85773.2	(delta): 12754.5
3 (QN/Block) 	Elapsed: 0.09	Loglikelihood: -80821.9	(delta): 4951.24
4 (QN/Block) 	Elapsed: 0.09	Loglikelihood: -77550.7	(delta): 3271.27
5 (QN/Block) 	Elapsed: 0.092	Loglikelihood: -75642.4	(delta): 1908.25
6 (QN/Block) 	Elapsed: 0.09	Loglikelihood: -74646.3	(delta): 996.143
7 (QN/Block) 	Elapsed: 0.092	Loglikelihood: -74212	(delta): 434.242
8 (QN/Block) 	Elapsed: 0.091	Loglikelihood: -73898.7	(delta): 313.365
9 (QN/Block) 	Elapsed: 0.101	Loglikelihood: -73827	(delta): 71.7114
10 (QN/Block) 	Elapsed: 0.09	Loglikelihood: -73804.3	(delta): 22.6064
11 (QN/Block) 	Elapsed: 0.089	Loglikelihood: -73800.9	(delta): 3.42233
12 (QN/Block) 	Elapsed: 0.101	Loglikelihood: -73798.5	(delta): 2.44742
13 (QN/Block) 	Elapsed: 0.103	Loglikelihood: -73782.6	(delta): 15.9145
14 (QN/Block) 	Elapsed: 0.107	Loglikelihood: -73756.4	(delta): 26.2006
15 (QN/Block) 	Elapsed: 0.099	Loglikelihood: -73743.1	(delta): 13.2268
16 (QN/Block) 	Elapsed: 0.105	Loglikelihood: -73731.2	(delta): 11.9783
17 (QN/Block) 	Elapsed: 0.101	Loglikelihood: -73720.5	(delta): 10.6516
18 (QN/Block) 	Elapsed: 0.096	Loglikelihood: -73710.5	(delta): 10.0024
19 (QN/Block) 	Elapsed: 0.093	Loglikelihood: -73698.5	(delta): 11.9927
20 (QN/Block) 	Elapsed: 0.099	Loglikelihood: -73659.6	(delta): 38.8651
21 (QN/Block) 	Elapsed: 0.098	Loglikelihood: -73632.2	(delta): 27.4356
22 (QN/Block) 	Elapsed: 0.098	Loglikelihood: -73593	(delta): 39.2193
23 (QN/Block) 	Elapsed: 0.098	Loglikelihood: -73587	(delta): 6.0198
24 (QN/Block) 	Elapsed: 0.1	Loglikelihood: -73586.5	(delta): 0.468974
25 (QN/Block) 	Elapsed: 0.107	Loglikelihood: -73584.9	(delta): 1.55991
26 (QN/Block) 	Elapsed: 0.095	Loglikelihood: -73557.8	(delta): 27.1385
27 (QN/Block) 	Elapsed: 0.09	Loglikelihood: -73531	(delta): 26.769
28 (QN/Block) 	Elapsed: 0.092	Loglikelihood: -73529.1	(delta): 1.95454
29 (QN/Block) 	Elapsed: 0.094	Loglikelihood: -73529.1	(delta): 0.0179577
30 (QN/Block) 	Elapsed: 0.09	Loglikelihood: -73529.1	(delta): 0.000142782
31 (QN/Block) 	Elapsed: 0.093	Loglikelihood: -73529.1	(delta): 5.37097e-07
Summary: 
Converged in 31 iterations (3.304 sec)
Loglikelihood: -73529.060798
Fst divergences between estimated populations: 
	Pop0	Pop1	Pop2	Pop3	Pop4	Pop5	Pop6	Pop7	Pop8	
Pop0	
Pop1	0.609	
Pop2	0.632	0.193	
Pop3	0.468	0.509	0.528	
Pop4	0.611	0.252	0.248	0.511	
Pop5	0.737	0.307	0.344	0.625	0.383	
Pop6	0.646	0.207	0.109	0.541	0.258	0.359	
Pop7	0.664	0.191	0.207	0.558	0.269	0.310	0.212	
Pop8	0.566	0.532	0.553	0.393	0.534	0.648	0.567	0.583	
Pop9	0.645	0.338	0.347	0.544	0.206	0.469	0.358	0.373	0.568	
CV error (K=10): 0.30413
Writing output files.
