****                   ADMIXTURE Version 1.3.0                  ****
****                    Copyright 2008-2015                     ****
****           David Alexander, Suyash Shringarpure,            ****
****                John  Novembre, Ken Lange                   ****
****                                                            ****
****                 Please cite our paper!                     ****
****   Information at www.genetics.ucla.edu/software/admixture  ****

Parallel execution requested.  Will use 8 threads.
Cross-validation will be performed.  Folds=10.
Random seed: 826
Point estimation method: Block relaxation algorithm
Convergence acceleration algorithm: QuasiNewton, 3 secant conditions
Point estimation will terminate when objective function delta < 0.0001
Estimation of standard errors disabled; will compute point estimates only.
Size of G: 66x7633
Performing five EM steps to prime main algorithm
1 (EM) 	Elapsed: 0.025	Loglikelihood: -165143	(delta): 524705
2 (EM) 	Elapsed: 0.025	Loglikelihood: -149965	(delta): 15177.3
3 (EM) 	Elapsed: 0.028	Loglikelihood: -145671	(delta): 4294.64
4 (EM) 	Elapsed: 0.025	Loglikelihood: -142688	(delta): 2982.57
5 (EM) 	Elapsed: 0.025	Loglikelihood: -140197	(delta): 2491.45
Initial loglikelihood: -140197
Starting main algorithm
1 (QN/Block) 	Elapsed: 0.044	Loglikelihood: -110663	(delta): 29533.7
2 (QN/Block) 	Elapsed: 0.044	Loglikelihood: -99776.2	(delta): 10886.7
3 (QN/Block) 	Elapsed: 0.048	Loglikelihood: -94023.5	(delta): 5752.72
4 (QN/Block) 	Elapsed: 0.05	Loglikelihood: -91024.9	(delta): 2998.6
5 (QN/Block) 	Elapsed: 0.048	Loglikelihood: -89375.7	(delta): 1649.24
6 (QN/Block) 	Elapsed: 0.049	Loglikelihood: -88749.5	(delta): 626.125
7 (QN/Block) 	Elapsed: 0.051	Loglikelihood: -88606.8	(delta): 142.755
8 (QN/Block) 	Elapsed: 0.051	Loglikelihood: -88594.8	(delta): 11.945
9 (QN/Block) 	Elapsed: 0.049	Loglikelihood: -88594.3	(delta): 0.55785
10 (QN/Block) 	Elapsed: 0.046	Loglikelihood: -88594.2	(delta): 0.0554011
11 (QN/Block) 	Elapsed: 0.047	Loglikelihood: -88594.1	(delta): 0.102559
12 (QN/Block) 	Elapsed: 0.047	Loglikelihood: -88594.1	(delta): 0.00846067
13 (QN/Block) 	Elapsed: 0.046	Loglikelihood: -88594.1	(delta): 0.0089585
14 (QN/Block) 	Elapsed: 0.047	Loglikelihood: -88594.1	(delta): 0.00184078
15 (QN/Block) 	Elapsed: 0.047	Loglikelihood: -88594.1	(delta): 0.00133994
16 (QN/Block) 	Elapsed: 0.049	Loglikelihood: -88594.1	(delta): 0.000184093
17 (QN/Block) 	Elapsed: 0.047	Loglikelihood: -88594.1	(delta): 4.18326e-05
Summary: 
Converged in 17 iterations (0.974 sec)
Loglikelihood: -88594.105583
Fst divergences between estimated populations: 
	Pop0	Pop1	Pop2	Pop3	
Pop0	
Pop1	0.151	
Pop2	0.303	0.298	
Pop3	0.243	0.208	0.369	
Pop4	0.452	0.450	0.554	0.436	
CV error (K=5): 0.26494
Writing output files.
