****                   ADMIXTURE Version 1.3.0                  ****
****                    Copyright 2008-2015                     ****
****           David Alexander, Suyash Shringarpure,            ****
****                John  Novembre, Ken Lange                   ****
****                                                            ****
****                 Please cite our paper!                     ****
****   Information at www.genetics.ucla.edu/software/admixture  ****

Parallel execution requested.  Will use 8 threads.
Cross-validation will be performed.  Folds=10.
Random seed: 3078
Point estimation method: Block relaxation algorithm
Convergence acceleration algorithm: QuasiNewton, 3 secant conditions
Point estimation will terminate when objective function delta < 0.0001
Estimation of standard errors disabled; will compute point estimates only.
Size of G: 66x7633
Performing five EM steps to prime main algorithm
1 (EM) 	Elapsed: 0.038	Loglikelihood: -166772	(delta): 505991
2 (EM) 	Elapsed: 0.038	Loglikelihood: -150807	(delta): 15965.2
3 (EM) 	Elapsed: 0.038	Loglikelihood: -146844	(delta): 3963.35
4 (EM) 	Elapsed: 0.038	Loglikelihood: -144078	(delta): 2765.61
5 (EM) 	Elapsed: 0.038	Loglikelihood: -141634	(delta): 2444.71
Initial loglikelihood: -141634
Starting main algorithm
1 (QN/Block) 	Elapsed: 0.059	Loglikelihood: -105232	(delta): 36401.1
2 (QN/Block) 	Elapsed: 0.057	Loglikelihood: -93692.4	(delta): 11540
3 (QN/Block) 	Elapsed: 0.062	Loglikelihood: -89484.6	(delta): 4207.74
4 (QN/Block) 	Elapsed: 0.063	Loglikelihood: -86077.9	(delta): 3406.78
5 (QN/Block) 	Elapsed: 0.066	Loglikelihood: -83549.3	(delta): 2528.53
6 (QN/Block) 	Elapsed: 0.06	Loglikelihood: -82627.3	(delta): 922.042
7 (QN/Block) 	Elapsed: 0.063	Loglikelihood: -82246.5	(delta): 380.765
8 (QN/Block) 	Elapsed: 0.064	Loglikelihood: -82080.2	(delta): 166.351
9 (QN/Block) 	Elapsed: 0.066	Loglikelihood: -82021.3	(delta): 58.9069
10 (QN/Block) 	Elapsed: 0.066	Loglikelihood: -82009.9	(delta): 11.3608
11 (QN/Block) 	Elapsed: 0.062	Loglikelihood: -82009.8	(delta): 0.109735
12 (QN/Block) 	Elapsed: 0.067	Loglikelihood: -82009.8	(delta): 0.0182097
13 (QN/Block) 	Elapsed: 0.064	Loglikelihood: -82009.8	(delta): 0.00283223
14 (QN/Block) 	Elapsed: 0.067	Loglikelihood: -82009.8	(delta): 0.000288803
15 (QN/Block) 	Elapsed: 0.064	Loglikelihood: -82009.8	(delta): 3.92232e-07
Summary: 
Converged in 15 iterations (1.177 sec)
Loglikelihood: -82009.771125
Fst divergences between estimated populations: 
	Pop0	Pop1	Pop2	Pop3	Pop4	Pop5	
Pop0	
Pop1	0.629	
Pop2	0.553	0.363	
Pop3	0.508	0.272	0.176	
Pop4	0.501	0.371	0.257	0.217	
Pop5	0.535	0.340	0.111	0.153	0.238	
Pop6	0.386	0.625	0.547	0.503	0.498	0.529	
CV error (K=7): 0.27722
Writing output files.
