****                   ADMIXTURE Version 1.3.0                  ****
****                    Copyright 2008-2015                     ****
****           David Alexander, Suyash Shringarpure,            ****
****                John  Novembre, Ken Lange                   ****
****                                                            ****
****                 Please cite our paper!                     ****
****   Information at www.genetics.ucla.edu/software/admixture  ****

Parallel execution requested.  Will use 8 threads.
Cross-validation will be performed.  Folds=10.
Random seed: 3552
Point estimation method: Block relaxation algorithm
Convergence acceleration algorithm: QuasiNewton, 3 secant conditions
Point estimation will terminate when objective function delta < 0.0001
Estimation of standard errors disabled; will compute point estimates only.
Size of G: 66x7633
Performing five EM steps to prime main algorithm
1 (EM) 	Elapsed: 0.036	Loglikelihood: -165967	(delta): 506550
2 (EM) 	Elapsed: 0.035	Loglikelihood: -150302	(delta): 15665.1
3 (EM) 	Elapsed: 0.036	Loglikelihood: -146372	(delta): 3929.84
4 (EM) 	Elapsed: 0.035	Loglikelihood: -143663	(delta): 2709.01
5 (EM) 	Elapsed: 0.035	Loglikelihood: -141318	(delta): 2345.32
Initial loglikelihood: -141318
Starting main algorithm
1 (QN/Block) 	Elapsed: 0.06	Loglikelihood: -105110	(delta): 36207.8
2 (QN/Block) 	Elapsed: 0.058	Loglikelihood: -94196.9	(delta): 10912.8
3 (QN/Block) 	Elapsed: 0.065	Loglikelihood: -88483.8	(delta): 5713.18
4 (QN/Block) 	Elapsed: 0.066	Loglikelihood: -85247.2	(delta): 3236.56
5 (QN/Block) 	Elapsed: 0.068	Loglikelihood: -83273.4	(delta): 1973.82
6 (QN/Block) 	Elapsed: 0.065	Loglikelihood: -82123.9	(delta): 1149.52
7 (QN/Block) 	Elapsed: 0.067	Loglikelihood: -80718.1	(delta): 1405.8
8 (QN/Block) 	Elapsed: 0.063	Loglikelihood: -80240.1	(delta): 477.932
9 (QN/Block) 	Elapsed: 0.067	Loglikelihood: -80038.5	(delta): 201.652
10 (QN/Block) 	Elapsed: 0.066	Loglikelihood: -79939.4	(delta): 99.0528
11 (QN/Block) 	Elapsed: 0.064	Loglikelihood: -79883.8	(delta): 55.6482
12 (QN/Block) 	Elapsed: 0.067	Loglikelihood: -79854.4	(delta): 29.4184
13 (QN/Block) 	Elapsed: 0.068	Loglikelihood: -79846.6	(delta): 7.78145
14 (QN/Block) 	Elapsed: 0.067	Loglikelihood: -79845.9	(delta): 0.712989
15 (QN/Block) 	Elapsed: 0.065	Loglikelihood: -79845.9	(delta): 0.00686034
16 (QN/Block) 	Elapsed: 0.065	Loglikelihood: -79845.9	(delta): 0.00137
17 (QN/Block) 	Elapsed: 0.062	Loglikelihood: -79845.9	(delta): 0.000196534
18 (QN/Block) 	Elapsed: 0.062	Loglikelihood: -79845.9	(delta): 1.28068e-06
Summary: 
Converged in 18 iterations (1.383 sec)
Loglikelihood: -79845.864407
Fst divergences between estimated populations: 
	Pop0	Pop1	Pop2	Pop3	Pop4	Pop5	
Pop0	
Pop1	0.245	
Pop2	0.191	0.263	
Pop3	0.515	0.501	0.564	
Pop4	0.179	0.227	0.185	0.525	
Pop5	0.511	0.497	0.559	0.385	0.520	
Pop6	0.306	0.372	0.310	0.629	0.327	0.624	
CV error (K=7): 0.26942
Writing output files.
