****                   ADMIXTURE Version 1.3.0                  ****
****                    Copyright 2008-2015                     ****
****           David Alexander, Suyash Shringarpure,            ****
****                John  Novembre, Ken Lange                   ****
****                                                            ****
****                 Please cite our paper!                     ****
****   Information at www.genetics.ucla.edu/software/admixture  ****

Parallel execution requested.  Will use 8 threads.
Cross-validation will be performed.  Folds=10.
Random seed: 4468
Point estimation method: Block relaxation algorithm
Convergence acceleration algorithm: QuasiNewton, 3 secant conditions
Point estimation will terminate when objective function delta < 0.0001
Estimation of standard errors disabled; will compute point estimates only.
Size of G: 66x7633
Performing five EM steps to prime main algorithm
1 (EM) 	Elapsed: 0.042	Loglikelihood: -166482	(delta): 497202
2 (EM) 	Elapsed: 0.042	Loglikelihood: -150903	(delta): 15578.8
3 (EM) 	Elapsed: 0.042	Loglikelihood: -147366	(delta): 3536.57
4 (EM) 	Elapsed: 0.042	Loglikelihood: -144942	(delta): 2424.59
5 (EM) 	Elapsed: 0.042	Loglikelihood: -142801	(delta): 2140.52
Initial loglikelihood: -142801
Starting main algorithm
1 (QN/Block) 	Elapsed: 0.073	Loglikelihood: -103165	(delta): 39636.2
2 (QN/Block) 	Elapsed: 0.071	Loglikelihood: -92179.6	(delta): 10985.5
3 (QN/Block) 	Elapsed: 0.079	Loglikelihood: -86651.5	(delta): 5528.06
4 (QN/Block) 	Elapsed: 0.086	Loglikelihood: -83133.2	(delta): 3518.29
5 (QN/Block) 	Elapsed: 0.08	Loglikelihood: -80752.3	(delta): 2380.93
6 (QN/Block) 	Elapsed: 0.079	Loglikelihood: -79568.9	(delta): 1183.43
7 (QN/Block) 	Elapsed: 0.074	Loglikelihood: -78900.6	(delta): 668.254
8 (QN/Block) 	Elapsed: 0.073	Loglikelihood: -78679.4	(delta): 221.242
9 (QN/Block) 	Elapsed: 0.075	Loglikelihood: -78595.3	(delta): 84.1194
10 (QN/Block) 	Elapsed: 0.072	Loglikelihood: -78539.4	(delta): 55.8655
11 (QN/Block) 	Elapsed: 0.075	Loglikelihood: -78488.5	(delta): 50.8874
12 (QN/Block) 	Elapsed: 0.073	Loglikelihood: -78401.2	(delta): 87.2986
13 (QN/Block) 	Elapsed: 0.079	Loglikelihood: -78329.7	(delta): 71.4679
14 (QN/Block) 	Elapsed: 0.077	Loglikelihood: -78244.3	(delta): 85.4678
15 (QN/Block) 	Elapsed: 0.075	Loglikelihood: -78191.6	(delta): 52.6447
16 (QN/Block) 	Elapsed: 0.075	Loglikelihood: -78178	(delta): 13.5911
17 (QN/Block) 	Elapsed: 0.071	Loglikelihood: -78177.7	(delta): 0.377956
18 (QN/Block) 	Elapsed: 0.077	Loglikelihood: -78177.7	(delta): 0.00158811
19 (QN/Block) 	Elapsed: 0.073	Loglikelihood: -78177.7	(delta): 7.88072e-06
Summary: 
Converged in 19 iterations (1.693 sec)
Loglikelihood: -78177.656761
Fst divergences between estimated populations: 
	Pop0	Pop1	Pop2	Pop3	Pop4	Pop5	Pop6	
Pop0	
Pop1	0.559	
Pop2	0.191	0.511	
Pop3	0.284	0.513	0.263	
Pop4	0.563	0.382	0.514	0.516	
Pop5	0.281	0.510	0.261	0.100	0.513	
Pop6	0.310	0.624	0.306	0.393	0.627	0.390	
Pop7	0.185	0.520	0.179	0.244	0.523	0.246	0.327	
CV error (K=8): 0.28864
Writing output files.
