****                   ADMIXTURE Version 1.3.0                  ****
****                    Copyright 2008-2015                     ****
****           David Alexander, Suyash Shringarpure,            ****
****                John  Novembre, Ken Lange                   ****
****                                                            ****
****                 Please cite our paper!                     ****
****   Information at www.genetics.ucla.edu/software/admixture  ****

Parallel execution requested.  Will use 8 threads.
Cross-validation will be performed.  Folds=10.
Random seed: 149
Point estimation method: Block relaxation algorithm
Convergence acceleration algorithm: QuasiNewton, 3 secant conditions
Point estimation will terminate when objective function delta < 0.0001
Estimation of standard errors disabled; will compute point estimates only.
Size of G: 66x7633
Performing five EM steps to prime main algorithm
1 (EM) 	Elapsed: 0.041	Loglikelihood: -166570	(delta): 495753
2 (EM) 	Elapsed: 0.04	Loglikelihood: -151194	(delta): 15375.6
3 (EM) 	Elapsed: 0.04	Loglikelihood: -147503	(delta): 3691.31
4 (EM) 	Elapsed: 0.04	Loglikelihood: -144955	(delta): 2548.04
5 (EM) 	Elapsed: 0.04	Loglikelihood: -142709	(delta): 2246.02
Initial loglikelihood: -142709
Starting main algorithm
1 (QN/Block) 	Elapsed: 0.067	Loglikelihood: -105140	(delta): 37569.2
2 (QN/Block) 	Elapsed: 0.069	Loglikelihood: -93052.7	(delta): 12087
3 (QN/Block) 	Elapsed: 0.075	Loglikelihood: -85562.9	(delta): 7489.78
4 (QN/Block) 	Elapsed: 0.075	Loglikelihood: -81443.5	(delta): 4119.44
5 (QN/Block) 	Elapsed: 0.072	Loglikelihood: -78904.6	(delta): 2538.86
6 (QN/Block) 	Elapsed: 0.078	Loglikelihood: -77788.1	(delta): 1116.53
7 (QN/Block) 	Elapsed: 0.077	Loglikelihood: -77421.3	(delta): 366.772
8 (QN/Block) 	Elapsed: 0.074	Loglikelihood: -77332.2	(delta): 89.11
9 (QN/Block) 	Elapsed: 0.081	Loglikelihood: -77309.5	(delta): 22.7104
10 (QN/Block) 	Elapsed: 0.075	Loglikelihood: -77309	(delta): 0.486911
11 (QN/Block) 	Elapsed: 0.073	Loglikelihood: -77308.9	(delta): 0.14673
12 (QN/Block) 	Elapsed: 0.077	Loglikelihood: -77308.8	(delta): 0.107068
13 (QN/Block) 	Elapsed: 0.076	Loglikelihood: -77308.7	(delta): 0.0540462
14 (QN/Block) 	Elapsed: 0.078	Loglikelihood: -77308.7	(delta): 1.41779e-05
Summary: 
Converged in 14 iterations (1.284 sec)
Loglikelihood: -77308.721269
Fst divergences between estimated populations: 
	Pop0	Pop1	Pop2	Pop3	Pop4	Pop5	Pop6	
Pop0	
Pop1	0.590	
Pop2	0.245	0.602	
Pop3	0.227	0.615	0.179	
Pop4	0.518	0.554	0.532	0.543	
Pop5	0.372	0.731	0.307	0.327	0.649	
Pop6	0.264	0.658	0.191	0.185	0.583	0.310	
Pop7	0.495	0.453	0.508	0.517	0.393	0.625	0.557	
CV error (K=8): 0.26752
Writing output files.
