****                   ADMIXTURE Version 1.3.0                  ****
****                    Copyright 2008-2015                     ****
****           David Alexander, Suyash Shringarpure,            ****
****                John  Novembre, Ken Lange                   ****
****                                                            ****
****                 Please cite our paper!                     ****
****   Information at www.genetics.ucla.edu/software/admixture  ****

Parallel execution requested.  Will use 8 threads.
Cross-validation will be performed.  Folds=10.
Random seed: 4040
Point estimation method: Block relaxation algorithm
Convergence acceleration algorithm: QuasiNewton, 3 secant conditions
Point estimation will terminate when objective function delta < 0.0001
Estimation of standard errors disabled; will compute point estimates only.
Size of G: 66x7633
Performing five EM steps to prime main algorithm
1 (EM) 	Elapsed: 0.025	Loglikelihood: -166806	(delta): 521333
2 (EM) 	Elapsed: 0.025	Loglikelihood: -152381	(delta): 14425.2
3 (EM) 	Elapsed: 0.024	Loglikelihood: -149097	(delta): 3283.29
4 (EM) 	Elapsed: 0.025	Loglikelihood: -146961	(delta): 2136.27
5 (EM) 	Elapsed: 0.025	Loglikelihood: -145112	(delta): 1848.86
Initial loglikelihood: -145112
Starting main algorithm
1 (QN/Block) 	Elapsed: 0.046	Loglikelihood: -116021	(delta): 29091.1
2 (QN/Block) 	Elapsed: 0.048	Loglikelihood: -107918	(delta): 8103.22
3 (QN/Block) 	Elapsed: 0.054	Loglikelihood: -99656	(delta): 8261.76
4 (QN/Block) 	Elapsed: 0.053	Loglikelihood: -94469.1	(delta): 5186.9
5 (QN/Block) 	Elapsed: 0.049	Loglikelihood: -91229.9	(delta): 3239.28
6 (QN/Block) 	Elapsed: 0.048	Loglikelihood: -89807	(delta): 1422.86
7 (QN/Block) 	Elapsed: 0.048	Loglikelihood: -89189.7	(delta): 617.311
8 (QN/Block) 	Elapsed: 0.047	Loglikelihood: -88871.7	(delta): 317.941
9 (QN/Block) 	Elapsed: 0.046	Loglikelihood: -88697.5	(delta): 174.212
10 (QN/Block) 	Elapsed: 0.049	Loglikelihood: -88613.8	(delta): 83.7472
11 (QN/Block) 	Elapsed: 0.052	Loglikelihood: -88595.7	(delta): 18.089
12 (QN/Block) 	Elapsed: 0.049	Loglikelihood: -88591.5	(delta): 4.18459
13 (QN/Block) 	Elapsed: 0.047	Loglikelihood: -88590.9	(delta): 0.60227
14 (QN/Block) 	Elapsed: 0.047	Loglikelihood: -88590.9	(delta): 0.0144739
15 (QN/Block) 	Elapsed: 0.049	Loglikelihood: -88590.9	(delta): 0.0175118
16 (QN/Block) 	Elapsed: 0.047	Loglikelihood: -88590.9	(delta): 0.0225236
17 (QN/Block) 	Elapsed: 0.049	Loglikelihood: -88590.9	(delta): 0.00483612
18 (QN/Block) 	Elapsed: 0.047	Loglikelihood: -88590.9	(delta): 6.6251e-05
Summary: 
Converged in 18 iterations (1.035 sec)
Loglikelihood: -88590.855208
Fst divergences between estimated populations: 
	Pop0	Pop1	Pop2	Pop3	
Pop0	
Pop1	0.243	
Pop2	0.208	0.151	
Pop3	0.436	0.452	0.450	
Pop4	0.369	0.303	0.298	0.554	
CV error (K=5): 0.26485
Writing output files.
