****                   ADMIXTURE Version 1.3.0                  ****
****                    Copyright 2008-2015                     ****
****           David Alexander, Suyash Shringarpure,            ****
****                John  Novembre, Ken Lange                   ****
****                                                            ****
****                 Please cite our paper!                     ****
****   Information at www.genetics.ucla.edu/software/admixture  ****

Parallel execution requested.  Will use 8 threads.
Cross-validation will be performed.  Folds=10.
Random seed: 172
Point estimation method: Block relaxation algorithm
Convergence acceleration algorithm: QuasiNewton, 3 secant conditions
Point estimation will terminate when objective function delta < 0.0001
Estimation of standard errors disabled; will compute point estimates only.
Size of G: 66x7633
Performing five EM steps to prime main algorithm
1 (EM) 	Elapsed: 0.01	Loglikelihood: -162348	(delta): 621127
2 (EM) 	Elapsed: 0.01	Loglikelihood: -154027	(delta): 8321.29
3 (EM) 	Elapsed: 0.011	Loglikelihood: -152502	(delta): 1524.84
4 (EM) 	Elapsed: 0.01	Loglikelihood: -151656	(delta): 846.11
5 (EM) 	Elapsed: 0.01	Loglikelihood: -151108	(delta): 548.082
Initial loglikelihood: -151108
Starting main algorithm
1 (QN/Block) 	Elapsed: 0.023	Loglikelihood: -135974	(delta): 15133.9
2 (QN/Block) 	Elapsed: 0.024	Loglikelihood: -127189	(delta): 8785.21
3 (QN/Block) 	Elapsed: 0.024	Loglikelihood: -124006	(delta): 3182.87
4 (QN/Block) 	Elapsed: 0.026	Loglikelihood: -121716	(delta): 2289.73
5 (QN/Block) 	Elapsed: 0.027	Loglikelihood: -119125	(delta): 2590.95
6 (QN/Block) 	Elapsed: 0.025	Loglikelihood: -118128	(delta): 997.265
7 (QN/Block) 	Elapsed: 0.024	Loglikelihood: -117923	(delta): 205.58
8 (QN/Block) 	Elapsed: 0.026	Loglikelihood: -117886	(delta): 36.1336
9 (QN/Block) 	Elapsed: 0.027	Loglikelihood: -117878	(delta): 8.11542
10 (QN/Block) 	Elapsed: 0.027	Loglikelihood: -117876	(delta): 2.81051
11 (QN/Block) 	Elapsed: 0.027	Loglikelihood: -117875	(delta): 0.446365
12 (QN/Block) 	Elapsed: 0.027	Loglikelihood: -117875	(delta): 0.000863349
13 (QN/Block) 	Elapsed: 0.024	Loglikelihood: -117875	(delta): 0.000118824
14 (QN/Block) 	Elapsed: 0.025	Loglikelihood: -117875	(delta): 2.18279e-09
Summary: 
Converged in 14 iterations (0.431 sec)
Loglikelihood: -117875.101588
Fst divergences between estimated populations: 
	Pop0	
Pop0	
Pop1	0.405	
CV error (K=2): 0.28921
Writing output files.
