****                   ADMIXTURE Version 1.3.0                  ****
****                    Copyright 2008-2015                     ****
****           David Alexander, Suyash Shringarpure,            ****
****                John  Novembre, Ken Lange                   ****
****                                                            ****
****                 Please cite our paper!                     ****
****   Information at www.genetics.ucla.edu/software/admixture  ****

Parallel execution requested.  Will use 8 threads.
Cross-validation will be performed.  Folds=10.
Random seed: 3412
Point estimation method: Block relaxation algorithm
Convergence acceleration algorithm: QuasiNewton, 3 secant conditions
Point estimation will terminate when objective function delta < 0.0001
Estimation of standard errors disabled; will compute point estimates only.
Size of G: 66x7633
Performing five EM steps to prime main algorithm
1 (EM) 	Elapsed: 0.015	Loglikelihood: -163426	(delta): 570741
2 (EM) 	Elapsed: 0.015	Loglikelihood: -152211	(delta): 11215.1
3 (EM) 	Elapsed: 0.015	Loglikelihood: -149870	(delta): 2340.47
4 (EM) 	Elapsed: 0.015	Loglikelihood: -148643	(delta): 1227.26
5 (EM) 	Elapsed: 0.015	Loglikelihood: -147844	(delta): 798.934
Initial loglikelihood: -147844
Starting main algorithm
1 (QN/Block) 	Elapsed: 0.03	Loglikelihood: -125391	(delta): 22452.7
2 (QN/Block) 	Elapsed: 0.03	Loglikelihood: -115547	(delta): 9843.91
3 (QN/Block) 	Elapsed: 0.033	Loglikelihood: -111417	(delta): 4129.88
4 (QN/Block) 	Elapsed: 0.034	Loglikelihood: -107934	(delta): 3483.88
5 (QN/Block) 	Elapsed: 0.032	Loglikelihood: -105591	(delta): 2342.14
6 (QN/Block) 	Elapsed: 0.036	Loglikelihood: -104704	(delta): 887.448
7 (QN/Block) 	Elapsed: 0.035	Loglikelihood: -104458	(delta): 245.666
8 (QN/Block) 	Elapsed: 0.034	Loglikelihood: -104403	(delta): 54.9049
9 (QN/Block) 	Elapsed: 0.035	Loglikelihood: -104395	(delta): 8.38823
10 (QN/Block) 	Elapsed: 0.035	Loglikelihood: -104394	(delta): 0.733481
11 (QN/Block) 	Elapsed: 0.032	Loglikelihood: -104394	(delta): 0.0419479
12 (QN/Block) 	Elapsed: 0.031	Loglikelihood: -104394	(delta): 0.00828577
13 (QN/Block) 	Elapsed: 0.032	Loglikelihood: -104394	(delta): 0.000370848
14 (QN/Block) 	Elapsed: 0.033	Loglikelihood: -104394	(delta): 1.51855e-05
Summary: 
Converged in 14 iterations (0.564 sec)
Loglikelihood: -104394.178913
Fst divergences between estimated populations: 
	Pop0	Pop1	
Pop0	
Pop1	0.144	
Pop2	0.410	0.451	
CV error (K=3): 0.27505
Writing output files.
