****                   ADMIXTURE Version 1.3.0                  ****
****                    Copyright 2008-2015                     ****
****           David Alexander, Suyash Shringarpure,            ****
****                John  Novembre, Ken Lange                   ****
****                                                            ****
****                 Please cite our paper!                     ****
****   Information at www.genetics.ucla.edu/software/admixture  ****

Parallel execution requested.  Will use 8 threads.
Cross-validation will be performed.  Folds=10.
Random seed: 531
Point estimation method: Block relaxation algorithm
Convergence acceleration algorithm: QuasiNewton, 3 secant conditions
Point estimation will terminate when objective function delta < 0.0001
Estimation of standard errors disabled; will compute point estimates only.
Size of G: 48x3917
Performing five EM steps to prime main algorithm
1 (EM) 	Elapsed: 0.013	Loglikelihood: -70236.5	(delta): 174746
2 (EM) 	Elapsed: 0.013	Loglikelihood: -63950.4	(delta): 6286.16
3 (EM) 	Elapsed: 0.013	Loglikelihood: -62060.3	(delta): 1890.01
4 (EM) 	Elapsed: 0.013	Loglikelihood: -60594.7	(delta): 1465.61
5 (EM) 	Elapsed: 0.013	Loglikelihood: -59146.1	(delta): 1448.63
Initial loglikelihood: -59146.1
Starting main algorithm
1 (QN/Block) 	Elapsed: 0.023	Loglikelihood: -39711.6	(delta): 19434.5
2 (QN/Block) 	Elapsed: 0.022	Loglikelihood: -35708.7	(delta): 4002.88
3 (QN/Block) 	Elapsed: 0.025	Loglikelihood: -33959.4	(delta): 1749.25
4 (QN/Block) 	Elapsed: 0.026	Loglikelihood: -32801.7	(delta): 1157.73
5 (QN/Block) 	Elapsed: 0.026	Loglikelihood: -32053.8	(delta): 747.947
6 (QN/Block) 	Elapsed: 0.028	Loglikelihood: -31681.1	(delta): 372.618
7 (QN/Block) 	Elapsed: 0.028	Loglikelihood: -31571.2	(delta): 109.905
8 (QN/Block) 	Elapsed: 0.032	Loglikelihood: -31557.6	(delta): 13.596
9 (QN/Block) 	Elapsed: 0.033	Loglikelihood: -31552.4	(delta): 5.20445
10 (QN/Block) 	Elapsed: 0.03	Loglikelihood: -31549.1	(delta): 3.31029
11 (QN/Block) 	Elapsed: 0.024	Loglikelihood: -31546.8	(delta): 2.32353
12 (QN/Block) 	Elapsed: 0.024	Loglikelihood: -31546.1	(delta): 0.671147
13 (QN/Block) 	Elapsed: 0.026	Loglikelihood: -31545.3	(delta): 0.786708
14 (QN/Block) 	Elapsed: 0.025	Loglikelihood: -31544.7	(delta): 0.613748
15 (QN/Block) 	Elapsed: 0.025	Loglikelihood: -31544.4	(delta): 0.319174
16 (QN/Block) 	Elapsed: 0.025	Loglikelihood: -31544.4	(delta): 0.043479
17 (QN/Block) 	Elapsed: 0.025	Loglikelihood: -31544.4	(delta): 0.000150394
18 (QN/Block) 	Elapsed: 0.027	Loglikelihood: -31544.4	(delta): 9.39925e-06
Summary: 
Converged in 18 iterations (0.562 sec)
Loglikelihood: -31544.358470
Fst divergences between estimated populations: 
	Pop0	Pop1	Pop2	Pop3	Pop4	Pop5	
Pop0	
Pop1	0.284	
Pop2	0.399	0.296	
Pop3	0.312	0.222	0.333	
Pop4	0.544	0.504	0.567	0.523	
Pop5	0.414	0.319	0.157	0.355	0.586	
Pop6	0.536	0.497	0.559	0.514	0.076	0.578	
CV error (K=7): 0.45907
Writing output files.
