****                   ADMIXTURE Version 1.3.0                  ****
****                    Copyright 2008-2015                     ****
****           David Alexander, Suyash Shringarpure,            ****
****                John  Novembre, Ken Lange                   ****
****                                                            ****
****                 Please cite our paper!                     ****
****   Information at www.genetics.ucla.edu/software/admixture  ****

Parallel execution requested.  Will use 8 threads.
Cross-validation will be performed.  Folds=10.
Random seed: 954
Point estimation method: Block relaxation algorithm
Convergence acceleration algorithm: QuasiNewton, 3 secant conditions
Point estimation will terminate when objective function delta < 0.0001
Estimation of standard errors disabled; will compute point estimates only.
Size of G: 48x3917
Performing five EM steps to prime main algorithm
1 (EM) 	Elapsed: 0.016	Loglikelihood: -69841.2	(delta): 174927
2 (EM) 	Elapsed: 0.016	Loglikelihood: -63443.7	(delta): 6397.49
3 (EM) 	Elapsed: 0.016	Loglikelihood: -61258.4	(delta): 2185.37
4 (EM) 	Elapsed: 0.016	Loglikelihood: -59388.7	(delta): 1869.63
5 (EM) 	Elapsed: 0.017	Loglikelihood: -57474.6	(delta): 1914.18
Initial loglikelihood: -57474.6
Starting main algorithm
1 (QN/Block) 	Elapsed: 0.026	Loglikelihood: -37380.8	(delta): 20093.7
2 (QN/Block) 	Elapsed: 0.026	Loglikelihood: -33444.7	(delta): 3936.16
3 (QN/Block) 	Elapsed: 0.029	Loglikelihood: -31660.7	(delta): 1783.95
4 (QN/Block) 	Elapsed: 0.031	Loglikelihood: -30173.2	(delta): 1487.52
5 (QN/Block) 	Elapsed: 0.03	Loglikelihood: -29366.9	(delta): 806.324
6 (QN/Block) 	Elapsed: 0.029	Loglikelihood: -29006.5	(delta): 360.387
7 (QN/Block) 	Elapsed: 0.03	Loglikelihood: -28844.1	(delta): 162.357
8 (QN/Block) 	Elapsed: 0.029	Loglikelihood: -28569.4	(delta): 274.696
9 (QN/Block) 	Elapsed: 0.029	Loglikelihood: -28432.3	(delta): 137.18
10 (QN/Block) 	Elapsed: 0.032	Loglikelihood: -28372.3	(delta): 59.9293
11 (QN/Block) 	Elapsed: 0.029	Loglikelihood: -28359	(delta): 13.3597
12 (QN/Block) 	Elapsed: 0.03	Loglikelihood: -28346	(delta): 12.9517
13 (QN/Block) 	Elapsed: 0.032	Loglikelihood: -28320.3	(delta): 25.6838
14 (QN/Block) 	Elapsed: 0.03	Loglikelihood: -28312.5	(delta): 7.88618
15 (QN/Block) 	Elapsed: 0.027	Loglikelihood: -28312.3	(delta): 0.194149
16 (QN/Block) 	Elapsed: 0.031	Loglikelihood: -28312.3	(delta): 5.44335e-06
Summary: 
Converged in 16 iterations (0.575 sec)
Loglikelihood: -28312.263050
Fst divergences between estimated populations: 
	Pop0	Pop1	Pop2	Pop3	Pop4	Pop5	Pop6	
Pop0	
Pop1	0.584	
Pop2	0.195	0.609	
Pop3	0.601	0.399	0.625	
Pop4	0.531	0.288	0.555	0.305	
Pop5	0.342	0.610	0.361	0.626	0.556	
Pop6	0.155	0.576	0.129	0.590	0.523	0.323	
Pop7	0.543	0.326	0.566	0.346	0.231	0.566	0.533	
CV error (K=8): 0.46354
Writing output files.
