****                   ADMIXTURE Version 1.3.0                  ****
****                    Copyright 2008-2015                     ****
****           David Alexander, Suyash Shringarpure,            ****
****                John  Novembre, Ken Lange                   ****
****                                                            ****
****                 Please cite our paper!                     ****
****   Information at www.genetics.ucla.edu/software/admixture  ****

Parallel execution requested.  Will use 8 threads.
Cross-validation will be performed.  Folds=10.
Random seed: 4020
Point estimation method: Block relaxation algorithm
Convergence acceleration algorithm: QuasiNewton, 3 secant conditions
Point estimation will terminate when objective function delta < 0.0001
Estimation of standard errors disabled; will compute point estimates only.
Size of G: 48x3917
Performing five EM steps to prime main algorithm
1 (EM) 	Elapsed: 0.012	Loglikelihood: -69417.1	(delta): 180773
2 (EM) 	Elapsed: 0.011	Loglikelihood: -63224	(delta): 6193.14
3 (EM) 	Elapsed: 0.011	Loglikelihood: -61097.8	(delta): 2126.19
4 (EM) 	Elapsed: 0.012	Loglikelihood: -59308.9	(delta): 1788.93
5 (EM) 	Elapsed: 0.012	Loglikelihood: -57450.5	(delta): 1858.4
Initial loglikelihood: -57450.5
Starting main algorithm
1 (QN/Block) 	Elapsed: 0.022	Loglikelihood: -37271.7	(delta): 20178.8
2 (QN/Block) 	Elapsed: 0.022	Loglikelihood: -34343.8	(delta): 2927.82
3 (QN/Block) 	Elapsed: 0.022	Loglikelihood: -32857	(delta): 1486.85
4 (QN/Block) 	Elapsed: 0.023	Loglikelihood: -32027	(delta): 830.005
5 (QN/Block) 	Elapsed: 0.028	Loglikelihood: -31492.5	(delta): 534.46
6 (QN/Block) 	Elapsed: 0.026	Loglikelihood: -31274.8	(delta): 217.686
7 (QN/Block) 	Elapsed: 0.024	Loglikelihood: -31185	(delta): 89.8862
8 (QN/Block) 	Elapsed: 0.027	Loglikelihood: -31138.6	(delta): 46.3401
9 (QN/Block) 	Elapsed: 0.022	Loglikelihood: -31121	(delta): 17.6268
10 (QN/Block) 	Elapsed: 0.025	Loglikelihood: -31114.5	(delta): 6.52543
11 (QN/Block) 	Elapsed: 0.023	Loglikelihood: -31112.6	(delta): 1.85607
12 (QN/Block) 	Elapsed: 0.026	Loglikelihood: -31112.1	(delta): 0.483547
13 (QN/Block) 	Elapsed: 0.023	Loglikelihood: -31112.1	(delta): 0.00087811
14 (QN/Block) 	Elapsed: 0.024	Loglikelihood: -31112.1	(delta): 4.56181e-06
Summary: 
Converged in 14 iterations (0.415 sec)
Loglikelihood: -31112.119411
Fst divergences between estimated populations: 
	Pop0	Pop1	Pop2	Pop3	Pop4	
Pop0	
Pop1	0.517	
Pop2	0.533	0.163	
Pop3	0.168	0.488	0.504	
Pop4	0.521	0.171	0.166	0.494	
Pop5	0.310	0.560	0.578	0.256	0.567	
CV error (K=6): 0.42683
Writing output files.
