****                   ADMIXTURE Version 1.3.0                  ****
****                    Copyright 2008-2015                     ****
****           David Alexander, Suyash Shringarpure,            ****
****                John  Novembre, Ken Lange                   ****
****                                                            ****
****                 Please cite our paper!                     ****
****   Information at www.genetics.ucla.edu/software/admixture  ****

Parallel execution requested.  Will use 8 threads.
Cross-validation will be performed.  Folds=10.
Random seed: 550
Point estimation method: Block relaxation algorithm
Convergence acceleration algorithm: QuasiNewton, 3 secant conditions
Point estimation will terminate when objective function delta < 0.0001
Estimation of standard errors disabled; will compute point estimates only.
Size of G: 48x3917
Performing five EM steps to prime main algorithm
1 (EM) 	Elapsed: 0.016	Loglikelihood: -69936.3	(delta): 175514
2 (EM) 	Elapsed: 0.013	Loglikelihood: -64189.3	(delta): 5747
3 (EM) 	Elapsed: 0.014	Loglikelihood: -62578.4	(delta): 1610.83
4 (EM) 	Elapsed: 0.014	Loglikelihood: -61478	(delta): 1100.46
5 (EM) 	Elapsed: 0.013	Loglikelihood: -60533.1	(delta): 944.874
Initial loglikelihood: -60533.1
Starting main algorithm
1 (QN/Block) 	Elapsed: 0.026	Loglikelihood: -41349.6	(delta): 19183.4
2 (QN/Block) 	Elapsed: 0.022	Loglikelihood: -36594.1	(delta): 4755.58
3 (QN/Block) 	Elapsed: 0.028	Loglikelihood: -34492.2	(delta): 2101.91
4 (QN/Block) 	Elapsed: 0.026	Loglikelihood: -32980.7	(delta): 1511.49
5 (QN/Block) 	Elapsed: 0.029	Loglikelihood: -31734.9	(delta): 1245.8
6 (QN/Block) 	Elapsed: 0.031	Loglikelihood: -31090.6	(delta): 644.293
7 (QN/Block) 	Elapsed: 0.029	Loglikelihood: -30817.6	(delta): 272.972
8 (QN/Block) 	Elapsed: 0.029	Loglikelihood: -30665.3	(delta): 152.315
9 (QN/Block) 	Elapsed: 0.03	Loglikelihood: -30585.7	(delta): 79.6164
10 (QN/Block) 	Elapsed: 0.026	Loglikelihood: -30536.6	(delta): 49.0751
11 (QN/Block) 	Elapsed: 0.027	Loglikelihood: -30523.3	(delta): 13.3137
12 (QN/Block) 	Elapsed: 0.026	Loglikelihood: -30518.9	(delta): 4.40935
13 (QN/Block) 	Elapsed: 0.025	Loglikelihood: -30518.7	(delta): 0.186856
14 (QN/Block) 	Elapsed: 0.025	Loglikelihood: -30518.7	(delta): 0.000126079
15 (QN/Block) 	Elapsed: 0.024	Loglikelihood: -30518.7	(delta): 7.61314e-06
Summary: 
Converged in 15 iterations (0.495 sec)
Loglikelihood: -30518.691488
Fst divergences between estimated populations: 
	Pop0	Pop1	Pop2	Pop3	Pop4	Pop5	
Pop0	
Pop1	0.625	
Pop2	0.553	0.493	
Pop3	0.228	0.619	0.550	
Pop4	0.565	0.516	0.353	0.561	
Pop5	0.515	0.430	0.257	0.512	0.294	
Pop6	0.547	0.454	0.333	0.543	0.367	0.279	
CV error (K=7): 0.44284
Writing output files.
