****                   ADMIXTURE Version 1.3.0                  ****
****                    Copyright 2008-2015                     ****
****           David Alexander, Suyash Shringarpure,            ****
****                John  Novembre, Ken Lange                   ****
****                                                            ****
****                 Please cite our paper!                     ****
****   Information at www.genetics.ucla.edu/software/admixture  ****

Parallel execution requested.  Will use 8 threads.
Cross-validation will be performed.  Folds=10.
Random seed: 3302
Point estimation method: Block relaxation algorithm
Convergence acceleration algorithm: QuasiNewton, 3 secant conditions
Point estimation will terminate when objective function delta < 0.0001
Estimation of standard errors disabled; will compute point estimates only.
Size of G: 48x3917
Performing five EM steps to prime main algorithm
1 (EM) 	Elapsed: 0.005	Loglikelihood: -69433	(delta): 200113
2 (EM) 	Elapsed: 0.006	Loglikelihood: -65006.7	(delta): 4426.25
3 (EM) 	Elapsed: 0.006	Loglikelihood: -63835.3	(delta): 1171.45
4 (EM) 	Elapsed: 0.005	Loglikelihood: -62939.1	(delta): 896.151
5 (EM) 	Elapsed: 0.005	Loglikelihood: -62090.3	(delta): 848.849
Initial loglikelihood: -62090.3
Starting main algorithm
1 (QN/Block) 	Elapsed: 0.012	Loglikelihood: -44132.5	(delta): 17957.7
2 (QN/Block) 	Elapsed: 0.014	Loglikelihood: -40824.1	(delta): 3308.43
3 (QN/Block) 	Elapsed: 0.013	Loglikelihood: -39571.4	(delta): 1252.68
4 (QN/Block) 	Elapsed: 0.013	Loglikelihood: -38745.2	(delta): 826.247
5 (QN/Block) 	Elapsed: 0.014	Loglikelihood: -38303.1	(delta): 442.111
6 (QN/Block) 	Elapsed: 0.015	Loglikelihood: -38127.9	(delta): 175.22
7 (QN/Block) 	Elapsed: 0.014	Loglikelihood: -38102.4	(delta): 25.494
8 (QN/Block) 	Elapsed: 0.015	Loglikelihood: -38092.9	(delta): 9.42642
9 (QN/Block) 	Elapsed: 0.012	Loglikelihood: -38087.2	(delta): 5.73564
10 (QN/Block) 	Elapsed: 0.013	Loglikelihood: -38082.3	(delta): 4.89673
11 (QN/Block) 	Elapsed: 0.015	Loglikelihood: -38081.4	(delta): 0.941488
12 (QN/Block) 	Elapsed: 0.015	Loglikelihood: -38081.3	(delta): 0.0206649
13 (QN/Block) 	Elapsed: 0.013	Loglikelihood: -38081.3	(delta): 0.0336352
14 (QN/Block) 	Elapsed: 0.015	Loglikelihood: -38081.3	(delta): 0.0106246
15 (QN/Block) 	Elapsed: 0.014	Loglikelihood: -38081.3	(delta): 0.00299505
16 (QN/Block) 	Elapsed: 0.013	Loglikelihood: -38081.3	(delta): 0.00170163
17 (QN/Block) 	Elapsed: 0.016	Loglikelihood: -38081.3	(delta): 0.00157432
18 (QN/Block) 	Elapsed: 0.014	Loglikelihood: -38081.3	(delta): 0
Summary: 
Converged in 18 iterations (0.297 sec)
Loglikelihood: -38081.287272
Fst divergences between estimated populations: 
	Pop0	Pop1	
Pop0	
Pop1	0.478	
Pop2	0.484	0.076	
CV error (K=3): 0.37741
Writing output files.
