****                   ADMIXTURE Version 1.3.0                  ****
****                    Copyright 2008-2015                     ****
****           David Alexander, Suyash Shringarpure,            ****
****                John  Novembre, Ken Lange                   ****
****                                                            ****
****                 Please cite our paper!                     ****
****   Information at www.genetics.ucla.edu/software/admixture  ****

Parallel execution requested.  Will use 8 threads.
Cross-validation will be performed.  Folds=10.
Random seed: 2052
Point estimation method: Block relaxation algorithm
Convergence acceleration algorithm: QuasiNewton, 3 secant conditions
Point estimation will terminate when objective function delta < 0.0001
Estimation of standard errors disabled; will compute point estimates only.
Size of G: 48x3917
Performing five EM steps to prime main algorithm
1 (EM) 	Elapsed: 0.008	Loglikelihood: -69899	(delta): 189160
2 (EM) 	Elapsed: 0.008	Loglikelihood: -64557.6	(delta): 5341.45
3 (EM) 	Elapsed: 0.007	Loglikelihood: -62942.2	(delta): 1615.39
4 (EM) 	Elapsed: 0.007	Loglikelihood: -61775	(delta): 1167.16
5 (EM) 	Elapsed: 0.007	Loglikelihood: -60715	(delta): 1060.05
Initial loglikelihood: -60715
Starting main algorithm
1 (QN/Block) 	Elapsed: 0.017	Loglikelihood: -40909	(delta): 19806
2 (QN/Block) 	Elapsed: 0.015	Loglikelihood: -37713.5	(delta): 3195.49
3 (QN/Block) 	Elapsed: 0.017	Loglikelihood: -36193.9	(delta): 1519.62
4 (QN/Block) 	Elapsed: 0.019	Loglikelihood: -35056.2	(delta): 1137.65
5 (QN/Block) 	Elapsed: 0.016	Loglikelihood: -34437.7	(delta): 618.514
6 (QN/Block) 	Elapsed: 0.016	Loglikelihood: -34186.9	(delta): 250.807
7 (QN/Block) 	Elapsed: 0.018	Loglikelihood: -34123.9	(delta): 63.0252
8 (QN/Block) 	Elapsed: 0.016	Loglikelihood: -34102.1	(delta): 21.8178
9 (QN/Block) 	Elapsed: 0.016	Loglikelihood: -34058.9	(delta): 43.1931
10 (QN/Block) 	Elapsed: 0.02	Loglikelihood: -34045.2	(delta): 13.6469
11 (QN/Block) 	Elapsed: 0.016	Loglikelihood: -34042.7	(delta): 2.55648
12 (QN/Block) 	Elapsed: 0.02	Loglikelihood: -34042.7	(delta): 0.00938401
13 (QN/Block) 	Elapsed: 0.017	Loglikelihood: -34042.7	(delta): 8.72664e-07
Summary: 
Converged in 13 iterations (0.277 sec)
Loglikelihood: -34042.676111
Fst divergences between estimated populations: 
	Pop0	Pop1	Pop2	
Pop0	
Pop1	0.113	
Pop2	0.555	0.553	
Pop3	0.469	0.467	0.237	
CV error (K=4): 0.36505
Writing output files.
