****                   ADMIXTURE Version 1.3.0                  ****
****                    Copyright 2008-2015                     ****
****           David Alexander, Suyash Shringarpure,            ****
****                John  Novembre, Ken Lange                   ****
****                                                            ****
****                 Please cite our paper!                     ****
****   Information at www.genetics.ucla.edu/software/admixture  ****

Parallel execution requested.  Will use 8 threads.
Cross-validation will be performed.  Folds=10.
Random seed: 1220
Point estimation method: Block relaxation algorithm
Convergence acceleration algorithm: QuasiNewton, 3 secant conditions
Point estimation will terminate when objective function delta < 0.0001
Estimation of standard errors disabled; will compute point estimates only.
Size of G: 48x3917
Performing five EM steps to prime main algorithm
1 (EM) 	Elapsed: 0.003	Loglikelihood: -68784.8	(delta): 220602
2 (EM) 	Elapsed: 0.004	Loglikelihood: -65564.2	(delta): 3220.62
3 (EM) 	Elapsed: 0.004	Loglikelihood: -64886.2	(delta): 677.988
4 (EM) 	Elapsed: 0.004	Loglikelihood: -64474.9	(delta): 411.367
5 (EM) 	Elapsed: 0.004	Loglikelihood: -64148	(delta): 326.911
Initial loglikelihood: -64148
Starting main algorithm
1 (QN/Block) 	Elapsed: 0.009	Loglikelihood: -47691.9	(delta): 16456.1
2 (QN/Block) 	Elapsed: 0.009	Loglikelihood: -45054.1	(delta): 2637.81
3 (QN/Block) 	Elapsed: 0.01	Loglikelihood: -43132.5	(delta): 1921.54
4 (QN/Block) 	Elapsed: 0.013	Loglikelihood: -41757.9	(delta): 1374.61
5 (QN/Block) 	Elapsed: 0.01	Loglikelihood: -40629.1	(delta): 1128.79
6 (QN/Block) 	Elapsed: 0.01	Loglikelihood: -40223.9	(delta): 405.214
7 (QN/Block) 	Elapsed: 0.01	Loglikelihood: -40074.4	(delta): 149.529
8 (QN/Block) 	Elapsed: 0.013	Loglikelihood: -40069.4	(delta): 5.01933
9 (QN/Block) 	Elapsed: 0.011	Loglikelihood: -40069.4	(delta): 0.00188403
10 (QN/Block) 	Elapsed: 0.011	Loglikelihood: -40069.4	(delta): 0
Summary: 
Converged in 10 iterations (0.137 sec)
Loglikelihood: -40069.368424
Fst divergences between estimated populations: 
	Pop0	
Pop0	
Pop1	0.469	
CV error (K=2): 0.34348
Writing output files.
