****                   ADMIXTURE Version 1.3.0                  ****
****                    Copyright 2008-2015                     ****
****           David Alexander, Suyash Shringarpure,            ****
****                John  Novembre, Ken Lange                   ****
****                                                            ****
****                 Please cite our paper!                     ****
****   Information at www.genetics.ucla.edu/software/admixture  ****

Parallel execution requested.  Will use 8 threads.
Cross-validation will be performed.  Folds=10.
Random seed: 3900
Point estimation method: Block relaxation algorithm
Convergence acceleration algorithm: QuasiNewton, 3 secant conditions
Point estimation will terminate when objective function delta < 0.0001
Estimation of standard errors disabled; will compute point estimates only.
Size of G: 48x3917
Performing five EM steps to prime main algorithm
1 (EM) 	Elapsed: 0.017	Loglikelihood: -69983.2	(delta): 175031
2 (EM) 	Elapsed: 0.016	Loglikelihood: -63738.3	(delta): 6244.93
3 (EM) 	Elapsed: 0.016	Loglikelihood: -61807.3	(delta): 1931.06
4 (EM) 	Elapsed: 0.016	Loglikelihood: -60223.5	(delta): 1583.79
5 (EM) 	Elapsed: 0.016	Loglikelihood: -58635.2	(delta): 1588.28
Initial loglikelihood: -58635.2
Starting main algorithm
1 (QN/Block) 	Elapsed: 0.028	Loglikelihood: -36860.3	(delta): 21774.9
2 (QN/Block) 	Elapsed: 0.026	Loglikelihood: -33213.2	(delta): 3647.07
3 (QN/Block) 	Elapsed: 0.03	Loglikelihood: -31601.6	(delta): 1611.65
4 (QN/Block) 	Elapsed: 0.03	Loglikelihood: -30529.6	(delta): 1071.98
5 (QN/Block) 	Elapsed: 0.03	Loglikelihood: -29967.4	(delta): 562.203
6 (QN/Block) 	Elapsed: 0.03	Loglikelihood: -29596.1	(delta): 371.244
7 (QN/Block) 	Elapsed: 0.03	Loglikelihood: -29414.3	(delta): 181.807
8 (QN/Block) 	Elapsed: 0.028	Loglikelihood: -29329.6	(delta): 84.7418
9 (QN/Block) 	Elapsed: 0.031	Loglikelihood: -29300.4	(delta): 29.2251
10 (QN/Block) 	Elapsed: 0.028	Loglikelihood: -29278.9	(delta): 21.4816
11 (QN/Block) 	Elapsed: 0.029	Loglikelihood: -29267.8	(delta): 11.1408
12 (QN/Block) 	Elapsed: 0.028	Loglikelihood: -29260.5	(delta): 7.25087
13 (QN/Block) 	Elapsed: 0.028	Loglikelihood: -29248.2	(delta): 12.2964
14 (QN/Block) 	Elapsed: 0.031	Loglikelihood: -29238.8	(delta): 9.43608
15 (QN/Block) 	Elapsed: 0.029	Loglikelihood: -29234.3	(delta): 4.42559
16 (QN/Block) 	Elapsed: 0.03	Loglikelihood: -29223.6	(delta): 10.7543
17 (QN/Block) 	Elapsed: 0.028	Loglikelihood: -29217.8	(delta): 5.80236
18 (QN/Block) 	Elapsed: 0.029	Loglikelihood: -29216.7	(delta): 1.08479
19 (QN/Block) 	Elapsed: 0.029	Loglikelihood: -29216.7	(delta): 0.0451818
20 (QN/Block) 	Elapsed: 0.028	Loglikelihood: -29216.7	(delta): 0.00140717
21 (QN/Block) 	Elapsed: 0.028	Loglikelihood: -29216.7	(delta): 0.000113508
22 (QN/Block) 	Elapsed: 0.028	Loglikelihood: -29216.7	(delta): 2.91081e-05
Summary: 
Converged in 22 iterations (0.747 sec)
Loglikelihood: -29216.653940
Fst divergences between estimated populations: 
	Pop0	Pop1	Pop2	Pop3	Pop4	Pop5	Pop6	
Pop0	
Pop1	0.544	
Pop2	0.521	0.096	
Pop3	0.444	0.660	0.629	
Pop4	0.357	0.611	0.585	0.540	
Pop5	0.345	0.596	0.571	0.515	0.169	
Pop6	0.220	0.526	0.503	0.403	0.310	0.298	
Pop7	0.556	0.308	0.284	0.669	0.621	0.608	0.540	
CV error (K=8): 0.44195
Writing output files.
