****                   ADMIXTURE Version 1.3.0                  ****
****                    Copyright 2008-2015                     ****
****           David Alexander, Suyash Shringarpure,            ****
****                John  Novembre, Ken Lange                   ****
****                                                            ****
****                 Please cite our paper!                     ****
****   Information at www.genetics.ucla.edu/software/admixture  ****

Parallel execution requested.  Will use 8 threads.
Cross-validation will be performed.  Folds=10.
Random seed: 2603
Point estimation method: Block relaxation algorithm
Convergence acceleration algorithm: QuasiNewton, 3 secant conditions
Point estimation will terminate when objective function delta < 0.0001
Estimation of standard errors disabled; will compute point estimates only.
Size of G: 48x3917
Performing five EM steps to prime main algorithm
1 (EM) 	Elapsed: 0.013	Loglikelihood: -69853.9	(delta): 178124
2 (EM) 	Elapsed: 0.012	Loglikelihood: -63663.4	(delta): 6190.43
3 (EM) 	Elapsed: 0.012	Loglikelihood: -61706.1	(delta): 1957.38
4 (EM) 	Elapsed: 0.013	Loglikelihood: -60199.3	(delta): 1506.78
5 (EM) 	Elapsed: 0.013	Loglikelihood: -58766.9	(delta): 1432.36
Initial loglikelihood: -58766.9
Starting main algorithm
1 (QN/Block) 	Elapsed: 0.023	Loglikelihood: -39380.4	(delta): 19386.6
2 (QN/Block) 	Elapsed: 0.025	Loglikelihood: -34779.6	(delta): 4600.8
3 (QN/Block) 	Elapsed: 0.025	Loglikelihood: -32976.7	(delta): 1802.82
4 (QN/Block) 	Elapsed: 0.029	Loglikelihood: -31762.5	(delta): 1214.19
5 (QN/Block) 	Elapsed: 0.026	Loglikelihood: -31144	(delta): 618.535
6 (QN/Block) 	Elapsed: 0.029	Loglikelihood: -30694.4	(delta): 449.618
7 (QN/Block) 	Elapsed: 0.025	Loglikelihood: -30466.5	(delta): 227.894
8 (QN/Block) 	Elapsed: 0.029	Loglikelihood: -30276.2	(delta): 190.337
9 (QN/Block) 	Elapsed: 0.026	Loglikelihood: -30142.4	(delta): 133.785
10 (QN/Block) 	Elapsed: 0.028	Loglikelihood: -30015.4	(delta): 127.005
11 (QN/Block) 	Elapsed: 0.025	Loglikelihood: -29953.6	(delta): 61.7854
12 (QN/Block) 	Elapsed: 0.027	Loglikelihood: -29932.4	(delta): 21.1651
13 (QN/Block) 	Elapsed: 0.025	Loglikelihood: -29927.7	(delta): 4.76212
14 (QN/Block) 	Elapsed: 0.028	Loglikelihood: -29926.2	(delta): 1.44882
15 (QN/Block) 	Elapsed: 0.026	Loglikelihood: -29925.9	(delta): 0.284429
16 (QN/Block) 	Elapsed: 0.029	Loglikelihood: -29925.9	(delta): 0.00472221
17 (QN/Block) 	Elapsed: 0.024	Loglikelihood: -29925.9	(delta): 0.00164633
18 (QN/Block) 	Elapsed: 0.027	Loglikelihood: -29925.9	(delta): 6.03389e-06
Summary: 
Converged in 18 iterations (0.563 sec)
Loglikelihood: -29925.915348
Fst divergences between estimated populations: 
	Pop0	Pop1	Pop2	Pop3	Pop4	Pop5	
Pop0	
Pop1	0.114	
Pop2	0.568	0.606	
Pop3	0.240	0.283	0.570	
Pop4	0.529	0.566	0.319	0.530	
Pop5	0.650	0.694	0.530	0.650	0.462	
Pop6	0.501	0.536	0.279	0.504	0.222	0.433	
CV error (K=7): 0.40907
Writing output files.
