****                   ADMIXTURE Version 1.3.0                  ****
****                    Copyright 2008-2015                     ****
****           David Alexander, Suyash Shringarpure,            ****
****                John  Novembre, Ken Lange                   ****
****                                                            ****
****                 Please cite our paper!                     ****
****   Information at www.genetics.ucla.edu/software/admixture  ****

Parallel execution requested.  Will use 8 threads.
Cross-validation will be performed.  Folds=10.
Random seed: 3949
Point estimation method: Block relaxation algorithm
Convergence acceleration algorithm: QuasiNewton, 3 secant conditions
Point estimation will terminate when objective function delta < 0.0001
Estimation of standard errors disabled; will compute point estimates only.
Size of G: 48x3917
Performing five EM steps to prime main algorithm
1 (EM) 	Elapsed: 0.021	Loglikelihood: -69781.3	(delta): 171362
2 (EM) 	Elapsed: 0.02	Loglikelihood: -63337.8	(delta): 6443.48
3 (EM) 	Elapsed: 0.02	Loglikelihood: -61135.6	(delta): 2202.27
4 (EM) 	Elapsed: 0.02	Loglikelihood: -59208.9	(delta): 1926.72
5 (EM) 	Elapsed: 0.02	Loglikelihood: -57162	(delta): 2046.88
Initial loglikelihood: -57162
Starting main algorithm
1 (QN/Block) 	Elapsed: 0.033	Loglikelihood: -33476	(delta): 23685.9
2 (QN/Block) 	Elapsed: 0.032	Loglikelihood: -30189	(delta): 3287.05
3 (QN/Block) 	Elapsed: 0.038	Loglikelihood: -28754.2	(delta): 1434.81
4 (QN/Block) 	Elapsed: 0.038	Loglikelihood: -27815	(delta): 939.128
5 (QN/Block) 	Elapsed: 0.037	Loglikelihood: -27381.6	(delta): 433.489
6 (QN/Block) 	Elapsed: 0.039	Loglikelihood: -27208.6	(delta): 172.955
7 (QN/Block) 	Elapsed: 0.037	Loglikelihood: -27152.6	(delta): 56.0048
8 (QN/Block) 	Elapsed: 0.036	Loglikelihood: -27128.7	(delta): 23.9439
9 (QN/Block) 	Elapsed: 0.04	Loglikelihood: -27115.5	(delta): 13.1543
10 (QN/Block) 	Elapsed: 0.039	Loglikelihood: -27112.5	(delta): 3.03944
11 (QN/Block) 	Elapsed: 0.04	Loglikelihood: -27111.4	(delta): 1.02274
12 (QN/Block) 	Elapsed: 0.037	Loglikelihood: -27110.5	(delta): 0.980359
13 (QN/Block) 	Elapsed: 0.036	Loglikelihood: -27110.4	(delta): 0.0496246
14 (QN/Block) 	Elapsed: 0.036	Loglikelihood: -27110.4	(delta): 0.00165831
15 (QN/Block) 	Elapsed: 0.037	Loglikelihood: -27110.4	(delta): 9.19196e-05
Summary: 
Converged in 15 iterations (0.677 sec)
Loglikelihood: -27110.409258
Fst divergences between estimated populations: 
	Pop0	Pop1	Pop2	Pop3	Pop4	Pop5	Pop6	Pop7	Pop8	
Pop0	
Pop1	0.315	
Pop2	0.317	0.430	
Pop3	0.560	0.617	0.617	
Pop4	0.333	0.450	0.137	0.630	
Pop5	0.535	0.589	0.591	0.336	0.603	
Pop6	0.222	0.304	0.300	0.556	0.319	0.530	
Pop7	0.587	0.646	0.646	0.402	0.660	0.201	0.583	
Pop8	0.552	0.610	0.609	0.350	0.622	0.140	0.547	0.217	
Pop9	0.540	0.594	0.594	0.346	0.606	0.161	0.533	0.244	0.175	
CV error (K=10): 0.51157
Writing output files.
