****                   ADMIXTURE Version 1.3.0                  ****
****                    Copyright 2008-2015                     ****
****           David Alexander, Suyash Shringarpure,            ****
****                John  Novembre, Ken Lange                   ****
****                                                            ****
****                 Please cite our paper!                     ****
****   Information at www.genetics.ucla.edu/software/admixture  ****

Parallel execution requested.  Will use 8 threads.
Cross-validation will be performed.  Folds=10.
Random seed: 2467
Point estimation method: Block relaxation algorithm
Convergence acceleration algorithm: QuasiNewton, 3 secant conditions
Point estimation will terminate when objective function delta < 0.0001
Estimation of standard errors disabled; will compute point estimates only.
Size of G: 48x3917
Performing five EM steps to prime main algorithm
1 (EM) 	Elapsed: 0.01	Loglikelihood: -69381.4	(delta): 183770
2 (EM) 	Elapsed: 0.009	Loglikelihood: -63394.3	(delta): 5987.08
3 (EM) 	Elapsed: 0.009	Loglikelihood: -61307.6	(delta): 2086.75
4 (EM) 	Elapsed: 0.009	Loglikelihood: -59603.5	(delta): 1704.04
5 (EM) 	Elapsed: 0.009	Loglikelihood: -57938.5	(delta): 1665.05
Initial loglikelihood: -57938.5
Starting main algorithm
1 (QN/Block) 	Elapsed: 0.02	Loglikelihood: -40311.3	(delta): 17627.2
2 (QN/Block) 	Elapsed: 0.018	Loglikelihood: -36710.9	(delta): 3600.4
3 (QN/Block) 	Elapsed: 0.022	Loglikelihood: -34655.6	(delta): 2055.26
4 (QN/Block) 	Elapsed: 0.021	Loglikelihood: -33455.6	(delta): 1199.99
5 (QN/Block) 	Elapsed: 0.024	Loglikelihood: -32734.8	(delta): 720.792
6 (QN/Block) 	Elapsed: 0.022	Loglikelihood: -32284.1	(delta): 450.72
7 (QN/Block) 	Elapsed: 0.022	Loglikelihood: -32040.6	(delta): 243.497
8 (QN/Block) 	Elapsed: 0.021	Loglikelihood: -31972.9	(delta): 67.7591
9 (QN/Block) 	Elapsed: 0.023	Loglikelihood: -31914.7	(delta): 58.1034
10 (QN/Block) 	Elapsed: 0.019	Loglikelihood: -31860.4	(delta): 54.3206
11 (QN/Block) 	Elapsed: 0.021	Loglikelihood: -31835.4	(delta): 25.0735
12 (QN/Block) 	Elapsed: 0.019	Loglikelihood: -31828.5	(delta): 6.81472
13 (QN/Block) 	Elapsed: 0.023	Loglikelihood: -31827.4	(delta): 1.10413
14 (QN/Block) 	Elapsed: 0.02	Loglikelihood: -31827.4	(delta): 0.0368501
15 (QN/Block) 	Elapsed: 0.02	Loglikelihood: -31827.4	(delta): 2.55875e-06
Summary: 
Converged in 15 iterations (0.383 sec)
Loglikelihood: -31827.398146
Fst divergences between estimated populations: 
	Pop0	Pop1	Pop2	Pop3	
Pop0	
Pop1	0.091	
Pop2	0.579	0.562	
Pop3	0.326	0.308	0.613	
Pop4	0.490	0.475	0.237	0.523	
CV error (K=5): 0.37464
Writing output files.
