****                   ADMIXTURE Version 1.3.0                  ****
****                    Copyright 2008-2015                     ****
****           David Alexander, Suyash Shringarpure,            ****
****                John  Novembre, Ken Lange                   ****
****                                                            ****
****                 Please cite our paper!                     ****
****   Information at www.genetics.ucla.edu/software/admixture  ****

Parallel execution requested.  Will use 8 threads.
Cross-validation will be performed.  Folds=10.
Random seed: 3762
Point estimation method: Block relaxation algorithm
Convergence acceleration algorithm: QuasiNewton, 3 secant conditions
Point estimation will terminate when objective function delta < 0.0001
Estimation of standard errors disabled; will compute point estimates only.
Size of G: 48x3917
Performing five EM steps to prime main algorithm
1 (EM) 	Elapsed: 0.016	Loglikelihood: -68954.5	(delta): 175396
2 (EM) 	Elapsed: 0.016	Loglikelihood: -61890.4	(delta): 7064.12
3 (EM) 	Elapsed: 0.016	Loglikelihood: -58995.9	(delta): 2894.51
4 (EM) 	Elapsed: 0.017	Loglikelihood: -56500.7	(delta): 2495.17
5 (EM) 	Elapsed: 0.017	Loglikelihood: -54210.5	(delta): 2290.21
Initial loglikelihood: -54210.5
Starting main algorithm
1 (QN/Block) 	Elapsed: 0.03	Loglikelihood: -35581.6	(delta): 18628.9
2 (QN/Block) 	Elapsed: 0.028	Loglikelihood: -32040.1	(delta): 3541.51
3 (QN/Block) 	Elapsed: 0.034	Loglikelihood: -30292.8	(delta): 1747.31
4 (QN/Block) 	Elapsed: 0.03	Loglikelihood: -29433.9	(delta): 858.852
5 (QN/Block) 	Elapsed: 0.031	Loglikelihood: -29009.8	(delta): 424.143
6 (QN/Block) 	Elapsed: 0.028	Loglikelihood: -28742.5	(delta): 267.232
7 (QN/Block) 	Elapsed: 0.032	Loglikelihood: -28691.9	(delta): 50.6466
8 (QN/Block) 	Elapsed: 0.03	Loglikelihood: -28682.3	(delta): 9.57028
9 (QN/Block) 	Elapsed: 0.03	Loglikelihood: -28680.2	(delta): 2.1562
10 (QN/Block) 	Elapsed: 0.031	Loglikelihood: -28680.1	(delta): 0.0969429
11 (QN/Block) 	Elapsed: 0.032	Loglikelihood: -28680.1	(delta): 0.0133358
12 (QN/Block) 	Elapsed: 0.031	Loglikelihood: -28680	(delta): 0.0189915
13 (QN/Block) 	Elapsed: 0.03	Loglikelihood: -28680	(delta): 0.0249702
14 (QN/Block) 	Elapsed: 0.031	Loglikelihood: -28680	(delta): 0.0334387
15 (QN/Block) 	Elapsed: 0.029	Loglikelihood: -28679.9	(delta): 0.04295
16 (QN/Block) 	Elapsed: 0.031	Loglikelihood: -28679.9	(delta): 0.0603665
17 (QN/Block) 	Elapsed: 0.03	Loglikelihood: -28679.8	(delta): 0.0788941
18 (QN/Block) 	Elapsed: 0.03	Loglikelihood: -28679.7	(delta): 0.0766084
19 (QN/Block) 	Elapsed: 0.029	Loglikelihood: -28679.6	(delta): 0.0761084
20 (QN/Block) 	Elapsed: 0.03	Loglikelihood: -28679.6	(delta): 0.071887
21 (QN/Block) 	Elapsed: 0.029	Loglikelihood: -28679.5	(delta): 0.0667508
22 (QN/Block) 	Elapsed: 0.028	Loglikelihood: -28679.4	(delta): 0.0879553
23 (QN/Block) 	Elapsed: 0.033	Loglikelihood: -28679.3	(delta): 0.126591
24 (QN/Block) 	Elapsed: 0.03	Loglikelihood: -28678.9	(delta): 0.434114
25 (QN/Block) 	Elapsed: 0.03	Loglikelihood: -28678	(delta): 0.857392
26 (QN/Block) 	Elapsed: 0.032	Loglikelihood: -28676	(delta): 1.96775
27 (QN/Block) 	Elapsed: 0.029	Loglikelihood: -28675.8	(delta): 0.18846
28 (QN/Block) 	Elapsed: 0.029	Loglikelihood: -28675.8	(delta): 2.62303e-05
Summary: 
Converged in 28 iterations (0.964 sec)
Loglikelihood: -28675.837000
Fst divergences between estimated populations: 
	Pop0	Pop1	Pop2	Pop3	Pop4	Pop5	Pop6	
Pop0	
Pop1	0.265	
Pop2	0.522	0.591	
Pop3	0.531	0.603	0.145	
Pop4	0.569	0.642	0.204	0.241	
Pop5	0.540	0.610	0.340	0.349	0.412	
Pop6	0.147	0.283	0.528	0.538	0.577	0.547	
Pop7	0.509	0.578	0.146	0.163	0.229	0.329	0.515	
CV error (K=8): 0.45800
Writing output files.
