****                   ADMIXTURE Version 1.3.0                  ****
****                    Copyright 2008-2015                     ****
****           David Alexander, Suyash Shringarpure,            ****
****                John  Novembre, Ken Lange                   ****
****                                                            ****
****                 Please cite our paper!                     ****
****   Information at www.genetics.ucla.edu/software/admixture  ****

Parallel execution requested.  Will use 8 threads.
Cross-validation will be performed.  Folds=10.
Random seed: 566
Point estimation method: Block relaxation algorithm
Convergence acceleration algorithm: QuasiNewton, 3 secant conditions
Point estimation will terminate when objective function delta < 0.0001
Estimation of standard errors disabled; will compute point estimates only.
Size of G: 48x3917
Performing five EM steps to prime main algorithm
1 (EM) 	Elapsed: 0.016	Loglikelihood: -68893.9	(delta): 178183
2 (EM) 	Elapsed: 0.016	Loglikelihood: -62075.8	(delta): 6818.11
3 (EM) 	Elapsed: 0.016	Loglikelihood: -59355.5	(delta): 2720.34
4 (EM) 	Elapsed: 0.016	Loglikelihood: -56955.5	(delta): 2399.97
5 (EM) 	Elapsed: 0.016	Loglikelihood: -54597.8	(delta): 2357.7
Initial loglikelihood: -54597.8
Starting main algorithm
1 (QN/Block) 	Elapsed: 0.025	Loglikelihood: -35940.2	(delta): 18657.6
2 (QN/Block) 	Elapsed: 0.025	Loglikelihood: -32608.5	(delta): 3331.64
3 (QN/Block) 	Elapsed: 0.028	Loglikelihood: -30674.1	(delta): 1934.42
4 (QN/Block) 	Elapsed: 0.028	Loglikelihood: -29463.3	(delta): 1210.78
5 (QN/Block) 	Elapsed: 0.029	Loglikelihood: -28995.7	(delta): 467.675
6 (QN/Block) 	Elapsed: 0.028	Loglikelihood: -28747.4	(delta): 248.254
7 (QN/Block) 	Elapsed: 0.03	Loglikelihood: -28634.8	(delta): 112.612
8 (QN/Block) 	Elapsed: 0.027	Loglikelihood: -28607	(delta): 27.812
9 (QN/Block) 	Elapsed: 0.027	Loglikelihood: -28602.1	(delta): 4.90324
10 (QN/Block) 	Elapsed: 0.028	Loglikelihood: -28601.7	(delta): 0.361996
11 (QN/Block) 	Elapsed: 0.029	Loglikelihood: -28601.7	(delta): 0.000154432
12 (QN/Block) 	Elapsed: 0.029	Loglikelihood: -28601.7	(delta): -7.27596e-12
13 (QN/Block) 	Elapsed: 0.027	Loglikelihood: -28601.7	(delta): -3.63798e-12
14 (QN/Block) 	Elapsed: 0.029	Loglikelihood: -28601.7	(delta): -7.27596e-12
15 (QN/Block) 	Elapsed: 0.028	Loglikelihood: -28601.7	(delta): 7.27596e-12
Summary: 
Converged in 15 iterations (0.521 sec)
Loglikelihood: -28601.708207
Fst divergences between estimated populations: 
	Pop0	Pop1	Pop2	Pop3	Pop4	Pop5	Pop6	
Pop0	
Pop1	0.558	
Pop2	0.164	0.569	
Pop3	0.343	0.585	0.340	
Pop4	0.540	0.256	0.550	0.563	
Pop5	0.154	0.552	0.106	0.327	0.535	
Pop6	0.584	0.334	0.595	0.610	0.306	0.577	
Pop7	0.536	0.248	0.546	0.562	0.207	0.530	0.306	
CV error (K=8): 0.47529
Writing output files.
