****                   ADMIXTURE Version 1.3.0                  ****
****                    Copyright 2008-2015                     ****
****           David Alexander, Suyash Shringarpure,            ****
****                John  Novembre, Ken Lange                   ****
****                                                            ****
****                 Please cite our paper!                     ****
****   Information at www.genetics.ucla.edu/software/admixture  ****

Parallel execution requested.  Will use 8 threads.
Cross-validation will be performed.  Folds=10.
Random seed: 3484
Point estimation method: Block relaxation algorithm
Convergence acceleration algorithm: QuasiNewton, 3 secant conditions
Point estimation will terminate when objective function delta < 0.0001
Estimation of standard errors disabled; will compute point estimates only.
Size of G: 48x3917
Performing five EM steps to prime main algorithm
1 (EM) 	Elapsed: 0.02	Loglikelihood: -69806.3	(delta): 172585
2 (EM) 	Elapsed: 0.02	Loglikelihood: -63646.6	(delta): 6159.67
3 (EM) 	Elapsed: 0.02	Loglikelihood: -61823.8	(delta): 1822.84
4 (EM) 	Elapsed: 0.02	Loglikelihood: -60386.3	(delta): 1437.5
5 (EM) 	Elapsed: 0.02	Loglikelihood: -58934.8	(delta): 1451.42
Initial loglikelihood: -58934.8
Starting main algorithm
1 (QN/Block) 	Elapsed: 0.032	Loglikelihood: -36497.8	(delta): 22437.1
2 (QN/Block) 	Elapsed: 0.033	Loglikelihood: -32332.4	(delta): 4165.37
3 (QN/Block) 	Elapsed: 0.036	Loglikelihood: -30212.5	(delta): 2119.88
4 (QN/Block) 	Elapsed: 0.037	Loglikelihood: -29091.4	(delta): 1121.12
5 (QN/Block) 	Elapsed: 0.035	Loglikelihood: -28470.9	(delta): 620.451
6 (QN/Block) 	Elapsed: 0.034	Loglikelihood: -27983.8	(delta): 487.097
7 (QN/Block) 	Elapsed: 0.034	Loglikelihood: -27700.4	(delta): 283.414
8 (QN/Block) 	Elapsed: 0.035	Loglikelihood: -27632.9	(delta): 67.5513
9 (QN/Block) 	Elapsed: 0.035	Loglikelihood: -27624.8	(delta): 8.10503
10 (QN/Block) 	Elapsed: 0.035	Loglikelihood: -27621.9	(delta): 2.86651
11 (QN/Block) 	Elapsed: 0.035	Loglikelihood: -27616.6	(delta): 5.31351
12 (QN/Block) 	Elapsed: 0.036	Loglikelihood: -27610.6	(delta): 6.00563
13 (QN/Block) 	Elapsed: 0.034	Loglikelihood: -27605.4	(delta): 5.2239
14 (QN/Block) 	Elapsed: 0.036	Loglikelihood: -27600	(delta): 5.40984
15 (QN/Block) 	Elapsed: 0.04	Loglikelihood: -27596.2	(delta): 3.76026
16 (QN/Block) 	Elapsed: 0.036	Loglikelihood: -27596.1	(delta): 0.132674
17 (QN/Block) 	Elapsed: 0.036	Loglikelihood: -27596.1	(delta): 0.00134956
18 (QN/Block) 	Elapsed: 0.034	Loglikelihood: -27596.1	(delta): 2.83908e-05
Summary: 
Converged in 18 iterations (0.761 sec)
Loglikelihood: -27596.057652
Fst divergences between estimated populations: 
	Pop0	Pop1	Pop2	Pop3	Pop4	Pop5	Pop6	Pop7	Pop8	
Pop0	
Pop1	0.189	
Pop2	0.306	0.297	
Pop3	0.544	0.545	0.616	
Pop4	0.319	0.309	0.161	0.628	
Pop5	0.638	0.637	0.710	0.462	0.724	
Pop6	0.560	0.560	0.631	0.271	0.645	0.458	
Pop7	0.645	0.647	0.721	0.483	0.734	0.635	0.506	
Pop8	0.528	0.527	0.596	0.175	0.610	0.443	0.253	0.462	
Pop9	0.530	0.530	0.600	0.160	0.614	0.438	0.237	0.467	0.138	
CV error (K=10): 0.47045
Writing output files.
