****                   ADMIXTURE Version 1.3.0                  ****
****                    Copyright 2008-2015                     ****
****           David Alexander, Suyash Shringarpure,            ****
****                John  Novembre, Ken Lange                   ****
****                                                            ****
****                 Please cite our paper!                     ****
****   Information at www.genetics.ucla.edu/software/admixture  ****

Parallel execution requested.  Will use 8 threads.
Cross-validation will be performed.  Folds=10.
Random seed: 502
Point estimation method: Block relaxation algorithm
Convergence acceleration algorithm: QuasiNewton, 3 secant conditions
Point estimation will terminate when objective function delta < 0.0001
Estimation of standard errors disabled; will compute point estimates only.
Size of G: 48x3917
Performing five EM steps to prime main algorithm
1 (EM) 	Elapsed: 0.019	Loglikelihood: -69317.8	(delta): 174488
2 (EM) 	Elapsed: 0.019	Loglikelihood: -63183.4	(delta): 6134.39
3 (EM) 	Elapsed: 0.019	Loglikelihood: -61138.1	(delta): 2045.31
4 (EM) 	Elapsed: 0.021	Loglikelihood: -59454.1	(delta): 1683.99
5 (EM) 	Elapsed: 0.019	Loglikelihood: -57753.9	(delta): 1700.2
Initial loglikelihood: -57753.9
Starting main algorithm
1 (QN/Block) 	Elapsed: 0.03	Loglikelihood: -34629.2	(delta): 23124.7
2 (QN/Block) 	Elapsed: 0.03	Loglikelihood: -32084.8	(delta): 2544.39
3 (QN/Block) 	Elapsed: 0.034	Loglikelihood: -30518	(delta): 1566.75
4 (QN/Block) 	Elapsed: 0.034	Loglikelihood: -29568.1	(delta): 949.985
5 (QN/Block) 	Elapsed: 0.034	Loglikelihood: -29137.2	(delta): 430.872
6 (QN/Block) 	Elapsed: 0.034	Loglikelihood: -28950.4	(delta): 186.789
7 (QN/Block) 	Elapsed: 0.035	Loglikelihood: -28852.2	(delta): 98.1695
8 (QN/Block) 	Elapsed: 0.033	Loglikelihood: -28826.2	(delta): 26
9 (QN/Block) 	Elapsed: 0.035	Loglikelihood: -28817.9	(delta): 8.34129
10 (QN/Block) 	Elapsed: 0.036	Loglikelihood: -28811.3	(delta): 6.63605
11 (QN/Block) 	Elapsed: 0.037	Loglikelihood: -28801.6	(delta): 9.6631
12 (QN/Block) 	Elapsed: 0.033	Loglikelihood: -28798.5	(delta): 3.09222
13 (QN/Block) 	Elapsed: 0.033	Loglikelihood: -28797.3	(delta): 1.19153
14 (QN/Block) 	Elapsed: 0.033	Loglikelihood: -28791.9	(delta): 5.4379
15 (QN/Block) 	Elapsed: 0.034	Loglikelihood: -28791.3	(delta): 0.582524
16 (QN/Block) 	Elapsed: 0.032	Loglikelihood: -28791.1	(delta): 0.139141
17 (QN/Block) 	Elapsed: 0.031	Loglikelihood: -28791	(delta): 0.102538
18 (QN/Block) 	Elapsed: 0.031	Loglikelihood: -28790.9	(delta): 0.179004
19 (QN/Block) 	Elapsed: 0.031	Loglikelihood: -28790.2	(delta): 0.638386
20 (QN/Block) 	Elapsed: 0.033	Loglikelihood: -28789.9	(delta): 0.281331
21 (QN/Block) 	Elapsed: 0.031	Loglikelihood: -28789.8	(delta): 0.110091
22 (QN/Block) 	Elapsed: 0.032	Loglikelihood: -28789.8	(delta): 0.0237264
23 (QN/Block) 	Elapsed: 0.036	Loglikelihood: -28789.8	(delta): 0.0010337
24 (QN/Block) 	Elapsed: 0.031	Loglikelihood: -28789.8	(delta): 5.35299e-05
Summary: 
Converged in 24 iterations (0.92 sec)
Loglikelihood: -28789.808293
Fst divergences between estimated populations: 
	Pop0	Pop1	Pop2	Pop3	Pop4	Pop5	Pop6	Pop7	
Pop0	
Pop1	0.603	
Pop2	0.589	0.171	
Pop3	0.167	0.605	0.591	
Pop4	0.612	0.175	0.150	0.614	
Pop5	0.595	0.182	0.147	0.598	0.148	
Pop6	0.668	0.370	0.335	0.670	0.364	0.344	
Pop7	0.370	0.568	0.554	0.377	0.576	0.561	0.630	
Pop8	0.277	0.511	0.499	0.285	0.520	0.505	0.569	0.229	
CV error (K=9): 0.45207
Writing output files.
