****                   ADMIXTURE Version 1.3.0                  ****
****                    Copyright 2008-2015                     ****
****           David Alexander, Suyash Shringarpure,            ****
****                John  Novembre, Ken Lange                   ****
****                                                            ****
****                 Please cite our paper!                     ****
****   Information at www.genetics.ucla.edu/software/admixture  ****

Parallel execution requested.  Will use 8 threads.
Cross-validation will be performed.  Folds=10.
Random seed: 1129
Point estimation method: Block relaxation algorithm
Convergence acceleration algorithm: QuasiNewton, 3 secant conditions
Point estimation will terminate when objective function delta < 0.0001
Estimation of standard errors disabled; will compute point estimates only.
Size of G: 48x3917
Performing five EM steps to prime main algorithm
1 (EM) 	Elapsed: 0.011	Loglikelihood: -69133	(delta): 186706
2 (EM) 	Elapsed: 0.009	Loglikelihood: -62563.1	(delta): 6569.84
3 (EM) 	Elapsed: 0.009	Loglikelihood: -59842.7	(delta): 2720.44
4 (EM) 	Elapsed: 0.009	Loglikelihood: -57497.5	(delta): 2345.18
5 (EM) 	Elapsed: 0.01	Loglikelihood: -55223.8	(delta): 2273.69
Initial loglikelihood: -55223.8
Starting main algorithm
1 (QN/Block) 	Elapsed: 0.02	Loglikelihood: -37630.6	(delta): 17593.2
2 (QN/Block) 	Elapsed: 0.018	Loglikelihood: -34729.5	(delta): 2901.16
3 (QN/Block) 	Elapsed: 0.022	Loglikelihood: -33501.3	(delta): 1228.13
4 (QN/Block) 	Elapsed: 0.021	Loglikelihood: -32899.9	(delta): 601.443
5 (QN/Block) 	Elapsed: 0.022	Loglikelihood: -32561.3	(delta): 338.606
6 (QN/Block) 	Elapsed: 0.021	Loglikelihood: -32445.7	(delta): 115.564
7 (QN/Block) 	Elapsed: 0.021	Loglikelihood: -32423.3	(delta): 22.4489
8 (QN/Block) 	Elapsed: 0.019	Loglikelihood: -32421.7	(delta): 1.52193
9 (QN/Block) 	Elapsed: 0.021	Loglikelihood: -32421.6	(delta): 0.18134
10 (QN/Block) 	Elapsed: 0.019	Loglikelihood: -32421.5	(delta): 0.0480572
11 (QN/Block) 	Elapsed: 0.021	Loglikelihood: -32421.5	(delta): 0.0259036
12 (QN/Block) 	Elapsed: 0.019	Loglikelihood: -32421.5	(delta): 0.0248499
13 (QN/Block) 	Elapsed: 0.02	Loglikelihood: -32421.5	(delta): 0.00688537
14 (QN/Block) 	Elapsed: 0.02	Loglikelihood: -32421.5	(delta): 0.000804555
15 (QN/Block) 	Elapsed: 0.019	Loglikelihood: -32421.5	(delta): 4.95331e-05
Summary: 
Converged in 15 iterations (0.371 sec)
Loglikelihood: -32421.458279
Fst divergences between estimated populations: 
	Pop0	Pop1	Pop2	Pop3	
Pop0	
Pop1	0.584	
Pop2	0.494	0.237	
Pop3	0.147	0.557	0.471	
Pop4	0.138	0.557	0.472	0.158	
CV error (K=5): 0.38778
Writing output files.
