****                   ADMIXTURE Version 1.3.0                  ****
****                    Copyright 2008-2015                     ****
****           David Alexander, Suyash Shringarpure,            ****
****                John  Novembre, Ken Lange                   ****
****                                                            ****
****                 Please cite our paper!                     ****
****   Information at www.genetics.ucla.edu/software/admixture  ****

Parallel execution requested.  Will use 8 threads.
Cross-validation will be performed.  Folds=10.
Random seed: 4926
Point estimation method: Block relaxation algorithm
Convergence acceleration algorithm: QuasiNewton, 3 secant conditions
Point estimation will terminate when objective function delta < 0.0001
Estimation of standard errors disabled; will compute point estimates only.
Size of G: 48x3917
Performing five EM steps to prime main algorithm
1 (EM) 	Elapsed: 0.007	Loglikelihood: -70093	(delta): 189843
2 (EM) 	Elapsed: 0.008	Loglikelihood: -65043.2	(delta): 5049.83
3 (EM) 	Elapsed: 0.007	Loglikelihood: -63773	(delta): 1270.21
4 (EM) 	Elapsed: 0.007	Loglikelihood: -62882.1	(delta): 890.854
5 (EM) 	Elapsed: 0.007	Loglikelihood: -62087.4	(delta): 794.736
Initial loglikelihood: -62087.4
Starting main algorithm
1 (QN/Block) 	Elapsed: 0.016	Loglikelihood: -43430.4	(delta): 18657
2 (QN/Block) 	Elapsed: 0.015	Loglikelihood: -39662.8	(delta): 3767.63
3 (QN/Block) 	Elapsed: 0.017	Loglikelihood: -37613.1	(delta): 2049.73
4 (QN/Block) 	Elapsed: 0.018	Loglikelihood: -35516.1	(delta): 2096.95
5 (QN/Block) 	Elapsed: 0.016	Loglikelihood: -34159.6	(delta): 1356.53
6 (QN/Block) 	Elapsed: 0.018	Loglikelihood: -33767.5	(delta): 392.058
7 (QN/Block) 	Elapsed: 0.019	Loglikelihood: -33606.6	(delta): 160.885
8 (QN/Block) 	Elapsed: 0.02	Loglikelihood: -33538.8	(delta): 67.8008
9 (QN/Block) 	Elapsed: 0.019	Loglikelihood: -33511.3	(delta): 27.5739
10 (QN/Block) 	Elapsed: 0.016	Loglikelihood: -33494.7	(delta): 16.5471
11 (QN/Block) 	Elapsed: 0.021	Loglikelihood: -33489	(delta): 5.67119
12 (QN/Block) 	Elapsed: 0.016	Loglikelihood: -33487.8	(delta): 1.18646
13 (QN/Block) 	Elapsed: 0.02	Loglikelihood: -33487.8	(delta): 0.0144983
14 (QN/Block) 	Elapsed: 0.02	Loglikelihood: -33487.8	(delta): 4.30933e-07
Summary: 
Converged in 14 iterations (0.308 sec)
Loglikelihood: -33487.834033
Fst divergences between estimated populations: 
	Pop0	Pop1	Pop2	
Pop0	
Pop1	0.282	
Pop2	0.559	0.602	
Pop3	0.472	0.514	0.237	
CV error (K=4): 0.35346
Writing output files.
