****                   ADMIXTURE Version 1.3.0                  ****
****                    Copyright 2008-2015                     ****
****           David Alexander, Suyash Shringarpure,            ****
****                John  Novembre, Ken Lange                   ****
****                                                            ****
****                 Please cite our paper!                     ****
****   Information at www.genetics.ucla.edu/software/admixture  ****

Parallel execution requested.  Will use 8 threads.
Cross-validation will be performed.  Folds=10.
Random seed: 1052
Point estimation method: Block relaxation algorithm
Convergence acceleration algorithm: QuasiNewton, 3 secant conditions
Point estimation will terminate when objective function delta < 0.0001
Estimation of standard errors disabled; will compute point estimates only.
Size of G: 48x3917
Performing five EM steps to prime main algorithm
1 (EM) 	Elapsed: 0.017	Loglikelihood: -69914.6	(delta): 174821
2 (EM) 	Elapsed: 0.017	Loglikelihood: -63677.5	(delta): 6237.13
3 (EM) 	Elapsed: 0.018	Loglikelihood: -61759.3	(delta): 1918.13
4 (EM) 	Elapsed: 0.017	Loglikelihood: -60126.7	(delta): 1632.58
5 (EM) 	Elapsed: 0.017	Loglikelihood: -58422.9	(delta): 1703.83
Initial loglikelihood: -58422.9
Starting main algorithm
1 (QN/Block) 	Elapsed: 0.028	Loglikelihood: -37908.9	(delta): 20514.1
2 (QN/Block) 	Elapsed: 0.028	Loglikelihood: -33910	(delta): 3998.83
3 (QN/Block) 	Elapsed: 0.032	Loglikelihood: -31826.3	(delta): 2083.74
4 (QN/Block) 	Elapsed: 0.031	Loglikelihood: -30297.1	(delta): 1529.15
5 (QN/Block) 	Elapsed: 0.031	Loglikelihood: -29429.3	(delta): 867.831
6 (QN/Block) 	Elapsed: 0.032	Loglikelihood: -28893.2	(delta): 536.124
7 (QN/Block) 	Elapsed: 0.031	Loglikelihood: -28545.8	(delta): 347.396
8 (QN/Block) 	Elapsed: 0.031	Loglikelihood: -28430.4	(delta): 115.355
9 (QN/Block) 	Elapsed: 0.031	Loglikelihood: -28404.5	(delta): 25.9134
10 (QN/Block) 	Elapsed: 0.032	Loglikelihood: -28391.2	(delta): 13.3432
11 (QN/Block) 	Elapsed: 0.032	Loglikelihood: -28386.1	(delta): 5.1271
12 (QN/Block) 	Elapsed: 0.031	Loglikelihood: -28384.5	(delta): 1.59956
13 (QN/Block) 	Elapsed: 0.035	Loglikelihood: -28384.3	(delta): 0.130425
14 (QN/Block) 	Elapsed: 0.033	Loglikelihood: -28384.3	(delta): 0.0135255
15 (QN/Block) 	Elapsed: 0.035	Loglikelihood: -28384.3	(delta): 0.00185367
16 (QN/Block) 	Elapsed: 0.033	Loglikelihood: -28384.3	(delta): 0.000381652
17 (QN/Block) 	Elapsed: 0.032	Loglikelihood: -28384.3	(delta): 3.33981e-05
Summary: 
Converged in 17 iterations (0.651 sec)
Loglikelihood: -28384.308262
Fst divergences between estimated populations: 
	Pop0	Pop1	Pop2	Pop3	Pop4	Pop5	Pop6	Pop7	
Pop0	
Pop1	0.539	
Pop2	0.354	0.615	
Pop3	0.555	0.168	0.633	
Pop4	0.518	0.266	0.589	0.300	
Pop5	0.184	0.525	0.301	0.543	0.503	
Pop6	0.347	0.618	0.183	0.634	0.591	0.292	
Pop7	0.526	0.118	0.602	0.157	0.257	0.514	0.604	
Pop8	0.360	0.620	0.204	0.637	0.594	0.302	0.208	0.607	
CV error (K=9): 0.46695
Writing output files.
