****                   ADMIXTURE Version 1.3.0                  ****
****                    Copyright 2008-2015                     ****
****           David Alexander, Suyash Shringarpure,            ****
****                John  Novembre, Ken Lange                   ****
****                                                            ****
****                 Please cite our paper!                     ****
****   Information at www.genetics.ucla.edu/software/admixture  ****

Parallel execution requested.  Will use 8 threads.
Cross-validation will be performed.  Folds=10.
Random seed: 3282
Point estimation method: Block relaxation algorithm
Convergence acceleration algorithm: QuasiNewton, 3 secant conditions
Point estimation will terminate when objective function delta < 0.0001
Estimation of standard errors disabled; will compute point estimates only.
Size of G: 48x3917
Performing five EM steps to prime main algorithm
1 (EM) 	Elapsed: 0.017	Loglikelihood: -69601.5	(delta): 173575
2 (EM) 	Elapsed: 0.017	Loglikelihood: -63456.7	(delta): 6144.78
3 (EM) 	Elapsed: 0.017	Loglikelihood: -61585.8	(delta): 1870.84
4 (EM) 	Elapsed: 0.017	Loglikelihood: -60162.5	(delta): 1423.35
5 (EM) 	Elapsed: 0.017	Loglikelihood: -58787.7	(delta): 1374.75
Initial loglikelihood: -58787.7
Starting main algorithm
1 (QN/Block) 	Elapsed: 0.031	Loglikelihood: -37410.7	(delta): 21377
2 (QN/Block) 	Elapsed: 0.029	Loglikelihood: -32905.6	(delta): 4505.15
3 (QN/Block) 	Elapsed: 0.036	Loglikelihood: -30617	(delta): 2288.6
4 (QN/Block) 	Elapsed: 0.033	Loglikelihood: -29315.4	(delta): 1301.53
5 (QN/Block) 	Elapsed: 0.033	Loglikelihood: -28656.4	(delta): 659.039
6 (QN/Block) 	Elapsed: 0.034	Loglikelihood: -28345.9	(delta): 310.45
7 (QN/Block) 	Elapsed: 0.032	Loglikelihood: -28197.4	(delta): 148.568
8 (QN/Block) 	Elapsed: 0.031	Loglikelihood: -28147.3	(delta): 50.0445
9 (QN/Block) 	Elapsed: 0.032	Loglikelihood: -28128	(delta): 19.3792
10 (QN/Block) 	Elapsed: 0.032	Loglikelihood: -28118.5	(delta): 9.4237
11 (QN/Block) 	Elapsed: 0.032	Loglikelihood: -28114.6	(delta): 3.89833
12 (QN/Block) 	Elapsed: 0.035	Loglikelihood: -28114.1	(delta): 0.564234
13 (QN/Block) 	Elapsed: 0.034	Loglikelihood: -28113.9	(delta): 0.16632
14 (QN/Block) 	Elapsed: 0.034	Loglikelihood: -28113.9	(delta): 0.0418411
15 (QN/Block) 	Elapsed: 0.033	Loglikelihood: -28113.8	(delta): 0.021851
16 (QN/Block) 	Elapsed: 0.032	Loglikelihood: -28113.8	(delta): 0.0097031
17 (QN/Block) 	Elapsed: 0.035	Loglikelihood: -28113.8	(delta): 0.000118874
18 (QN/Block) 	Elapsed: 0.034	Loglikelihood: -28113.8	(delta): 1.16114e-05
Summary: 
Converged in 18 iterations (0.702 sec)
Loglikelihood: -28113.824098
Fst divergences between estimated populations: 
	Pop0	Pop1	Pop2	Pop3	Pop4	Pop5	Pop6	Pop7	
Pop0	
Pop1	0.537	
Pop2	0.520	0.287	
Pop3	0.528	0.300	0.176	
Pop4	0.221	0.555	0.537	0.545	
Pop5	0.290	0.609	0.591	0.598	0.281	
Pop6	0.304	0.605	0.586	0.595	0.328	0.404	
Pop7	0.321	0.623	0.603	0.612	0.343	0.425	0.163	
Pop8	0.532	0.307	0.183	0.132	0.551	0.604	0.601	0.619	
CV error (K=9): 0.49469
Writing output files.
