****                   ADMIXTURE Version 1.3.0                  ****
****                    Copyright 2008-2015                     ****
****           David Alexander, Suyash Shringarpure,            ****
****                John  Novembre, Ken Lange                   ****
****                                                            ****
****                 Please cite our paper!                     ****
****   Information at www.genetics.ucla.edu/software/admixture  ****

Parallel execution requested.  Will use 8 threads.
Cross-validation will be performed.  Folds=10.
Random seed: 2296
Point estimation method: Block relaxation algorithm
Convergence acceleration algorithm: QuasiNewton, 3 secant conditions
Point estimation will terminate when objective function delta < 0.0001
Estimation of standard errors disabled; will compute point estimates only.
Size of G: 48x3917
Performing five EM steps to prime main algorithm
1 (EM) 	Elapsed: 0.004	Loglikelihood: -69696.3	(delta): 213261
2 (EM) 	Elapsed: 0.004	Loglikelihood: -66114.1	(delta): 3582.24
3 (EM) 	Elapsed: 0.004	Loglikelihood: -65416	(delta): 698.064
4 (EM) 	Elapsed: 0.004	Loglikelihood: -65050.5	(delta): 365.523
5 (EM) 	Elapsed: 0.004	Loglikelihood: -64840.9	(delta): 209.576
Initial loglikelihood: -64840.9
Starting main algorithm
1 (QN/Block) 	Elapsed: 0.009	Loglikelihood: -63926.6	(delta): 914.363
2 (QN/Block) 	Elapsed: 0.009	Loglikelihood: -58327	(delta): 5599.56
3 (QN/Block) 	Elapsed: 0.011	Loglikelihood: -53410.7	(delta): 4916.25
4 (QN/Block) 	Elapsed: 0.013	Loglikelihood: -45158.5	(delta): 8252.28
5 (QN/Block) 	Elapsed: 0.01	Loglikelihood: -41363.3	(delta): 3795.17
6 (QN/Block) 	Elapsed: 0.011	Loglikelihood: -40625.8	(delta): 737.511
7 (QN/Block) 	Elapsed: 0.012	Loglikelihood: -40290.9	(delta): 334.874
8 (QN/Block) 	Elapsed: 0.012	Loglikelihood: -40147.7	(delta): 143.257
9 (QN/Block) 	Elapsed: 0.012	Loglikelihood: -40073.6	(delta): 74.0173
10 (QN/Block) 	Elapsed: 0.01	Loglikelihood: -40069.7	(delta): 3.91809
11 (QN/Block) 	Elapsed: 0.014	Loglikelihood: -40069.5	(delta): 0.269967
12 (QN/Block) 	Elapsed: 0.013	Loglikelihood: -40069.4	(delta): 0.0523436
13 (QN/Block) 	Elapsed: 0.011	Loglikelihood: -40069.4	(delta): 0.0294099
14 (QN/Block) 	Elapsed: 0.011	Loglikelihood: -40069.4	(delta): 0.000689706
15 (QN/Block) 	Elapsed: 0.014	Loglikelihood: -40069.4	(delta): -7.27596e-12
16 (QN/Block) 	Elapsed: 0.01	Loglikelihood: -40069.4	(delta): 7.27596e-12
Summary: 
Converged in 16 iterations (0.218 sec)
Loglikelihood: -40069.368785
Fst divergences between estimated populations: 
	Pop0	
Pop0	
Pop1	0.469	
CV error (K=2): 0.34314
Writing output files.
