****                   ADMIXTURE Version 1.3.0                  ****
****                    Copyright 2008-2015                     ****
****           David Alexander, Suyash Shringarpure,            ****
****                John  Novembre, Ken Lange                   ****
****                                                            ****
****                 Please cite our paper!                     ****
****   Information at www.genetics.ucla.edu/software/admixture  ****

Parallel execution requested.  Will use 8 threads.
Cross-validation will be performed.  Folds=10.
Random seed: 4814
Point estimation method: Block relaxation algorithm
Convergence acceleration algorithm: QuasiNewton, 3 secant conditions
Point estimation will terminate when objective function delta < 0.0001
Estimation of standard errors disabled; will compute point estimates only.
Size of G: 48x3917
Performing five EM steps to prime main algorithm
1 (EM) 	Elapsed: 0.007	Loglikelihood: -69345.2	(delta): 190159
2 (EM) 	Elapsed: 0.007	Loglikelihood: -64024.3	(delta): 5320.94
3 (EM) 	Elapsed: 0.007	Loglikelihood: -62273.5	(delta): 1750.83
4 (EM) 	Elapsed: 0.007	Loglikelihood: -60888.8	(delta): 1384.63
5 (EM) 	Elapsed: 0.007	Loglikelihood: -59541.6	(delta): 1347.25
Initial loglikelihood: -59541.6
Starting main algorithm
1 (QN/Block) 	Elapsed: 0.016	Loglikelihood: -43578.2	(delta): 15963.4
2 (QN/Block) 	Elapsed: 0.014	Loglikelihood: -39806.2	(delta): 3771.96
3 (QN/Block) 	Elapsed: 0.016	Loglikelihood: -37894	(delta): 1912.21
4 (QN/Block) 	Elapsed: 0.019	Loglikelihood: -35948.5	(delta): 1945.45
5 (QN/Block) 	Elapsed: 0.016	Loglikelihood: -34836.7	(delta): 1111.83
6 (QN/Block) 	Elapsed: 0.016	Loglikelihood: -34438.6	(delta): 398.134
7 (QN/Block) 	Elapsed: 0.019	Loglikelihood: -34227.4	(delta): 211.218
8 (QN/Block) 	Elapsed: 0.019	Loglikelihood: -34146.5	(delta): 80.8815
9 (QN/Block) 	Elapsed: 0.018	Loglikelihood: -34070.4	(delta): 76.0655
10 (QN/Block) 	Elapsed: 0.019	Loglikelihood: -33975.8	(delta): 94.6521
11 (QN/Block) 	Elapsed: 0.018	Loglikelihood: -33924.2	(delta): 51.5746
12 (QN/Block) 	Elapsed: 0.018	Loglikelihood: -33900.8	(delta): 23.3291
13 (QN/Block) 	Elapsed: 0.017	Loglikelihood: -33862.8	(delta): 38.0088
14 (QN/Block) 	Elapsed: 0.02	Loglikelihood: -33845.1	(delta): 17.7212
15 (QN/Block) 	Elapsed: 0.017	Loglikelihood: -33840	(delta): 5.074
16 (QN/Block) 	Elapsed: 0.018	Loglikelihood: -33839.9	(delta): 0.171466
17 (QN/Block) 	Elapsed: 0.019	Loglikelihood: -33839.9	(delta): 2.01544e-07
Summary: 
Converged in 17 iterations (0.355 sec)
Loglikelihood: -33839.874440
Fst divergences between estimated populations: 
	Pop0	Pop1	Pop2	
Pop0	
Pop1	0.473	
Pop2	0.462	0.094	
Pop3	0.237	0.560	0.548	
CV error (K=4): 0.35388
Writing output files.
