****                   ADMIXTURE Version 1.3.0                  ****
****                    Copyright 2008-2015                     ****
****           David Alexander, Suyash Shringarpure,            ****
****                John  Novembre, Ken Lange                   ****
****                                                            ****
****                 Please cite our paper!                     ****
****   Information at www.genetics.ucla.edu/software/admixture  ****

Parallel execution requested.  Will use 8 threads.
Cross-validation will be performed.  Folds=10.
Random seed: 38
Point estimation method: Block relaxation algorithm
Convergence acceleration algorithm: QuasiNewton, 3 secant conditions
Point estimation will terminate when objective function delta < 0.0001
Estimation of standard errors disabled; will compute point estimates only.
Size of G: 48x3917
Performing five EM steps to prime main algorithm
1 (EM) 	Elapsed: 0.005	Loglikelihood: -69352.2	(delta): 198013
2 (EM) 	Elapsed: 0.006	Loglikelihood: -65122.9	(delta): 4229.33
3 (EM) 	Elapsed: 0.006	Loglikelihood: -64183.2	(delta): 939.697
4 (EM) 	Elapsed: 0.005	Loglikelihood: -63689.3	(delta): 493.894
5 (EM) 	Elapsed: 0.005	Loglikelihood: -63364.1	(delta): 325.224
Initial loglikelihood: -63364.1
Starting main algorithm
1 (QN/Block) 	Elapsed: 0.011	Loglikelihood: -48620.5	(delta): 14743.5
2 (QN/Block) 	Elapsed: 0.013	Loglikelihood: -42264.9	(delta): 6355.62
3 (QN/Block) 	Elapsed: 0.015	Loglikelihood: -40017	(delta): 2247.89
4 (QN/Block) 	Elapsed: 0.013	Loglikelihood: -38305.9	(delta): 1711.16
5 (QN/Block) 	Elapsed: 0.015	Loglikelihood: -37123.6	(delta): 1182.29
6 (QN/Block) 	Elapsed: 0.014	Loglikelihood: -36446.2	(delta): 677.37
7 (QN/Block) 	Elapsed: 0.014	Loglikelihood: -36247.2	(delta): 199.046
8 (QN/Block) 	Elapsed: 0.017	Loglikelihood: -36217.3	(delta): 29.8731
9 (QN/Block) 	Elapsed: 0.017	Loglikelihood: -36214.5	(delta): 2.74818
10 (QN/Block) 	Elapsed: 0.016	Loglikelihood: -36214.3	(delta): 0.200215
11 (QN/Block) 	Elapsed: 0.016	Loglikelihood: -36214.3	(delta): 0.000713781
12 (QN/Block) 	Elapsed: 0.016	Loglikelihood: -36214.3	(delta): -7.27596e-12
13 (QN/Block) 	Elapsed: 0.015	Loglikelihood: -36214.3	(delta): 0
Summary: 
Converged in 13 iterations (0.236 sec)
Loglikelihood: -36214.338730
Fst divergences between estimated populations: 
	Pop0	Pop1	
Pop0	
Pop1	0.237	
Pop2	0.454	0.539	
CV error (K=3): 0.33823
Writing output files.
