****                   ADMIXTURE Version 1.3.0                  ****
****                    Copyright 2008-2015                     ****
****           David Alexander, Suyash Shringarpure,            ****
****                John  Novembre, Ken Lange                   ****
****                                                            ****
****                 Please cite our paper!                     ****
****   Information at www.genetics.ucla.edu/software/admixture  ****

Parallel execution requested.  Will use 8 threads.
Cross-validation will be performed.  Folds=10.
Random seed: 4300
Point estimation method: Block relaxation algorithm
Convergence acceleration algorithm: QuasiNewton, 3 secant conditions
Point estimation will terminate when objective function delta < 0.0001
Estimation of standard errors disabled; will compute point estimates only.
Size of G: 48x3917
Performing five EM steps to prime main algorithm
1 (EM) 	Elapsed: 0.01	Loglikelihood: -70310.6	(delta): 182593
2 (EM) 	Elapsed: 0.009	Loglikelihood: -64163.7	(delta): 6146.86
3 (EM) 	Elapsed: 0.009	Loglikelihood: -62160.6	(delta): 2003.06
4 (EM) 	Elapsed: 0.009	Loglikelihood: -60476.1	(delta): 1684.52
5 (EM) 	Elapsed: 0.009	Loglikelihood: -58786.3	(delta): 1689.86
Initial loglikelihood: -58786.3
Starting main algorithm
1 (QN/Block) 	Elapsed: 0.019	Loglikelihood: -40097.6	(delta): 18688.7
2 (QN/Block) 	Elapsed: 0.018	Loglikelihood: -35882.2	(delta): 4215.4
3 (QN/Block) 	Elapsed: 0.022	Loglikelihood: -34162.3	(delta): 1719.86
4 (QN/Block) 	Elapsed: 0.019	Loglikelihood: -33100	(delta): 1062.29
5 (QN/Block) 	Elapsed: 0.022	Loglikelihood: -32412.7	(delta): 687.322
6 (QN/Block) 	Elapsed: 0.018	Loglikelihood: -31990.8	(delta): 421.942
7 (QN/Block) 	Elapsed: 0.022	Loglikelihood: -31910.7	(delta): 80.0378
8 (QN/Block) 	Elapsed: 0.02	Loglikelihood: -31855.6	(delta): 55.116
9 (QN/Block) 	Elapsed: 0.02	Loglikelihood: -31829.8	(delta): 25.8689
10 (QN/Block) 	Elapsed: 0.021	Loglikelihood: -31820.1	(delta): 9.64459
11 (QN/Block) 	Elapsed: 0.02	Loglikelihood: -31819	(delta): 1.10403
12 (QN/Block) 	Elapsed: 0.021	Loglikelihood: -31819	(delta): 0.0357708
13 (QN/Block) 	Elapsed: 0.021	Loglikelihood: -31819	(delta): 1.13916e-06
Summary: 
Converged in 13 iterations (0.328 sec)
Loglikelihood: -31818.975519
Fst divergences between estimated populations: 
	Pop0	Pop1	Pop2	Pop3	
Pop0	
Pop1	0.481	
Pop2	0.249	0.487	
Pop3	0.568	0.237	0.576	
Pop4	0.258	0.489	0.095	0.578	
CV error (K=5): 0.38272
Writing output files.
