****                   ADMIXTURE Version 1.3.0                  ****
****                    Copyright 2008-2015                     ****
****           David Alexander, Suyash Shringarpure,            ****
****                John  Novembre, Ken Lange                   ****
****                                                            ****
****                 Please cite our paper!                     ****
****   Information at www.genetics.ucla.edu/software/admixture  ****

Parallel execution requested.  Will use 8 threads.
Cross-validation will be performed.  Folds=10.
Random seed: 694
Point estimation method: Block relaxation algorithm
Convergence acceleration algorithm: QuasiNewton, 3 secant conditions
Point estimation will terminate when objective function delta < 0.0001
Estimation of standard errors disabled; will compute point estimates only.
Size of G: 48x3917
Performing five EM steps to prime main algorithm
1 (EM) 	Elapsed: 0.003	Loglikelihood: -68230.7	(delta): 218587
2 (EM) 	Elapsed: 0.004	Loglikelihood: -64882.8	(delta): 3347.9
3 (EM) 	Elapsed: 0.004	Loglikelihood: -64019.1	(delta): 863.719
4 (EM) 	Elapsed: 0.004	Loglikelihood: -63488.6	(delta): 530.504
5 (EM) 	Elapsed: 0.003	Loglikelihood: -63053.2	(delta): 435.384
Initial loglikelihood: -63053.2
Starting main algorithm
1 (QN/Block) 	Elapsed: 0.008	Loglikelihood: -46107.6	(delta): 16945.6
2 (QN/Block) 	Elapsed: 0.009	Loglikelihood: -43519.7	(delta): 2587.88
3 (QN/Block) 	Elapsed: 0.01	Loglikelihood: -42068.5	(delta): 1451.18
4 (QN/Block) 	Elapsed: 0.012	Loglikelihood: -41010.1	(delta): 1058.42
5 (QN/Block) 	Elapsed: 0.01	Loglikelihood: -40322.9	(delta): 687.231
6 (QN/Block) 	Elapsed: 0.01	Loglikelihood: -40101.6	(delta): 221.327
7 (QN/Block) 	Elapsed: 0.011	Loglikelihood: -40069.7	(delta): 31.8656
8 (QN/Block) 	Elapsed: 0.011	Loglikelihood: -40069.5	(delta): 0.246807
9 (QN/Block) 	Elapsed: 0.01	Loglikelihood: -40069.4	(delta): 0.0561768
10 (QN/Block) 	Elapsed: 0.013	Loglikelihood: -40069.4	(delta): 0.0369037
11 (QN/Block) 	Elapsed: 0.013	Loglikelihood: -40069.4	(delta): 1.41081e-08
Summary: 
Converged in 11 iterations (0.152 sec)
Loglikelihood: -40069.368176
Fst divergences between estimated populations: 
	Pop0	
Pop0	
Pop1	0.469	
CV error (K=2): 0.34268
Writing output files.
