****                   ADMIXTURE Version 1.3.0                  ****
****                    Copyright 2008-2015                     ****
****           David Alexander, Suyash Shringarpure,            ****
****                John  Novembre, Ken Lange                   ****
****                                                            ****
****                 Please cite our paper!                     ****
****   Information at www.genetics.ucla.edu/software/admixture  ****

Parallel execution requested.  Will use 8 threads.
Cross-validation will be performed.  Folds=10.
Random seed: 3232
Point estimation method: Block relaxation algorithm
Convergence acceleration algorithm: QuasiNewton, 3 secant conditions
Point estimation will terminate when objective function delta < 0.0001
Estimation of standard errors disabled; will compute point estimates only.
Size of G: 48x3917
Performing five EM steps to prime main algorithm
1 (EM) 	Elapsed: 0.002	Loglikelihood: -66396.3	(delta): 261260
2 (EM) 	Elapsed: 0.002	Loglikelihood: -66396.3	(delta): 0
3 (EM) 	Elapsed: 0.002	Loglikelihood: -66396.3	(delta): 0
4 (EM) 	Elapsed: 0.002	Loglikelihood: -66396.3	(delta): 0
5 (EM) 	Elapsed: 0.003	Loglikelihood: -66396.3	(delta): 0
Initial loglikelihood: -66396.3
Starting main algorithm
1 (QN/Block) 	Elapsed: 0.008	Loglikelihood: -66396.3	(delta): 0
Summary: 
Converged in 1 iterations (0.025 sec)
Loglikelihood: -66396.271143
CV error (K=1): 0.47992
Writing output files.
