****                   ADMIXTURE Version 1.3.0                  ****
****                    Copyright 2008-2015                     ****
****           David Alexander, Suyash Shringarpure,            ****
****                John  Novembre, Ken Lange                   ****
****                                                            ****
****                 Please cite our paper!                     ****
****   Information at www.genetics.ucla.edu/software/admixture  ****

Parallel execution requested.  Will use 8 threads.
Cross-validation will be performed.  Folds=10.
Random seed: 4204
Point estimation method: Block relaxation algorithm
Convergence acceleration algorithm: QuasiNewton, 3 secant conditions
Point estimation will terminate when objective function delta < 0.0001
Estimation of standard errors disabled; will compute point estimates only.
Size of G: 48x3917
Performing five EM steps to prime main algorithm
1 (EM) 	Elapsed: 0.009	Loglikelihood: -70327.2	(delta): 181436
2 (EM) 	Elapsed: 0.009	Loglikelihood: -64965.4	(delta): 5361.81
3 (EM) 	Elapsed: 0.009	Loglikelihood: -63610.4	(delta): 1354.98
4 (EM) 	Elapsed: 0.009	Loglikelihood: -62707.1	(delta): 903.33
5 (EM) 	Elapsed: 0.009	Loglikelihood: -61897.2	(delta): 809.864
Initial loglikelihood: -61897.2
Starting main algorithm
1 (QN/Block) 	Elapsed: 0.02	Loglikelihood: -41216.1	(delta): 20681.1
2 (QN/Block) 	Elapsed: 0.018	Loglikelihood: -37986.1	(delta): 3229.96
3 (QN/Block) 	Elapsed: 0.022	Loglikelihood: -36054.5	(delta): 1931.62
4 (QN/Block) 	Elapsed: 0.02	Loglikelihood: -34568.9	(delta): 1485.63
5 (QN/Block) 	Elapsed: 0.019	Loglikelihood: -33502.5	(delta): 1066.36
6 (QN/Block) 	Elapsed: 0.019	Loglikelihood: -32840.2	(delta): 662.345
7 (QN/Block) 	Elapsed: 0.02	Loglikelihood: -32725.9	(delta): 114.266
8 (QN/Block) 	Elapsed: 0.021	Loglikelihood: -32690.9	(delta): 35.0544
9 (QN/Block) 	Elapsed: 0.019	Loglikelihood: -32678.8	(delta): 12.0782
10 (QN/Block) 	Elapsed: 0.021	Loglikelihood: -32677.3	(delta): 1.5065
11 (QN/Block) 	Elapsed: 0.02	Loglikelihood: -32677.1	(delta): 0.148152
12 (QN/Block) 	Elapsed: 0.022	Loglikelihood: -32677.1	(delta): 0.00385895
13 (QN/Block) 	Elapsed: 0.019	Loglikelihood: -32677.1	(delta): 0.000562497
14 (QN/Block) 	Elapsed: 0.019	Loglikelihood: -32677.1	(delta): 3.10523e-07
Summary: 
Converged in 14 iterations (0.345 sec)
Loglikelihood: -32677.128834
Fst divergences between estimated populations: 
	Pop0	Pop1	Pop2	Pop3	
Pop0	
Pop1	0.220	
Pop2	0.468	0.480	
Pop3	0.558	0.575	0.254	
Pop4	0.575	0.592	0.270	0.163	
CV error (K=5): 0.36494
Writing output files.
