****                   ADMIXTURE Version 1.3.0                  ****
****                    Copyright 2008-2015                     ****
****           David Alexander, Suyash Shringarpure,            ****
****                John  Novembre, Ken Lange                   ****
****                                                            ****
****                 Please cite our paper!                     ****
****   Information at www.genetics.ucla.edu/software/admixture  ****

Parallel execution requested.  Will use 8 threads.
Cross-validation will be performed.  Folds=10.
Random seed: 3624
Point estimation method: Block relaxation algorithm
Convergence acceleration algorithm: QuasiNewton, 3 secant conditions
Point estimation will terminate when objective function delta < 0.0001
Estimation of standard errors disabled; will compute point estimates only.
Size of G: 48x3917
Performing five EM steps to prime main algorithm
1 (EM) 	Elapsed: 0.004	Loglikelihood: -68686.1	(delta): 217234
2 (EM) 	Elapsed: 0.004	Loglikelihood: -65526.3	(delta): 3159.87
3 (EM) 	Elapsed: 0.004	Loglikelihood: -64852.3	(delta): 673.968
4 (EM) 	Elapsed: 0.004	Loglikelihood: -64511.7	(delta): 340.568
5 (EM) 	Elapsed: 0.003	Loglikelihood: -64311.5	(delta): 200.274
Initial loglikelihood: -64311.5
Starting main algorithm
1 (QN/Block) 	Elapsed: 0.009	Loglikelihood: -45829.3	(delta): 18482.1
2 (QN/Block) 	Elapsed: 0.009	Loglikelihood: -43334.1	(delta): 2495.23
3 (QN/Block) 	Elapsed: 0.012	Loglikelihood: -42232.4	(delta): 1101.68
4 (QN/Block) 	Elapsed: 0.012	Loglikelihood: -41259.4	(delta): 973.003
5 (QN/Block) 	Elapsed: 0.01	Loglikelihood: -40379.4	(delta): 880.044
6 (QN/Block) 	Elapsed: 0.01	Loglikelihood: -40155	(delta): 224.437
7 (QN/Block) 	Elapsed: 0.012	Loglikelihood: -40077.5	(delta): 77.4812
8 (QN/Block) 	Elapsed: 0.012	Loglikelihood: -40069.5	(delta): 7.95348
9 (QN/Block) 	Elapsed: 0.01	Loglikelihood: -40069.4	(delta): 0.111342
10 (QN/Block) 	Elapsed: 0.011	Loglikelihood: -40069.4	(delta): 0.03076
11 (QN/Block) 	Elapsed: 0.016	Loglikelihood: -40069.4	(delta): 0.0094121
12 (QN/Block) 	Elapsed: 0.012	Loglikelihood: -40069.4	(delta): 1.49429e-06
Summary: 
Converged in 12 iterations (0.169 sec)
Loglikelihood: -40069.368176
Fst divergences between estimated populations: 
	Pop0	
Pop0	
Pop1	0.469	
CV error (K=2): 0.33984
Writing output files.
