****                   ADMIXTURE Version 1.3.0                  ****
****                    Copyright 2008-2015                     ****
****           David Alexander, Suyash Shringarpure,            ****
****                John  Novembre, Ken Lange                   ****
****                                                            ****
****                 Please cite our paper!                     ****
****   Information at www.genetics.ucla.edu/software/admixture  ****

Parallel execution requested.  Will use 8 threads.
Cross-validation will be performed.  Folds=10.
Random seed: 302
Point estimation method: Block relaxation algorithm
Convergence acceleration algorithm: QuasiNewton, 3 secant conditions
Point estimation will terminate when objective function delta < 0.0001
Estimation of standard errors disabled; will compute point estimates only.
Size of G: 48x3917
Performing five EM steps to prime main algorithm
1 (EM) 	Elapsed: 0.007	Loglikelihood: -70257.9	(delta): 187085
2 (EM) 	Elapsed: 0.008	Loglikelihood: -65073.9	(delta): 5184.01
3 (EM) 	Elapsed: 0.007	Loglikelihood: -63721.2	(delta): 1352.75
4 (EM) 	Elapsed: 0.007	Loglikelihood: -62727.3	(delta): 993.9
5 (EM) 	Elapsed: 0.007	Loglikelihood: -61757.8	(delta): 969.509
Initial loglikelihood: -61757.8
Starting main algorithm
1 (QN/Block) 	Elapsed: 0.016	Loglikelihood: -43201.5	(delta): 18556.2
2 (QN/Block) 	Elapsed: 0.015	Loglikelihood: -39566.5	(delta): 3635.05
3 (QN/Block) 	Elapsed: 0.016	Loglikelihood: -37480.1	(delta): 2086.42
4 (QN/Block) 	Elapsed: 0.019	Loglikelihood: -35774.5	(delta): 1705.55
5 (QN/Block) 	Elapsed: 0.015	Loglikelihood: -34778.7	(delta): 995.787
6 (QN/Block) 	Elapsed: 0.018	Loglikelihood: -34199.3	(delta): 579.457
7 (QN/Block) 	Elapsed: 0.017	Loglikelihood: -33924.4	(delta): 274.856
8 (QN/Block) 	Elapsed: 0.015	Loglikelihood: -33513.7	(delta): 410.773
9 (QN/Block) 	Elapsed: 0.018	Loglikelihood: -33440.1	(delta): 73.6028
10 (QN/Block) 	Elapsed: 0.015	Loglikelihood: -33422.3	(delta): 17.7316
11 (QN/Block) 	Elapsed: 0.016	Loglikelihood: -33417.2	(delta): 5.13385
12 (QN/Block) 	Elapsed: 0.019	Loglikelihood: -33411.5	(delta): 5.72586
13 (QN/Block) 	Elapsed: 0.016	Loglikelihood: -33406.4	(delta): 5.10365
14 (QN/Block) 	Elapsed: 0.018	Loglikelihood: -33404.5	(delta): 1.89505
15 (QN/Block) 	Elapsed: 0.015	Loglikelihood: -33404.2	(delta): 0.234181
16 (QN/Block) 	Elapsed: 0.016	Loglikelihood: -33404.2	(delta): 0.0282152
17 (QN/Block) 	Elapsed: 0.018	Loglikelihood: -33404.2	(delta): 0.000972532
18 (QN/Block) 	Elapsed: 0.015	Loglikelihood: -33404.2	(delta): 8.46649e-05
Summary: 
Converged in 18 iterations (0.356 sec)
Loglikelihood: -33404.204489
Fst divergences between estimated populations: 
	Pop0	Pop1	Pop2	
Pop0	
Pop1	0.452	
Pop2	0.535	0.237	
Pop3	0.198	0.487	0.576	
CV error (K=4): 0.34853
Writing output files.
