****                   ADMIXTURE Version 1.3.0                  ****
****                    Copyright 2008-2015                     ****
****           David Alexander, Suyash Shringarpure,            ****
****                John  Novembre, Ken Lange                   ****
****                                                            ****
****                 Please cite our paper!                     ****
****   Information at www.genetics.ucla.edu/software/admixture  ****

Parallel execution requested.  Will use 8 threads.
Cross-validation will be performed.  Folds=10.
Random seed: 1486
Point estimation method: Block relaxation algorithm
Convergence acceleration algorithm: QuasiNewton, 3 secant conditions
Point estimation will terminate when objective function delta < 0.0001
Estimation of standard errors disabled; will compute point estimates only.
Size of G: 48x3917
Performing five EM steps to prime main algorithm
1 (EM) 	Elapsed: 0.013	Loglikelihood: -70336.8	(delta): 176108
2 (EM) 	Elapsed: 0.012	Loglikelihood: -64389.6	(delta): 5947.19
3 (EM) 	Elapsed: 0.012	Loglikelihood: -62788	(delta): 1601.53
4 (EM) 	Elapsed: 0.014	Loglikelihood: -61580.2	(delta): 1207.79
5 (EM) 	Elapsed: 0.012	Loglikelihood: -60394.7	(delta): 1185.57
Initial loglikelihood: -60394.7
Starting main algorithm
1 (QN/Block) 	Elapsed: 0.025	Loglikelihood: -38599.7	(delta): 21795
2 (QN/Block) 	Elapsed: 0.025	Loglikelihood: -34606.7	(delta): 3992.9
3 (QN/Block) 	Elapsed: 0.028	Loglikelihood: -32501.4	(delta): 2105.37
4 (QN/Block) 	Elapsed: 0.027	Loglikelihood: -31034.1	(delta): 1467.26
5 (QN/Block) 	Elapsed: 0.03	Loglikelihood: -30297	(delta): 737.116
6 (QN/Block) 	Elapsed: 0.026	Loglikelihood: -29788	(delta): 509.018
7 (QN/Block) 	Elapsed: 0.032	Loglikelihood: -29535.5	(delta): 252.481
8 (QN/Block) 	Elapsed: 0.027	Loglikelihood: -29447.9	(delta): 87.5819
9 (QN/Block) 	Elapsed: 0.028	Loglikelihood: -29429.8	(delta): 18.1451
10 (QN/Block) 	Elapsed: 0.024	Loglikelihood: -29428.3	(delta): 1.45915
11 (QN/Block) 	Elapsed: 0.028	Loglikelihood: -29427.6	(delta): 0.719487
12 (QN/Block) 	Elapsed: 0.026	Loglikelihood: -29427.6	(delta): 0.0110387
13 (QN/Block) 	Elapsed: 0.029	Loglikelihood: -29427.6	(delta): 0.00140303
14 (QN/Block) 	Elapsed: 0.025	Loglikelihood: -29427.6	(delta): 5.28469e-06
Summary: 
Converged in 14 iterations (0.463 sec)
Loglikelihood: -29427.583607
Fst divergences between estimated populations: 
	Pop0	Pop1	Pop2	Pop3	Pop4	Pop5	
Pop0	
Pop1	0.188	
Pop2	0.547	0.550	
Pop3	0.545	0.544	0.372	
Pop4	0.521	0.521	0.327	0.204	
Pop5	0.526	0.526	0.337	0.208	0.111	
Pop6	0.280	0.286	0.610	0.605	0.581	0.586	
CV error (K=7): 0.43808
Writing output files.
