****                   ADMIXTURE Version 1.3.0                  ****
****                    Copyright 2008-2015                     ****
****           David Alexander, Suyash Shringarpure,            ****
****                John  Novembre, Ken Lange                   ****
****                                                            ****
****                 Please cite our paper!                     ****
****   Information at www.genetics.ucla.edu/software/admixture  ****

Parallel execution requested.  Will use 8 threads.
Cross-validation will be performed.  Folds=10.
Random seed: 4662
Point estimation method: Block relaxation algorithm
Convergence acceleration algorithm: QuasiNewton, 3 secant conditions
Point estimation will terminate when objective function delta < 0.0001
Estimation of standard errors disabled; will compute point estimates only.
Size of G: 48x3917
Performing five EM steps to prime main algorithm
1 (EM) 	Elapsed: 0.005	Loglikelihood: -69417.7	(delta): 200437
2 (EM) 	Elapsed: 0.006	Loglikelihood: -64754.6	(delta): 4663.11
3 (EM) 	Elapsed: 0.006	Loglikelihood: -63410.9	(delta): 1343.68
4 (EM) 	Elapsed: 0.005	Loglikelihood: -62382.9	(delta): 1028.04
5 (EM) 	Elapsed: 0.005	Loglikelihood: -61396.6	(delta): 986.296
Initial loglikelihood: -61396.6
Starting main algorithm
1 (QN/Block) 	Elapsed: 0.012	Loglikelihood: -44456	(delta): 16940.6
2 (QN/Block) 	Elapsed: 0.014	Loglikelihood: -41128.5	(delta): 3327.51
3 (QN/Block) 	Elapsed: 0.013	Loglikelihood: -39418.2	(delta): 1710.3
4 (QN/Block) 	Elapsed: 0.013	Loglikelihood: -37649	(delta): 1769.17
5 (QN/Block) 	Elapsed: 0.014	Loglikelihood: -36635.8	(delta): 1013.16
6 (QN/Block) 	Elapsed: 0.014	Loglikelihood: -36288.7	(delta): 347.097
7 (QN/Block) 	Elapsed: 0.015	Loglikelihood: -36229.3	(delta): 59.4259
8 (QN/Block) 	Elapsed: 0.017	Loglikelihood: -36220.3	(delta): 8.99428
9 (QN/Block) 	Elapsed: 0.019	Loglikelihood: -36215.4	(delta): 4.90343
10 (QN/Block) 	Elapsed: 0.02	Loglikelihood: -36214.4	(delta): 0.990204
11 (QN/Block) 	Elapsed: 0.019	Loglikelihood: -36214.3	(delta): 0.085478
12 (QN/Block) 	Elapsed: 0.016	Loglikelihood: -36214.3	(delta): 2.49462e-05
Summary: 
Converged in 12 iterations (0.229 sec)
Loglikelihood: -36214.345555
Fst divergences between estimated populations: 
	Pop0	Pop1	
Pop0	
Pop1	0.539	
Pop2	0.454	0.237	
CV error (K=3): 0.33989
Writing output files.
