****                   ADMIXTURE Version 1.3.0                  ****
****                    Copyright 2008-2015                     ****
****           David Alexander, Suyash Shringarpure,            ****
****                John  Novembre, Ken Lange                   ****
****                                                            ****
****                 Please cite our paper!                     ****
****   Information at www.genetics.ucla.edu/software/admixture  ****

Parallel execution requested.  Will use 8 threads.
Cross-validation will be performed.  Folds=10.
Random seed: 1098
Point estimation method: Block relaxation algorithm
Convergence acceleration algorithm: QuasiNewton, 3 secant conditions
Point estimation will terminate when objective function delta < 0.0001
Estimation of standard errors disabled; will compute point estimates only.
Size of G: 48x3917
Performing five EM steps to prime main algorithm
1 (EM) 	Elapsed: 0.02	Loglikelihood: -69716.7	(delta): 172389
2 (EM) 	Elapsed: 0.019	Loglikelihood: -63652.6	(delta): 6064.07
3 (EM) 	Elapsed: 0.02	Loglikelihood: -61909.7	(delta): 1742.89
4 (EM) 	Elapsed: 0.02	Loglikelihood: -60583	(delta): 1326.69
5 (EM) 	Elapsed: 0.019	Loglikelihood: -59280.6	(delta): 1302.46
Initial loglikelihood: -59280.6
Starting main algorithm
1 (QN/Block) 	Elapsed: 0.033	Loglikelihood: -35360	(delta): 23920.6
2 (QN/Block) 	Elapsed: 0.033	Loglikelihood: -32021.5	(delta): 3338.47
3 (QN/Block) 	Elapsed: 0.036	Loglikelihood: -30376.3	(delta): 1645.22
4 (QN/Block) 	Elapsed: 0.036	Loglikelihood: -28980.7	(delta): 1395.64
5 (QN/Block) 	Elapsed: 0.036	Loglikelihood: -28097.8	(delta): 882.848
6 (QN/Block) 	Elapsed: 0.039	Loglikelihood: -27603.6	(delta): 494.251
7 (QN/Block) 	Elapsed: 0.04	Loglikelihood: -27362.4	(delta): 241.185
8 (QN/Block) 	Elapsed: 0.039	Loglikelihood: -27307.7	(delta): 54.7364
9 (QN/Block) 	Elapsed: 0.038	Loglikelihood: -27259.7	(delta): 47.9332
10 (QN/Block) 	Elapsed: 0.036	Loglikelihood: -27220.2	(delta): 39.5476
11 (QN/Block) 	Elapsed: 0.036	Loglikelihood: -27208	(delta): 12.2095
12 (QN/Block) 	Elapsed: 0.036	Loglikelihood: -27205.3	(delta): 2.61301
13 (QN/Block) 	Elapsed: 0.041	Loglikelihood: -27183.3	(delta): 22.0768
14 (QN/Block) 	Elapsed: 0.04	Loglikelihood: -27162.3	(delta): 20.9984
15 (QN/Block) 	Elapsed: 0.036	Loglikelihood: -27158.4	(delta): 3.86157
16 (QN/Block) 	Elapsed: 0.04	Loglikelihood: -27157.1	(delta): 1.31849
17 (QN/Block) 	Elapsed: 0.038	Loglikelihood: -27156.9	(delta): 0.184912
18 (QN/Block) 	Elapsed: 0.039	Loglikelihood: -27156.7	(delta): 0.179865
19 (QN/Block) 	Elapsed: 0.036	Loglikelihood: -27156.5	(delta): 0.258458
20 (QN/Block) 	Elapsed: 0.036	Loglikelihood: -27156.3	(delta): 0.16825
21 (QN/Block) 	Elapsed: 0.036	Loglikelihood: -27156.2	(delta): 0.124228
22 (QN/Block) 	Elapsed: 0.036	Loglikelihood: -27156.1	(delta): 0.091462
23 (QN/Block) 	Elapsed: 0.038	Loglikelihood: -27155.9	(delta): 0.150957
24 (QN/Block) 	Elapsed: 0.036	Loglikelihood: -27155.8	(delta): 0.131999
25 (QN/Block) 	Elapsed: 0.036	Loglikelihood: -27155.6	(delta): 0.180764
26 (QN/Block) 	Elapsed: 0.037	Loglikelihood: -27155.3	(delta): 0.277304
27 (QN/Block) 	Elapsed: 0.038	Loglikelihood: -27154.9	(delta): 0.407571
28 (QN/Block) 	Elapsed: 0.036	Loglikelihood: -27154.4	(delta): 0.559241
29 (QN/Block) 	Elapsed: 0.038	Loglikelihood: -27153.5	(delta): 0.845346
30 (QN/Block) 	Elapsed: 0.04	Loglikelihood: -27152.3	(delta): 1.23289
31 (QN/Block) 	Elapsed: 0.038	Loglikelihood: -27151.4	(delta): 0.859897
32 (QN/Block) 	Elapsed: 0.037	Loglikelihood: -27151.3	(delta): 0.126599
33 (QN/Block) 	Elapsed: 0.037	Loglikelihood: -27151.3	(delta): 0.0032135
34 (QN/Block) 	Elapsed: 0.036	Loglikelihood: -27151.3	(delta): 9.51719e-05
Summary: 
Converged in 34 iterations (1.407 sec)
Loglikelihood: -27151.311335
Fst divergences between estimated populations: 
	Pop0	Pop1	Pop2	Pop3	Pop4	Pop5	Pop6	Pop7	Pop8	
Pop0	
Pop1	0.212	
Pop2	0.555	0.550	
Pop3	0.223	0.141	0.557	
Pop4	0.604	0.600	0.344	0.608	
Pop5	0.612	0.608	0.347	0.615	0.416	
Pop6	0.253	0.177	0.565	0.200	0.615	0.624	
Pop7	0.542	0.539	0.232	0.546	0.307	0.306	0.553	
Pop8	0.276	0.286	0.544	0.297	0.591	0.599	0.311	0.532	
Pop9	0.622	0.618	0.360	0.625	0.167	0.441	0.634	0.324	0.608	
CV error (K=10): 0.51822
Writing output files.
