****                   ADMIXTURE Version 1.3.0                  ****
****                    Copyright 2008-2015                     ****
****           David Alexander, Suyash Shringarpure,            ****
****                John  Novembre, Ken Lange                   ****
****                                                            ****
****                 Please cite our paper!                     ****
****   Information at www.genetics.ucla.edu/software/admixture  ****

Parallel execution requested.  Will use 8 threads.
Cross-validation will be performed.  Folds=10.
Random seed: 4873
Point estimation method: Block relaxation algorithm
Convergence acceleration algorithm: QuasiNewton, 3 secant conditions
Point estimation will terminate when objective function delta < 0.0001
Estimation of standard errors disabled; will compute point estimates only.
Size of G: 48x3917
Performing five EM steps to prime main algorithm
1 (EM) 	Elapsed: 0.007	Loglikelihood: -70153.6	(delta): 187771
2 (EM) 	Elapsed: 0.007	Loglikelihood: -65126.1	(delta): 5027.58
3 (EM) 	Elapsed: 0.007	Loglikelihood: -63926.4	(delta): 1199.68
4 (EM) 	Elapsed: 0.007	Loglikelihood: -63157.3	(delta): 769.057
5 (EM) 	Elapsed: 0.007	Loglikelihood: -62511.8	(delta): 645.528
Initial loglikelihood: -62511.8
Starting main algorithm
1 (QN/Block) 	Elapsed: 0.016	Loglikelihood: -43071.5	(delta): 19440.3
2 (QN/Block) 	Elapsed: 0.015	Loglikelihood: -39202.6	(delta): 3868.84
3 (QN/Block) 	Elapsed: 0.019	Loglikelihood: -37290.5	(delta): 1912.17
4 (QN/Block) 	Elapsed: 0.016	Loglikelihood: -35610.5	(delta): 1680.01
5 (QN/Block) 	Elapsed: 0.018	Loglikelihood: -34743.3	(delta): 867.161
6 (QN/Block) 	Elapsed: 0.016	Loglikelihood: -34262.8	(delta): 480.491
7 (QN/Block) 	Elapsed: 0.017	Loglikelihood: -34140.5	(delta): 122.259
8 (QN/Block) 	Elapsed: 0.019	Loglikelihood: -34082.1	(delta): 58.4295
9 (QN/Block) 	Elapsed: 0.016	Loglikelihood: -34063.7	(delta): 18.4188
10 (QN/Block) 	Elapsed: 0.019	Loglikelihood: -34059.8	(delta): 3.85093
11 (QN/Block) 	Elapsed: 0.017	Loglikelihood: -34057	(delta): 2.80017
12 (QN/Block) 	Elapsed: 0.018	Loglikelihood: -34055.7	(delta): 1.38251
13 (QN/Block) 	Elapsed: 0.019	Loglikelihood: -34055.5	(delta): 0.207628
14 (QN/Block) 	Elapsed: 0.017	Loglikelihood: -34055.5	(delta): 0.000128524
15 (QN/Block) 	Elapsed: 0.019	Loglikelihood: -34055.5	(delta): 0
Summary: 
Converged in 15 iterations (0.318 sec)
Loglikelihood: -34055.452518
Fst divergences between estimated populations: 
	Pop0	Pop1	Pop2	
Pop0	
Pop1	0.561	
Pop2	0.474	0.237	
Pop3	0.083	0.546	0.460	
CV error (K=4): 0.36747
Writing output files.
