****                   ADMIXTURE Version 1.3.0                  ****
****                    Copyright 2008-2015                     ****
****           David Alexander, Suyash Shringarpure,            ****
****                John  Novembre, Ken Lange                   ****
****                                                            ****
****                 Please cite our paper!                     ****
****   Information at www.genetics.ucla.edu/software/admixture  ****

Parallel execution requested.  Will use 8 threads.
Cross-validation will be performed.  Folds=10.
Random seed: 1821
Point estimation method: Block relaxation algorithm
Convergence acceleration algorithm: QuasiNewton, 3 secant conditions
Point estimation will terminate when objective function delta < 0.0001
Estimation of standard errors disabled; will compute point estimates only.
Size of G: 48x3917
Performing five EM steps to prime main algorithm
1 (EM) 	Elapsed: 0.018	Loglikelihood: -69948.9	(delta): 172750
2 (EM) 	Elapsed: 0.018	Loglikelihood: -63736.9	(delta): 6212.03
3 (EM) 	Elapsed: 0.018	Loglikelihood: -61839.6	(delta): 1897.3
4 (EM) 	Elapsed: 0.018	Loglikelihood: -60312.3	(delta): 1527.23
5 (EM) 	Elapsed: 0.018	Loglikelihood: -58801.9	(delta): 1510.43
Initial loglikelihood: -58801.9
Starting main algorithm
1 (QN/Block) 	Elapsed: 0.031	Loglikelihood: -36916.5	(delta): 21885.4
2 (QN/Block) 	Elapsed: 0.032	Loglikelihood: -33046.8	(delta): 3869.67
3 (QN/Block) 	Elapsed: 0.035	Loglikelihood: -31218.4	(delta): 1828.4
4 (QN/Block) 	Elapsed: 0.037	Loglikelihood: -30111.5	(delta): 1106.87
5 (QN/Block) 	Elapsed: 0.033	Loglikelihood: -29246	(delta): 865.59
6 (QN/Block) 	Elapsed: 0.035	Loglikelihood: -28532.7	(delta): 713.271
7 (QN/Block) 	Elapsed: 0.032	Loglikelihood: -28179.2	(delta): 353.456
8 (QN/Block) 	Elapsed: 0.033	Loglikelihood: -27954.6	(delta): 224.665
9 (QN/Block) 	Elapsed: 0.033	Loglikelihood: -27908.6	(delta): 45.959
10 (QN/Block) 	Elapsed: 0.031	Loglikelihood: -27900.8	(delta): 7.75586
11 (QN/Block) 	Elapsed: 0.032	Loglikelihood: -27895	(delta): 5.83297
12 (QN/Block) 	Elapsed: 0.033	Loglikelihood: -27889.8	(delta): 5.25706
13 (QN/Block) 	Elapsed: 0.033	Loglikelihood: -27883.6	(delta): 6.12089
14 (QN/Block) 	Elapsed: 0.033	Loglikelihood: -27873.9	(delta): 9.73316
15 (QN/Block) 	Elapsed: 0.038	Loglikelihood: -27867.6	(delta): 6.31328
16 (QN/Block) 	Elapsed: 0.031	Loglikelihood: -27866.4	(delta): 1.17142
17 (QN/Block) 	Elapsed: 0.033	Loglikelihood: -27866.4	(delta): 0.0472129
18 (QN/Block) 	Elapsed: 0.033	Loglikelihood: -27866.4	(delta): 6.76215e-05
Summary: 
Converged in 18 iterations (0.714 sec)
Loglikelihood: -27866.373655
Fst divergences between estimated populations: 
	Pop0	Pop1	Pop2	Pop3	Pop4	Pop5	Pop6	Pop7	
Pop0	
Pop1	0.621	
Pop2	0.292	0.544	
Pop3	0.614	0.203	0.536	
Pop4	0.621	0.174	0.544	0.222	
Pop5	0.622	0.361	0.546	0.359	0.368	
Pop6	0.580	0.165	0.505	0.177	0.179	0.324	
Pop7	0.156	0.637	0.304	0.628	0.634	0.635	0.593	
Pop8	0.295	0.550	0.157	0.542	0.550	0.551	0.512	0.312	
CV error (K=9): 0.45375
Writing output files.
