****                   ADMIXTURE Version 1.3.0                  ****
****                    Copyright 2008-2015                     ****
****           David Alexander, Suyash Shringarpure,            ****
****                John  Novembre, Ken Lange                   ****
****                                                            ****
****                 Please cite our paper!                     ****
****   Information at www.genetics.ucla.edu/software/admixture  ****

Parallel execution requested.  Will use 8 threads.
Cross-validation will be performed.  Folds=10.
Random seed: 4781
Point estimation method: Block relaxation algorithm
Convergence acceleration algorithm: QuasiNewton, 3 secant conditions
Point estimation will terminate when objective function delta < 0.0001
Estimation of standard errors disabled; will compute point estimates only.
Size of G: 48x3917
Performing five EM steps to prime main algorithm
1 (EM) 	Elapsed: 0.015	Loglikelihood: -69886.2	(delta): 176143
2 (EM) 	Elapsed: 0.014	Loglikelihood: -63616.5	(delta): 6269.69
3 (EM) 	Elapsed: 0.014	Loglikelihood: -61467.6	(delta): 2148.91
4 (EM) 	Elapsed: 0.014	Loglikelihood: -59614.8	(delta): 1852.85
5 (EM) 	Elapsed: 0.014	Loglikelihood: -57715.3	(delta): 1899.5
Initial loglikelihood: -57715.3
Starting main algorithm
1 (QN/Block) 	Elapsed: 0.025	Loglikelihood: -38289.1	(delta): 19426.1
2 (QN/Block) 	Elapsed: 0.023	Loglikelihood: -34244.7	(delta): 4044.43
3 (QN/Block) 	Elapsed: 0.027	Loglikelihood: -32159.4	(delta): 2085.35
4 (QN/Block) 	Elapsed: 0.026	Loglikelihood: -30983	(delta): 1176.32
5 (QN/Block) 	Elapsed: 0.029	Loglikelihood: -30433.4	(delta): 549.625
6 (QN/Block) 	Elapsed: 0.024	Loglikelihood: -30044.9	(delta): 388.49
7 (QN/Block) 	Elapsed: 0.026	Loglikelihood: -29740.9	(delta): 304.038
8 (QN/Block) 	Elapsed: 0.026	Loglikelihood: -29666.4	(delta): 74.5275
9 (QN/Block) 	Elapsed: 0.028	Loglikelihood: -29650.5	(delta): 15.8032
10 (QN/Block) 	Elapsed: 0.025	Loglikelihood: -29644.8	(delta): 5.73444
11 (QN/Block) 	Elapsed: 0.029	Loglikelihood: -29642.1	(delta): 2.71362
12 (QN/Block) 	Elapsed: 0.026	Loglikelihood: -29640.2	(delta): 1.87503
13 (QN/Block) 	Elapsed: 0.032	Loglikelihood: -29639.7	(delta): 0.520419
14 (QN/Block) 	Elapsed: 0.028	Loglikelihood: -29639.3	(delta): 0.418501
15 (QN/Block) 	Elapsed: 0.031	Loglikelihood: -29638.7	(delta): 0.544054
16 (QN/Block) 	Elapsed: 0.027	Loglikelihood: -29638.1	(delta): 0.668419
17 (QN/Block) 	Elapsed: 0.029	Loglikelihood: -29637.3	(delta): 0.78295
18 (QN/Block) 	Elapsed: 0.027	Loglikelihood: -29636.4	(delta): 0.93086
19 (QN/Block) 	Elapsed: 0.031	Loglikelihood: -29636.3	(delta): 0.100649
20 (QN/Block) 	Elapsed: 0.028	Loglikelihood: -29636.3	(delta): 0.000257079
21 (QN/Block) 	Elapsed: 0.029	Loglikelihood: -29636.3	(delta): 2.52304e-06
Summary: 
Converged in 21 iterations (0.673 sec)
Loglikelihood: -29636.258369
Fst divergences between estimated populations: 
	Pop0	Pop1	Pop2	Pop3	Pop4	Pop5	
Pop0	
Pop1	0.441	
Pop2	0.641	0.616	
Pop3	0.608	0.584	0.321	
Pop4	0.332	0.277	0.555	0.522	
Pop5	0.589	0.565	0.307	0.099	0.506	
Pop6	0.364	0.326	0.584	0.553	0.225	0.535	
CV error (K=7): 0.42463
Writing output files.
