****                   ADMIXTURE Version 1.3.0                  ****
****                    Copyright 2008-2015                     ****
****           David Alexander, Suyash Shringarpure,            ****
****                John  Novembre, Ken Lange                   ****
****                                                            ****
****                 Please cite our paper!                     ****
****   Information at www.genetics.ucla.edu/software/admixture  ****

Parallel execution requested.  Will use 8 threads.
Cross-validation will be performed.  Folds=10.
Random seed: 4960
Point estimation method: Block relaxation algorithm
Convergence acceleration algorithm: QuasiNewton, 3 secant conditions
Point estimation will terminate when objective function delta < 0.0001
Estimation of standard errors disabled; will compute point estimates only.
Size of G: 48x3917
Performing five EM steps to prime main algorithm
1 (EM) 	Elapsed: 0.017	Loglikelihood: -70098.5	(delta): 174223
2 (EM) 	Elapsed: 0.017	Loglikelihood: -63908.3	(delta): 6190.26
3 (EM) 	Elapsed: 0.018	Loglikelihood: -62107	(delta): 1801.27
4 (EM) 	Elapsed: 0.018	Loglikelihood: -60739.5	(delta): 1367.44
5 (EM) 	Elapsed: 0.018	Loglikelihood: -59393.4	(delta): 1346.14
Initial loglikelihood: -59393.4
Starting main algorithm
1 (QN/Block) 	Elapsed: 0.027	Loglikelihood: -35633.3	(delta): 23760.1
2 (QN/Block) 	Elapsed: 0.028	Loglikelihood: -32184.9	(delta): 3448.41
3 (QN/Block) 	Elapsed: 0.033	Loglikelihood: -30588.7	(delta): 1596.16
4 (QN/Block) 	Elapsed: 0.034	Loglikelihood: -29413.9	(delta): 1174.77
5 (QN/Block) 	Elapsed: 0.036	Loglikelihood: -28651.9	(delta): 762.009
6 (QN/Block) 	Elapsed: 0.034	Loglikelihood: -28312.6	(delta): 339.308
7 (QN/Block) 	Elapsed: 0.032	Loglikelihood: -28103.9	(delta): 208.749
8 (QN/Block) 	Elapsed: 0.031	Loglikelihood: -28052.7	(delta): 51.1517
9 (QN/Block) 	Elapsed: 0.032	Loglikelihood: -28042.1	(delta): 10.659
10 (QN/Block) 	Elapsed: 0.031	Loglikelihood: -28041.2	(delta): 0.838934
11 (QN/Block) 	Elapsed: 0.031	Loglikelihood: -28008.1	(delta): 33.1284
12 (QN/Block) 	Elapsed: 0.03	Loglikelihood: -27968.5	(delta): 39.6223
13 (QN/Block) 	Elapsed: 0.033	Loglikelihood: -27965.1	(delta): 3.38814
14 (QN/Block) 	Elapsed: 0.032	Loglikelihood: -27965.1	(delta): 0.0073552
15 (QN/Block) 	Elapsed: 0.034	Loglikelihood: -27965.1	(delta): 7.73798e-09
Summary: 
Converged in 15 iterations (0.59 sec)
Loglikelihood: -27965.072817
Fst divergences between estimated populations: 
	Pop0	Pop1	Pop2	Pop3	Pop4	Pop5	Pop6	Pop7	
Pop0	
Pop1	0.530	
Pop2	0.340	0.556	
Pop3	0.607	0.320	0.631	
Pop4	0.108	0.532	0.334	0.609	
Pop5	0.594	0.306	0.619	0.153	0.596	
Pop6	0.544	0.216	0.567	0.349	0.546	0.341	
Pop7	0.564	0.249	0.590	0.369	0.567	0.361	0.267	
Pop8	0.156	0.525	0.336	0.602	0.152	0.589	0.540	0.560	
CV error (K=9): 0.48828
Writing output files.
