****                   ADMIXTURE Version 1.3.0                  ****
****                    Copyright 2008-2015                     ****
****           David Alexander, Suyash Shringarpure,            ****
****                John  Novembre, Ken Lange                   ****
****                                                            ****
****                 Please cite our paper!                     ****
****   Information at www.genetics.ucla.edu/software/admixture  ****

Parallel execution requested.  Will use 8 threads.
Cross-validation will be performed.  Folds=10.
Random seed: 3535
Point estimation method: Block relaxation algorithm
Convergence acceleration algorithm: QuasiNewton, 3 secant conditions
Point estimation will terminate when objective function delta < 0.0001
Estimation of standard errors disabled; will compute point estimates only.
Size of G: 48x3917
Performing five EM steps to prime main algorithm
1 (EM) 	Elapsed: 0.014	Loglikelihood: -69588.5	(delta): 177858
2 (EM) 	Elapsed: 0.013	Loglikelihood: -63361.3	(delta): 6227.18
3 (EM) 	Elapsed: 0.013	Loglikelihood: -61279.1	(delta): 2082.16
4 (EM) 	Elapsed: 0.014	Loglikelihood: -59548.7	(delta): 1730.47
5 (EM) 	Elapsed: 0.013	Loglikelihood: -57840.7	(delta): 1708
Initial loglikelihood: -57840.7
Starting main algorithm
1 (QN/Block) 	Elapsed: 0.024	Loglikelihood: -37033.8	(delta): 20806.9
2 (QN/Block) 	Elapsed: 0.024	Loglikelihood: -33568.1	(delta): 3465.68
3 (QN/Block) 	Elapsed: 0.029	Loglikelihood: -31888.6	(delta): 1679.47
4 (QN/Block) 	Elapsed: 0.026	Loglikelihood: -30868.3	(delta): 1020.32
5 (QN/Block) 	Elapsed: 0.028	Loglikelihood: -30362.8	(delta): 505.532
6 (QN/Block) 	Elapsed: 0.026	Loglikelihood: -30076.3	(delta): 286.435
7 (QN/Block) 	Elapsed: 0.028	Loglikelihood: -29921.7	(delta): 154.642
8 (QN/Block) 	Elapsed: 0.026	Loglikelihood: -29869.1	(delta): 52.5322
9 (QN/Block) 	Elapsed: 0.029	Loglikelihood: -29858.9	(delta): 10.2091
10 (QN/Block) 	Elapsed: 0.025	Loglikelihood: -29858.3	(delta): 0.646531
11 (QN/Block) 	Elapsed: 0.029	Loglikelihood: -29858.3	(delta): 5.72829e-05
Summary: 
Converged in 11 iterations (0.378 sec)
Loglikelihood: -29858.290674
Fst divergences between estimated populations: 
	Pop0	Pop1	Pop2	Pop3	Pop4	Pop5	
Pop0	
Pop1	0.089	
Pop2	0.563	0.557	
Pop3	0.255	0.248	0.553	
Pop4	0.580	0.574	0.333	0.569	
Pop5	0.531	0.525	0.250	0.522	0.302	
Pop6	0.527	0.521	0.244	0.518	0.307	0.204	
CV error (K=7): 0.44768
Writing output files.
