****                   ADMIXTURE Version 1.3.0                  ****
****                    Copyright 2008-2015                     ****
****           David Alexander, Suyash Shringarpure,            ****
****                John  Novembre, Ken Lange                   ****
****                                                            ****
****                 Please cite our paper!                     ****
****   Information at www.genetics.ucla.edu/software/admixture  ****

Parallel execution requested.  Will use 8 threads.
Cross-validation will be performed.  Folds=10.
Random seed: 4105
Point estimation method: Block relaxation algorithm
Convergence acceleration algorithm: QuasiNewton, 3 secant conditions
Point estimation will terminate when objective function delta < 0.0001
Estimation of standard errors disabled; will compute point estimates only.
Size of G: 48x3917
Performing five EM steps to prime main algorithm
1 (EM) 	Elapsed: 0.022	Loglikelihood: -69932.6	(delta): 170852
2 (EM) 	Elapsed: 0.022	Loglikelihood: -63604	(delta): 6328.53
3 (EM) 	Elapsed: 0.021	Loglikelihood: -61583.7	(delta): 2020.34
4 (EM) 	Elapsed: 0.023	Loglikelihood: -59903.8	(delta): 1679.88
5 (EM) 	Elapsed: 0.021	Loglikelihood: -58202.4	(delta): 1701.43
Initial loglikelihood: -58202.4
Starting main algorithm
1 (QN/Block) 	Elapsed: 0.035	Loglikelihood: -35868.8	(delta): 22333.6
2 (QN/Block) 	Elapsed: 0.036	Loglikelihood: -31433.7	(delta): 4435.1
3 (QN/Block) 	Elapsed: 0.039	Loglikelihood: -29514.4	(delta): 1919.28
4 (QN/Block) 	Elapsed: 0.041	Loglikelihood: -28581.9	(delta): 932.476
5 (QN/Block) 	Elapsed: 0.038	Loglikelihood: -28048.6	(delta): 533.322
6 (QN/Block) 	Elapsed: 0.038	Loglikelihood: -27687.8	(delta): 360.849
7 (QN/Block) 	Elapsed: 0.037	Loglikelihood: -27486.8	(delta): 200.998
8 (QN/Block) 	Elapsed: 0.038	Loglikelihood: -27424.6	(delta): 62.1829
9 (QN/Block) 	Elapsed: 0.037	Loglikelihood: -27395.7	(delta): 28.8703
10 (QN/Block) 	Elapsed: 0.035	Loglikelihood: -27379.5	(delta): 16.2198
11 (QN/Block) 	Elapsed: 0.036	Loglikelihood: -27370.8	(delta): 8.66514
12 (QN/Block) 	Elapsed: 0.035	Loglikelihood: -27362.5	(delta): 8.34922
13 (QN/Block) 	Elapsed: 0.037	Loglikelihood: -27329	(delta): 33.4815
14 (QN/Block) 	Elapsed: 0.035	Loglikelihood: -27296.6	(delta): 32.354
15 (QN/Block) 	Elapsed: 0.038	Loglikelihood: -27286.3	(delta): 10.3342
16 (QN/Block) 	Elapsed: 0.037	Loglikelihood: -27283.1	(delta): 3.23165
17 (QN/Block) 	Elapsed: 0.036	Loglikelihood: -27282.4	(delta): 0.652668
18 (QN/Block) 	Elapsed: 0.036	Loglikelihood: -27282.3	(delta): 0.130828
19 (QN/Block) 	Elapsed: 0.036	Loglikelihood: -27282.3	(delta): 0.000412015
20 (QN/Block) 	Elapsed: 0.036	Loglikelihood: -27282.3	(delta): 7.01866e-05
Summary: 
Converged in 20 iterations (0.873 sec)
Loglikelihood: -27282.280023
Fst divergences between estimated populations: 
	Pop0	Pop1	Pop2	Pop3	Pop4	Pop5	Pop6	Pop7	Pop8	
Pop0	
Pop1	0.163	
Pop2	0.610	0.624	
Pop3	0.202	0.223	0.582	
Pop4	0.566	0.579	0.371	0.537	
Pop5	0.555	0.567	0.330	0.528	0.245	
Pop6	0.616	0.629	0.185	0.586	0.383	0.345	
Pop7	0.544	0.557	0.323	0.518	0.248	0.229	0.337	
Pop8	0.403	0.418	0.687	0.370	0.641	0.629	0.693	0.617	
Pop9	0.141	0.140	0.607	0.187	0.561	0.551	0.612	0.541	0.383	
CV error (K=10): 0.46732
Writing output files.
