****                   ADMIXTURE Version 1.3.0                  ****
****                    Copyright 2008-2015                     ****
****           David Alexander, Suyash Shringarpure,            ****
****                John  Novembre, Ken Lange                   ****
****                                                            ****
****                 Please cite our paper!                     ****
****   Information at www.genetics.ucla.edu/software/admixture  ****

Parallel execution requested.  Will use 8 threads.
Cross-validation will be performed.  Folds=10.
Random seed: 3227
Point estimation method: Block relaxation algorithm
Convergence acceleration algorithm: QuasiNewton, 3 secant conditions
Point estimation will terminate when objective function delta < 0.0001
Estimation of standard errors disabled; will compute point estimates only.
Size of G: 48x3917
Performing five EM steps to prime main algorithm
1 (EM) 	Elapsed: 0.019	Loglikelihood: -69778.2	(delta): 173015
2 (EM) 	Elapsed: 0.019	Loglikelihood: -63523.7	(delta): 6254.49
3 (EM) 	Elapsed: 0.019	Loglikelihood: -61510.1	(delta): 2013.64
4 (EM) 	Elapsed: 0.019	Loglikelihood: -59854.9	(delta): 1655.23
5 (EM) 	Elapsed: 0.02	Loglikelihood: -58210.4	(delta): 1644.42
Initial loglikelihood: -58210.4
Starting main algorithm
1 (QN/Block) 	Elapsed: 0.032	Loglikelihood: -36082.2	(delta): 22128.2
2 (QN/Block) 	Elapsed: 0.029	Loglikelihood: -32141.4	(delta): 3940.89
3 (QN/Block) 	Elapsed: 0.034	Loglikelihood: -30756.6	(delta): 1384.79
4 (QN/Block) 	Elapsed: 0.034	Loglikelihood: -30024.9	(delta): 731.66
5 (QN/Block) 	Elapsed: 0.032	Loglikelihood: -29443.1	(delta): 581.81
6 (QN/Block) 	Elapsed: 0.034	Loglikelihood: -29077.5	(delta): 365.541
7 (QN/Block) 	Elapsed: 0.031	Loglikelihood: -28890.3	(delta): 187.215
8 (QN/Block) 	Elapsed: 0.031	Loglikelihood: -28790.8	(delta): 99.5278
9 (QN/Block) 	Elapsed: 0.032	Loglikelihood: -28701.1	(delta): 89.6985
10 (QN/Block) 	Elapsed: 0.033	Loglikelihood: -28648.2	(delta): 52.9011
11 (QN/Block) 	Elapsed: 0.031	Loglikelihood: -28624.8	(delta): 23.4265
12 (QN/Block) 	Elapsed: 0.031	Loglikelihood: -28610.8	(delta): 13.9505
13 (QN/Block) 	Elapsed: 0.033	Loglikelihood: -28605.9	(delta): 4.94729
14 (QN/Block) 	Elapsed: 0.035	Loglikelihood: -28604.2	(delta): 1.69704
15 (QN/Block) 	Elapsed: 0.034	Loglikelihood: -28604	(delta): 0.17446
16 (QN/Block) 	Elapsed: 0.033	Loglikelihood: -28604	(delta): 0.000774299
17 (QN/Block) 	Elapsed: 0.031	Loglikelihood: -28604	(delta): 3.63361e-08
Summary: 
Converged in 17 iterations (0.671 sec)
Loglikelihood: -28604.008164
Fst divergences between estimated populations: 
	Pop0	Pop1	Pop2	Pop3	Pop4	Pop5	Pop6	Pop7	
Pop0	
Pop1	0.301	
Pop2	0.622	0.598	
Pop3	0.301	0.118	0.602	
Pop4	0.304	0.174	0.592	0.198	
Pop5	0.550	0.525	0.296	0.529	0.521	
Pop6	0.634	0.611	0.167	0.613	0.605	0.307	
Pop7	0.368	0.291	0.662	0.306	0.314	0.584	0.674	
Pop8	0.547	0.522	0.295	0.526	0.518	0.160	0.303	0.581	
CV error (K=9): 0.48485
Writing output files.
