****                   ADMIXTURE Version 1.3.0                  ****
****                    Copyright 2008-2015                     ****
****           David Alexander, Suyash Shringarpure,            ****
****                John  Novembre, Ken Lange                   ****
****                                                            ****
****                 Please cite our paper!                     ****
****   Information at www.genetics.ucla.edu/software/admixture  ****

Parallel execution requested.  Will use 8 threads.
Cross-validation will be performed.  Folds=10.
Random seed: 4517
Point estimation method: Block relaxation algorithm
Convergence acceleration algorithm: QuasiNewton, 3 secant conditions
Point estimation will terminate when objective function delta < 0.0001
Estimation of standard errors disabled; will compute point estimates only.
Size of G: 48x3917
Performing five EM steps to prime main algorithm
1 (EM) 	Elapsed: 0.012	Loglikelihood: -69889	(delta): 181140
2 (EM) 	Elapsed: 0.011	Loglikelihood: -63814.9	(delta): 6074.05
3 (EM) 	Elapsed: 0.011	Loglikelihood: -61838.6	(delta): 1976.3
4 (EM) 	Elapsed: 0.011	Loglikelihood: -60218.6	(delta): 1620.07
5 (EM) 	Elapsed: 0.013	Loglikelihood: -58607.2	(delta): 1611.33
Initial loglikelihood: -58607.2
Starting main algorithm
1 (QN/Block) 	Elapsed: 0.02	Loglikelihood: -37958.9	(delta): 20648.3
2 (QN/Block) 	Elapsed: 0.023	Loglikelihood: -34038.4	(delta): 3920.52
3 (QN/Block) 	Elapsed: 0.022	Loglikelihood: -32413	(delta): 1625.38
4 (QN/Block) 	Elapsed: 0.024	Loglikelihood: -31607	(delta): 806.032
5 (QN/Block) 	Elapsed: 0.021	Loglikelihood: -31182.5	(delta): 424.453
6 (QN/Block) 	Elapsed: 0.022	Loglikelihood: -31049.2	(delta): 133.292
7 (QN/Block) 	Elapsed: 0.026	Loglikelihood: -31011.7	(delta): 37.5447
8 (QN/Block) 	Elapsed: 0.025	Loglikelihood: -30996.2	(delta): 15.4945
9 (QN/Block) 	Elapsed: 0.024	Loglikelihood: -30990.3	(delta): 5.85037
10 (QN/Block) 	Elapsed: 0.024	Loglikelihood: -30987.3	(delta): 3.00138
11 (QN/Block) 	Elapsed: 0.023	Loglikelihood: -30987.1	(delta): 0.252242
12 (QN/Block) 	Elapsed: 0.023	Loglikelihood: -30986.8	(delta): 0.226948
13 (QN/Block) 	Elapsed: 0.022	Loglikelihood: -30962.3	(delta): 24.5147
14 (QN/Block) 	Elapsed: 0.024	Loglikelihood: -30893.9	(delta): 68.4378
15 (QN/Block) 	Elapsed: 0.022	Loglikelihood: -30878.6	(delta): 15.2913
16 (QN/Block) 	Elapsed: 0.023	Loglikelihood: -30874.9	(delta): 3.7304
17 (QN/Block) 	Elapsed: 0.021	Loglikelihood: -30873.1	(delta): 1.76434
18 (QN/Block) 	Elapsed: 0.025	Loglikelihood: -30872.9	(delta): 0.207521
19 (QN/Block) 	Elapsed: 0.026	Loglikelihood: -30872.9	(delta): 0.000857577
20 (QN/Block) 	Elapsed: 0.024	Loglikelihood: -30872.9	(delta): 4.49999e-05
Summary: 
Converged in 20 iterations (0.547 sec)
Loglikelihood: -30872.903056
Fst divergences between estimated populations: 
	Pop0	Pop1	Pop2	Pop3	Pop4	
Pop0	
Pop1	0.518	
Pop2	0.252	0.513	
Pop3	0.503	0.175	0.497	
Pop4	0.109	0.538	0.268	0.523	
Pop5	0.572	0.285	0.563	0.275	0.594	
CV error (K=6): 0.40280
Writing output files.
