****                   ADMIXTURE Version 1.3.0                  ****
****                    Copyright 2008-2015                     ****
****           David Alexander, Suyash Shringarpure,            ****
****                John  Novembre, Ken Lange                   ****
****                                                            ****
****                 Please cite our paper!                     ****
****   Information at www.genetics.ucla.edu/software/admixture  ****

Parallel execution requested.  Will use 8 threads.
Cross-validation will be performed.  Folds=10.
Random seed: 2488
Point estimation method: Block relaxation algorithm
Convergence acceleration algorithm: QuasiNewton, 3 secant conditions
Point estimation will terminate when objective function delta < 0.0001
Estimation of standard errors disabled; will compute point estimates only.
Size of G: 48x3917
Performing five EM steps to prime main algorithm
1 (EM) 	Elapsed: 0.005	Loglikelihood: -69410.8	(delta): 195170
2 (EM) 	Elapsed: 0.005	Loglikelihood: -64697	(delta): 4713.86
3 (EM) 	Elapsed: 0.005	Loglikelihood: -63171.4	(delta): 1525.55
4 (EM) 	Elapsed: 0.005	Loglikelihood: -62055.7	(delta): 1115.75
5 (EM) 	Elapsed: 0.005	Loglikelihood: -60997.7	(delta): 1057.94
Initial loglikelihood: -60997.7
Starting main algorithm
1 (QN/Block) 	Elapsed: 0.011	Loglikelihood: -43650.8	(delta): 17347
2 (QN/Block) 	Elapsed: 0.013	Loglikelihood: -40625.5	(delta): 3025.2
3 (QN/Block) 	Elapsed: 0.013	Loglikelihood: -38939.9	(delta): 1685.62
4 (QN/Block) 	Elapsed: 0.014	Loglikelihood: -37262.2	(delta): 1677.7
5 (QN/Block) 	Elapsed: 0.015	Loglikelihood: -36657	(delta): 605.192
6 (QN/Block) 	Elapsed: 0.014	Loglikelihood: -36368.6	(delta): 288.43
7 (QN/Block) 	Elapsed: 0.015	Loglikelihood: -36261.2	(delta): 107.355
8 (QN/Block) 	Elapsed: 0.016	Loglikelihood: -36226.9	(delta): 34.3702
9 (QN/Block) 	Elapsed: 0.013	Loglikelihood: -36217.9	(delta): 9.01609
10 (QN/Block) 	Elapsed: 0.015	Loglikelihood: -36214.7	(delta): 3.15693
11 (QN/Block) 	Elapsed: 0.016	Loglikelihood: -36214.4	(delta): 0.344406
12 (QN/Block) 	Elapsed: 0.014	Loglikelihood: -36214.4	(delta): 0.000384072
13 (QN/Block) 	Elapsed: 0.014	Loglikelihood: -36214.4	(delta): 0
Summary: 
Converged in 13 iterations (0.228 sec)
Loglikelihood: -36214.361558
Fst divergences between estimated populations: 
	Pop0	Pop1	
Pop0	
Pop1	0.237	
Pop2	0.454	0.539	
CV error (K=3): 0.33932
Writing output files.
