****                   ADMIXTURE Version 1.3.0                  ****
****                    Copyright 2008-2015                     ****
****           David Alexander, Suyash Shringarpure,            ****
****                John  Novembre, Ken Lange                   ****
****                                                            ****
****                 Please cite our paper!                     ****
****   Information at www.genetics.ucla.edu/software/admixture  ****

Parallel execution requested.  Will use 8 threads.
Cross-validation will be performed.  Folds=10.
Random seed: 1820
Point estimation method: Block relaxation algorithm
Convergence acceleration algorithm: QuasiNewton, 3 secant conditions
Point estimation will terminate when objective function delta < 0.0001
Estimation of standard errors disabled; will compute point estimates only.
Size of G: 48x3917
Performing five EM steps to prime main algorithm
1 (EM) 	Elapsed: 0.007	Loglikelihood: -70259	(delta): 186496
2 (EM) 	Elapsed: 0.008	Loglikelihood: -65064.3	(delta): 5194.71
3 (EM) 	Elapsed: 0.007	Loglikelihood: -63730.8	(delta): 1333.49
4 (EM) 	Elapsed: 0.007	Loglikelihood: -62729.6	(delta): 1001.17
5 (EM) 	Elapsed: 0.007	Loglikelihood: -61738.6	(delta): 991.04
Initial loglikelihood: -61738.6
Starting main algorithm
1 (QN/Block) 	Elapsed: 0.015	Loglikelihood: -41774.6	(delta): 19963.9
2 (QN/Block) 	Elapsed: 0.016	Loglikelihood: -38491.2	(delta): 3283.45
3 (QN/Block) 	Elapsed: 0.016	Loglikelihood: -36543.5	(delta): 1947.65
4 (QN/Block) 	Elapsed: 0.018	Loglikelihood: -35363.1	(delta): 1180.44
5 (QN/Block) 	Elapsed: 0.016	Loglikelihood: -34530.6	(delta): 832.514
6 (QN/Block) 	Elapsed: 0.017	Loglikelihood: -34024.4	(delta): 506.115
7 (QN/Block) 	Elapsed: 0.019	Loglikelihood: -33885	(delta): 139.432
8 (QN/Block) 	Elapsed: 0.015	Loglikelihood: -33842.9	(delta): 42.1174
9 (QN/Block) 	Elapsed: 0.015	Loglikelihood: -33826.8	(delta): 16.0852
10 (QN/Block) 	Elapsed: 0.021	Loglikelihood: -33821.1	(delta): 5.68648
11 (QN/Block) 	Elapsed: 0.017	Loglikelihood: -33815.9	(delta): 5.23024
12 (QN/Block) 	Elapsed: 0.016	Loglikelihood: -33793.2	(delta): 22.7221
13 (QN/Block) 	Elapsed: 0.019	Loglikelihood: -33783.3	(delta): 9.87123
14 (QN/Block) 	Elapsed: 0.016	Loglikelihood: -33776.2	(delta): 7.09792
15 (QN/Block) 	Elapsed: 0.019	Loglikelihood: -33773.5	(delta): 2.68035
16 (QN/Block) 	Elapsed: 0.017	Loglikelihood: -33773	(delta): 0.522073
17 (QN/Block) 	Elapsed: 0.017	Loglikelihood: -33773	(delta): 0.00501188
18 (QN/Block) 	Elapsed: 0.018	Loglikelihood: -33773	(delta): 2.89583e-09
Summary: 
Converged in 18 iterations (0.363 sec)
Loglikelihood: -33772.996333
Fst divergences between estimated populations: 
	Pop0	Pop1	Pop2	
Pop0	
Pop1	0.561	
Pop2	0.474	0.237	
Pop3	0.117	0.546	0.461	
CV error (K=4): 0.35917
Writing output files.
