****                   ADMIXTURE Version 1.3.0                  ****
****                    Copyright 2008-2015                     ****
****           David Alexander, Suyash Shringarpure,            ****
****                John  Novembre, Ken Lange                   ****
****                                                            ****
****                 Please cite our paper!                     ****
****   Information at www.genetics.ucla.edu/software/admixture  ****

Parallel execution requested.  Will use 8 threads.
Cross-validation will be performed.  Folds=10.
Random seed: 2287
Point estimation method: Block relaxation algorithm
Convergence acceleration algorithm: QuasiNewton, 3 secant conditions
Point estimation will terminate when objective function delta < 0.0001
Estimation of standard errors disabled; will compute point estimates only.
Size of G: 48x3917
Performing five EM steps to prime main algorithm
1 (EM) 	Elapsed: 0.021	Loglikelihood: -69896	(delta): 174045
2 (EM) 	Elapsed: 0.022	Loglikelihood: -63605	(delta): 6291.04
3 (EM) 	Elapsed: 0.021	Loglikelihood: -61717.2	(delta): 1887.79
4 (EM) 	Elapsed: 0.021	Loglikelihood: -60233.8	(delta): 1483.4
5 (EM) 	Elapsed: 0.022	Loglikelihood: -58794.4	(delta): 1439.34
Initial loglikelihood: -58794.4
Starting main algorithm
1 (QN/Block) 	Elapsed: 0.034	Loglikelihood: -35682	(delta): 23112.4
2 (QN/Block) 	Elapsed: 0.033	Loglikelihood: -31762.3	(delta): 3919.68
3 (QN/Block) 	Elapsed: 0.042	Loglikelihood: -30007.3	(delta): 1755.01
4 (QN/Block) 	Elapsed: 0.039	Loglikelihood: -28593	(delta): 1414.33
5 (QN/Block) 	Elapsed: 0.038	Loglikelihood: -27744.1	(delta): 848.919
6 (QN/Block) 	Elapsed: 0.038	Loglikelihood: -27373.2	(delta): 370.928
7 (QN/Block) 	Elapsed: 0.039	Loglikelihood: -27200.5	(delta): 172.617
8 (QN/Block) 	Elapsed: 0.04	Loglikelihood: -27127	(delta): 73.5606
9 (QN/Block) 	Elapsed: 0.037	Loglikelihood: -27082.5	(delta): 44.5038
10 (QN/Block) 	Elapsed: 0.036	Loglikelihood: -27059.3	(delta): 23.1977
11 (QN/Block) 	Elapsed: 0.039	Loglikelihood: -27040.9	(delta): 18.3512
12 (QN/Block) 	Elapsed: 0.037	Loglikelihood: -27032	(delta): 8.90752
13 (QN/Block) 	Elapsed: 0.036	Loglikelihood: -27026.3	(delta): 5.7076
14 (QN/Block) 	Elapsed: 0.037	Loglikelihood: -27021.5	(delta): 4.77508
15 (QN/Block) 	Elapsed: 0.04	Loglikelihood: -27021.3	(delta): 0.227355
16 (QN/Block) 	Elapsed: 0.036	Loglikelihood: -27021.3	(delta): 0.00140286
17 (QN/Block) 	Elapsed: 0.035	Loglikelihood: -27021.3	(delta): 5.16617e-05
Summary: 
Converged in 17 iterations (0.769 sec)
Loglikelihood: -27021.303856
Fst divergences between estimated populations: 
	Pop0	Pop1	Pop2	Pop3	Pop4	Pop5	Pop6	Pop7	Pop8	
Pop0	
Pop1	0.414	
Pop2	0.355	0.265	
Pop3	0.354	0.227	0.202	
Pop4	0.619	0.656	0.602	0.615	
Pop5	0.632	0.669	0.616	0.629	0.154	
Pop6	0.364	0.249	0.214	0.180	0.618	0.630	
Pop7	0.551	0.584	0.533	0.544	0.301	0.311	0.548	
Pop8	0.545	0.578	0.530	0.540	0.300	0.306	0.544	0.176	
Pop9	0.351	0.234	0.203	0.184	0.607	0.620	0.183	0.538	0.534	
CV error (K=10): 0.49700
Writing output files.
