****                   ADMIXTURE Version 1.3.0                  ****
****                    Copyright 2008-2015                     ****
****           David Alexander, Suyash Shringarpure,            ****
****                John  Novembre, Ken Lange                   ****
****                                                            ****
****                 Please cite our paper!                     ****
****   Information at www.genetics.ucla.edu/software/admixture  ****

Parallel execution requested.  Will use 8 threads.
Cross-validation will be performed.  Folds=10.
Random seed: 4927
Point estimation method: Block relaxation algorithm
Convergence acceleration algorithm: QuasiNewton, 3 secant conditions
Point estimation will terminate when objective function delta < 0.0001
Estimation of standard errors disabled; will compute point estimates only.
Size of G: 48x3917
Performing five EM steps to prime main algorithm
1 (EM) 	Elapsed: 0.005	Loglikelihood: -69506.5	(delta): 198488
2 (EM) 	Elapsed: 0.006	Loglikelihood: -64710.9	(delta): 4795.63
3 (EM) 	Elapsed: 0.006	Loglikelihood: -63431.4	(delta): 1279.46
4 (EM) 	Elapsed: 0.005	Loglikelihood: -62470.2	(delta): 961.216
5 (EM) 	Elapsed: 0.005	Loglikelihood: -61541.8	(delta): 928.378
Initial loglikelihood: -61541.8
Starting main algorithm
1 (QN/Block) 	Elapsed: 0.011	Loglikelihood: -45067.3	(delta): 16474.5
2 (QN/Block) 	Elapsed: 0.013	Loglikelihood: -41948.9	(delta): 3118.42
3 (QN/Block) 	Elapsed: 0.013	Loglikelihood: -40233.7	(delta): 1715.19
4 (QN/Block) 	Elapsed: 0.013	Loglikelihood: -38282.1	(delta): 1951.63
5 (QN/Block) 	Elapsed: 0.015	Loglikelihood: -37016.4	(delta): 1265.69
6 (QN/Block) 	Elapsed: 0.014	Loglikelihood: -36507.2	(delta): 509.238
7 (QN/Block) 	Elapsed: 0.015	Loglikelihood: -36327.6	(delta): 179.593
8 (QN/Block) 	Elapsed: 0.018	Loglikelihood: -36251	(delta): 76.521
9 (QN/Block) 	Elapsed: 0.014	Loglikelihood: -36218.5	(delta): 32.5725
10 (QN/Block) 	Elapsed: 0.014	Loglikelihood: -36214.6	(delta): 3.87349
11 (QN/Block) 	Elapsed: 0.016	Loglikelihood: -36214.3	(delta): 0.252746
12 (QN/Block) 	Elapsed: 0.014	Loglikelihood: -36214.3	(delta): 0.000107136
13 (QN/Block) 	Elapsed: 0.014	Loglikelihood: -36214.3	(delta): 7.27596e-12
Summary: 
Converged in 13 iterations (0.229 sec)
Loglikelihood: -36214.337697
Fst divergences between estimated populations: 
	Pop0	Pop1	
Pop0	
Pop1	0.454	
Pop2	0.539	0.237	
CV error (K=3): 0.33585
Writing output files.
