****                   ADMIXTURE Version 1.3.0                  ****
****                    Copyright 2008-2015                     ****
****           David Alexander, Suyash Shringarpure,            ****
****                John  Novembre, Ken Lange                   ****
****                                                            ****
****                 Please cite our paper!                     ****
****   Information at www.genetics.ucla.edu/software/admixture  ****

Parallel execution requested.  Will use 8 threads.
Cross-validation will be performed.  Folds=10.
Random seed: 928
Point estimation method: Block relaxation algorithm
Convergence acceleration algorithm: QuasiNewton, 3 secant conditions
Point estimation will terminate when objective function delta < 0.0001
Estimation of standard errors disabled; will compute point estimates only.
Size of G: 48x3917
Performing five EM steps to prime main algorithm
1 (EM) 	Elapsed: 0.011	Loglikelihood: -69384.3	(delta): 186776
2 (EM) 	Elapsed: 0.009	Loglikelihood: -63393.8	(delta): 5990.5
3 (EM) 	Elapsed: 0.009	Loglikelihood: -61229.2	(delta): 2164.66
4 (EM) 	Elapsed: 0.009	Loglikelihood: -59393.2	(delta): 1836.01
5 (EM) 	Elapsed: 0.011	Loglikelihood: -57572.6	(delta): 1820.55
Initial loglikelihood: -57572.6
Starting main algorithm
1 (QN/Block) 	Elapsed: 0.018	Loglikelihood: -40063.4	(delta): 17509.2
2 (QN/Block) 	Elapsed: 0.018	Loglikelihood: -36506.8	(delta): 3556.6
3 (QN/Block) 	Elapsed: 0.021	Loglikelihood: -34068	(delta): 2438.75
4 (QN/Block) 	Elapsed: 0.022	Loglikelihood: -32934.6	(delta): 1133.4
5 (QN/Block) 	Elapsed: 0.02	Loglikelihood: -32371	(delta): 563.65
6 (QN/Block) 	Elapsed: 0.018	Loglikelihood: -32129	(delta): 241.963
7 (QN/Block) 	Elapsed: 0.021	Loglikelihood: -32032.3	(delta): 96.7792
8 (QN/Block) 	Elapsed: 0.019	Loglikelihood: -32023	(delta): 9.25284
9 (QN/Block) 	Elapsed: 0.022	Loglikelihood: -32022.9	(delta): 0.136795
10 (QN/Block) 	Elapsed: 0.019	Loglikelihood: -32022.9	(delta): 2.93189e-05
Summary: 
Converged in 10 iterations (0.265 sec)
Loglikelihood: -32022.862216
Fst divergences between estimated populations: 
	Pop0	Pop1	Pop2	Pop3	
Pop0	
Pop1	0.096	
Pop2	0.471	0.509	
Pop3	0.558	0.600	0.237	
Pop4	0.288	0.331	0.513	0.601	
CV error (K=5): 0.37131
Writing output files.
