****                   ADMIXTURE Version 1.3.0                  ****
****                    Copyright 2008-2015                     ****
****           David Alexander, Suyash Shringarpure,            ****
****                John  Novembre, Ken Lange                   ****
****                                                            ****
****                 Please cite our paper!                     ****
****   Information at www.genetics.ucla.edu/software/admixture  ****

Parallel execution requested.  Will use 8 threads.
Cross-validation will be performed.  Folds=10.
Random seed: 3605
Point estimation method: Block relaxation algorithm
Convergence acceleration algorithm: QuasiNewton, 3 secant conditions
Point estimation will terminate when objective function delta < 0.0001
Estimation of standard errors disabled; will compute point estimates only.
Size of G: 48x3917
Performing five EM steps to prime main algorithm
1 (EM) 	Elapsed: 0.022	Loglikelihood: -69420.3	(delta): 173626
2 (EM) 	Elapsed: 0.022	Loglikelihood: -62817.3	(delta): 6603.05
3 (EM) 	Elapsed: 0.022	Loglikelihood: -60681	(delta): 2136.3
4 (EM) 	Elapsed: 0.022	Loglikelihood: -59038.2	(delta): 1642.75
5 (EM) 	Elapsed: 0.021	Loglikelihood: -57542.2	(delta): 1496.04
Initial loglikelihood: -57542.2
Starting main algorithm
1 (QN/Block) 	Elapsed: 0.033	Loglikelihood: -35758.2	(delta): 21783.9
2 (QN/Block) 	Elapsed: 0.033	Loglikelihood: -31713.4	(delta): 4044.83
3 (QN/Block) 	Elapsed: 0.036	Loglikelihood: -29702.6	(delta): 2010.77
4 (QN/Block) 	Elapsed: 0.038	Loglikelihood: -28501.3	(delta): 1201.36
5 (QN/Block) 	Elapsed: 0.038	Loglikelihood: -27877.5	(delta): 623.787
6 (QN/Block) 	Elapsed: 0.037	Loglikelihood: -27515.5	(delta): 361.961
7 (QN/Block) 	Elapsed: 0.038	Loglikelihood: -27384.5	(delta): 131.001
8 (QN/Block) 	Elapsed: 0.036	Loglikelihood: -27364.3	(delta): 20.1852
9 (QN/Block) 	Elapsed: 0.04	Loglikelihood: -27361.9	(delta): 2.41479
10 (QN/Block) 	Elapsed: 0.037	Loglikelihood: -27361	(delta): 0.97429
11 (QN/Block) 	Elapsed: 0.039	Loglikelihood: -27359.8	(delta): 1.16344
12 (QN/Block) 	Elapsed: 0.036	Loglikelihood: -27359.1	(delta): 0.669644
13 (QN/Block) 	Elapsed: 0.036	Loglikelihood: -27358.7	(delta): 0.378252
14 (QN/Block) 	Elapsed: 0.037	Loglikelihood: -27358.4	(delta): 0.315732
15 (QN/Block) 	Elapsed: 0.036	Loglikelihood: -27358.2	(delta): 0.22989
16 (QN/Block) 	Elapsed: 0.036	Loglikelihood: -27358.1	(delta): 0.0520595
17 (QN/Block) 	Elapsed: 0.038	Loglikelihood: -27358.1	(delta): 0.0377459
18 (QN/Block) 	Elapsed: 0.039	Loglikelihood: -27358	(delta): 0.0768519
19 (QN/Block) 	Elapsed: 0.037	Loglikelihood: -27357.9	(delta): 0.168899
20 (QN/Block) 	Elapsed: 0.036	Loglikelihood: -27357.5	(delta): 0.364633
21 (QN/Block) 	Elapsed: 0.036	Loglikelihood: -27357.4	(delta): 0.121387
22 (QN/Block) 	Elapsed: 0.035	Loglikelihood: -27357.3	(delta): 0.0314559
23 (QN/Block) 	Elapsed: 0.035	Loglikelihood: -27357.3	(delta): 0.000473782
24 (QN/Block) 	Elapsed: 0.036	Loglikelihood: -27357.3	(delta): 5.38305e-05
Summary: 
Converged in 24 iterations (1.018 sec)
Loglikelihood: -27357.339658
Fst divergences between estimated populations: 
	Pop0	Pop1	Pop2	Pop3	Pop4	Pop5	Pop6	Pop7	Pop8	
Pop0	
Pop1	0.221	
Pop2	0.170	0.192	
Pop3	0.519	0.570	0.539	
Pop4	0.176	0.215	0.150	0.545	
Pop5	0.285	0.353	0.308	0.545	0.315	
Pop6	0.547	0.602	0.569	0.229	0.576	0.576	
Pop7	0.550	0.604	0.571	0.242	0.578	0.579	0.297	
Pop8	0.597	0.654	0.619	0.313	0.626	0.626	0.381	0.385	
Pop9	0.580	0.637	0.602	0.298	0.609	0.608	0.359	0.368	0.164	
CV error (K=10): 0.48789
Writing output files.
