****                   ADMIXTURE Version 1.3.0                  ****
****                    Copyright 2008-2015                     ****
****           David Alexander, Suyash Shringarpure,            ****
****                John  Novembre, Ken Lange                   ****
****                                                            ****
****                 Please cite our paper!                     ****
****   Information at www.genetics.ucla.edu/software/admixture  ****

Parallel execution requested.  Will use 8 threads.
Cross-validation will be performed.  Folds=10.
Random seed: 3380
Point estimation method: Block relaxation algorithm
Convergence acceleration algorithm: QuasiNewton, 3 secant conditions
Point estimation will terminate when objective function delta < 0.0001
Estimation of standard errors disabled; will compute point estimates only.
Size of G: 48x3917
Performing five EM steps to prime main algorithm
1 (EM) 	Elapsed: 0.003	Loglikelihood: -68854.7	(delta): 217917
2 (EM) 	Elapsed: 0.004	Loglikelihood: -65908.7	(delta): 2946.03
3 (EM) 	Elapsed: 0.004	Loglikelihood: -65328.6	(delta): 580.042
4 (EM) 	Elapsed: 0.004	Loglikelihood: -65008.5	(delta): 320.138
5 (EM) 	Elapsed: 0.003	Loglikelihood: -64815.8	(delta): 192.733
Initial loglikelihood: -64815.8
Starting main algorithm
1 (QN/Block) 	Elapsed: 0.009	Loglikelihood: -58177.7	(delta): 6638.07
2 (QN/Block) 	Elapsed: 0.009	Loglikelihood: -54025.9	(delta): 4151.78
3 (QN/Block) 	Elapsed: 0.012	Loglikelihood: -50472.6	(delta): 3553.32
4 (QN/Block) 	Elapsed: 0.012	Loglikelihood: -45624.2	(delta): 4848.42
5 (QN/Block) 	Elapsed: 0.01	Loglikelihood: -41781.8	(delta): 3842.38
6 (QN/Block) 	Elapsed: 0.01	Loglikelihood: -40583.6	(delta): 1198.17
7 (QN/Block) 	Elapsed: 0.012	Loglikelihood: -40203.1	(delta): 380.492
8 (QN/Block) 	Elapsed: 0.011	Loglikelihood: -40106	(delta): 97.1528
9 (QN/Block) 	Elapsed: 0.015	Loglikelihood: -40074.5	(delta): 31.464
10 (QN/Block) 	Elapsed: 0.014	Loglikelihood: -40069.6	(delta): 4.89199
11 (QN/Block) 	Elapsed: 0.014	Loglikelihood: -40069.4	(delta): 0.197429
12 (QN/Block) 	Elapsed: 0.012	Loglikelihood: -40069.4	(delta): 0.035759
13 (QN/Block) 	Elapsed: 0.012	Loglikelihood: -40069.4	(delta): 0.018681
14 (QN/Block) 	Elapsed: 0.014	Loglikelihood: -40069.4	(delta): 1.42609e-09
Summary: 
Converged in 14 iterations (0.202 sec)
Loglikelihood: -40069.368176
Fst divergences between estimated populations: 
	Pop0	
Pop0	
Pop1	0.469	
CV error (K=2): 0.34296
Writing output files.
