****                   ADMIXTURE Version 1.3.0                  ****
****                    Copyright 2008-2015                     ****
****           David Alexander, Suyash Shringarpure,            ****
****                John  Novembre, Ken Lange                   ****
****                                                            ****
****                 Please cite our paper!                     ****
****   Information at www.genetics.ucla.edu/software/admixture  ****

Parallel execution requested.  Will use 8 threads.
Cross-validation will be performed.  Folds=10.
Random seed: 4456
Point estimation method: Block relaxation algorithm
Convergence acceleration algorithm: QuasiNewton, 3 secant conditions
Point estimation will terminate when objective function delta < 0.0001
Estimation of standard errors disabled; will compute point estimates only.
Size of G: 48x3917
Performing five EM steps to prime main algorithm
1 (EM) 	Elapsed: 0.011	Loglikelihood: -70229.5	(delta): 181398
2 (EM) 	Elapsed: 0.01	Loglikelihood: -64673.3	(delta): 5556.19
3 (EM) 	Elapsed: 0.009	Loglikelihood: -63252.1	(delta): 1421.26
4 (EM) 	Elapsed: 0.009	Loglikelihood: -62230.9	(delta): 1021.13
5 (EM) 	Elapsed: 0.009	Loglikelihood: -61268.1	(delta): 962.83
Initial loglikelihood: -61268.1
Starting main algorithm
1 (QN/Block) 	Elapsed: 0.018	Loglikelihood: -43312.9	(delta): 17955.2
2 (QN/Block) 	Elapsed: 0.017	Loglikelihood: -38747.1	(delta): 4565.84
3 (QN/Block) 	Elapsed: 0.021	Loglikelihood: -36447.1	(delta): 2299.95
4 (QN/Block) 	Elapsed: 0.018	Loglikelihood: -34684.7	(delta): 1762.39
5 (QN/Block) 	Elapsed: 0.019	Loglikelihood: -33771.8	(delta): 912.881
6 (QN/Block) 	Elapsed: 0.02	Loglikelihood: -33514.6	(delta): 257.212
7 (QN/Block) 	Elapsed: 0.019	Loglikelihood: -33321.6	(delta): 192.973
8 (QN/Block) 	Elapsed: 0.023	Loglikelihood: -33252	(delta): 69.5917
9 (QN/Block) 	Elapsed: 0.019	Loglikelihood: -33202.5	(delta): 49.5436
10 (QN/Block) 	Elapsed: 0.022	Loglikelihood: -33054.1	(delta): 148.365
11 (QN/Block) 	Elapsed: 0.02	Loglikelihood: -33036.8	(delta): 17.3575
12 (QN/Block) 	Elapsed: 0.023	Loglikelihood: -33027.3	(delta): 9.47846
13 (QN/Block) 	Elapsed: 0.02	Loglikelihood: -33011.9	(delta): 15.3901
14 (QN/Block) 	Elapsed: 0.021	Loglikelihood: -32964.9	(delta): 47.0252
15 (QN/Block) 	Elapsed: 0.021	Loglikelihood: -32904.4	(delta): 60.5075
16 (QN/Block) 	Elapsed: 0.019	Loglikelihood: -32875.3	(delta): 29.0834
17 (QN/Block) 	Elapsed: 0.021	Loglikelihood: -32868.3	(delta): 6.98363
18 (QN/Block) 	Elapsed: 0.019	Loglikelihood: -32868.3	(delta): 0.0207029
19 (QN/Block) 	Elapsed: 0.02	Loglikelihood: -32868.3	(delta): 8.73115e-11
Summary: 
Converged in 19 iterations (0.451 sec)
Loglikelihood: -32868.294530
Fst divergences between estimated populations: 
	Pop0	Pop1	Pop2	Pop3	
Pop0	
Pop1	0.081	
Pop2	0.497	0.505	
Pop3	0.482	0.490	0.181	
Pop4	0.549	0.557	0.288	0.274	
CV error (K=5): 0.39695
Writing output files.
