****                   ADMIXTURE Version 1.3.0                  ****
****                    Copyright 2008-2015                     ****
****           David Alexander, Suyash Shringarpure,            ****
****                John  Novembre, Ken Lange                   ****
****                                                            ****
****                 Please cite our paper!                     ****
****   Information at www.genetics.ucla.edu/software/admixture  ****

Parallel execution requested.  Will use 8 threads.
Cross-validation will be performed.  Folds=10.
Random seed: 4879
Point estimation method: Block relaxation algorithm
Convergence acceleration algorithm: QuasiNewton, 3 secant conditions
Point estimation will terminate when objective function delta < 0.0001
Estimation of standard errors disabled; will compute point estimates only.
Size of G: 48x3917
Performing five EM steps to prime main algorithm
1 (EM) 	Elapsed: 0.02	Loglikelihood: -69681.7	(delta): 173324
2 (EM) 	Elapsed: 0.02	Loglikelihood: -63646	(delta): 6035.68
3 (EM) 	Elapsed: 0.02	Loglikelihood: -61986.2	(delta): 1659.83
4 (EM) 	Elapsed: 0.02	Loglikelihood: -60773.2	(delta): 1212.98
5 (EM) 	Elapsed: 0.02	Loglikelihood: -59613.2	(delta): 1160.01
Initial loglikelihood: -59613.2
Starting main algorithm
1 (QN/Block) 	Elapsed: 0.036	Loglikelihood: -36478.2	(delta): 23135
2 (QN/Block) 	Elapsed: 0.033	Loglikelihood: -32170.8	(delta): 4307.39
3 (QN/Block) 	Elapsed: 0.038	Loglikelihood: -30208.1	(delta): 1962.7
4 (QN/Block) 	Elapsed: 0.037	Loglikelihood: -28906.1	(delta): 1301.96
5 (QN/Block) 	Elapsed: 0.036	Loglikelihood: -27976.7	(delta): 929.417
6 (QN/Block) 	Elapsed: 0.041	Loglikelihood: -27480	(delta): 496.656
7 (QN/Block) 	Elapsed: 0.038	Loglikelihood: -27204.1	(delta): 275.898
8 (QN/Block) 	Elapsed: 0.036	Loglikelihood: -27121.3	(delta): 82.874
9 (QN/Block) 	Elapsed: 0.036	Loglikelihood: -27083.8	(delta): 37.4648
10 (QN/Block) 	Elapsed: 0.039	Loglikelihood: -27058.3	(delta): 25.5275
11 (QN/Block) 	Elapsed: 0.04	Loglikelihood: -27034.5	(delta): 23.7816
12 (QN/Block) 	Elapsed: 0.04	Loglikelihood: -27012.4	(delta): 22.0751
13 (QN/Block) 	Elapsed: 0.038	Loglikelihood: -27007.4	(delta): 5.03574
14 (QN/Block) 	Elapsed: 0.038	Loglikelihood: -26974.7	(delta): 32.7167
15 (QN/Block) 	Elapsed: 0.038	Loglikelihood: -26965.9	(delta): 8.74466
16 (QN/Block) 	Elapsed: 0.035	Loglikelihood: -26963.6	(delta): 2.34474
17 (QN/Block) 	Elapsed: 0.035	Loglikelihood: -26962.1	(delta): 1.48728
18 (QN/Block) 	Elapsed: 0.035	Loglikelihood: -26961.6	(delta): 0.532137
19 (QN/Block) 	Elapsed: 0.036	Loglikelihood: -26961.1	(delta): 0.408736
20 (QN/Block) 	Elapsed: 0.039	Loglikelihood: -26961	(delta): 0.170014
21 (QN/Block) 	Elapsed: 0.038	Loglikelihood: -26960.9	(delta): 0.0334489
22 (QN/Block) 	Elapsed: 0.037	Loglikelihood: -26960.9	(delta): 0.00414455
23 (QN/Block) 	Elapsed: 0.037	Loglikelihood: -26960.9	(delta): 0.00209342
24 (QN/Block) 	Elapsed: 0.038	Loglikelihood: -26960.9	(delta): 0.00344503
25 (QN/Block) 	Elapsed: 0.037	Loglikelihood: -26960.9	(delta): 0.00640726
26 (QN/Block) 	Elapsed: 0.037	Loglikelihood: -26960.9	(delta): 0.0119777
27 (QN/Block) 	Elapsed: 0.038	Loglikelihood: -26960.9	(delta): 0.0225189
28 (QN/Block) 	Elapsed: 0.036	Loglikelihood: -26960.8	(delta): 0.0426601
29 (QN/Block) 	Elapsed: 0.042	Loglikelihood: -26960.8	(delta): 0.08165
30 (QN/Block) 	Elapsed: 0.037	Loglikelihood: -26960.6	(delta): 0.158408
31 (QN/Block) 	Elapsed: 0.038	Loglikelihood: -26960.3	(delta): 0.288284
32 (QN/Block) 	Elapsed: 0.036	Loglikelihood: -26960	(delta): 0.320401
33 (QN/Block) 	Elapsed: 0.037	Loglikelihood: -26959.7	(delta): 0.266314
34 (QN/Block) 	Elapsed: 0.036	Loglikelihood: -26959.6	(delta): 0.100357
35 (QN/Block) 	Elapsed: 0.036	Loglikelihood: -26959.6	(delta): 0.00180693
36 (QN/Block) 	Elapsed: 0.036	Loglikelihood: -26959.6	(delta): 0.000415446
37 (QN/Block) 	Elapsed: 0.036	Loglikelihood: -26959.6	(delta): 9.12674e-07
Summary: 
Converged in 37 iterations (1.524 sec)
Loglikelihood: -26959.627404
Fst divergences between estimated populations: 
	Pop0	Pop1	Pop2	Pop3	Pop4	Pop5	Pop6	Pop7	Pop8	
Pop0	
Pop1	0.616	
Pop2	0.167	0.600	
Pop3	0.319	0.532	0.304	
Pop4	0.613	0.248	0.596	0.528	
Pop5	0.339	0.553	0.322	0.200	0.551	
Pop6	0.631	0.149	0.614	0.545	0.259	0.567	
Pop7	0.623	0.148	0.607	0.538	0.259	0.560	0.171	
Pop8	0.656	0.345	0.639	0.569	0.349	0.593	0.365	0.354	
Pop9	0.473	0.615	0.451	0.323	0.613	0.357	0.629	0.620	0.656	
CV error (K=10): 0.47404
Writing output files.
