****                   ADMIXTURE Version 1.3.0                  ****
****                    Copyright 2008-2015                     ****
****           David Alexander, Suyash Shringarpure,            ****
****                John  Novembre, Ken Lange                   ****
****                                                            ****
****                 Please cite our paper!                     ****
****   Information at www.genetics.ucla.edu/software/admixture  ****

Parallel execution requested.  Will use 8 threads.
Cross-validation will be performed.  Folds=10.
Random seed: 2026
Point estimation method: Block relaxation algorithm
Convergence acceleration algorithm: QuasiNewton, 3 secant conditions
Point estimation will terminate when objective function delta < 0.0001
Estimation of standard errors disabled; will compute point estimates only.
Size of G: 48x3917
Performing five EM steps to prime main algorithm
1 (EM) 	Elapsed: 0.016	Loglikelihood: -69548.1	(delta): 175702
2 (EM) 	Elapsed: 0.014	Loglikelihood: -63540.8	(delta): 6007.38
3 (EM) 	Elapsed: 0.014	Loglikelihood: -61549.6	(delta): 1991.14
4 (EM) 	Elapsed: 0.015	Loglikelihood: -59885.6	(delta): 1663.99
5 (EM) 	Elapsed: 0.014	Loglikelihood: -58215.9	(delta): 1669.76
Initial loglikelihood: -58215.9
Starting main algorithm
1 (QN/Block) 	Elapsed: 0.026	Loglikelihood: -39366.1	(delta): 18849.7
2 (QN/Block) 	Elapsed: 0.023	Loglikelihood: -35261.9	(delta): 4104.27
3 (QN/Block) 	Elapsed: 0.027	Loglikelihood: -33203.2	(delta): 2058.72
4 (QN/Block) 	Elapsed: 0.027	Loglikelihood: -32081.3	(delta): 1121.86
5 (QN/Block) 	Elapsed: 0.028	Loglikelihood: -31181.2	(delta): 900.125
6 (QN/Block) 	Elapsed: 0.029	Loglikelihood: -30531.4	(delta): 649.759
7 (QN/Block) 	Elapsed: 0.03	Loglikelihood: -30315.5	(delta): 215.89
8 (QN/Block) 	Elapsed: 0.028	Loglikelihood: -30269	(delta): 46.5582
9 (QN/Block) 	Elapsed: 0.029	Loglikelihood: -30252.8	(delta): 16.1351
10 (QN/Block) 	Elapsed: 0.027	Loglikelihood: -30245.8	(delta): 7.05341
11 (QN/Block) 	Elapsed: 0.029	Loglikelihood: -30245.4	(delta): 0.416635
12 (QN/Block) 	Elapsed: 0.03	Loglikelihood: -30245.4	(delta): 0.000503521
13 (QN/Block) 	Elapsed: 0.029	Loglikelihood: -30245.4	(delta): 8.73115e-11
Summary: 
Converged in 13 iterations (0.454 sec)
Loglikelihood: -30245.365549
Fst divergences between estimated populations: 
	Pop0	Pop1	Pop2	Pop3	Pop4	Pop5	
Pop0	
Pop1	0.512	
Pop2	0.715	0.588	
Pop3	0.575	0.345	0.631	
Pop4	0.639	0.446	0.708	0.532	
Pop5	0.493	0.107	0.576	0.326	0.427	
Pop6	0.602	0.499	0.237	0.538	0.613	0.488	
CV error (K=7): 0.45138
Writing output files.
