****                   ADMIXTURE Version 1.3.0                  ****
****                    Copyright 2008-2015                     ****
****           David Alexander, Suyash Shringarpure,            ****
****                John  Novembre, Ken Lange                   ****
****                                                            ****
****                 Please cite our paper!                     ****
****   Information at www.genetics.ucla.edu/software/admixture  ****

Parallel execution requested.  Will use 8 threads.
Cross-validation will be performed.  Folds=10.
Random seed: 1853
Point estimation method: Block relaxation algorithm
Convergence acceleration algorithm: QuasiNewton, 3 secant conditions
Point estimation will terminate when objective function delta < 0.0001
Estimation of standard errors disabled; will compute point estimates only.
Size of G: 48x3917
Performing five EM steps to prime main algorithm
1 (EM) 	Elapsed: 0.007	Loglikelihood: -70506.7	(delta): 188050
2 (EM) 	Elapsed: 0.008	Loglikelihood: -64912.4	(delta): 5594.25
3 (EM) 	Elapsed: 0.007	Loglikelihood: -63347.1	(delta): 1565.33
4 (EM) 	Elapsed: 0.007	Loglikelihood: -62029.5	(delta): 1317.58
5 (EM) 	Elapsed: 0.007	Loglikelihood: -60650.8	(delta): 1378.71
Initial loglikelihood: -60650.8
Starting main algorithm
1 (QN/Block) 	Elapsed: 0.016	Loglikelihood: -43273.3	(delta): 17377.5
2 (QN/Block) 	Elapsed: 0.015	Loglikelihood: -38835.2	(delta): 4438.09
3 (QN/Block) 	Elapsed: 0.016	Loglikelihood: -36929.2	(delta): 1906.03
4 (QN/Block) 	Elapsed: 0.02	Loglikelihood: -35105.1	(delta): 1824.03
5 (QN/Block) 	Elapsed: 0.015	Loglikelihood: -34111.6	(delta): 993.497
6 (QN/Block) 	Elapsed: 0.016	Loglikelihood: -33754.2	(delta): 357.431
7 (QN/Block) 	Elapsed: 0.018	Loglikelihood: -33596.6	(delta): 157.545
8 (QN/Block) 	Elapsed: 0.016	Loglikelihood: -33540.3	(delta): 56.3615
9 (QN/Block) 	Elapsed: 0.017	Loglikelihood: -33507.1	(delta): 33.1476
10 (QN/Block) 	Elapsed: 0.019	Loglikelihood: -33492.4	(delta): 14.7011
11 (QN/Block) 	Elapsed: 0.015	Loglikelihood: -33489.7	(delta): 2.75327
12 (QN/Block) 	Elapsed: 0.017	Loglikelihood: -33489.7	(delta): 0.02838
13 (QN/Block) 	Elapsed: 0.016	Loglikelihood: -33489.7	(delta): 0.000283584
14 (QN/Block) 	Elapsed: 0.015	Loglikelihood: -33489.7	(delta): 1.03639e-07
Summary: 
Converged in 14 iterations (0.286 sec)
Loglikelihood: -33489.657674
Fst divergences between estimated populations: 
	Pop0	Pop1	Pop2	
Pop0	
Pop1	0.237	
Pop2	0.472	0.560	
Pop3	0.514	0.602	0.281	
CV error (K=4): 0.35241
Writing output files.
