****                   ADMIXTURE Version 1.3.0                  ****
****                    Copyright 2008-2015                     ****
****           David Alexander, Suyash Shringarpure,            ****
****                John  Novembre, Ken Lange                   ****
****                                                            ****
****                 Please cite our paper!                     ****
****   Information at www.genetics.ucla.edu/software/admixture  ****

Parallel execution requested.  Will use 8 threads.
Cross-validation will be performed.  Folds=10.
Random seed: 4792
Point estimation method: Block relaxation algorithm
Convergence acceleration algorithm: QuasiNewton, 3 secant conditions
Point estimation will terminate when objective function delta < 0.0001
Estimation of standard errors disabled; will compute point estimates only.
Size of G: 48x3917
Performing five EM steps to prime main algorithm
1 (EM) 	Elapsed: 0.016	Loglikelihood: -69828.7	(delta): 174467
2 (EM) 	Elapsed: 0.016	Loglikelihood: -63605.3	(delta): 6223.44
3 (EM) 	Elapsed: 0.016	Loglikelihood: -61658.1	(delta): 1947.21
4 (EM) 	Elapsed: 0.016	Loglikelihood: -60055.6	(delta): 1602.43
5 (EM) 	Elapsed: 0.016	Loglikelihood: -58439.4	(delta): 1616.24
Initial loglikelihood: -58439.4
Starting main algorithm
1 (QN/Block) 	Elapsed: 0.026	Loglikelihood: -36908	(delta): 21531.4
2 (QN/Block) 	Elapsed: 0.025	Loglikelihood: -33219.6	(delta): 3688.42
3 (QN/Block) 	Elapsed: 0.028	Loglikelihood: -30919.3	(delta): 2300.35
4 (QN/Block) 	Elapsed: 0.029	Loglikelihood: -29770	(delta): 1149.27
5 (QN/Block) 	Elapsed: 0.029	Loglikelihood: -29143.1	(delta): 626.87
6 (QN/Block) 	Elapsed: 0.028	Loglikelihood: -28764.9	(delta): 378.258
7 (QN/Block) 	Elapsed: 0.029	Loglikelihood: -28623.5	(delta): 141.362
8 (QN/Block) 	Elapsed: 0.029	Loglikelihood: -28584.7	(delta): 38.7975
9 (QN/Block) 	Elapsed: 0.029	Loglikelihood: -28576.4	(delta): 8.28767
10 (QN/Block) 	Elapsed: 0.029	Loglikelihood: -28576	(delta): 0.378418
11 (QN/Block) 	Elapsed: 0.028	Loglikelihood: -28576	(delta): 0.000217063
12 (QN/Block) 	Elapsed: 0.027	Loglikelihood: -28576	(delta): 9.44494e-05
Summary: 
Converged in 12 iterations (0.432 sec)
Loglikelihood: -28576.030967
Fst divergences between estimated populations: 
	Pop0	Pop1	Pop2	Pop3	Pop4	Pop5	Pop6	
Pop0	
Pop1	0.577	
Pop2	0.565	0.352	
Pop3	0.528	0.291	0.253	
Pop4	0.321	0.615	0.604	0.565	
Pop5	0.137	0.593	0.582	0.543	0.334	
Pop6	0.120	0.586	0.574	0.537	0.331	0.136	
Pop7	0.535	0.326	0.292	0.243	0.572	0.550	0.544	
CV error (K=8): 0.45314
Writing output files.
