****                   ADMIXTURE Version 1.3.0                  ****
****                    Copyright 2008-2015                     ****
****           David Alexander, Suyash Shringarpure,            ****
****                John  Novembre, Ken Lange                   ****
****                                                            ****
****                 Please cite our paper!                     ****
****   Information at www.genetics.ucla.edu/software/admixture  ****

Parallel execution requested.  Will use 8 threads.
Cross-validation will be performed.  Folds=10.
Random seed: 2189
Point estimation method: Block relaxation algorithm
Convergence acceleration algorithm: QuasiNewton, 3 secant conditions
Point estimation will terminate when objective function delta < 0.0001
Estimation of standard errors disabled; will compute point estimates only.
Size of G: 48x3917
Performing five EM steps to prime main algorithm
1 (EM) 	Elapsed: 0.015	Loglikelihood: -70400.1	(delta): 177479
2 (EM) 	Elapsed: 0.013	Loglikelihood: -64616	(delta): 5784.19
3 (EM) 	Elapsed: 0.013	Loglikelihood: -63116.1	(delta): 1499.86
4 (EM) 	Elapsed: 0.014	Loglikelihood: -62046.6	(delta): 1069.5
5 (EM) 	Elapsed: 0.014	Loglikelihood: -61058.3	(delta): 988.294
Initial loglikelihood: -61058.3
Starting main algorithm
1 (QN/Block) 	Elapsed: 0.023	Loglikelihood: -37905.9	(delta): 23152.4
2 (QN/Block) 	Elapsed: 0.025	Loglikelihood: -34691.5	(delta): 3214.34
3 (QN/Block) 	Elapsed: 0.034	Loglikelihood: -32987.3	(delta): 1704.21
4 (QN/Block) 	Elapsed: 0.027	Loglikelihood: -31608.9	(delta): 1378.38
5 (QN/Block) 	Elapsed: 0.03	Loglikelihood: -30560.4	(delta): 1048.53
6 (QN/Block) 	Elapsed: 0.031	Loglikelihood: -29999.5	(delta): 560.911
7 (QN/Block) 	Elapsed: 0.031	Loglikelihood: -29732	(delta): 267.435
8 (QN/Block) 	Elapsed: 0.029	Loglikelihood: -29600.5	(delta): 131.498
9 (QN/Block) 	Elapsed: 0.029	Loglikelihood: -29566	(delta): 34.5771
10 (QN/Block) 	Elapsed: 0.025	Loglikelihood: -29516	(delta): 49.9531
11 (QN/Block) 	Elapsed: 0.031	Loglikelihood: -29499.9	(delta): 16.0755
12 (QN/Block) 	Elapsed: 0.029	Loglikelihood: -29487.6	(delta): 12.3535
13 (QN/Block) 	Elapsed: 0.028	Loglikelihood: -29445.2	(delta): 42.3876
14 (QN/Block) 	Elapsed: 0.025	Loglikelihood: -29397.6	(delta): 47.6241
15 (QN/Block) 	Elapsed: 0.028	Loglikelihood: -29384.8	(delta): 12.775
16 (QN/Block) 	Elapsed: 0.024	Loglikelihood: -29378.9	(delta): 5.94795
17 (QN/Block) 	Elapsed: 0.028	Loglikelihood: -29374.6	(delta): 4.25535
18 (QN/Block) 	Elapsed: 0.025	Loglikelihood: -29372.9	(delta): 1.72806
19 (QN/Block) 	Elapsed: 0.03	Loglikelihood: -29372.7	(delta): 0.144406
20 (QN/Block) 	Elapsed: 0.025	Loglikelihood: -29372.7	(delta): 0.000187994
21 (QN/Block) 	Elapsed: 0.029	Loglikelihood: -29372.7	(delta): 1.09139e-11
Summary: 
Converged in 21 iterations (0.687 sec)
Loglikelihood: -29372.723605
Fst divergences between estimated populations: 
	Pop0	Pop1	Pop2	Pop3	Pop4	Pop5	
Pop0	
Pop1	0.536	
Pop2	0.326	0.578	
Pop3	0.204	0.508	0.258	
Pop4	0.536	0.140	0.578	0.507	
Pop5	0.571	0.319	0.614	0.544	0.322	
Pop6	0.558	0.116	0.602	0.530	0.164	0.343	
CV error (K=7): 0.42271
Writing output files.
