****                   ADMIXTURE Version 1.3.0                  ****
****                    Copyright 2008-2015                     ****
****           David Alexander, Suyash Shringarpure,            ****
****                John  Novembre, Ken Lange                   ****
****                                                            ****
****                 Please cite our paper!                     ****
****   Information at www.genetics.ucla.edu/software/admixture  ****

Parallel execution requested.  Will use 8 threads.
Cross-validation will be performed.  Folds=10.
Random seed: 1686
Point estimation method: Block relaxation algorithm
Convergence acceleration algorithm: QuasiNewton, 3 secant conditions
Point estimation will terminate when objective function delta < 0.0001
Estimation of standard errors disabled; will compute point estimates only.
Size of G: 48x3917
Performing five EM steps to prime main algorithm
1 (EM) 	Elapsed: 0.017	Loglikelihood: -70414.3	(delta): 169997
2 (EM) 	Elapsed: 0.016	Loglikelihood: -64484.7	(delta): 5929.64
3 (EM) 	Elapsed: 0.018	Loglikelihood: -62964.5	(delta): 1520.18
4 (EM) 	Elapsed: 0.017	Loglikelihood: -61789.7	(delta): 1174.87
5 (EM) 	Elapsed: 0.017	Loglikelihood: -60567	(delta): 1222.61
Initial loglikelihood: -60567
Starting main algorithm
1 (QN/Block) 	Elapsed: 0.032	Loglikelihood: -37517.7	(delta): 23049.3
2 (QN/Block) 	Elapsed: 0.03	Loglikelihood: -33475.3	(delta): 4042.41
3 (QN/Block) 	Elapsed: 0.033	Loglikelihood: -31162.5	(delta): 2312.86
4 (QN/Block) 	Elapsed: 0.033	Loglikelihood: -29808.9	(delta): 1353.56
5 (QN/Block) 	Elapsed: 0.033	Loglikelihood: -28993.1	(delta): 815.82
6 (QN/Block) 	Elapsed: 0.033	Loglikelihood: -28615.3	(delta): 377.773
7 (QN/Block) 	Elapsed: 0.032	Loglikelihood: -28404	(delta): 211.283
8 (QN/Block) 	Elapsed: 0.033	Loglikelihood: -28204.1	(delta): 199.877
9 (QN/Block) 	Elapsed: 0.032	Loglikelihood: -28079.9	(delta): 124.194
10 (QN/Block) 	Elapsed: 0.033	Loglikelihood: -28048.4	(delta): 31.5144
11 (QN/Block) 	Elapsed: 0.034	Loglikelihood: -28027.7	(delta): 20.777
12 (QN/Block) 	Elapsed: 0.035	Loglikelihood: -28024.7	(delta): 3.0002
13 (QN/Block) 	Elapsed: 0.033	Loglikelihood: -28024.6	(delta): 0.0332818
14 (QN/Block) 	Elapsed: 0.032	Loglikelihood: -28024.6	(delta): 1.46185e-06
Summary: 
Converged in 14 iterations (0.565 sec)
Loglikelihood: -28024.618241
Fst divergences between estimated populations: 
	Pop0	Pop1	Pop2	Pop3	Pop4	Pop5	Pop6	Pop7	
Pop0	
Pop1	0.153	
Pop2	0.617	0.605	
Pop3	0.290	0.281	0.517	
Pop4	0.649	0.635	0.219	0.544	
Pop5	0.611	0.598	0.141	0.510	0.194	
Pop6	0.633	0.620	0.349	0.533	0.386	0.337	
Pop7	0.326	0.316	0.555	0.164	0.584	0.548	0.568	
Pop8	0.611	0.597	0.172	0.510	0.225	0.152	0.342	0.548	
CV error (K=9): 0.46827
Writing output files.
