****                   ADMIXTURE Version 1.3.0                  ****
****                    Copyright 2008-2015                     ****
****           David Alexander, Suyash Shringarpure,            ****
****                John  Novembre, Ken Lange                   ****
****                                                            ****
****                 Please cite our paper!                     ****
****   Information at www.genetics.ucla.edu/software/admixture  ****

Parallel execution requested.  Will use 8 threads.
Cross-validation will be performed.  Folds=10.
Random seed: 499
Point estimation method: Block relaxation algorithm
Convergence acceleration algorithm: QuasiNewton, 3 secant conditions
Point estimation will terminate when objective function delta < 0.0001
Estimation of standard errors disabled; will compute point estimates only.
Size of G: 48x3917
Performing five EM steps to prime main algorithm
1 (EM) 	Elapsed: 0.003	Loglikelihood: -68251.3	(delta): 213886
2 (EM) 	Elapsed: 0.004	Loglikelihood: -65051.1	(delta): 3200.16
3 (EM) 	Elapsed: 0.004	Loglikelihood: -63959.7	(delta): 1091.43
4 (EM) 	Elapsed: 0.004	Loglikelihood: -63049.2	(delta): 910.496
5 (EM) 	Elapsed: 0.003	Loglikelihood: -62158.2	(delta): 891.038
Initial loglikelihood: -62158.2
Starting main algorithm
1 (QN/Block) 	Elapsed: 0.009	Loglikelihood: -45564.8	(delta): 16593.4
2 (QN/Block) 	Elapsed: 0.009	Loglikelihood: -42653.4	(delta): 2911.39
3 (QN/Block) 	Elapsed: 0.011	Loglikelihood: -41600.2	(delta): 1053.17
4 (QN/Block) 	Elapsed: 0.012	Loglikelihood: -40865.6	(delta): 734.66
5 (QN/Block) 	Elapsed: 0.01	Loglikelihood: -40390	(delta): 475.517
6 (QN/Block) 	Elapsed: 0.01	Loglikelihood: -40097.9	(delta): 292.132
7 (QN/Block) 	Elapsed: 0.011	Loglikelihood: -40069.8	(delta): 28.0689
8 (QN/Block) 	Elapsed: 0.012	Loglikelihood: -40069.6	(delta): 0.271637
9 (QN/Block) 	Elapsed: 0.01	Loglikelihood: -40069.5	(delta): 0.102831
10 (QN/Block) 	Elapsed: 0.01	Loglikelihood: -40069.4	(delta): 0.089993
11 (QN/Block) 	Elapsed: 0.011	Loglikelihood: -40069.4	(delta): 5.06589e-07
Summary: 
Converged in 11 iterations (0.147 sec)
Loglikelihood: -40069.368176
Fst divergences between estimated populations: 
	Pop0	
Pop0	
Pop1	0.469	
CV error (K=2): 0.34307
Writing output files.
