****                   ADMIXTURE Version 1.3.0                  ****
****                    Copyright 2008-2015                     ****
****           David Alexander, Suyash Shringarpure,            ****
****                John  Novembre, Ken Lange                   ****
****                                                            ****
****                 Please cite our paper!                     ****
****   Information at www.genetics.ucla.edu/software/admixture  ****

Parallel execution requested.  Will use 8 threads.
Cross-validation will be performed.  Folds=10.
Random seed: 2644
Point estimation method: Block relaxation algorithm
Convergence acceleration algorithm: QuasiNewton, 3 secant conditions
Point estimation will terminate when objective function delta < 0.0001
Estimation of standard errors disabled; will compute point estimates only.
Size of G: 48x3917
Performing five EM steps to prime main algorithm
1 (EM) 	Elapsed: 0.008	Loglikelihood: -69907.4	(delta): 187785
2 (EM) 	Elapsed: 0.008	Loglikelihood: -64648	(delta): 5259.34
3 (EM) 	Elapsed: 0.007	Loglikelihood: -63046.4	(delta): 1601.62
4 (EM) 	Elapsed: 0.007	Loglikelihood: -61745.6	(delta): 1300.83
5 (EM) 	Elapsed: 0.007	Loglikelihood: -60435.1	(delta): 1310.45
Initial loglikelihood: -60435.1
Starting main algorithm
1 (QN/Block) 	Elapsed: 0.018	Loglikelihood: -42476.7	(delta): 17958.4
2 (QN/Block) 	Elapsed: 0.014	Loglikelihood: -39492.5	(delta): 2984.24
3 (QN/Block) 	Elapsed: 0.016	Loglikelihood: -37920.3	(delta): 1572.24
4 (QN/Block) 	Elapsed: 0.018	Loglikelihood: -36089.1	(delta): 1831.14
5 (QN/Block) 	Elapsed: 0.017	Loglikelihood: -34827.4	(delta): 1261.72
6 (QN/Block) 	Elapsed: 0.017	Loglikelihood: -34397.8	(delta): 429.657
7 (QN/Block) 	Elapsed: 0.019	Loglikelihood: -34280.6	(delta): 117.144
8 (QN/Block) 	Elapsed: 0.017	Loglikelihood: -34248.9	(delta): 31.6877
9 (QN/Block) 	Elapsed: 0.019	Loglikelihood: -34229.7	(delta): 19.1996
10 (QN/Block) 	Elapsed: 0.018	Loglikelihood: -34224.5	(delta): 5.22657
11 (QN/Block) 	Elapsed: 0.018	Loglikelihood: -34224.3	(delta): 0.174837
12 (QN/Block) 	Elapsed: 0.018	Loglikelihood: -34224.3	(delta): 0.00141194
13 (QN/Block) 	Elapsed: 0.015	Loglikelihood: -34224.3	(delta): 1.53313e-06
Summary: 
Converged in 13 iterations (0.277 sec)
Loglikelihood: -34224.319695
Fst divergences between estimated populations: 
	Pop0	Pop1	Pop2	
Pop0	
Pop1	0.558	
Pop2	0.549	0.087	
Pop3	0.237	0.471	0.463	
CV error (K=4): 0.36765
Writing output files.
