****                   ADMIXTURE Version 1.3.0                  ****
****                    Copyright 2008-2015                     ****
****           David Alexander, Suyash Shringarpure,            ****
****                John  Novembre, Ken Lange                   ****
****                                                            ****
****                 Please cite our paper!                     ****
****   Information at www.genetics.ucla.edu/software/admixture  ****

Parallel execution requested.  Will use 8 threads.
Cross-validation will be performed.  Folds=10.
Random seed: 2613
Point estimation method: Block relaxation algorithm
Convergence acceleration algorithm: QuasiNewton, 3 secant conditions
Point estimation will terminate when objective function delta < 0.0001
Estimation of standard errors disabled; will compute point estimates only.
Size of G: 48x3917
Performing five EM steps to prime main algorithm
1 (EM) 	Elapsed: 0.003	Loglikelihood: -69120.4	(delta): 211937
2 (EM) 	Elapsed: 0.004	Loglikelihood: -65553.1	(delta): 3567.29
3 (EM) 	Elapsed: 0.004	Loglikelihood: -64705	(delta): 848.066
4 (EM) 	Elapsed: 0.004	Loglikelihood: -64150	(delta): 555.019
5 (EM) 	Elapsed: 0.003	Loglikelihood: -63692.4	(delta): 457.605
Initial loglikelihood: -63692.4
Starting main algorithm
1 (QN/Block) 	Elapsed: 0.01	Loglikelihood: -45950	(delta): 17742.4
2 (QN/Block) 	Elapsed: 0.01	Loglikelihood: -43758.6	(delta): 2191.35
3 (QN/Block) 	Elapsed: 0.013	Loglikelihood: -42470.6	(delta): 1288
4 (QN/Block) 	Elapsed: 0.012	Loglikelihood: -41382.1	(delta): 1088.54
5 (QN/Block) 	Elapsed: 0.01	Loglikelihood: -40335.7	(delta): 1046.42
6 (QN/Block) 	Elapsed: 0.011	Loglikelihood: -40117	(delta): 218.63
7 (QN/Block) 	Elapsed: 0.015	Loglikelihood: -40070.9	(delta): 46.1503
8 (QN/Block) 	Elapsed: 0.012	Loglikelihood: -40069.8	(delta): 1.12191
9 (QN/Block) 	Elapsed: 0.013	Loglikelihood: -40069.6	(delta): 0.191678
10 (QN/Block) 	Elapsed: 0.012	Loglikelihood: -40069.5	(delta): 0.0948743
11 (QN/Block) 	Elapsed: 0.017	Loglikelihood: -40069.4	(delta): 0.0673722
12 (QN/Block) 	Elapsed: 0.014	Loglikelihood: -40069.4	(delta): 0.0335928
13 (QN/Block) 	Elapsed: 0.014	Loglikelihood: -40069.4	(delta): 0.00916947
14 (QN/Block) 	Elapsed: 0.016	Loglikelihood: -40069.4	(delta): 1.45519e-11
Summary: 
Converged in 14 iterations (0.216 sec)
Loglikelihood: -40069.368176
Fst divergences between estimated populations: 
	Pop0	
Pop0	
Pop1	0.469	
CV error (K=2): 0.34195
Writing output files.
