****                   ADMIXTURE Version 1.3.0                  ****
****                    Copyright 2008-2015                     ****
****           David Alexander, Suyash Shringarpure,            ****
****                John  Novembre, Ken Lange                   ****
****                                                            ****
****                 Please cite our paper!                     ****
****   Information at www.genetics.ucla.edu/software/admixture  ****

Parallel execution requested.  Will use 8 threads.
Cross-validation will be performed.  Folds=10.
Random seed: 3404
Point estimation method: Block relaxation algorithm
Convergence acceleration algorithm: QuasiNewton, 3 secant conditions
Point estimation will terminate when objective function delta < 0.0001
Estimation of standard errors disabled; will compute point estimates only.
Size of G: 48x3917
Performing five EM steps to prime main algorithm
1 (EM) 	Elapsed: 0.01	Loglikelihood: -70563.1	(delta): 182564
2 (EM) 	Elapsed: 0.009	Loglikelihood: -65050.3	(delta): 5512.75
3 (EM) 	Elapsed: 0.009	Loglikelihood: -63603.1	(delta): 1447.16
4 (EM) 	Elapsed: 0.009	Loglikelihood: -62582.9	(delta): 1020.2
5 (EM) 	Elapsed: 0.009	Loglikelihood: -61599.6	(delta): 983.367
Initial loglikelihood: -61599.6
Starting main algorithm
1 (QN/Block) 	Elapsed: 0.02	Loglikelihood: -41231.8	(delta): 20367.8
2 (QN/Block) 	Elapsed: 0.017	Loglikelihood: -37535.2	(delta): 3696.59
3 (QN/Block) 	Elapsed: 0.023	Loglikelihood: -35807.6	(delta): 1727.59
4 (QN/Block) 	Elapsed: 0.019	Loglikelihood: -34312.9	(delta): 1494.69
5 (QN/Block) 	Elapsed: 0.02	Loglikelihood: -33410.6	(delta): 902.341
6 (QN/Block) 	Elapsed: 0.02	Loglikelihood: -32950.3	(delta): 460.242
7 (QN/Block) 	Elapsed: 0.02	Loglikelihood: -32753.5	(delta): 196.893
8 (QN/Block) 	Elapsed: 0.023	Loglikelihood: -32689.6	(delta): 63.8837
9 (QN/Block) 	Elapsed: 0.02	Loglikelihood: -32658.4	(delta): 31.1401
10 (QN/Block) 	Elapsed: 0.022	Loglikelihood: -32622	(delta): 36.3828
11 (QN/Block) 	Elapsed: 0.022	Loglikelihood: -32584.6	(delta): 37.4372
12 (QN/Block) 	Elapsed: 0.02	Loglikelihood: -32559.7	(delta): 24.8632
13 (QN/Block) 	Elapsed: 0.02	Loglikelihood: -32539.6	(delta): 20.1636
14 (QN/Block) 	Elapsed: 0.022	Loglikelihood: -32527.7	(delta): 11.8586
15 (QN/Block) 	Elapsed: 0.019	Loglikelihood: -32515.8	(delta): 11.9406
16 (QN/Block) 	Elapsed: 0.022	Loglikelihood: -32500.9	(delta): 14.9342
17 (QN/Block) 	Elapsed: 0.018	Loglikelihood: -32490.5	(delta): 10.3955
18 (QN/Block) 	Elapsed: 0.022	Loglikelihood: -32489.7	(delta): 0.799984
19 (QN/Block) 	Elapsed: 0.018	Loglikelihood: -32489.6	(delta): 0.0164753
20 (QN/Block) 	Elapsed: 0.02	Loglikelihood: -32489.6	(delta): 0.000468982
21 (QN/Block) 	Elapsed: 0.021	Loglikelihood: -32489.6	(delta): 5.6288e-06
Summary: 
Converged in 21 iterations (0.5 sec)
Loglikelihood: -32489.637946
Fst divergences between estimated populations: 
	Pop0	Pop1	Pop2	Pop3	
Pop0	
Pop1	0.578	
Pop2	0.336	0.558	
Pop3	0.251	0.499	0.193	
Pop4	0.565	0.261	0.545	0.483	
CV error (K=5): 0.38306
Writing output files.
