****                   ADMIXTURE Version 1.3.0                  ****
****                    Copyright 2008-2015                     ****
****           David Alexander, Suyash Shringarpure,            ****
****                John  Novembre, Ken Lange                   ****
****                                                            ****
****                 Please cite our paper!                     ****
****   Information at www.genetics.ucla.edu/software/admixture  ****

Parallel execution requested.  Will use 8 threads.
Cross-validation will be performed.  Folds=10.
Random seed: 3303
Point estimation method: Block relaxation algorithm
Convergence acceleration algorithm: QuasiNewton, 3 secant conditions
Point estimation will terminate when objective function delta < 0.0001
Estimation of standard errors disabled; will compute point estimates only.
Size of G: 48x3917
Performing five EM steps to prime main algorithm
1 (EM) 	Elapsed: 0.007	Loglikelihood: -70044	(delta): 188287
2 (EM) 	Elapsed: 0.008	Loglikelihood: -64530.4	(delta): 5513.55
3 (EM) 	Elapsed: 0.007	Loglikelihood: -62973.5	(delta): 1556.91
4 (EM) 	Elapsed: 0.007	Loglikelihood: -61737.9	(delta): 1235.56
5 (EM) 	Elapsed: 0.007	Loglikelihood: -60525.8	(delta): 1212.14
Initial loglikelihood: -60525.8
Starting main algorithm
1 (QN/Block) 	Elapsed: 0.018	Loglikelihood: -43377.7	(delta): 17148.1
2 (QN/Block) 	Elapsed: 0.014	Loglikelihood: -38846.9	(delta): 4530.76
3 (QN/Block) 	Elapsed: 0.016	Loglikelihood: -36720	(delta): 2126.97
4 (QN/Block) 	Elapsed: 0.019	Loglikelihood: -35572.3	(delta): 1147.66
5 (QN/Block) 	Elapsed: 0.016	Loglikelihood: -34876.7	(delta): 695.621
6 (QN/Block) 	Elapsed: 0.017	Loglikelihood: -34281.8	(delta): 594.916
7 (QN/Block) 	Elapsed: 0.018	Loglikelihood: -34070.9	(delta): 210.915
8 (QN/Block) 	Elapsed: 0.017	Loglikelihood: -33814.3	(delta): 256.553
9 (QN/Block) 	Elapsed: 0.019	Loglikelihood: -33626	(delta): 188.35
10 (QN/Block) 	Elapsed: 0.018	Loglikelihood: -33523.8	(delta): 102.151
11 (QN/Block) 	Elapsed: 0.017	Loglikelihood: -33440.8	(delta): 83.0003
12 (QN/Block) 	Elapsed: 0.018	Loglikelihood: -33372.3	(delta): 68.4678
13 (QN/Block) 	Elapsed: 0.016	Loglikelihood: -33350.9	(delta): 21.4145
14 (QN/Block) 	Elapsed: 0.018	Loglikelihood: -33346.9	(delta): 4.04229
15 (QN/Block) 	Elapsed: 0.015	Loglikelihood: -33346.9	(delta): 0.0356305
16 (QN/Block) 	Elapsed: 0.015	Loglikelihood: -33346.9	(delta): 0.0015456
17 (QN/Block) 	Elapsed: 0.019	Loglikelihood: -33346.9	(delta): 1.8965e-05
Summary: 
Converged in 17 iterations (0.348 sec)
Loglikelihood: -33346.850102
Fst divergences between estimated populations: 
	Pop0	Pop1	Pop2	
Pop0	
Pop1	0.460	
Pop2	0.483	0.206	
Pop3	0.237	0.543	0.572	
CV error (K=4): 0.34513
Writing output files.
