****                   ADMIXTURE Version 1.3.0                  ****
****                    Copyright 2008-2015                     ****
****           David Alexander, Suyash Shringarpure,            ****
****                John  Novembre, Ken Lange                   ****
****                                                            ****
****                 Please cite our paper!                     ****
****   Information at www.genetics.ucla.edu/software/admixture  ****

Parallel execution requested.  Will use 8 threads.
Cross-validation will be performed.  Folds=10.
Random seed: 2140
Point estimation method: Block relaxation algorithm
Convergence acceleration algorithm: QuasiNewton, 3 secant conditions
Point estimation will terminate when objective function delta < 0.0001
Estimation of standard errors disabled; will compute point estimates only.
Size of G: 48x3917
Performing five EM steps to prime main algorithm
1 (EM) 	Elapsed: 0.014	Loglikelihood: -69712.3	(delta): 177188
2 (EM) 	Elapsed: 0.012	Loglikelihood: -63791.8	(delta): 5920.45
3 (EM) 	Elapsed: 0.012	Loglikelihood: -62068.2	(delta): 1723.62
4 (EM) 	Elapsed: 0.014	Loglikelihood: -60779.8	(delta): 1288.39
5 (EM) 	Elapsed: 0.012	Loglikelihood: -59548.3	(delta): 1231.45
Initial loglikelihood: -59548.3
Starting main algorithm
1 (QN/Block) 	Elapsed: 0.023	Loglikelihood: -37829.2	(delta): 21719.1
2 (QN/Block) 	Elapsed: 0.025	Loglikelihood: -35098.8	(delta): 2730.44
3 (QN/Block) 	Elapsed: 0.025	Loglikelihood: -33444.5	(delta): 1654.25
4 (QN/Block) 	Elapsed: 0.029	Loglikelihood: -32094.1	(delta): 1350.48
5 (QN/Block) 	Elapsed: 0.026	Loglikelihood: -31506.4	(delta): 587.679
6 (QN/Block) 	Elapsed: 0.03	Loglikelihood: -31096.9	(delta): 409.527
7 (QN/Block) 	Elapsed: 0.026	Loglikelihood: -30885.6	(delta): 211.281
8 (QN/Block) 	Elapsed: 0.027	Loglikelihood: -30811.2	(delta): 74.4034
9 (QN/Block) 	Elapsed: 0.025	Loglikelihood: -30793.6	(delta): 17.5938
10 (QN/Block) 	Elapsed: 0.027	Loglikelihood: -30790.6	(delta): 2.94748
11 (QN/Block) 	Elapsed: 0.025	Loglikelihood: -30790.5	(delta): 0.158234
12 (QN/Block) 	Elapsed: 0.029	Loglikelihood: -30790.4	(delta): 0.0271196
13 (QN/Block) 	Elapsed: 0.024	Loglikelihood: -30790.4	(delta): 0.00477545
14 (QN/Block) 	Elapsed: 0.028	Loglikelihood: -30790.4	(delta): 0.000998343
15 (QN/Block) 	Elapsed: 0.025	Loglikelihood: -30790.4	(delta): 1.31025e-05
Summary: 
Converged in 15 iterations (0.479 sec)
Loglikelihood: -30790.434390
Fst divergences between estimated populations: 
	Pop0	Pop1	Pop2	Pop3	Pop4	Pop5	
Pop0	
Pop1	0.559	
Pop2	0.528	0.148	
Pop3	0.534	0.114	0.121	
Pop4	0.214	0.517	0.490	0.495	
Pop5	0.358	0.588	0.554	0.562	0.288	
Pop6	0.346	0.585	0.554	0.560	0.267	0.415	
CV error (K=7): 0.45644
Writing output files.
