****                   ADMIXTURE Version 1.3.0                  ****
****                    Copyright 2008-2015                     ****
****           David Alexander, Suyash Shringarpure,            ****
****                John  Novembre, Ken Lange                   ****
****                                                            ****
****                 Please cite our paper!                     ****
****   Information at www.genetics.ucla.edu/software/admixture  ****

Parallel execution requested.  Will use 8 threads.
Cross-validation will be performed.  Folds=10.
Random seed: 2221
Point estimation method: Block relaxation algorithm
Convergence acceleration algorithm: QuasiNewton, 3 secant conditions
Point estimation will terminate when objective function delta < 0.0001
Estimation of standard errors disabled; will compute point estimates only.
Size of G: 48x3917
Performing five EM steps to prime main algorithm
1 (EM) 	Elapsed: 0.016	Loglikelihood: -70074.2	(delta): 174450
2 (EM) 	Elapsed: 0.016	Loglikelihood: -64147.7	(delta): 5926.51
3 (EM) 	Elapsed: 0.016	Loglikelihood: -62512.6	(delta): 1635.14
4 (EM) 	Elapsed: 0.016	Loglikelihood: -61272.9	(delta): 1239.66
5 (EM) 	Elapsed: 0.016	Loglikelihood: -60037.6	(delta): 1235.34
Initial loglikelihood: -60037.6
Starting main algorithm
1 (QN/Block) 	Elapsed: 0.027	Loglikelihood: -37224.4	(delta): 22813.2
2 (QN/Block) 	Elapsed: 0.026	Loglikelihood: -33711.4	(delta): 3513.05
3 (QN/Block) 	Elapsed: 0.03	Loglikelihood: -31802.9	(delta): 1908.51
4 (QN/Block) 	Elapsed: 0.029	Loglikelihood: -30282.2	(delta): 1520.62
5 (QN/Block) 	Elapsed: 0.028	Loglikelihood: -29437.4	(delta): 844.893
6 (QN/Block) 	Elapsed: 0.029	Loglikelihood: -29051.8	(delta): 385.539
7 (QN/Block) 	Elapsed: 0.029	Loglikelihood: -28913.6	(delta): 138.193
8 (QN/Block) 	Elapsed: 0.028	Loglikelihood: -28876.5	(delta): 37.1441
9 (QN/Block) 	Elapsed: 0.029	Loglikelihood: -28873.5	(delta): 2.99351
10 (QN/Block) 	Elapsed: 0.03	Loglikelihood: -28873.4	(delta): 0.0606893
11 (QN/Block) 	Elapsed: 0.03	Loglikelihood: -28873.4	(delta): 2.54659e-11
Summary: 
Converged in 11 iterations (0.412 sec)
Loglikelihood: -28873.424999
Fst divergences between estimated populations: 
	Pop0	Pop1	Pop2	Pop3	Pop4	Pop5	Pop6	
Pop0	
Pop1	0.150	
Pop2	0.522	0.507	
Pop3	0.599	0.584	0.261	
Pop4	0.187	0.170	0.523	0.600	
Pop5	0.551	0.536	0.157	0.294	0.553	
Pop6	0.175	0.172	0.530	0.608	0.201	0.561	
Pop7	0.318	0.288	0.524	0.601	0.312	0.553	0.322	
CV error (K=8): 0.46186
Writing output files.
