****                   ADMIXTURE Version 1.3.0                  ****
****                    Copyright 2008-2015                     ****
****           David Alexander, Suyash Shringarpure,            ****
****                John  Novembre, Ken Lange                   ****
****                                                            ****
****                 Please cite our paper!                     ****
****   Information at www.genetics.ucla.edu/software/admixture  ****

Parallel execution requested.  Will use 8 threads.
Cross-validation will be performed.  Folds=10.
Random seed: 2108
Point estimation method: Block relaxation algorithm
Convergence acceleration algorithm: QuasiNewton, 3 secant conditions
Point estimation will terminate when objective function delta < 0.0001
Estimation of standard errors disabled; will compute point estimates only.
Size of G: 48x3917
Performing five EM steps to prime main algorithm
1 (EM) 	Elapsed: 0.004	Loglikelihood: -68674	(delta): 215159
2 (EM) 	Elapsed: 0.004	Loglikelihood: -65619.9	(delta): 3054.16
3 (EM) 	Elapsed: 0.004	Loglikelihood: -64932.4	(delta): 687.488
4 (EM) 	Elapsed: 0.004	Loglikelihood: -64591.4	(delta): 340.979
5 (EM) 	Elapsed: 0.004	Loglikelihood: -64401.5	(delta): 189.944
Initial loglikelihood: -64401.5
Starting main algorithm
1 (QN/Block) 	Elapsed: 0.009	Loglikelihood: -53450.9	(delta): 10950.6
2 (QN/Block) 	Elapsed: 0.01	Loglikelihood: -43815.6	(delta): 9635.25
3 (QN/Block) 	Elapsed: 0.012	Loglikelihood: -42353.9	(delta): 1461.71
4 (QN/Block) 	Elapsed: 0.012	Loglikelihood: -41216.3	(delta): 1137.57
5 (QN/Block) 	Elapsed: 0.01	Loglikelihood: -40532.2	(delta): 684.097
6 (QN/Block) 	Elapsed: 0.011	Loglikelihood: -40147.8	(delta): 384.483
7 (QN/Block) 	Elapsed: 0.014	Loglikelihood: -40070.8	(delta): 76.9825
8 (QN/Block) 	Elapsed: 0.012	Loglikelihood: -40069.5	(delta): 1.24632
9 (QN/Block) 	Elapsed: 0.014	Loglikelihood: -40069.5	(delta): 0.0677629
10 (QN/Block) 	Elapsed: 0.014	Loglikelihood: -40069.4	(delta): 0.0584052
11 (QN/Block) 	Elapsed: 0.012	Loglikelihood: -40069.4	(delta): 0.0239526
12 (QN/Block) 	Elapsed: 0.014	Loglikelihood: -40069.4	(delta): 0.00505578
13 (QN/Block) 	Elapsed: 0.011	Loglikelihood: -40069.4	(delta): 7.93007e-08
Summary: 
Converged in 13 iterations (0.19 sec)
Loglikelihood: -40069.368176
Fst divergences between estimated populations: 
	Pop0	
Pop0	
Pop1	0.469	
CV error (K=2): 0.34098
Writing output files.
