****                   ADMIXTURE Version 1.3.0                  ****
****                    Copyright 2008-2015                     ****
****           David Alexander, Suyash Shringarpure,            ****
****                John  Novembre, Ken Lange                   ****
****                                                            ****
****                 Please cite our paper!                     ****
****   Information at www.genetics.ucla.edu/software/admixture  ****

Parallel execution requested.  Will use 8 threads.
Cross-validation will be performed.  Folds=10.
Random seed: 3760
Point estimation method: Block relaxation algorithm
Convergence acceleration algorithm: QuasiNewton, 3 secant conditions
Point estimation will terminate when objective function delta < 0.0001
Estimation of standard errors disabled; will compute point estimates only.
Size of G: 48x3917
Performing five EM steps to prime main algorithm
1 (EM) 	Elapsed: 0.008	Loglikelihood: -70742.8	(delta): 185895
2 (EM) 	Elapsed: 0.016	Loglikelihood: -65326.4	(delta): 5416.36
3 (EM) 	Elapsed: 0.014	Loglikelihood: -63967.7	(delta): 1358.68
4 (EM) 	Elapsed: 0.013	Loglikelihood: -62994.4	(delta): 973.39
5 (EM) 	Elapsed: 0.007	Loglikelihood: -62055.1	(delta): 939.273
Initial loglikelihood: -62055.1
Starting main algorithm
1 (QN/Block) 	Elapsed: 0.025	Loglikelihood: -43829.3	(delta): 18225.8
2 (QN/Block) 	Elapsed: 0.029	Loglikelihood: -40771.6	(delta): 3057.72
3 (QN/Block) 	Elapsed: 0.034	Loglikelihood: -38762.9	(delta): 2008.64
4 (QN/Block) 	Elapsed: 0.031	Loglikelihood: -35985.3	(delta): 2777.64
5 (QN/Block) 	Elapsed: 0.034	Loglikelihood: -35029.9	(delta): 955.386
6 (QN/Block) 	Elapsed: 0.032	Loglikelihood: -34533.2	(delta): 496.699
7 (QN/Block) 	Elapsed: 0.033	Loglikelihood: -34315.5	(delta): 217.724
8 (QN/Block) 	Elapsed: 0.032	Loglikelihood: -34203.1	(delta): 112.365
9 (QN/Block) 	Elapsed: 0.034	Loglikelihood: -34160.2	(delta): 42.8762
10 (QN/Block) 	Elapsed: 0.035	Loglikelihood: -34143.9	(delta): 16.3361
11 (QN/Block) 	Elapsed: 0.029	Loglikelihood: -34170.6	(delta): -26.7103
12 (QN/Block) 	Elapsed: 0.037	Loglikelihood: -34153.4	(delta): 17.202
13 (QN/Block) 	Elapsed: 0.034	Loglikelihood: -34142.8	(delta): 10.5562
14 (QN/Block) 	Elapsed: 0.05	Loglikelihood: -34138.3	(delta): 4.52839
15 (QN/Block) 	Elapsed: 0.05	Loglikelihood: -34114.8	(delta): 23.4932
16 (QN/Block) 	Elapsed: 0.048	Loglikelihood: -34107.5	(delta): 7.2735
17 (QN/Block) 	Elapsed: 0.049	Loglikelihood: -34104.5	(delta): 2.9975
18 (QN/Block) 	Elapsed: 0.047	Loglikelihood: -34103	(delta): 1.51535
19 (QN/Block) 	Elapsed: 0.036	Loglikelihood: -34102.7	(delta): 0.376019
20 (QN/Block) 	Elapsed: 0.043	Loglikelihood: -34102.6	(delta): 0.00899055
21 (QN/Block) 	Elapsed: 0.039	Loglikelihood: -34102.6	(delta): 2.88201e-08
Summary: 
Converged in 21 iterations (0.877 sec)
Loglikelihood: -34102.647369
Fst divergences between estimated populations: 
	Pop0	Pop1	Pop2	
Pop0	
Pop1	0.466	
Pop2	0.124	0.472	
Pop3	0.552	0.237	0.559	
CV error (K=4): 0.36152
Writing output files.
