****                   ADMIXTURE Version 1.3.0                  ****
****                    Copyright 2008-2015                     ****
****           David Alexander, Suyash Shringarpure,            ****
****                John  Novembre, Ken Lange                   ****
****                                                            ****
****                 Please cite our paper!                     ****
****   Information at www.genetics.ucla.edu/software/admixture  ****

Parallel execution requested.  Will use 8 threads.
Cross-validation will be performed.  Folds=10.
Random seed: 3106
Point estimation method: Block relaxation algorithm
Convergence acceleration algorithm: QuasiNewton, 3 secant conditions
Point estimation will terminate when objective function delta < 0.0001
Estimation of standard errors disabled; will compute point estimates only.
Size of G: 48x3917
Performing five EM steps to prime main algorithm
1 (EM) 	Elapsed: 0.012	Loglikelihood: -69259.4	(delta): 180822
2 (EM) 	Elapsed: 0.011	Loglikelihood: -62394.4	(delta): 6865.04
3 (EM) 	Elapsed: 0.01	Loglikelihood: -59637.2	(delta): 2757.15
4 (EM) 	Elapsed: 0.01	Loglikelihood: -57209.6	(delta): 2427.62
5 (EM) 	Elapsed: 0.012	Loglikelihood: -54879.9	(delta): 2329.69
Initial loglikelihood: -54879.9
Starting main algorithm
1 (QN/Block) 	Elapsed: 0.019	Loglikelihood: -39644.7	(delta): 15235.2
2 (QN/Block) 	Elapsed: 0.022	Loglikelihood: -37274.6	(delta): 2370.18
3 (QN/Block) 	Elapsed: 0.023	Loglikelihood: -35209.6	(delta): 2064.91
4 (QN/Block) 	Elapsed: 0.024	Loglikelihood: -33202.7	(delta): 2006.96
5 (QN/Block) 	Elapsed: 0.02	Loglikelihood: -31982.2	(delta): 1220.52
6 (QN/Block) 	Elapsed: 0.022	Loglikelihood: -31465.6	(delta): 516.526
7 (QN/Block) 	Elapsed: 0.021	Loglikelihood: -31285.4	(delta): 180.24
8 (QN/Block) 	Elapsed: 0.024	Loglikelihood: -31234.7	(delta): 50.6956
9 (QN/Block) 	Elapsed: 0.022	Loglikelihood: -31209.9	(delta): 24.7702
10 (QN/Block) 	Elapsed: 0.024	Loglikelihood: -31198.4	(delta): 11.5521
11 (QN/Block) 	Elapsed: 0.022	Loglikelihood: -31195.3	(delta): 3.05049
12 (QN/Block) 	Elapsed: 0.024	Loglikelihood: -31194.9	(delta): 0.436223
13 (QN/Block) 	Elapsed: 0.023	Loglikelihood: -31194.9	(delta): 0.0319344
14 (QN/Block) 	Elapsed: 0.026	Loglikelihood: -31194.8	(delta): 0.0179122
15 (QN/Block) 	Elapsed: 0.024	Loglikelihood: -31194.8	(delta): 0.00235905
16 (QN/Block) 	Elapsed: 0.026	Loglikelihood: -31194.8	(delta): 0.000103741
17 (QN/Block) 	Elapsed: 0.022	Loglikelihood: -31194.8	(delta): 1.11264e-05
Summary: 
Converged in 17 iterations (0.464 sec)
Loglikelihood: -31194.837210
Fst divergences between estimated populations: 
	Pop0	Pop1	Pop2	Pop3	Pop4	
Pop0	
Pop1	0.483	
Pop2	0.105	0.516	
Pop3	0.131	0.490	0.151	
Pop4	0.551	0.258	0.588	0.558	
Pop5	0.512	0.203	0.545	0.518	0.327	
CV error (K=6): 0.42156
Writing output files.
