****                   ADMIXTURE Version 1.3.0                  ****
****                    Copyright 2008-2015                     ****
****           David Alexander, Suyash Shringarpure,            ****
****                John  Novembre, Ken Lange                   ****
****                                                            ****
****                 Please cite our paper!                     ****
****   Information at www.genetics.ucla.edu/software/admixture  ****

Parallel execution requested.  Will use 8 threads.
Cross-validation will be performed.  Folds=10.
Random seed: 3449
Point estimation method: Block relaxation algorithm
Convergence acceleration algorithm: QuasiNewton, 3 secant conditions
Point estimation will terminate when objective function delta < 0.0001
Estimation of standard errors disabled; will compute point estimates only.
Size of G: 124x4511
Performing five EM steps to prime main algorithm
1 (EM) 	Elapsed: 0.026	Loglikelihood: -105108	(delta): 617632
2 (EM) 	Elapsed: 0.027	Loglikelihood: -93671.6	(delta): 11436.1
3 (EM) 	Elapsed: 0.026	Loglikelihood: -91830.8	(delta): 1840.77
4 (EM) 	Elapsed: 0.027	Loglikelihood: -90790.3	(delta): 1040.51
5 (EM) 	Elapsed: 0.027	Loglikelihood: -90003.6	(delta): 786.691
Initial loglikelihood: -90003.6
Starting main algorithm
1 (QN/Block) 	Elapsed: 0.048	Loglikelihood: -72678.1	(delta): 17325.5
2 (QN/Block) 	Elapsed: 0.045	Loglikelihood: -63712.4	(delta): 8965.66
3 (QN/Block) 	Elapsed: 0.045	Loglikelihood: -60130.2	(delta): 3582.19
4 (QN/Block) 	Elapsed: 0.047	Loglikelihood: -57754.5	(delta): 2375.74
5 (QN/Block) 	Elapsed: 0.046	Loglikelihood: -56308.4	(delta): 1446.08
6 (QN/Block) 	Elapsed: 0.049	Loglikelihood: -55489	(delta): 819.368
7 (QN/Block) 	Elapsed: 0.044	Loglikelihood: -55127.2	(delta): 361.826
8 (QN/Block) 	Elapsed: 0.044	Loglikelihood: -54980.4	(delta): 146.83
9 (QN/Block) 	Elapsed: 0.046	Loglikelihood: -54953.2	(delta): 27.2392
10 (QN/Block) 	Elapsed: 0.05	Loglikelihood: -54945.1	(delta): 8.01031
11 (QN/Block) 	Elapsed: 0.048	Loglikelihood: -54944.6	(delta): 0.508231
12 (QN/Block) 	Elapsed: 0.05	Loglikelihood: -54944.6	(delta): 0.028114
13 (QN/Block) 	Elapsed: 0.05	Loglikelihood: -54944.6	(delta): 0.0190518
14 (QN/Block) 	Elapsed: 0.046	Loglikelihood: -54944.6	(delta): 0.0104958
15 (QN/Block) 	Elapsed: 0.044	Loglikelihood: -54944.6	(delta): 0.000898159
16 (QN/Block) 	Elapsed: 0.044	Loglikelihood: -54944.6	(delta): 9.25233e-05
Summary: 
Converged in 16 iterations (0.91 sec)
Loglikelihood: -54944.573328
Fst divergences between estimated populations: 
	Pop0	Pop1	Pop2	Pop3	
Pop0	
Pop1	0.392	
Pop2	0.411	0.622	
Pop3	0.138	0.380	0.372	
Pop4	0.631	0.751	0.776	0.620	
CV error (K=5): 0.15649
Writing output files.
