****                   ADMIXTURE Version 1.3.0                  ****
****                    Copyright 2008-2015                     ****
****           David Alexander, Suyash Shringarpure,            ****
****                John  Novembre, Ken Lange                   ****
****                                                            ****
****                 Please cite our paper!                     ****
****   Information at www.genetics.ucla.edu/software/admixture  ****

Parallel execution requested.  Will use 8 threads.
Cross-validation will be performed.  Folds=10.
Random seed: 274
Point estimation method: Block relaxation algorithm
Convergence acceleration algorithm: QuasiNewton, 3 secant conditions
Point estimation will terminate when objective function delta < 0.0001
Estimation of standard errors disabled; will compute point estimates only.
Size of G: 124x4511
Performing five EM steps to prime main algorithm
1 (EM) 	Elapsed: 0.036	Loglikelihood: -105064	(delta): 599675
2 (EM) 	Elapsed: 0.038	Loglikelihood: -92836.8	(delta): 12227.5
3 (EM) 	Elapsed: 0.037	Loglikelihood: -90673.5	(delta): 2163.3
4 (EM) 	Elapsed: 0.038	Loglikelihood: -89315.8	(delta): 1357.73
5 (EM) 	Elapsed: 0.036	Loglikelihood: -88226.8	(delta): 1088.95
Initial loglikelihood: -88226.8
Starting main algorithm
1 (QN/Block) 	Elapsed: 0.056	Loglikelihood: -62921.8	(delta): 25305
2 (QN/Block) 	Elapsed: 0.055	Loglikelihood: -55048.7	(delta): 7873.17
3 (QN/Block) 	Elapsed: 0.06	Loglikelihood: -52926.9	(delta): 2121.73
4 (QN/Block) 	Elapsed: 0.062	Loglikelihood: -51524.6	(delta): 1402.3
5 (QN/Block) 	Elapsed: 0.059	Loglikelihood: -50760.8	(delta): 763.796
6 (QN/Block) 	Elapsed: 0.06	Loglikelihood: -50203.4	(delta): 557.398
7 (QN/Block) 	Elapsed: 0.06	Loglikelihood: -49698.6	(delta): 504.817
8 (QN/Block) 	Elapsed: 0.06	Loglikelihood: -48902.9	(delta): 795.707
9 (QN/Block) 	Elapsed: 0.061	Loglikelihood: -48437.2	(delta): 465.754
10 (QN/Block) 	Elapsed: 0.065	Loglikelihood: -48171.6	(delta): 265.606
11 (QN/Block) 	Elapsed: 0.059	Loglikelihood: -48079.8	(delta): 91.7395
12 (QN/Block) 	Elapsed: 0.062	Loglikelihood: -48029.8	(delta): 50.0523
13 (QN/Block) 	Elapsed: 0.059	Loglikelihood: -48007.4	(delta): 22.3366
14 (QN/Block) 	Elapsed: 0.062	Loglikelihood: -48001.6	(delta): 5.8357
15 (QN/Block) 	Elapsed: 0.061	Loglikelihood: -47999	(delta): 2.61063
16 (QN/Block) 	Elapsed: 0.059	Loglikelihood: -47997.4	(delta): 1.55078
17 (QN/Block) 	Elapsed: 0.063	Loglikelihood: -47997.2	(delta): 0.281745
18 (QN/Block) 	Elapsed: 0.062	Loglikelihood: -47997.1	(delta): 0.010195
19 (QN/Block) 	Elapsed: 0.063	Loglikelihood: -47997.1	(delta): 0.00790091
20 (QN/Block) 	Elapsed: 0.063	Loglikelihood: -47997.1	(delta): 0.000397103
21 (QN/Block) 	Elapsed: 0.065	Loglikelihood: -47997.1	(delta): 4.4865e-05
Summary: 
Converged in 21 iterations (1.506 sec)
Loglikelihood: -47997.131664
Fst divergences between estimated populations: 
	Pop0	Pop1	Pop2	Pop3	Pop4	Pop5	
Pop0	
Pop1	0.437	
Pop2	0.397	0.112	
Pop3	0.392	0.139	0.126	
Pop4	0.449	0.280	0.259	0.215	
Pop5	0.607	0.410	0.371	0.371	0.458	
Pop6	0.778	0.650	0.614	0.623	0.684	0.745	
CV error (K=7): 0.15622
Writing output files.
