****                   ADMIXTURE Version 1.3.0                  ****
****                    Copyright 2008-2015                     ****
****           David Alexander, Suyash Shringarpure,            ****
****                John  Novembre, Ken Lange                   ****
****                                                            ****
****                 Please cite our paper!                     ****
****   Information at www.genetics.ucla.edu/software/admixture  ****

Parallel execution requested.  Will use 8 threads.
Cross-validation will be performed.  Folds=10.
Random seed: 4175
Point estimation method: Block relaxation algorithm
Convergence acceleration algorithm: QuasiNewton, 3 secant conditions
Point estimation will terminate when objective function delta < 0.0001
Estimation of standard errors disabled; will compute point estimates only.
Size of G: 124x4511
Performing five EM steps to prime main algorithm
1 (EM) 	Elapsed: 0.037	Loglikelihood: -106036	(delta): 600135
2 (EM) 	Elapsed: 0.038	Loglikelihood: -93171.9	(delta): 12864.3
3 (EM) 	Elapsed: 0.038	Loglikelihood: -90973.6	(delta): 2198.35
4 (EM) 	Elapsed: 0.04	Loglikelihood: -89670.2	(delta): 1303.35
5 (EM) 	Elapsed: 0.038	Loglikelihood: -88682.4	(delta): 987.865
Initial loglikelihood: -88682.4
Starting main algorithm
1 (QN/Block) 	Elapsed: 0.056	Loglikelihood: -67650.8	(delta): 21031.6
2 (QN/Block) 	Elapsed: 0.056	Loglikelihood: -57622.1	(delta): 10028.7
3 (QN/Block) 	Elapsed: 0.06	Loglikelihood: -53793.4	(delta): 3828.68
4 (QN/Block) 	Elapsed: 0.059	Loglikelihood: -51396.9	(delta): 2396.52
5 (QN/Block) 	Elapsed: 0.058	Loglikelihood: -49726.6	(delta): 1670.36
6 (QN/Block) 	Elapsed: 0.062	Loglikelihood: -48817.7	(delta): 908.822
7 (QN/Block) 	Elapsed: 0.063	Loglikelihood: -48400	(delta): 417.724
8 (QN/Block) 	Elapsed: 0.06	Loglikelihood: -48255.3	(delta): 144.736
9 (QN/Block) 	Elapsed: 0.058	Loglikelihood: -48220.1	(delta): 35.1866
10 (QN/Block) 	Elapsed: 0.058	Loglikelihood: -48215	(delta): 5.11423
11 (QN/Block) 	Elapsed: 0.06	Loglikelihood: -48212.2	(delta): 2.80125
12 (QN/Block) 	Elapsed: 0.059	Loglikelihood: -48206.2	(delta): 5.97998
13 (QN/Block) 	Elapsed: 0.061	Loglikelihood: -48189.3	(delta): 16.8395
14 (QN/Block) 	Elapsed: 0.062	Loglikelihood: -48176.3	(delta): 13.0371
15 (QN/Block) 	Elapsed: 0.068	Loglikelihood: -48174.3	(delta): 2.01705
16 (QN/Block) 	Elapsed: 0.066	Loglikelihood: -48174.2	(delta): 0.0568654
17 (QN/Block) 	Elapsed: 0.059	Loglikelihood: -48174.2	(delta): 0.0350151
18 (QN/Block) 	Elapsed: 0.061	Loglikelihood: -48174.2	(delta): 0.0469681
19 (QN/Block) 	Elapsed: 0.063	Loglikelihood: -48174.1	(delta): 0.0294445
20 (QN/Block) 	Elapsed: 0.062	Loglikelihood: -48174	(delta): 0.125502
21 (QN/Block) 	Elapsed: 0.061	Loglikelihood: -48174	(delta): 0.0211015
22 (QN/Block) 	Elapsed: 0.062	Loglikelihood: -48174	(delta): 0.00107159
23 (QN/Block) 	Elapsed: 0.062	Loglikelihood: -48174	(delta): 6.17528e-05
Summary: 
Converged in 23 iterations (1.635 sec)
Loglikelihood: -48173.977148
Fst divergences between estimated populations: 
	Pop0	Pop1	Pop2	Pop3	Pop4	Pop5	
Pop0	
Pop1	0.452	
Pop2	0.429	0.605	
Pop3	0.151	0.388	0.367	
Pop4	0.119	0.394	0.367	0.115	
Pop5	0.652	0.765	0.736	0.609	0.599	
Pop6	0.293	0.446	0.458	0.213	0.256	0.674	
CV error (K=7): 0.15554
Writing output files.
