****                   ADMIXTURE Version 1.3.0                  ****
****                    Copyright 2008-2015                     ****
****           David Alexander, Suyash Shringarpure,            ****
****                John  Novembre, Ken Lange                   ****
****                                                            ****
****                 Please cite our paper!                     ****
****   Information at www.genetics.ucla.edu/software/admixture  ****

Parallel execution requested.  Will use 8 threads.
Cross-validation will be performed.  Folds=10.
Random seed: 1697
Point estimation method: Block relaxation algorithm
Convergence acceleration algorithm: QuasiNewton, 3 secant conditions
Point estimation will terminate when objective function delta < 0.0001
Estimation of standard errors disabled; will compute point estimates only.
Size of G: 124x4511
Performing five EM steps to prime main algorithm
1 (EM) 	Elapsed: 0.032	Loglikelihood: -105509	(delta): 613559
2 (EM) 	Elapsed: 0.033	Loglikelihood: -93336.5	(delta): 12172
3 (EM) 	Elapsed: 0.033	Loglikelihood: -91297.7	(delta): 2038.81
4 (EM) 	Elapsed: 0.032	Loglikelihood: -90161.8	(delta): 1135.86
5 (EM) 	Elapsed: 0.033	Loglikelihood: -89343.5	(delta): 818.309
Initial loglikelihood: -89343.5
Starting main algorithm
1 (QN/Block) 	Elapsed: 0.047	Loglikelihood: -71777.8	(delta): 17565.7
2 (QN/Block) 	Elapsed: 0.047	Loglikelihood: -59402.1	(delta): 12375.7
3 (QN/Block) 	Elapsed: 0.052	Loglikelihood: -54932.4	(delta): 4469.67
4 (QN/Block) 	Elapsed: 0.05	Loglikelihood: -52685.7	(delta): 2246.77
5 (QN/Block) 	Elapsed: 0.055	Loglikelihood: -51564.1	(delta): 1121.6
6 (QN/Block) 	Elapsed: 0.051	Loglikelihood: -50932.8	(delta): 631.247
7 (QN/Block) 	Elapsed: 0.052	Loglikelihood: -50688.4	(delta): 244.416
8 (QN/Block) 	Elapsed: 0.052	Loglikelihood: -50622	(delta): 66.391
9 (QN/Block) 	Elapsed: 0.054	Loglikelihood: -50615.7	(delta): 6.2914
10 (QN/Block) 	Elapsed: 0.056	Loglikelihood: -50614.7	(delta): 0.962616
11 (QN/Block) 	Elapsed: 0.056	Loglikelihood: -50614.7	(delta): 0.0172323
12 (QN/Block) 	Elapsed: 0.055	Loglikelihood: -50614.6	(delta): 0.119238
13 (QN/Block) 	Elapsed: 0.054	Loglikelihood: -50614.4	(delta): 0.237355
14 (QN/Block) 	Elapsed: 0.054	Loglikelihood: -50614.3	(delta): 0.0688154
15 (QN/Block) 	Elapsed: 0.055	Loglikelihood: -50614.3	(delta): 0.0188149
16 (QN/Block) 	Elapsed: 0.052	Loglikelihood: -50614.3	(delta): 0.0115234
17 (QN/Block) 	Elapsed: 0.052	Loglikelihood: -50614.3	(delta): 0.00809327
18 (QN/Block) 	Elapsed: 0.058	Loglikelihood: -50614.3	(delta): 0.000326218
19 (QN/Block) 	Elapsed: 0.052	Loglikelihood: -50614.3	(delta): 1.67268e-05
Summary: 
Converged in 19 iterations (1.207 sec)
Loglikelihood: -50614.268094
Fst divergences between estimated populations: 
	Pop0	Pop1	Pop2	Pop3	Pop4	
Pop0	
Pop1	0.757	
Pop2	0.374	0.639	
Pop3	0.623	0.784	0.407	
Pop4	0.389	0.651	0.114	0.431	
Pop5	0.467	0.699	0.214	0.469	0.261	
CV error (K=6): 0.15352
Writing output files.
