****                   ADMIXTURE Version 1.3.0                  ****
****                    Copyright 2008-2015                     ****
****           David Alexander, Suyash Shringarpure,            ****
****                John  Novembre, Ken Lange                   ****
****                                                            ****
****                 Please cite our paper!                     ****
****   Information at www.genetics.ucla.edu/software/admixture  ****

Parallel execution requested.  Will use 8 threads.
Cross-validation will be performed.  Folds=10.
Random seed: 4753
Point estimation method: Block relaxation algorithm
Convergence acceleration algorithm: QuasiNewton, 3 secant conditions
Point estimation will terminate when objective function delta < 0.0001
Estimation of standard errors disabled; will compute point estimates only.
Size of G: 124x4511
Performing five EM steps to prime main algorithm
1 (EM) 	Elapsed: 0.011	Loglikelihood: -100376	(delta): 710671
2 (EM) 	Elapsed: 0.011	Loglikelihood: -94737.7	(delta): 5638.56
3 (EM) 	Elapsed: 0.011	Loglikelihood: -93989	(delta): 748.778
4 (EM) 	Elapsed: 0.012	Loglikelihood: -93570.1	(delta): 418.88
5 (EM) 	Elapsed: 0.011	Loglikelihood: -93309.2	(delta): 260.901
Initial loglikelihood: -93309.2
Starting main algorithm
1 (QN/Block) 	Elapsed: 0.02	Loglikelihood: -86924.9	(delta): 6384.25
2 (QN/Block) 	Elapsed: 0.022	Loglikelihood: -83655.4	(delta): 3269.55
3 (QN/Block) 	Elapsed: 0.022	Loglikelihood: -81897.6	(delta): 1757.73
4 (QN/Block) 	Elapsed: 0.024	Loglikelihood: -79979.3	(delta): 1918.31
5 (QN/Block) 	Elapsed: 0.022	Loglikelihood: -79181.2	(delta): 798.098
6 (QN/Block) 	Elapsed: 0.022	Loglikelihood: -78970.4	(delta): 210.785
7 (QN/Block) 	Elapsed: 0.021	Loglikelihood: -78938.5	(delta): 31.9423
8 (QN/Block) 	Elapsed: 0.023	Loglikelihood: -78928.1	(delta): 10.4194
9 (QN/Block) 	Elapsed: 0.021	Loglikelihood: -78923.9	(delta): 4.14226
10 (QN/Block) 	Elapsed: 0.021	Loglikelihood: -78923.5	(delta): 0.436507
11 (QN/Block) 	Elapsed: 0.024	Loglikelihood: -78923.5	(delta): 0.0014739
12 (QN/Block) 	Elapsed: 0.023	Loglikelihood: -78923.5	(delta): 4.33793e-08
Summary: 
Converged in 12 iterations (0.346 sec)
Loglikelihood: -78923.507849
Fst divergences between estimated populations: 
	Pop0	
Pop0	
Pop1	0.195	
CV error (K=2): 0.19480
Writing output files.
