****                   ADMIXTURE Version 1.3.0                  ****
****                    Copyright 2008-2015                     ****
****           David Alexander, Suyash Shringarpure,            ****
****                John  Novembre, Ken Lange                   ****
****                                                            ****
****                 Please cite our paper!                     ****
****   Information at www.genetics.ucla.edu/software/admixture  ****

Parallel execution requested.  Will use 8 threads.
Cross-validation will be performed.  Folds=10.
Random seed: 3781
Point estimation method: Block relaxation algorithm
Convergence acceleration algorithm: QuasiNewton, 3 secant conditions
Point estimation will terminate when objective function delta < 0.0001
Estimation of standard errors disabled; will compute point estimates only.
Size of G: 124x4511
Performing five EM steps to prime main algorithm
1 (EM) 	Elapsed: 0.045	Loglikelihood: -105496	(delta): 587159
2 (EM) 	Elapsed: 0.046	Loglikelihood: -92715.1	(delta): 12780.6
3 (EM) 	Elapsed: 0.045	Loglikelihood: -90502.8	(delta): 2212.26
4 (EM) 	Elapsed: 0.046	Loglikelihood: -89186.3	(delta): 1316.54
5 (EM) 	Elapsed: 0.046	Loglikelihood: -88144.5	(delta): 1041.82
Initial loglikelihood: -88144.5
Starting main algorithm
1 (QN/Block) 	Elapsed: 0.073	Loglikelihood: -61801.2	(delta): 26343.3
2 (QN/Block) 	Elapsed: 0.073	Loglikelihood: -52682.1	(delta): 9119.14
3 (QN/Block) 	Elapsed: 0.079	Loglikelihood: -49740.1	(delta): 2941.94
4 (QN/Block) 	Elapsed: 0.079	Loglikelihood: -47962.7	(delta): 1777.38
5 (QN/Block) 	Elapsed: 0.078	Loglikelihood: -46747.3	(delta): 1215.44
6 (QN/Block) 	Elapsed: 0.078	Loglikelihood: -46015.4	(delta): 731.868
7 (QN/Block) 	Elapsed: 0.079	Loglikelihood: -45584.2	(delta): 431.185
8 (QN/Block) 	Elapsed: 0.08	Loglikelihood: -45449.6	(delta): 134.643
9 (QN/Block) 	Elapsed: 0.075	Loglikelihood: -45406.6	(delta): 43.0151
10 (QN/Block) 	Elapsed: 0.075	Loglikelihood: -45393.5	(delta): 13.0622
11 (QN/Block) 	Elapsed: 0.076	Loglikelihood: -45380.8	(delta): 12.6943
12 (QN/Block) 	Elapsed: 0.075	Loglikelihood: -45391	(delta): -10.1777
13 (QN/Block) 	Elapsed: 0.074	Loglikelihood: -45366.9	(delta): 24.113
14 (QN/Block) 	Elapsed: 0.075	Loglikelihood: -45359.3	(delta): 7.60049
15 (QN/Block) 	Elapsed: 0.08	Loglikelihood: -45355.4	(delta): 3.88544
16 (QN/Block) 	Elapsed: 0.082	Loglikelihood: -45354.3	(delta): 1.15425
17 (QN/Block) 	Elapsed: 0.08	Loglikelihood: -45354	(delta): 0.224821
18 (QN/Block) 	Elapsed: 0.08	Loglikelihood: -45354	(delta): 0.0641401
19 (QN/Block) 	Elapsed: 0.085	Loglikelihood: -45353.9	(delta): 0.0402795
20 (QN/Block) 	Elapsed: 0.079	Loglikelihood: -45353.9	(delta): 0.0191919
21 (QN/Block) 	Elapsed: 0.079	Loglikelihood: -45353.9	(delta): 0.0101037
22 (QN/Block) 	Elapsed: 0.079	Loglikelihood: -45353.9	(delta): 0.0143793
23 (QN/Block) 	Elapsed: 0.08	Loglikelihood: -45353.9	(delta): 0.020544
24 (QN/Block) 	Elapsed: 0.079	Loglikelihood: -45353.8	(delta): 0.0289684
25 (QN/Block) 	Elapsed: 0.078	Loglikelihood: -45353.8	(delta): 0.0403533
26 (QN/Block) 	Elapsed: 0.077	Loglikelihood: -45353.7	(delta): 0.0554617
27 (QN/Block) 	Elapsed: 0.078	Loglikelihood: -45353.7	(delta): 0.0756278
28 (QN/Block) 	Elapsed: 0.078	Loglikelihood: -45353.6	(delta): 0.102056
29 (QN/Block) 	Elapsed: 0.079	Loglikelihood: -45353.4	(delta): 0.129805
30 (QN/Block) 	Elapsed: 0.08	Loglikelihood: -45353.4	(delta): 0.0275932
31 (QN/Block) 	Elapsed: 0.075	Loglikelihood: -45353.4	(delta): 0.0165789
32 (QN/Block) 	Elapsed: 0.078	Loglikelihood: -45353.4	(delta): 0.00189231
33 (QN/Block) 	Elapsed: 0.079	Loglikelihood: -45353.4	(delta): 1.54255e-05
Summary: 
Converged in 33 iterations (2.866 sec)
Loglikelihood: -45353.382461
Fst divergences between estimated populations: 
	Pop0	Pop1	Pop2	Pop3	Pop4	Pop5	Pop6	Pop7	
Pop0	
Pop1	0.124	
Pop2	0.419	0.418	
Pop3	0.392	0.389	0.382	
Pop4	0.289	0.245	0.539	0.511	
Pop5	0.287	0.249	0.554	0.529	0.218	
Pop6	0.383	0.374	0.660	0.626	0.459	0.478	
Pop7	0.594	0.598	0.777	0.755	0.680	0.698	0.760	
Pop8	0.116	0.138	0.465	0.435	0.310	0.316	0.423	0.633	
CV error (K=9): 0.15392
Writing output files.
