****                   ADMIXTURE Version 1.3.0                  ****
****                    Copyright 2008-2015                     ****
****           David Alexander, Suyash Shringarpure,            ****
****                John  Novembre, Ken Lange                   ****
****                                                            ****
****                 Please cite our paper!                     ****
****   Information at www.genetics.ucla.edu/software/admixture  ****

Parallel execution requested.  Will use 8 threads.
Cross-validation will be performed.  Folds=10.
Random seed: 869
Point estimation method: Block relaxation algorithm
Convergence acceleration algorithm: QuasiNewton, 3 secant conditions
Point estimation will terminate when objective function delta < 0.0001
Estimation of standard errors disabled; will compute point estimates only.
Size of G: 124x4511
Performing five EM steps to prime main algorithm
1 (EM) 	Elapsed: 0.059	Loglikelihood: -105736	(delta): 587841
2 (EM) 	Elapsed: 0.059	Loglikelihood: -92770.4	(delta): 12965.1
3 (EM) 	Elapsed: 0.059	Loglikelihood: -90606.5	(delta): 2163.96
4 (EM) 	Elapsed: 0.059	Loglikelihood: -89296.8	(delta): 1309.67
5 (EM) 	Elapsed: 0.059	Loglikelihood: -88239	(delta): 1057.8
Initial loglikelihood: -88239
Starting main algorithm
1 (QN/Block) 	Elapsed: 0.078	Loglikelihood: -62235.1	(delta): 26004
2 (QN/Block) 	Elapsed: 0.079	Loglikelihood: -52174.8	(delta): 10060.2
3 (QN/Block) 	Elapsed: 0.083	Loglikelihood: -48976.6	(delta): 3198.22
4 (QN/Block) 	Elapsed: 0.087	Loglikelihood: -47409.2	(delta): 1567.44
5 (QN/Block) 	Elapsed: 0.087	Loglikelihood: -46509	(delta): 900.212
6 (QN/Block) 	Elapsed: 0.084	Loglikelihood: -45873.1	(delta): 635.889
7 (QN/Block) 	Elapsed: 0.087	Loglikelihood: -45504.8	(delta): 368.308
8 (QN/Block) 	Elapsed: 0.08	Loglikelihood: -45283.5	(delta): 221.218
9 (QN/Block) 	Elapsed: 0.085	Loglikelihood: -45091.1	(delta): 192.487
10 (QN/Block) 	Elapsed: 0.082	Loglikelihood: -45014.7	(delta): 76.307
11 (QN/Block) 	Elapsed: 0.085	Loglikelihood: -44937.9	(delta): 76.895
12 (QN/Block) 	Elapsed: 0.087	Loglikelihood: -44823.1	(delta): 114.758
13 (QN/Block) 	Elapsed: 0.085	Loglikelihood: -44786	(delta): 37.0526
14 (QN/Block) 	Elapsed: 0.084	Loglikelihood: -44769.2	(delta): 16.8121
15 (QN/Block) 	Elapsed: 0.086	Loglikelihood: -44759.9	(delta): 9.34054
16 (QN/Block) 	Elapsed: 0.086	Loglikelihood: -44758.4	(delta): 1.4546
17 (QN/Block) 	Elapsed: 0.085	Loglikelihood: -44758.4	(delta): 0.0540259
18 (QN/Block) 	Elapsed: 0.081	Loglikelihood: -44758.4	(delta): 0.00175336
19 (QN/Block) 	Elapsed: 0.083	Loglikelihood: -44758.4	(delta): 0.000128063
20 (QN/Block) 	Elapsed: 0.082	Loglikelihood: -44758.4	(delta): 8.23518e-06
Summary: 
Converged in 20 iterations (2.019 sec)
Loglikelihood: -44758.378108
Fst divergences between estimated populations: 
	Pop0	Pop1	Pop2	Pop3	Pop4	Pop5	Pop6	Pop7	Pop8	
Pop0	
Pop1	0.447	
Pop2	0.492	0.643	
Pop3	0.284	0.438	0.438	
Pop4	0.521	0.682	0.413	0.472	
Pop5	0.231	0.394	0.401	0.147	0.437	
Pop6	0.459	0.213	0.659	0.451	0.696	0.408	
Pop7	0.653	0.757	0.751	0.623	0.777	0.593	0.766	
Pop8	0.270	0.406	0.405	0.129	0.437	0.142	0.421	0.594	
Pop9	0.223	0.400	0.408	0.154	0.443	0.076	0.414	0.599	0.147	
CV error (K=10): 0.15963
Writing output files.
