****                   ADMIXTURE Version 1.3.0                  ****
****                    Copyright 2008-2015                     ****
****           David Alexander, Suyash Shringarpure,            ****
****                John  Novembre, Ken Lange                   ****
****                                                            ****
****                 Please cite our paper!                     ****
****   Information at www.genetics.ucla.edu/software/admixture  ****

Parallel execution requested.  Will use 8 threads.
Cross-validation will be performed.  Folds=10.
Random seed: 4544
Point estimation method: Block relaxation algorithm
Convergence acceleration algorithm: QuasiNewton, 3 secant conditions
Point estimation will terminate when objective function delta < 0.0001
Estimation of standard errors disabled; will compute point estimates only.
Size of G: 124x4511
Performing five EM steps to prime main algorithm
1 (EM) 	Elapsed: 0.016	Loglikelihood: -103009	(delta): 653522
2 (EM) 	Elapsed: 0.016	Loglikelihood: -94544.7	(delta): 8464.37
3 (EM) 	Elapsed: 0.017	Loglikelihood: -93208.4	(delta): 1336.32
4 (EM) 	Elapsed: 0.017	Loglikelihood: -92500.9	(delta): 707.533
5 (EM) 	Elapsed: 0.017	Loglikelihood: -92028.1	(delta): 472.775
Initial loglikelihood: -92028.1
Starting main algorithm
1 (QN/Block) 	Elapsed: 0.026	Loglikelihood: -83270.3	(delta): 8757.79
2 (QN/Block) 	Elapsed: 0.027	Loglikelihood: -78697.9	(delta): 4572.38
3 (QN/Block) 	Elapsed: 0.03	Loglikelihood: -75729.7	(delta): 2968.22
4 (QN/Block) 	Elapsed: 0.033	Loglikelihood: -72692.5	(delta): 3037.16
5 (QN/Block) 	Elapsed: 0.031	Loglikelihood: -71119.7	(delta): 1572.78
6 (QN/Block) 	Elapsed: 0.034	Loglikelihood: -70590.4	(delta): 529.352
7 (QN/Block) 	Elapsed: 0.032	Loglikelihood: -70456.6	(delta): 133.804
8 (QN/Block) 	Elapsed: 0.034	Loglikelihood: -70412.5	(delta): 44.1113
9 (QN/Block) 	Elapsed: 0.032	Loglikelihood: -70392.7	(delta): 19.8114
10 (QN/Block) 	Elapsed: 0.032	Loglikelihood: -70387.7	(delta): 4.94938
11 (QN/Block) 	Elapsed: 0.035	Loglikelihood: -70386.1	(delta): 1.60611
12 (QN/Block) 	Elapsed: 0.037	Loglikelihood: -70386.1	(delta): 0.0465047
13 (QN/Block) 	Elapsed: 0.032	Loglikelihood: -70386	(delta): 0.015321
14 (QN/Block) 	Elapsed: 0.032	Loglikelihood: -70386	(delta): 0.00780855
15 (QN/Block) 	Elapsed: 0.034	Loglikelihood: -70386	(delta): 4.75008e-05
Summary: 
Converged in 15 iterations (0.589 sec)
Loglikelihood: -70386.039551
Fst divergences between estimated populations: 
	Pop0	Pop1	
Pop0	
Pop1	0.221	
Pop2	0.676	0.635	
CV error (K=3): 0.18086
Writing output files.
