****                   ADMIXTURE Version 1.3.0                  ****
****                    Copyright 2008-2015                     ****
****           David Alexander, Suyash Shringarpure,            ****
****                John  Novembre, Ken Lange                   ****
****                                                            ****
****                 Please cite our paper!                     ****
****   Information at www.genetics.ucla.edu/software/admixture  ****

Parallel execution requested.  Will use 8 threads.
Cross-validation will be performed.  Folds=10.
Random seed: 2072
Point estimation method: Block relaxation algorithm
Convergence acceleration algorithm: QuasiNewton, 3 secant conditions
Point estimation will terminate when objective function delta < 0.0001
Estimation of standard errors disabled; will compute point estimates only.
Size of G: 124x4511
Performing five EM steps to prime main algorithm
1 (EM) 	Elapsed: 0.016	Loglikelihood: -103046	(delta): 663061
2 (EM) 	Elapsed: 0.015	Loglikelihood: -94180.4	(delta): 8865.1
3 (EM) 	Elapsed: 0.016	Loglikelihood: -92755.4	(delta): 1424.98
4 (EM) 	Elapsed: 0.016	Loglikelihood: -92003.5	(delta): 751.906
5 (EM) 	Elapsed: 0.015	Loglikelihood: -91520	(delta): 483.494
Initial loglikelihood: -91520
Starting main algorithm
1 (QN/Block) 	Elapsed: 0.031	Loglikelihood: -80153	(delta): 11367
2 (QN/Block) 	Elapsed: 0.03	Loglikelihood: -75021.9	(delta): 5131.16
3 (QN/Block) 	Elapsed: 0.028	Loglikelihood: -73432	(delta): 1589.85
4 (QN/Block) 	Elapsed: 0.031	Loglikelihood: -72519.4	(delta): 912.569
5 (QN/Block) 	Elapsed: 0.035	Loglikelihood: -71996.9	(delta): 522.485
6 (QN/Block) 	Elapsed: 0.036	Loglikelihood: -71692.3	(delta): 304.598
7 (QN/Block) 	Elapsed: 0.033	Loglikelihood: -71573.3	(delta): 119.087
8 (QN/Block) 	Elapsed: 0.035	Loglikelihood: -71525.8	(delta): 47.43
9 (QN/Block) 	Elapsed: 0.032	Loglikelihood: -71432.1	(delta): 93.7105
10 (QN/Block) 	Elapsed: 0.035	Loglikelihood: -70718.7	(delta): 713.377
11 (QN/Block) 	Elapsed: 0.033	Loglikelihood: -69303.2	(delta): 1415.53
12 (QN/Block) 	Elapsed: 0.037	Loglikelihood: -68697.2	(delta): 605.975
13 (QN/Block) 	Elapsed: 0.032	Loglikelihood: -68444.5	(delta): 252.745
14 (QN/Block) 	Elapsed: 0.028	Loglikelihood: -68258.7	(delta): 185.826
15 (QN/Block) 	Elapsed: 0.029	Loglikelihood: -68150.3	(delta): 108.321
16 (QN/Block) 	Elapsed: 0.034	Loglikelihood: -68104.8	(delta): 45.5816
17 (QN/Block) 	Elapsed: 0.031	Loglikelihood: -68098	(delta): 6.75381
18 (QN/Block) 	Elapsed: 0.031	Loglikelihood: -68097.9	(delta): 0.123959
19 (QN/Block) 	Elapsed: 0.031	Loglikelihood: -68097.9	(delta): 0.013871
20 (QN/Block) 	Elapsed: 0.034	Loglikelihood: -68097.9	(delta): 0.0133949
21 (QN/Block) 	Elapsed: 0.035	Loglikelihood: -68097.9	(delta): 4.40457e-06
Summary: 
Converged in 21 iterations (0.797 sec)
Loglikelihood: -68097.853763
Fst divergences between estimated populations: 
	Pop0	Pop1	
Pop0	
Pop1	0.355	
Pop2	0.509	0.298	
CV error (K=3): 0.17254
Writing output files.
