****                   ADMIXTURE Version 1.3.0                  ****
****                    Copyright 2008-2015                     ****
****           David Alexander, Suyash Shringarpure,            ****
****                John  Novembre, Ken Lange                   ****
****                                                            ****
****                 Please cite our paper!                     ****
****   Information at www.genetics.ucla.edu/software/admixture  ****

Parallel execution requested.  Will use 8 threads.
Cross-validation will be performed.  Folds=10.
Random seed: 2866
Point estimation method: Block relaxation algorithm
Convergence acceleration algorithm: QuasiNewton, 3 secant conditions
Point estimation will terminate when objective function delta < 0.0001
Estimation of standard errors disabled; will compute point estimates only.
Size of G: 124x4511
Performing five EM steps to prime main algorithm
1 (EM) 	Elapsed: 0.052	Loglikelihood: -106086	(delta): 590650
2 (EM) 	Elapsed: 0.053	Loglikelihood: -93300.2	(delta): 12785.6
3 (EM) 	Elapsed: 0.052	Loglikelihood: -91216.4	(delta): 2083.73
4 (EM) 	Elapsed: 0.052	Loglikelihood: -90024.3	(delta): 1192.11
5 (EM) 	Elapsed: 0.053	Loglikelihood: -89096.4	(delta): 927.946
Initial loglikelihood: -89096.4
Starting main algorithm
1 (QN/Block) 	Elapsed: 0.071	Loglikelihood: -64235.9	(delta): 24860.4
2 (QN/Block) 	Elapsed: 0.072	Loglikelihood: -55450	(delta): 8785.95
3 (QN/Block) 	Elapsed: 0.076	Loglikelihood: -51478.4	(delta): 3971.64
4 (QN/Block) 	Elapsed: 0.079	Loglikelihood: -49219	(delta): 2259.4
5 (QN/Block) 	Elapsed: 0.077	Loglikelihood: -47775.7	(delta): 1443.25
6 (QN/Block) 	Elapsed: 0.076	Loglikelihood: -46575.5	(delta): 1200.18
7 (QN/Block) 	Elapsed: 0.08	Loglikelihood: -46098.8	(delta): 476.74
8 (QN/Block) 	Elapsed: 0.074	Loglikelihood: -45762	(delta): 336.816
9 (QN/Block) 	Elapsed: 0.076	Loglikelihood: -45566.6	(delta): 195.346
10 (QN/Block) 	Elapsed: 0.078	Loglikelihood: -45462.9	(delta): 103.702
11 (QN/Block) 	Elapsed: 0.08	Loglikelihood: -45384.4	(delta): 78.5058
12 (QN/Block) 	Elapsed: 0.077	Loglikelihood: -45313.8	(delta): 70.587
13 (QN/Block) 	Elapsed: 0.075	Loglikelihood: -45273.5	(delta): 40.3287
14 (QN/Block) 	Elapsed: 0.082	Loglikelihood: -45260.7	(delta): 12.7829
15 (QN/Block) 	Elapsed: 0.077	Loglikelihood: -45255	(delta): 5.7479
16 (QN/Block) 	Elapsed: 0.079	Loglikelihood: -45238.6	(delta): 16.3281
17 (QN/Block) 	Elapsed: 0.076	Loglikelihood: -45230	(delta): 8.66963
18 (QN/Block) 	Elapsed: 0.076	Loglikelihood: -45228.9	(delta): 1.04196
19 (QN/Block) 	Elapsed: 0.08	Loglikelihood: -45228.8	(delta): 0.115072
20 (QN/Block) 	Elapsed: 0.08	Loglikelihood: -45228.8	(delta): 0.00135557
21 (QN/Block) 	Elapsed: 0.074	Loglikelihood: -45228.8	(delta): 0.000107042
22 (QN/Block) 	Elapsed: 0.076	Loglikelihood: -45228.8	(delta): 1.84814e-05
Summary: 
Converged in 22 iterations (2.003 sec)
Loglikelihood: -45228.810344
Fst divergences between estimated populations: 
	Pop0	Pop1	Pop2	Pop3	Pop4	Pop5	Pop6	Pop7	
Pop0	
Pop1	0.734	
Pop2	0.399	0.565	
Pop3	0.392	0.558	0.085	
Pop4	0.676	0.755	0.436	0.430	
Pop5	0.639	0.727	0.403	0.397	0.410	
Pop6	0.435	0.590	0.108	0.146	0.466	0.432	
Pop7	0.418	0.570	0.140	0.146	0.451	0.415	0.136	
Pop8	0.447	0.631	0.238	0.217	0.518	0.491	0.282	0.279	
CV error (K=9): 0.15962
Writing output files.
