****                   ADMIXTURE Version 1.3.0                  ****
****                    Copyright 2008-2015                     ****
****           David Alexander, Suyash Shringarpure,            ****
****                John  Novembre, Ken Lange                   ****
****                                                            ****
****                 Please cite our paper!                     ****
****   Information at www.genetics.ucla.edu/software/admixture  ****

Parallel execution requested.  Will use 8 threads.
Cross-validation will be performed.  Folds=10.
Random seed: 4665
Point estimation method: Block relaxation algorithm
Convergence acceleration algorithm: QuasiNewton, 3 secant conditions
Point estimation will terminate when objective function delta < 0.0001
Estimation of standard errors disabled; will compute point estimates only.
Size of G: 124x4511
Performing five EM steps to prime main algorithm
1 (EM) 	Elapsed: 0.02	Loglikelihood: -104555	(delta): 639458
2 (EM) 	Elapsed: 0.021	Loglikelihood: -93913.3	(delta): 10641.2
3 (EM) 	Elapsed: 0.02	Loglikelihood: -92278.5	(delta): 1634.79
4 (EM) 	Elapsed: 0.02	Loglikelihood: -91377.3	(delta): 901.206
5 (EM) 	Elapsed: 0.02	Loglikelihood: -90746.1	(delta): 631.202
Initial loglikelihood: -90746.1
Starting main algorithm
1 (QN/Block) 	Elapsed: 0.036	Loglikelihood: -77655.9	(delta): 13090.3
2 (QN/Block) 	Elapsed: 0.037	Loglikelihood: -71460.7	(delta): 6195.15
3 (QN/Block) 	Elapsed: 0.043	Loglikelihood: -68634.8	(delta): 2825.87
4 (QN/Block) 	Elapsed: 0.043	Loglikelihood: -65678.5	(delta): 2956.37
5 (QN/Block) 	Elapsed: 0.04	Loglikelihood: -63495	(delta): 2183.51
6 (QN/Block) 	Elapsed: 0.039	Loglikelihood: -62253.2	(delta): 1241.71
7 (QN/Block) 	Elapsed: 0.039	Loglikelihood: -61376.1	(delta): 877.136
8 (QN/Block) 	Elapsed: 0.038	Loglikelihood: -60486.2	(delta): 889.871
9 (QN/Block) 	Elapsed: 0.04	Loglikelihood: -60199	(delta): 287.191
10 (QN/Block) 	Elapsed: 0.043	Loglikelihood: -60112.2	(delta): 86.8386
11 (QN/Block) 	Elapsed: 0.039	Loglikelihood: -60093.5	(delta): 18.6896
12 (QN/Block) 	Elapsed: 0.043	Loglikelihood: -60092.1	(delta): 1.42637
13 (QN/Block) 	Elapsed: 0.038	Loglikelihood: -60091.8	(delta): 0.31232
14 (QN/Block) 	Elapsed: 0.038	Loglikelihood: -60091.7	(delta): 0.0630023
15 (QN/Block) 	Elapsed: 0.044	Loglikelihood: -60091.2	(delta): 0.487619
16 (QN/Block) 	Elapsed: 0.041	Loglikelihood: -60091.2	(delta): 0.00384716
17 (QN/Block) 	Elapsed: 0.038	Loglikelihood: -60091.2	(delta): 0.00595581
18 (QN/Block) 	Elapsed: 0.038	Loglikelihood: -60091.2	(delta): 8.28236e-06
Summary: 
Converged in 18 iterations (0.852 sec)
Loglikelihood: -60091.216267
Fst divergences between estimated populations: 
	Pop0	Pop1	Pop2	
Pop0	
Pop1	0.375	
Pop2	0.672	0.769	
Pop3	0.211	0.451	0.698	
CV error (K=4): 0.16207
Writing output files.
