****                   ADMIXTURE Version 1.3.0                  ****
****                    Copyright 2008-2015                     ****
****           David Alexander, Suyash Shringarpure,            ****
****                John  Novembre, Ken Lange                   ****
****                                                            ****
****                 Please cite our paper!                     ****
****   Information at www.genetics.ucla.edu/software/admixture  ****

Parallel execution requested.  Will use 8 threads.
Cross-validation will be performed.  Folds=10.
Random seed: 1293
Point estimation method: Block relaxation algorithm
Convergence acceleration algorithm: QuasiNewton, 3 secant conditions
Point estimation will terminate when objective function delta < 0.0001
Estimation of standard errors disabled; will compute point estimates only.
Size of G: 124x4511
Performing five EM steps to prime main algorithm
1 (EM) 	Elapsed: 0.059	Loglikelihood: -105407	(delta): 583610
2 (EM) 	Elapsed: 0.058	Loglikelihood: -92445	(delta): 12961.7
3 (EM) 	Elapsed: 0.058	Loglikelihood: -90129.3	(delta): 2315.78
4 (EM) 	Elapsed: 0.06	Loglikelihood: -88739.6	(delta): 1389.7
5 (EM) 	Elapsed: 0.06	Loglikelihood: -87651.5	(delta): 1088.02
Initial loglikelihood: -87651.5
Starting main algorithm
1 (QN/Block) 	Elapsed: 0.087	Loglikelihood: -64803.7	(delta): 22847.8
2 (QN/Block) 	Elapsed: 0.077	Loglikelihood: -54750.4	(delta): 10053.3
3 (QN/Block) 	Elapsed: 0.087	Loglikelihood: -49942.2	(delta): 4808.2
4 (QN/Block) 	Elapsed: 0.088	Loglikelihood: -47226	(delta): 2716.22
5 (QN/Block) 	Elapsed: 0.083	Loglikelihood: -45817.6	(delta): 1408.33
6 (QN/Block) 	Elapsed: 0.088	Loglikelihood: -45002.1	(delta): 815.497
7 (QN/Block) 	Elapsed: 0.084	Loglikelihood: -44616.7	(delta): 385.427
8 (QN/Block) 	Elapsed: 0.081	Loglikelihood: -44466.9	(delta): 149.847
9 (QN/Block) 	Elapsed: 0.084	Loglikelihood: -44422.1	(delta): 44.7602
10 (QN/Block) 	Elapsed: 0.084	Loglikelihood: -44312.8	(delta): 109.357
11 (QN/Block) 	Elapsed: 0.084	Loglikelihood: -44271.7	(delta): 41.022
12 (QN/Block) 	Elapsed: 0.084	Loglikelihood: -44199.9	(delta): 71.8743
13 (QN/Block) 	Elapsed: 0.084	Loglikelihood: -44141.2	(delta): 58.6421
14 (QN/Block) 	Elapsed: 0.088	Loglikelihood: -44130.6	(delta): 10.6624
15 (QN/Block) 	Elapsed: 0.093	Loglikelihood: -44128.1	(delta): 2.49595
16 (QN/Block) 	Elapsed: 0.087	Loglikelihood: -44127.2	(delta): 0.893933
17 (QN/Block) 	Elapsed: 0.086	Loglikelihood: -44127.1	(delta): 0.0283445
18 (QN/Block) 	Elapsed: 0.083	Loglikelihood: -44127.1	(delta): 0.0137382
19 (QN/Block) 	Elapsed: 0.082	Loglikelihood: -44127.1	(delta): 0.00713915
20 (QN/Block) 	Elapsed: 0.088	Loglikelihood: -44127.1	(delta): 0.000242871
21 (QN/Block) 	Elapsed: 0.08	Loglikelihood: -44127.1	(delta): 3.13613e-06
Summary: 
Converged in 21 iterations (2.128 sec)
Loglikelihood: -44127.115467
Fst divergences between estimated populations: 
	Pop0	Pop1	Pop2	Pop3	Pop4	Pop5	Pop6	Pop7	Pop8	
Pop0	
Pop1	0.602	
Pop2	0.644	0.227	
Pop3	0.602	0.132	0.260	
Pop4	0.591	0.152	0.268	0.106	
Pop5	0.775	0.435	0.513	0.440	0.424	
Pop6	0.632	0.176	0.297	0.107	0.139	0.476	
Pop7	0.618	0.115	0.266	0.149	0.156	0.460	0.193	
Pop8	0.751	0.393	0.434	0.394	0.389	0.660	0.437	0.414	
Pop9	0.750	0.405	0.490	0.409	0.398	0.382	0.445	0.430	0.626	
CV error (K=10): 0.16454
Writing output files.
