****                   ADMIXTURE Version 1.3.0                  ****
****                    Copyright 2008-2015                     ****
****           David Alexander, Suyash Shringarpure,            ****
****                John  Novembre, Ken Lange                   ****
****                                                            ****
****                 Please cite our paper!                     ****
****   Information at www.genetics.ucla.edu/software/admixture  ****

Parallel execution requested.  Will use 8 threads.
Cross-validation will be performed.  Folds=10.
Random seed: 3811
Point estimation method: Block relaxation algorithm
Convergence acceleration algorithm: QuasiNewton, 3 secant conditions
Point estimation will terminate when objective function delta < 0.0001
Estimation of standard errors disabled; will compute point estimates only.
Size of G: 124x4511
Performing five EM steps to prime main algorithm
1 (EM) 	Elapsed: 0.052	Loglikelihood: -104850	(delta): 597172
2 (EM) 	Elapsed: 0.056	Loglikelihood: -92662.9	(delta): 12187.5
3 (EM) 	Elapsed: 0.056	Loglikelihood: -90515.7	(delta): 2147.14
4 (EM) 	Elapsed: 0.056	Loglikelihood: -89276.4	(delta): 1239.28
5 (EM) 	Elapsed: 0.055	Loglikelihood: -88342.3	(delta): 934.155
Initial loglikelihood: -88342.3
Starting main algorithm
1 (QN/Block) 	Elapsed: 0.071	Loglikelihood: -63010.5	(delta): 25331.8
2 (QN/Block) 	Elapsed: 0.073	Loglikelihood: -54340.6	(delta): 8669.99
3 (QN/Block) 	Elapsed: 0.077	Loglikelihood: -50982.7	(delta): 3357.89
4 (QN/Block) 	Elapsed: 0.075	Loglikelihood: -48240.2	(delta): 2742.5
5 (QN/Block) 	Elapsed: 0.077	Loglikelihood: -46812.9	(delta): 1427.27
6 (QN/Block) 	Elapsed: 0.076	Loglikelihood: -46031.8	(delta): 781.081
7 (QN/Block) 	Elapsed: 0.075	Loglikelihood: -45564.3	(delta): 467.488
8 (QN/Block) 	Elapsed: 0.083	Loglikelihood: -45445.7	(delta): 118.577
9 (QN/Block) 	Elapsed: 0.082	Loglikelihood: -45407.3	(delta): 38.4204
10 (QN/Block) 	Elapsed: 0.078	Loglikelihood: -45366.2	(delta): 41.1179
11 (QN/Block) 	Elapsed: 0.076	Loglikelihood: -45327.3	(delta): 38.8642
12 (QN/Block) 	Elapsed: 0.075	Loglikelihood: -45305.6	(delta): 21.7581
13 (QN/Block) 	Elapsed: 0.073	Loglikelihood: -45296.7	(delta): 8.87364
14 (QN/Block) 	Elapsed: 0.078	Loglikelihood: -45294.2	(delta): 2.49814
15 (QN/Block) 	Elapsed: 0.08	Loglikelihood: -45294	(delta): 0.210659
16 (QN/Block) 	Elapsed: 0.079	Loglikelihood: -45294	(delta): 0.00482826
17 (QN/Block) 	Elapsed: 0.077	Loglikelihood: -45294	(delta): 0.00436786
18 (QN/Block) 	Elapsed: 0.078	Loglikelihood: -45294	(delta): 0.00596714
19 (QN/Block) 	Elapsed: 0.077	Loglikelihood: -45294	(delta): 0.00983109
20 (QN/Block) 	Elapsed: 0.081	Loglikelihood: -45294	(delta): 0.0166258
21 (QN/Block) 	Elapsed: 0.079	Loglikelihood: -45293.9	(delta): 0.0291648
22 (QN/Block) 	Elapsed: 0.088	Loglikelihood: -45293.9	(delta): 0.05416
23 (QN/Block) 	Elapsed: 0.083	Loglikelihood: -45293.8	(delta): 0.1102
24 (QN/Block) 	Elapsed: 0.078	Loglikelihood: -45293.5	(delta): 0.26005
25 (QN/Block) 	Elapsed: 0.08	Loglikelihood: -45292.8	(delta): 0.705299
26 (QN/Block) 	Elapsed: 0.077	Loglikelihood: -45291.8	(delta): 1.02482
27 (QN/Block) 	Elapsed: 0.079	Loglikelihood: -45291	(delta): 0.808165
28 (QN/Block) 	Elapsed: 0.077	Loglikelihood: -45290.8	(delta): 0.121362
29 (QN/Block) 	Elapsed: 0.078	Loglikelihood: -45290.8	(delta): 0.0205135
30 (QN/Block) 	Elapsed: 0.074	Loglikelihood: -45290.8	(delta): 0.00466185
31 (QN/Block) 	Elapsed: 0.077	Loglikelihood: -45290.8	(delta): 0.0104195
32 (QN/Block) 	Elapsed: 0.079	Loglikelihood: -45290.8	(delta): 0.00641964
33 (QN/Block) 	Elapsed: 0.08	Loglikelihood: -45290.8	(delta): 0.00791227
34 (QN/Block) 	Elapsed: 0.078	Loglikelihood: -45290.8	(delta): 0.00997295
35 (QN/Block) 	Elapsed: 0.082	Loglikelihood: -45290.8	(delta): 0.0125994
36 (QN/Block) 	Elapsed: 0.078	Loglikelihood: -45290.8	(delta): 0.0159448
37 (QN/Block) 	Elapsed: 0.078	Loglikelihood: -45290.7	(delta): 0.0202161
38 (QN/Block) 	Elapsed: 0.078	Loglikelihood: -45290.7	(delta): 0.025688
39 (QN/Block) 	Elapsed: 0.077	Loglikelihood: -45290.7	(delta): 0.00571127
40 (QN/Block) 	Elapsed: 0.077	Loglikelihood: -45290.7	(delta): 6.70337e-05
Summary: 
Converged in 40 iterations (3.471 sec)
Loglikelihood: -45290.704941
Fst divergences between estimated populations: 
	Pop0	Pop1	Pop2	Pop3	Pop4	Pop5	Pop6	Pop7	
Pop0	
Pop1	0.268	
Pop2	0.262	0.089	
Pop3	0.518	0.433	0.431	
Pop4	0.430	0.391	0.386	0.667	
Pop5	0.639	0.574	0.569	0.765	0.739	
Pop6	0.294	0.120	0.133	0.490	0.440	0.619	
Pop7	0.219	0.137	0.136	0.435	0.384	0.576	0.163	
Pop8	0.492	0.406	0.402	0.413	0.631	0.737	0.458	0.404	
CV error (K=9): 0.15850
Writing output files.
