****                   ADMIXTURE Version 1.3.0                  ****
****                    Copyright 2008-2015                     ****
****           David Alexander, Suyash Shringarpure,            ****
****                John  Novembre, Ken Lange                   ****
****                                                            ****
****                 Please cite our paper!                     ****
****   Information at www.genetics.ucla.edu/software/admixture  ****

Parallel execution requested.  Will use 8 threads.
Cross-validation will be performed.  Folds=10.
Random seed: 2722
Point estimation method: Block relaxation algorithm
Convergence acceleration algorithm: QuasiNewton, 3 secant conditions
Point estimation will terminate when objective function delta < 0.0001
Estimation of standard errors disabled; will compute point estimates only.
Size of G: 124x4511
Performing five EM steps to prime main algorithm
1 (EM) 	Elapsed: 0.011	Loglikelihood: -98480.3	(delta): 709949
2 (EM) 	Elapsed: 0.011	Loglikelihood: -94338.1	(delta): 4142.18
3 (EM) 	Elapsed: 0.011	Loglikelihood: -93592	(delta): 746.101
4 (EM) 	Elapsed: 0.012	Loglikelihood: -93187.8	(delta): 404.19
5 (EM) 	Elapsed: 0.011	Loglikelihood: -92931.5	(delta): 256.396
Initial loglikelihood: -92931.5
Starting main algorithm
1 (QN/Block) 	Elapsed: 0.019	Loglikelihood: -88747.5	(delta): 4183.98
2 (QN/Block) 	Elapsed: 0.02	Loglikelihood: -86714.8	(delta): 2032.68
3 (QN/Block) 	Elapsed: 0.025	Loglikelihood: -84918.5	(delta): 1796.3
4 (QN/Block) 	Elapsed: 0.022	Loglikelihood: -82667.9	(delta): 2250.6
5 (QN/Block) 	Elapsed: 0.022	Loglikelihood: -81441.4	(delta): 1226.47
6 (QN/Block) 	Elapsed: 0.022	Loglikelihood: -81130	(delta): 311.466
7 (QN/Block) 	Elapsed: 0.023	Loglikelihood: -80958	(delta): 171.95
8 (QN/Block) 	Elapsed: 0.021	Loglikelihood: -80782.1	(delta): 175.938
9 (QN/Block) 	Elapsed: 0.024	Loglikelihood: -80636.2	(delta): 145.847
10 (QN/Block) 	Elapsed: 0.021	Loglikelihood: -80400.1	(delta): 236.129
11 (QN/Block) 	Elapsed: 0.021	Loglikelihood: -80256.7	(delta): 143.442
12 (QN/Block) 	Elapsed: 0.02	Loglikelihood: -80201.4	(delta): 55.2083
13 (QN/Block) 	Elapsed: 0.02	Loglikelihood: -80171.1	(delta): 30.3106
14 (QN/Block) 	Elapsed: 0.024	Loglikelihood: -80163.1	(delta): 8.04375
15 (QN/Block) 	Elapsed: 0.023	Loglikelihood: -80162.9	(delta): 0.23464
16 (QN/Block) 	Elapsed: 0.022	Loglikelihood: -80162.9	(delta): 0.000177868
17 (QN/Block) 	Elapsed: 0.021	Loglikelihood: -80162.9	(delta): 1.24982e-05
Summary: 
Converged in 17 iterations (0.457 sec)
Loglikelihood: -80162.855549
Fst divergences between estimated populations: 
	Pop0	
Pop0	
Pop1	0.187	
CV error (K=2): 0.19679
Writing output files.
