****                   ADMIXTURE Version 1.3.0                  ****
****                    Copyright 2008-2015                     ****
****           David Alexander, Suyash Shringarpure,            ****
****                John  Novembre, Ken Lange                   ****
****                                                            ****
****                 Please cite our paper!                     ****
****   Information at www.genetics.ucla.edu/software/admixture  ****

Parallel execution requested.  Will use 8 threads.
Cross-validation will be performed.  Folds=10.
Random seed: 1012
Point estimation method: Block relaxation algorithm
Convergence acceleration algorithm: QuasiNewton, 3 secant conditions
Point estimation will terminate when objective function delta < 0.0001
Estimation of standard errors disabled; will compute point estimates only.
Size of G: 124x4511
Performing five EM steps to prime main algorithm
1 (EM) 	Elapsed: 0.044	Loglikelihood: -105962	(delta): 588706
2 (EM) 	Elapsed: 0.044	Loglikelihood: -93218.6	(delta): 12743
3 (EM) 	Elapsed: 0.044	Loglikelihood: -91165.2	(delta): 2053.36
4 (EM) 	Elapsed: 0.045	Loglikelihood: -89979.2	(delta): 1185.96
5 (EM) 	Elapsed: 0.044	Loglikelihood: -89072.9	(delta): 906.302
Initial loglikelihood: -89072.9
Starting main algorithm
1 (QN/Block) 	Elapsed: 0.067	Loglikelihood: -70209.4	(delta): 18863.5
2 (QN/Block) 	Elapsed: 0.067	Loglikelihood: -57455.8	(delta): 12753.6
3 (QN/Block) 	Elapsed: 0.072	Loglikelihood: -52686.6	(delta): 4769.22
4 (QN/Block) 	Elapsed: 0.072	Loglikelihood: -50204.6	(delta): 2481.97
5 (QN/Block) 	Elapsed: 0.07	Loglikelihood: -49017.9	(delta): 1186.72
6 (QN/Block) 	Elapsed: 0.071	Loglikelihood: -48414.1	(delta): 603.772
7 (QN/Block) 	Elapsed: 0.072	Loglikelihood: -48120.9	(delta): 293.234
8 (QN/Block) 	Elapsed: 0.069	Loglikelihood: -48009.3	(delta): 111.609
9 (QN/Block) 	Elapsed: 0.071	Loglikelihood: -47960.9	(delta): 48.3591
10 (QN/Block) 	Elapsed: 0.078	Loglikelihood: -47949.6	(delta): 11.3414
11 (QN/Block) 	Elapsed: 0.074	Loglikelihood: -47947.6	(delta): 2.00532
12 (QN/Block) 	Elapsed: 0.072	Loglikelihood: -47947.5	(delta): 0.016826
13 (QN/Block) 	Elapsed: 0.065	Loglikelihood: -47947.5	(delta): 0.00179384
14 (QN/Block) 	Elapsed: 0.065	Loglikelihood: -47947.5	(delta): 0.000209622
15 (QN/Block) 	Elapsed: 0.067	Loglikelihood: -47947.5	(delta): 1.75496e-06
Summary: 
Converged in 15 iterations (1.311 sec)
Loglikelihood: -47947.534299
Fst divergences between estimated populations: 
	Pop0	Pop1	Pop2	Pop3	Pop4	Pop5	Pop6	
Pop0	
Pop1	0.757	
Pop2	0.602	0.410	
Pop3	0.613	0.425	0.160	
Pop4	0.596	0.394	0.130	0.096	
Pop5	0.727	0.611	0.386	0.407	0.380	
Pop6	0.615	0.419	0.069	0.149	0.118	0.404	
Pop7	0.661	0.454	0.265	0.262	0.222	0.468	0.264	
CV error (K=8): 0.16682
Writing output files.
