****                   ADMIXTURE Version 1.3.0                  ****
****                    Copyright 2008-2015                     ****
****           David Alexander, Suyash Shringarpure,            ****
****                John  Novembre, Ken Lange                   ****
****                                                            ****
****                 Please cite our paper!                     ****
****   Information at www.genetics.ucla.edu/software/admixture  ****

Parallel execution requested.  Will use 8 threads.
Cross-validation will be performed.  Folds=10.
Random seed: 2004
Point estimation method: Block relaxation algorithm
Convergence acceleration algorithm: QuasiNewton, 3 secant conditions
Point estimation will terminate when objective function delta < 0.0001
Estimation of standard errors disabled; will compute point estimates only.
Size of G: 124x4511
Performing five EM steps to prime main algorithm
1 (EM) 	Elapsed: 0.021	Loglikelihood: -104685	(delta): 628232
2 (EM) 	Elapsed: 0.021	Loglikelihood: -93859.1	(delta): 10825.4
3 (EM) 	Elapsed: 0.021	Loglikelihood: -92128.8	(delta): 1730.33
4 (EM) 	Elapsed: 0.021	Loglikelihood: -91175.8	(delta): 952.981
5 (EM) 	Elapsed: 0.021	Loglikelihood: -90501.9	(delta): 673.912
Initial loglikelihood: -90501.9
Starting main algorithm
1 (QN/Block) 	Elapsed: 0.038	Loglikelihood: -76381	(delta): 14120.9
2 (QN/Block) 	Elapsed: 0.033	Loglikelihood: -68132.1	(delta): 8248.94
3 (QN/Block) 	Elapsed: 0.041	Loglikelihood: -65571.3	(delta): 2560.8
4 (QN/Block) 	Elapsed: 0.039	Loglikelihood: -63817.2	(delta): 1754.05
5 (QN/Block) 	Elapsed: 0.045	Loglikelihood: -62612.9	(delta): 1204.38
6 (QN/Block) 	Elapsed: 0.041	Loglikelihood: -61872	(delta): 740.84
7 (QN/Block) 	Elapsed: 0.043	Loglikelihood: -61532.6	(delta): 339.428
8 (QN/Block) 	Elapsed: 0.04	Loglikelihood: -61419.7	(delta): 112.902
9 (QN/Block) 	Elapsed: 0.038	Loglikelihood: -61398.3	(delta): 21.383
10 (QN/Block) 	Elapsed: 0.037	Loglikelihood: -61395.1	(delta): 3.23177
11 (QN/Block) 	Elapsed: 0.04	Loglikelihood: -61394.9	(delta): 0.140593
12 (QN/Block) 	Elapsed: 0.038	Loglikelihood: -61394.9	(delta): 0.000533403
13 (QN/Block) 	Elapsed: 0.039	Loglikelihood: -61394.9	(delta): 4.50511e-06
Summary: 
Converged in 13 iterations (0.645 sec)
Loglikelihood: -61394.941022
Fst divergences between estimated populations: 
	Pop0	Pop1	Pop2	
Pop0	
Pop1	0.374	
Pop2	0.492	0.303	
Pop3	0.378	0.138	0.324	
CV error (K=4): 0.16764
Writing output files.
