****                   ADMIXTURE Version 1.3.0                  ****
****                    Copyright 2008-2015                     ****
****           David Alexander, Suyash Shringarpure,            ****
****                John  Novembre, Ken Lange                   ****
****                                                            ****
****                 Please cite our paper!                     ****
****   Information at www.genetics.ucla.edu/software/admixture  ****

Parallel execution requested.  Will use 8 threads.
Cross-validation will be performed.  Folds=10.
Random seed: 4028
Point estimation method: Block relaxation algorithm
Convergence acceleration algorithm: QuasiNewton, 3 secant conditions
Point estimation will terminate when objective function delta < 0.0001
Estimation of standard errors disabled; will compute point estimates only.
Size of G: 124x4511
Performing five EM steps to prime main algorithm
1 (EM) 	Elapsed: 0.025	Loglikelihood: -104910	(delta): 616121
2 (EM) 	Elapsed: 0.026	Loglikelihood: -94007.8	(delta): 10901.9
3 (EM) 	Elapsed: 0.025	Loglikelihood: -92398.7	(delta): 1609.12
4 (EM) 	Elapsed: 0.028	Loglikelihood: -91517.3	(delta): 881.399
5 (EM) 	Elapsed: 0.026	Loglikelihood: -90905	(delta): 612.297
Initial loglikelihood: -90905
Starting main algorithm
1 (QN/Block) 	Elapsed: 0.045	Loglikelihood: -73682.7	(delta): 17222.3
2 (QN/Block) 	Elapsed: 0.044	Loglikelihood: -66367.1	(delta): 7315.66
3 (QN/Block) 	Elapsed: 0.05	Loglikelihood: -63307.4	(delta): 3059.7
4 (QN/Block) 	Elapsed: 0.052	Loglikelihood: -61263	(delta): 2044.4
5 (QN/Block) 	Elapsed: 0.048	Loglikelihood: -60151.3	(delta): 1111.66
6 (QN/Block) 	Elapsed: 0.051	Loglikelihood: -59245.1	(delta): 906.219
7 (QN/Block) 	Elapsed: 0.049	Loglikelihood: -58786.3	(delta): 458.741
8 (QN/Block) 	Elapsed: 0.051	Loglikelihood: -58586	(delta): 200.363
9 (QN/Block) 	Elapsed: 0.052	Loglikelihood: -58524.8	(delta): 61.1442
10 (QN/Block) 	Elapsed: 0.051	Loglikelihood: -58493	(delta): 31.8342
11 (QN/Block) 	Elapsed: 0.046	Loglikelihood: -58474.3	(delta): 18.7422
12 (QN/Block) 	Elapsed: 0.044	Loglikelihood: -58465.2	(delta): 9.06479
13 (QN/Block) 	Elapsed: 0.048	Loglikelihood: -58463.8	(delta): 1.38183
14 (QN/Block) 	Elapsed: 0.049	Loglikelihood: -58463.6	(delta): 0.171644
15 (QN/Block) 	Elapsed: 0.046	Loglikelihood: -58463.6	(delta): 0.0511538
16 (QN/Block) 	Elapsed: 0.053	Loglikelihood: -58463.6	(delta): 0.019467
17 (QN/Block) 	Elapsed: 0.048	Loglikelihood: -58463.5	(delta): 0.0246595
18 (QN/Block) 	Elapsed: 0.05	Loglikelihood: -58463.5	(delta): 0.0342723
19 (QN/Block) 	Elapsed: 0.049	Loglikelihood: -58463.5	(delta): 0.0451614
20 (QN/Block) 	Elapsed: 0.049	Loglikelihood: -58463.4	(delta): 0.055516
21 (QN/Block) 	Elapsed: 0.05	Loglikelihood: -58463.3	(delta): 0.0632229
22 (QN/Block) 	Elapsed: 0.049	Loglikelihood: -58463.3	(delta): 0.059162
23 (QN/Block) 	Elapsed: 0.05	Loglikelihood: -58463.3	(delta): 0.00322948
24 (QN/Block) 	Elapsed: 0.054	Loglikelihood: -58463.3	(delta): 0.000230273
25 (QN/Block) 	Elapsed: 0.047	Loglikelihood: -58463.3	(delta): 0.000112705
26 (QN/Block) 	Elapsed: 0.048	Loglikelihood: -58463.3	(delta): 1.32893e-05
Summary: 
Converged in 26 iterations (1.453 sec)
Loglikelihood: -58463.283973
Fst divergences between estimated populations: 
	Pop0	Pop1	Pop2	Pop3	
Pop0	
Pop1	0.291	
Pop2	0.330	0.104	
Pop3	0.513	0.393	0.446	
Pop4	0.381	0.206	0.269	0.475	
CV error (K=5): 0.16865
Writing output files.
