****                   ADMIXTURE Version 1.3.0                  ****
****                    Copyright 2008-2015                     ****
****           David Alexander, Suyash Shringarpure,            ****
****                John  Novembre, Ken Lange                   ****
****                                                            ****
****                 Please cite our paper!                     ****
****   Information at www.genetics.ucla.edu/software/admixture  ****

Parallel execution requested.  Will use 8 threads.
Cross-validation will be performed.  Folds=10.
Random seed: 4340
Point estimation method: Block relaxation algorithm
Convergence acceleration algorithm: QuasiNewton, 3 secant conditions
Point estimation will terminate when objective function delta < 0.0001
Estimation of standard errors disabled; will compute point estimates only.
Size of G: 124x4511
Performing five EM steps to prime main algorithm
1 (EM) 	Elapsed: 0.02	Loglikelihood: -104954	(delta): 636676
2 (EM) 	Elapsed: 0.02	Loglikelihood: -94197.7	(delta): 10755.9
3 (EM) 	Elapsed: 0.021	Loglikelihood: -92719.7	(delta): 1478.05
4 (EM) 	Elapsed: 0.02	Loglikelihood: -91927.5	(delta): 792.158
5 (EM) 	Elapsed: 0.02	Loglikelihood: -91353.3	(delta): 574.177
Initial loglikelihood: -91353.3
Starting main algorithm
1 (QN/Block) 	Elapsed: 0.036	Loglikelihood: -75642.2	(delta): 15711.2
2 (QN/Block) 	Elapsed: 0.034	Loglikelihood: -67844.6	(delta): 7797.54
3 (QN/Block) 	Elapsed: 0.041	Loglikelihood: -64646.4	(delta): 3198.22
4 (QN/Block) 	Elapsed: 0.043	Loglikelihood: -62312.8	(delta): 2333.62
5 (QN/Block) 	Elapsed: 0.04	Loglikelihood: -60974.1	(delta): 1338.69
6 (QN/Block) 	Elapsed: 0.041	Loglikelihood: -60489.7	(delta): 484.344
7 (QN/Block) 	Elapsed: 0.041	Loglikelihood: -60257.7	(delta): 232.051
8 (QN/Block) 	Elapsed: 0.038	Loglikelihood: -60162.4	(delta): 95.2798
9 (QN/Block) 	Elapsed: 0.039	Loglikelihood: -60127.3	(delta): 35.0944
10 (QN/Block) 	Elapsed: 0.04	Loglikelihood: -60121.5	(delta): 5.80891
11 (QN/Block) 	Elapsed: 0.037	Loglikelihood: -60121.1	(delta): 0.418893
12 (QN/Block) 	Elapsed: 0.038	Loglikelihood: -60121	(delta): 0.111591
13 (QN/Block) 	Elapsed: 0.037	Loglikelihood: -60121	(delta): 0.00371435
14 (QN/Block) 	Elapsed: 0.036	Loglikelihood: -60121	(delta): 0.000288615
15 (QN/Block) 	Elapsed: 0.038	Loglikelihood: -60121	(delta): 9.52357e-05
Summary: 
Converged in 15 iterations (0.711 sec)
Loglikelihood: -60120.960079
Fst divergences between estimated populations: 
	Pop0	Pop1	Pop2	
Pop0	
Pop1	0.457	
Pop2	0.209	0.378	
Pop3	0.710	0.783	0.677	
CV error (K=4): 0.16299
Writing output files.
