****                   ADMIXTURE Version 1.3.0                  ****
****                    Copyright 2008-2015                     ****
****           David Alexander, Suyash Shringarpure,            ****
****                John  Novembre, Ken Lange                   ****
****                                                            ****
****                 Please cite our paper!                     ****
****   Information at www.genetics.ucla.edu/software/admixture  ****

Parallel execution requested.  Will use 8 threads.
Cross-validation will be performed.  Folds=10.
Random seed: 4351
Point estimation method: Block relaxation algorithm
Convergence acceleration algorithm: QuasiNewton, 3 secant conditions
Point estimation will terminate when objective function delta < 0.0001
Estimation of standard errors disabled; will compute point estimates only.
Size of G: 124x4511
Performing five EM steps to prime main algorithm
1 (EM) 	Elapsed: 0.053	Loglikelihood: -105722	(delta): 588770
2 (EM) 	Elapsed: 0.052	Loglikelihood: -93193.4	(delta): 12529
3 (EM) 	Elapsed: 0.054	Loglikelihood: -91154.3	(delta): 2039.15
4 (EM) 	Elapsed: 0.053	Loglikelihood: -90018	(delta): 1136.29
5 (EM) 	Elapsed: 0.053	Loglikelihood: -89170.1	(delta): 847.885
Initial loglikelihood: -89170.1
Starting main algorithm
1 (QN/Block) 	Elapsed: 0.07	Loglikelihood: -68973.3	(delta): 20196.8
2 (QN/Block) 	Elapsed: 0.071	Loglikelihood: -54205	(delta): 14768.3
3 (QN/Block) 	Elapsed: 0.078	Loglikelihood: -49993.3	(delta): 4211.66
4 (QN/Block) 	Elapsed: 0.078	Loglikelihood: -47927.8	(delta): 2065.58
5 (QN/Block) 	Elapsed: 0.078	Loglikelihood: -46836	(delta): 1091.78
6 (QN/Block) 	Elapsed: 0.08	Loglikelihood: -46136.5	(delta): 699.449
7 (QN/Block) 	Elapsed: 0.081	Loglikelihood: -45782.9	(delta): 353.64
8 (QN/Block) 	Elapsed: 0.084	Loglikelihood: -45635.8	(delta): 147.099
9 (QN/Block) 	Elapsed: 0.078	Loglikelihood: -45544.4	(delta): 91.4169
10 (QN/Block) 	Elapsed: 0.078	Loglikelihood: -45498	(delta): 46.3785
11 (QN/Block) 	Elapsed: 0.076	Loglikelihood: -45477	(delta): 21.018
12 (QN/Block) 	Elapsed: 0.076	Loglikelihood: -45468.9	(delta): 8.04626
13 (QN/Block) 	Elapsed: 0.08	Loglikelihood: -45466.5	(delta): 2.42212
14 (QN/Block) 	Elapsed: 0.08	Loglikelihood: -45465.7	(delta): 0.834921
15 (QN/Block) 	Elapsed: 0.076	Loglikelihood: -45465.2	(delta): 0.484975
16 (QN/Block) 	Elapsed: 0.082	Loglikelihood: -45456	(delta): 9.18981
17 (QN/Block) 	Elapsed: 0.074	Loglikelihood: -45439.7	(delta): 16.3044
18 (QN/Block) 	Elapsed: 0.075	Loglikelihood: -45430.6	(delta): 9.12399
19 (QN/Block) 	Elapsed: 0.075	Loglikelihood: -45425.5	(delta): 5.10085
20 (QN/Block) 	Elapsed: 0.077	Loglikelihood: -45424.6	(delta): 0.851886
21 (QN/Block) 	Elapsed: 0.074	Loglikelihood: -45424.2	(delta): 0.422637
22 (QN/Block) 	Elapsed: 0.081	Loglikelihood: -45424	(delta): 0.206644
23 (QN/Block) 	Elapsed: 0.079	Loglikelihood: -45423.7	(delta): 0.282174
24 (QN/Block) 	Elapsed: 0.073	Loglikelihood: -45423.6	(delta): 0.139272
25 (QN/Block) 	Elapsed: 0.077	Loglikelihood: -45423.5	(delta): 0.0197251
26 (QN/Block) 	Elapsed: 0.072	Loglikelihood: -45423.5	(delta): 0.000509544
27 (QN/Block) 	Elapsed: 0.073	Loglikelihood: -45423.5	(delta): 5.89778e-05
Summary: 
Converged in 27 iterations (2.395 sec)
Loglikelihood: -45423.540179
Fst divergences between estimated populations: 
	Pop0	Pop1	Pop2	Pop3	Pop4	Pop5	Pop6	Pop7	
Pop0	
Pop1	0.171	
Pop2	0.436	0.492	
Pop3	0.405	0.458	0.682	
Pop4	0.228	0.297	0.518	0.452	
Pop5	0.071	0.174	0.443	0.414	0.229	
Pop6	0.399	0.454	0.401	0.643	0.486	0.406	
Pop7	0.130	0.129	0.422	0.404	0.259	0.139	0.388	
Pop8	0.594	0.638	0.776	0.755	0.653	0.598	0.749	0.584	
CV error (K=9): 0.16043
Writing output files.
