****                   ADMIXTURE Version 1.3.0                  ****
****                    Copyright 2008-2015                     ****
****           David Alexander, Suyash Shringarpure,            ****
****                John  Novembre, Ken Lange                   ****
****                                                            ****
****                 Please cite our paper!                     ****
****   Information at www.genetics.ucla.edu/software/admixture  ****

Parallel execution requested.  Will use 8 threads.
Cross-validation will be performed.  Folds=10.
Random seed: 3666
Point estimation method: Block relaxation algorithm
Convergence acceleration algorithm: QuasiNewton, 3 secant conditions
Point estimation will terminate when objective function delta < 0.0001
Estimation of standard errors disabled; will compute point estimates only.
Size of G: 124x4511
Performing five EM steps to prime main algorithm
1 (EM) 	Elapsed: 0.016	Loglikelihood: -102676	(delta): 660699
2 (EM) 	Elapsed: 0.016	Loglikelihood: -94179.6	(delta): 8496.59
3 (EM) 	Elapsed: 0.017	Loglikelihood: -93011.5	(delta): 1168.14
4 (EM) 	Elapsed: 0.016	Loglikelihood: -92381.8	(delta): 629.674
5 (EM) 	Elapsed: 0.016	Loglikelihood: -91959.9	(delta): 421.828
Initial loglikelihood: -91959.9
Starting main algorithm
1 (QN/Block) 	Elapsed: 0.028	Loglikelihood: -80305.7	(delta): 11654.3
2 (QN/Block) 	Elapsed: 0.027	Loglikelihood: -76383	(delta): 3922.67
3 (QN/Block) 	Elapsed: 0.03	Loglikelihood: -74644.8	(delta): 1738.17
4 (QN/Block) 	Elapsed: 0.029	Loglikelihood: -72578.5	(delta): 2066.36
5 (QN/Block) 	Elapsed: 0.032	Loglikelihood: -71416.9	(delta): 1161.56
6 (QN/Block) 	Elapsed: 0.032	Loglikelihood: -70755.1	(delta): 661.817
7 (QN/Block) 	Elapsed: 0.037	Loglikelihood: -70537.9	(delta): 217.207
8 (QN/Block) 	Elapsed: 0.036	Loglikelihood: -70434.3	(delta): 103.659
9 (QN/Block) 	Elapsed: 0.039	Loglikelihood: -70375.6	(delta): 58.6683
10 (QN/Block) 	Elapsed: 0.033	Loglikelihood: -70354.5	(delta): 21.0345
11 (QN/Block) 	Elapsed: 0.035	Loglikelihood: -70351.7	(delta): 2.85432
12 (QN/Block) 	Elapsed: 0.034	Loglikelihood: -70351.6	(delta): 0.113659
13 (QN/Block) 	Elapsed: 0.032	Loglikelihood: -70351.6	(delta): 0.000275556
14 (QN/Block) 	Elapsed: 0.034	Loglikelihood: -70351.6	(delta): 3.13102e-05
Summary: 
Converged in 14 iterations (0.565 sec)
Loglikelihood: -70351.579279
Fst divergences between estimated populations: 
	Pop0	Pop1	
Pop0	
Pop1	0.201	
Pop2	0.370	0.433	
CV error (K=3): 0.17844
Writing output files.
