****                   ADMIXTURE Version 1.3.0                  ****
****                    Copyright 2008-2015                     ****
****           David Alexander, Suyash Shringarpure,            ****
****                John  Novembre, Ken Lange                   ****
****                                                            ****
****                 Please cite our paper!                     ****
****   Information at www.genetics.ucla.edu/software/admixture  ****

Parallel execution requested.  Will use 8 threads.
Cross-validation will be performed.  Folds=10.
Random seed: 785
Point estimation method: Block relaxation algorithm
Convergence acceleration algorithm: QuasiNewton, 3 secant conditions
Point estimation will terminate when objective function delta < 0.0001
Estimation of standard errors disabled; will compute point estimates only.
Size of G: 124x4511
Performing five EM steps to prime main algorithm
1 (EM) 	Elapsed: 0.038	Loglikelihood: -105092	(delta): 599092
2 (EM) 	Elapsed: 0.038	Loglikelihood: -93130.1	(delta): 11961.9
3 (EM) 	Elapsed: 0.039	Loglikelihood: -91180.6	(delta): 1949.5
4 (EM) 	Elapsed: 0.039	Loglikelihood: -90081	(delta): 1099.59
5 (EM) 	Elapsed: 0.038	Loglikelihood: -89280.4	(delta): 800.606
Initial loglikelihood: -89280.4
Starting main algorithm
1 (QN/Block) 	Elapsed: 0.054	Loglikelihood: -70440.7	(delta): 18839.7
2 (QN/Block) 	Elapsed: 0.056	Loglikelihood: -60006.1	(delta): 10434.5
3 (QN/Block) 	Elapsed: 0.06	Loglikelihood: -55065.6	(delta): 4940.57
4 (QN/Block) 	Elapsed: 0.06	Loglikelihood: -52018.1	(delta): 3047.46
5 (QN/Block) 	Elapsed: 0.06	Loglikelihood: -50446	(delta): 1572.1
6 (QN/Block) 	Elapsed: 0.058	Loglikelihood: -49655.5	(delta): 790.505
7 (QN/Block) 	Elapsed: 0.059	Loglikelihood: -49245.8	(delta): 409.723
8 (QN/Block) 	Elapsed: 0.062	Loglikelihood: -49108.9	(delta): 136.894
9 (QN/Block) 	Elapsed: 0.061	Loglikelihood: -49069.4	(delta): 39.5115
10 (QN/Block) 	Elapsed: 0.058	Loglikelihood: -49049.5	(delta): 19.8647
11 (QN/Block) 	Elapsed: 0.058	Loglikelihood: -49044.5	(delta): 5.05079
12 (QN/Block) 	Elapsed: 0.06	Loglikelihood: -49043.9	(delta): 0.518727
13 (QN/Block) 	Elapsed: 0.058	Loglikelihood: -49043.9	(delta): 0.0779054
14 (QN/Block) 	Elapsed: 0.059	Loglikelihood: -49043.8	(delta): 0.0358033
15 (QN/Block) 	Elapsed: 0.061	Loglikelihood: -49043.8	(delta): 0.0476428
16 (QN/Block) 	Elapsed: 0.061	Loglikelihood: -49043.8	(delta): 0.0250215
17 (QN/Block) 	Elapsed: 0.063	Loglikelihood: -49043.7	(delta): 0.00465975
18 (QN/Block) 	Elapsed: 0.063	Loglikelihood: -49043.7	(delta): 0.000417641
19 (QN/Block) 	Elapsed: 0.063	Loglikelihood: -49043.7	(delta): 7.14805e-05
Summary: 
Converged in 19 iterations (1.365 sec)
Loglikelihood: -49043.745444
Fst divergences between estimated populations: 
	Pop0	Pop1	Pop2	Pop3	Pop4	Pop5	
Pop0	
Pop1	0.494	
Pop2	0.383	0.208	
Pop3	0.416	0.518	0.411	
Pop4	0.792	0.714	0.649	0.813	
Pop5	0.421	0.267	0.110	0.451	0.678	
Pop6	0.654	0.468	0.396	0.685	0.799	0.442	
CV error (K=7): 0.15052
Writing output files.
