****                   ADMIXTURE Version 1.3.0                  ****
****                    Copyright 2008-2015                     ****
****           David Alexander, Suyash Shringarpure,            ****
****                John  Novembre, Ken Lange                   ****
****                                                            ****
****                 Please cite our paper!                     ****
****   Information at www.genetics.ucla.edu/software/admixture  ****

Parallel execution requested.  Will use 8 threads.
Cross-validation will be performed.  Folds=10.
Random seed: 3893
Point estimation method: Block relaxation algorithm
Convergence acceleration algorithm: QuasiNewton, 3 secant conditions
Point estimation will terminate when objective function delta < 0.0001
Estimation of standard errors disabled; will compute point estimates only.
Size of G: 124x4511
Performing five EM steps to prime main algorithm
1 (EM) 	Elapsed: 0.021	Loglikelihood: -103777	(delta): 637734
2 (EM) 	Elapsed: 0.021	Loglikelihood: -93276.8	(delta): 10500.1
3 (EM) 	Elapsed: 0.022	Loglikelihood: -91378.8	(delta): 1898.04
4 (EM) 	Elapsed: 0.021	Loglikelihood: -90251.7	(delta): 1127.06
5 (EM) 	Elapsed: 0.021	Loglikelihood: -89429.8	(delta): 821.903
Initial loglikelihood: -89429.8
Starting main algorithm
1 (QN/Block) 	Elapsed: 0.038	Loglikelihood: -73538.5	(delta): 15891.3
2 (QN/Block) 	Elapsed: 0.033	Loglikelihood: -66957.4	(delta): 6581.04
3 (QN/Block) 	Elapsed: 0.042	Loglikelihood: -63469.7	(delta): 3487.79
4 (QN/Block) 	Elapsed: 0.038	Loglikelihood: -61538.3	(delta): 1931.37
5 (QN/Block) 	Elapsed: 0.042	Loglikelihood: -60659.6	(delta): 878.707
6 (QN/Block) 	Elapsed: 0.04	Loglikelihood: -60195.2	(delta): 464.389
7 (QN/Block) 	Elapsed: 0.041	Loglikelihood: -60088.4	(delta): 106.755
8 (QN/Block) 	Elapsed: 0.041	Loglikelihood: -60074	(delta): 14.4355
9 (QN/Block) 	Elapsed: 0.04	Loglikelihood: -60072.9	(delta): 1.07934
10 (QN/Block) 	Elapsed: 0.041	Loglikelihood: -60072.9	(delta): 0.00866178
11 (QN/Block) 	Elapsed: 0.042	Loglikelihood: -60072.9	(delta): 0.000174442
12 (QN/Block) 	Elapsed: 0.04	Loglikelihood: -60072.9	(delta): 6.35292e-06
Summary: 
Converged in 12 iterations (0.61 sec)
Loglikelihood: -60072.904601
Fst divergences between estimated populations: 
	Pop0	Pop1	Pop2	
Pop0	
Pop1	0.448	
Pop2	0.718	0.786	
Pop3	0.209	0.370	0.685	
CV error (K=4): 0.16067
Writing output files.
