****                   ADMIXTURE Version 1.3.0                  ****
****                    Copyright 2008-2015                     ****
****           David Alexander, Suyash Shringarpure,            ****
****                John  Novembre, Ken Lange                   ****
****                                                            ****
****                 Please cite our paper!                     ****
****   Information at www.genetics.ucla.edu/software/admixture  ****

Parallel execution requested.  Will use 8 threads.
Cross-validation will be performed.  Folds=10.
Random seed: 866
Point estimation method: Block relaxation algorithm
Convergence acceleration algorithm: QuasiNewton, 3 secant conditions
Point estimation will terminate when objective function delta < 0.0001
Estimation of standard errors disabled; will compute point estimates only.
Size of G: 124x4511
Performing five EM steps to prime main algorithm
1 (EM) 	Elapsed: 0.011	Loglikelihood: -99742.1	(delta): 711130
2 (EM) 	Elapsed: 0.01	Loglikelihood: -94712.4	(delta): 5029.72
3 (EM) 	Elapsed: 0.01	Loglikelihood: -94025.4	(delta): 686.962
4 (EM) 	Elapsed: 0.011	Loglikelihood: -93669.5	(delta): 355.904
5 (EM) 	Elapsed: 0.01	Loglikelihood: -93459.8	(delta): 209.677
Initial loglikelihood: -93459.8
Starting main algorithm
1 (QN/Block) 	Elapsed: 0.02	Loglikelihood: -88325.2	(delta): 5134.59
2 (QN/Block) 	Elapsed: 0.025	Loglikelihood: -85253.6	(delta): 3071.67
3 (QN/Block) 	Elapsed: 0.022	Loglikelihood: -83501.3	(delta): 1752.25
4 (QN/Block) 	Elapsed: 0.023	Loglikelihood: -82217.6	(delta): 1283.71
5 (QN/Block) 	Elapsed: 0.023	Loglikelihood: -81426.5	(delta): 791.139
6 (QN/Block) 	Elapsed: 0.026	Loglikelihood: -81309.8	(delta): 116.652
7 (QN/Block) 	Elapsed: 0.023	Loglikelihood: -81056.6	(delta): 253.188
8 (QN/Block) 	Elapsed: 0.021	Loglikelihood: -80893.6	(delta): 163.058
9 (QN/Block) 	Elapsed: 0.022	Loglikelihood: -80790.9	(delta): 102.609
10 (QN/Block) 	Elapsed: 0.027	Loglikelihood: -80766.7	(delta): 24.2168
11 (QN/Block) 	Elapsed: 0.029	Loglikelihood: -80762.5	(delta): 4.1858
12 (QN/Block) 	Elapsed: 0.028	Loglikelihood: -80762.5	(delta): 0.0634147
13 (QN/Block) 	Elapsed: 0.027	Loglikelihood: -80762.5	(delta): 8.18836e-08
Summary: 
Converged in 13 iterations (0.393 sec)
Loglikelihood: -80762.483762
Fst divergences between estimated populations: 
	Pop0	
Pop0	
Pop1	0.206	
CV error (K=2): 0.19763
Writing output files.
