****                   ADMIXTURE Version 1.3.0                  ****
****                    Copyright 2008-2015                     ****
****           David Alexander, Suyash Shringarpure,            ****
****                John  Novembre, Ken Lange                   ****
****                                                            ****
****                 Please cite our paper!                     ****
****   Information at www.genetics.ucla.edu/software/admixture  ****

Parallel execution requested.  Will use 8 threads.
Cross-validation will be performed.  Folds=10.
Random seed: 2408
Point estimation method: Block relaxation algorithm
Convergence acceleration algorithm: QuasiNewton, 3 secant conditions
Point estimation will terminate when objective function delta < 0.0001
Estimation of standard errors disabled; will compute point estimates only.
Size of G: 124x4511
Performing five EM steps to prime main algorithm
1 (EM) 	Elapsed: 0.04	Loglikelihood: -105936	(delta): 592052
2 (EM) 	Elapsed: 0.039	Loglikelihood: -93376.3	(delta): 12560
3 (EM) 	Elapsed: 0.039	Loglikelihood: -91378.1	(delta): 1998.27
4 (EM) 	Elapsed: 0.039	Loglikelihood: -90223.3	(delta): 1154.76
5 (EM) 	Elapsed: 0.041	Loglikelihood: -89344.8	(delta): 878.539
Initial loglikelihood: -89344.8
Starting main algorithm
1 (QN/Block) 	Elapsed: 0.065	Loglikelihood: -64777.3	(delta): 24567.4
2 (QN/Block) 	Elapsed: 0.064	Loglikelihood: -55004.5	(delta): 9772.81
3 (QN/Block) 	Elapsed: 0.07	Loglikelihood: -51331.2	(delta): 3673.34
4 (QN/Block) 	Elapsed: 0.071	Loglikelihood: -49063.6	(delta): 2267.62
5 (QN/Block) 	Elapsed: 0.07	Loglikelihood: -47884.6	(delta): 1178.94
6 (QN/Block) 	Elapsed: 0.066	Loglikelihood: -47225.8	(delta): 658.809
7 (QN/Block) 	Elapsed: 0.07	Loglikelihood: -46984.1	(delta): 241.765
8 (QN/Block) 	Elapsed: 0.067	Loglikelihood: -46895.9	(delta): 88.1712
9 (QN/Block) 	Elapsed: 0.067	Loglikelihood: -46874.3	(delta): 21.5892
10 (QN/Block) 	Elapsed: 0.067	Loglikelihood: -46826.9	(delta): 47.3956
11 (QN/Block) 	Elapsed: 0.071	Loglikelihood: -46817.5	(delta): 9.39854
12 (QN/Block) 	Elapsed: 0.072	Loglikelihood: -46814.8	(delta): 2.74144
13 (QN/Block) 	Elapsed: 0.066	Loglikelihood: -46812.7	(delta): 2.05623
14 (QN/Block) 	Elapsed: 0.066	Loglikelihood: -46811.9	(delta): 0.791961
15 (QN/Block) 	Elapsed: 0.07	Loglikelihood: -46811.9	(delta): 0.0604773
16 (QN/Block) 	Elapsed: 0.071	Loglikelihood: -46811.9	(delta): 0.000246448
17 (QN/Block) 	Elapsed: 0.074	Loglikelihood: -46811.9	(delta): 2.74774e-06
Summary: 
Converged in 17 iterations (1.408 sec)
Loglikelihood: -46811.856743
Fst divergences between estimated populations: 
	Pop0	Pop1	Pop2	Pop3	Pop4	Pop5	Pop6	
Pop0	
Pop1	0.191	
Pop2	0.111	0.120	
Pop3	0.449	0.402	0.377	
Pop4	0.675	0.632	0.618	0.742	
Pop5	0.188	0.154	0.107	0.372	0.618	
Pop6	0.317	0.287	0.254	0.458	0.676	0.216	
Pop7	0.482	0.429	0.402	0.607	0.772	0.392	0.449	
CV error (K=8): 0.16060
Writing output files.
