****                   ADMIXTURE Version 1.3.0                  ****
****                    Copyright 2008-2015                     ****
****           David Alexander, Suyash Shringarpure,            ****
****                John  Novembre, Ken Lange                   ****
****                                                            ****
****                 Please cite our paper!                     ****
****   Information at www.genetics.ucla.edu/software/admixture  ****

Parallel execution requested.  Will use 8 threads.
Cross-validation will be performed.  Folds=10.
Random seed: 2325
Point estimation method: Block relaxation algorithm
Convergence acceleration algorithm: QuasiNewton, 3 secant conditions
Point estimation will terminate when objective function delta < 0.0001
Estimation of standard errors disabled; will compute point estimates only.
Size of G: 124x4511
Performing five EM steps to prime main algorithm
1 (EM) 	Elapsed: 0.021	Loglikelihood: -103927	(delta): 643051
2 (EM) 	Elapsed: 0.02	Loglikelihood: -93642.7	(delta): 10284.2
3 (EM) 	Elapsed: 0.02	Loglikelihood: -91973.5	(delta): 1669.21
4 (EM) 	Elapsed: 0.02	Loglikelihood: -91080.6	(delta): 892.941
5 (EM) 	Elapsed: 0.02	Loglikelihood: -90486.1	(delta): 594.465
Initial loglikelihood: -90486.1
Starting main algorithm
1 (QN/Block) 	Elapsed: 0.037	Loglikelihood: -77426.9	(delta): 13059.2
2 (QN/Block) 	Elapsed: 0.039	Loglikelihood: -68283.3	(delta): 9143.64
3 (QN/Block) 	Elapsed: 0.041	Loglikelihood: -65468.3	(delta): 2815.02
4 (QN/Block) 	Elapsed: 0.042	Loglikelihood: -63620.4	(delta): 1847.83
5 (QN/Block) 	Elapsed: 0.044	Loglikelihood: -62383.4	(delta): 1237.06
6 (QN/Block) 	Elapsed: 0.044	Loglikelihood: -61728.8	(delta): 654.605
7 (QN/Block) 	Elapsed: 0.044	Loglikelihood: -61488.5	(delta): 240.311
8 (QN/Block) 	Elapsed: 0.038	Loglikelihood: -61416.8	(delta): 71.6745
9 (QN/Block) 	Elapsed: 0.044	Loglikelihood: -61397.9	(delta): 18.8667
10 (QN/Block) 	Elapsed: 0.04	Loglikelihood: -61392.8	(delta): 5.12332
11 (QN/Block) 	Elapsed: 0.045	Loglikelihood: -61392.6	(delta): 0.195026
12 (QN/Block) 	Elapsed: 0.045	Loglikelihood: -61392.6	(delta): 3.55614e-05
Summary: 
Converged in 12 iterations (0.631 sec)
Loglikelihood: -61392.612785
Fst divergences between estimated populations: 
	Pop0	Pop1	Pop2	
Pop0	
Pop1	0.399	
Pop2	0.630	0.360	
Pop3	0.423	0.220	0.421	
CV error (K=4): 0.16443
Writing output files.
