****                   ADMIXTURE Version 1.3.0                  ****
****                    Copyright 2008-2015                     ****
****           David Alexander, Suyash Shringarpure,            ****
****                John  Novembre, Ken Lange                   ****
****                                                            ****
****                 Please cite our paper!                     ****
****   Information at www.genetics.ucla.edu/software/admixture  ****

Parallel execution requested.  Will use 8 threads.
Cross-validation will be performed.  Folds=10.
Random seed: 148
Point estimation method: Block relaxation algorithm
Convergence acceleration algorithm: QuasiNewton, 3 secant conditions
Point estimation will terminate when objective function delta < 0.0001
Estimation of standard errors disabled; will compute point estimates only.
Size of G: 124x4511
Performing five EM steps to prime main algorithm
1 (EM) 	Elapsed: 0.02	Loglikelihood: -104622	(delta): 638316
2 (EM) 	Elapsed: 0.021	Loglikelihood: -94221.5	(delta): 10401
3 (EM) 	Elapsed: 0.02	Loglikelihood: -92557.4	(delta): 1664.11
4 (EM) 	Elapsed: 0.02	Loglikelihood: -91708	(delta): 849.374
5 (EM) 	Elapsed: 0.02	Loglikelihood: -91117	(delta): 590.955
Initial loglikelihood: -91117
Starting main algorithm
1 (QN/Block) 	Elapsed: 0.038	Loglikelihood: -76777.3	(delta): 14339.8
2 (QN/Block) 	Elapsed: 0.036	Loglikelihood: -69040	(delta): 7737.25
3 (QN/Block) 	Elapsed: 0.043	Loglikelihood: -65521.4	(delta): 3518.61
4 (QN/Block) 	Elapsed: 0.042	Loglikelihood: -63279.2	(delta): 2242.21
5 (QN/Block) 	Elapsed: 0.041	Loglikelihood: -62050.6	(delta): 1228.56
6 (QN/Block) 	Elapsed: 0.04	Loglikelihood: -61534.5	(delta): 516.14
7 (QN/Block) 	Elapsed: 0.043	Loglikelihood: -61316.6	(delta): 217.917
8 (QN/Block) 	Elapsed: 0.038	Loglikelihood: -61250.9	(delta): 65.6257
9 (QN/Block) 	Elapsed: 0.038	Loglikelihood: -61230.4	(delta): 20.5273
10 (QN/Block) 	Elapsed: 0.042	Loglikelihood: -61227.3	(delta): 3.09254
11 (QN/Block) 	Elapsed: 0.043	Loglikelihood: -61227.3	(delta): 0.0554044
12 (QN/Block) 	Elapsed: 0.042	Loglikelihood: -61227.3	(delta): 0.00166558
13 (QN/Block) 	Elapsed: 0.04	Loglikelihood: -61227.3	(delta): 0.00011332
14 (QN/Block) 	Elapsed: 0.041	Loglikelihood: -61227.3	(delta): 1.44968e-06
Summary: 
Converged in 14 iterations (0.698 sec)
Loglikelihood: -61227.271394
Fst divergences between estimated populations: 
	Pop0	Pop1	Pop2	
Pop0	
Pop1	0.609	
Pop2	0.355	0.375	
Pop3	0.760	0.775	0.664	
CV error (K=4): 0.16042
Writing output files.
