****                   ADMIXTURE Version 1.3.0                  ****
****                    Copyright 2008-2015                     ****
****           David Alexander, Suyash Shringarpure,            ****
****                John  Novembre, Ken Lange                   ****
****                                                            ****
****                 Please cite our paper!                     ****
****   Information at www.genetics.ucla.edu/software/admixture  ****

Parallel execution requested.  Will use 8 threads.
Cross-validation will be performed.  Folds=10.
Random seed: 2471
Point estimation method: Block relaxation algorithm
Convergence acceleration algorithm: QuasiNewton, 3 secant conditions
Point estimation will terminate when objective function delta < 0.0001
Estimation of standard errors disabled; will compute point estimates only.
Size of G: 124x4511
Performing five EM steps to prime main algorithm
1 (EM) 	Elapsed: 0.015	Loglikelihood: -103150	(delta): 652284
2 (EM) 	Elapsed: 0.015	Loglikelihood: -94207.6	(delta): 8942.71
3 (EM) 	Elapsed: 0.016	Loglikelihood: -92846.3	(delta): 1361.3
4 (EM) 	Elapsed: 0.015	Loglikelihood: -92061.7	(delta): 784.645
5 (EM) 	Elapsed: 0.015	Loglikelihood: -91491.2	(delta): 570.456
Initial loglikelihood: -91491.2
Starting main algorithm
1 (QN/Block) 	Elapsed: 0.028	Loglikelihood: -81315.2	(delta): 10176
2 (QN/Block) 	Elapsed: 0.026	Loglikelihood: -77424.1	(delta): 3891.1
3 (QN/Block) 	Elapsed: 0.033	Loglikelihood: -75172.6	(delta): 2251.56
4 (QN/Block) 	Elapsed: 0.03	Loglikelihood: -72959.2	(delta): 2213.37
5 (QN/Block) 	Elapsed: 0.033	Loglikelihood: -71404.4	(delta): 1554.78
6 (QN/Block) 	Elapsed: 0.033	Loglikelihood: -70863	(delta): 541.364
7 (QN/Block) 	Elapsed: 0.035	Loglikelihood: -70626.3	(delta): 236.759
8 (QN/Block) 	Elapsed: 0.032	Loglikelihood: -70487.9	(delta): 138.364
9 (QN/Block) 	Elapsed: 0.033	Loglikelihood: -70410.6	(delta): 77.3205
10 (QN/Block) 	Elapsed: 0.032	Loglikelihood: -70383.1	(delta): 27.5044
11 (QN/Block) 	Elapsed: 0.033	Loglikelihood: -70380.1	(delta): 3.00641
12 (QN/Block) 	Elapsed: 0.028	Loglikelihood: -70380	(delta): 0.0546606
13 (QN/Block) 	Elapsed: 0.03	Loglikelihood: -70380	(delta): 0.0134575
14 (QN/Block) 	Elapsed: 0.031	Loglikelihood: -70380	(delta): 0.00631068
15 (QN/Block) 	Elapsed: 0.037	Loglikelihood: -70379.7	(delta): 0.329844
16 (QN/Block) 	Elapsed: 0.035	Loglikelihood: -70379.7	(delta): 2.19739e-05
Summary: 
Converged in 16 iterations (0.613 sec)
Loglikelihood: -70379.688930
Fst divergences between estimated populations: 
	Pop0	Pop1	
Pop0	
Pop1	0.368	
Pop2	0.767	0.664	
CV error (K=3): 0.17699
Writing output files.
