****                   ADMIXTURE Version 1.3.0                  ****
****                    Copyright 2008-2015                     ****
****           David Alexander, Suyash Shringarpure,            ****
****                John  Novembre, Ken Lange                   ****
****                                                            ****
****                 Please cite our paper!                     ****
****   Information at www.genetics.ucla.edu/software/admixture  ****

Parallel execution requested.  Will use 8 threads.
Cross-validation will be performed.  Folds=10.
Random seed: 914
Point estimation method: Block relaxation algorithm
Convergence acceleration algorithm: QuasiNewton, 3 secant conditions
Point estimation will terminate when objective function delta < 0.0001
Estimation of standard errors disabled; will compute point estimates only.
Size of G: 124x4511
Performing five EM steps to prime main algorithm
1 (EM) 	Elapsed: 0.01	Loglikelihood: -100654	(delta): 721975
2 (EM) 	Elapsed: 0.01	Loglikelihood: -94675	(delta): 5978.58
3 (EM) 	Elapsed: 0.01	Loglikelihood: -93845.8	(delta): 829.247
4 (EM) 	Elapsed: 0.011	Loglikelihood: -93439.9	(delta): 405.938
5 (EM) 	Elapsed: 0.011	Loglikelihood: -93201.5	(delta): 238.374
Initial loglikelihood: -93201.5
Starting main algorithm
1 (QN/Block) 	Elapsed: 0.022	Loglikelihood: -86361.9	(delta): 6839.59
2 (QN/Block) 	Elapsed: 0.022	Loglikelihood: -83804.5	(delta): 2557.42
3 (QN/Block) 	Elapsed: 0.024	Loglikelihood: -82136.8	(delta): 1667.68
4 (QN/Block) 	Elapsed: 0.021	Loglikelihood: -80362.9	(delta): 1773.85
5 (QN/Block) 	Elapsed: 0.022	Loglikelihood: -79335.1	(delta): 1027.85
6 (QN/Block) 	Elapsed: 0.024	Loglikelihood: -78749.6	(delta): 585.496
7 (QN/Block) 	Elapsed: 0.023	Loglikelihood: -78542.5	(delta): 207.077
8 (QN/Block) 	Elapsed: 0.024	Loglikelihood: -78456.5	(delta): 86.0328
9 (QN/Block) 	Elapsed: 0.022	Loglikelihood: -78448.4	(delta): 8.04519
10 (QN/Block) 	Elapsed: 0.02	Loglikelihood: -78447.2	(delta): 1.26853
11 (QN/Block) 	Elapsed: 0.023	Loglikelihood: -78447.1	(delta): 0.0992103
12 (QN/Block) 	Elapsed: 0.024	Loglikelihood: -78447.1	(delta): 4.76214e-06
Summary: 
Converged in 12 iterations (0.347 sec)
Loglikelihood: -78447.076415
Fst divergences between estimated populations: 
	Pop0	
Pop0	
Pop1	0.281	
CV error (K=2): 0.19187
Writing output files.
