****                   ADMIXTURE Version 1.3.0                  ****
****                    Copyright 2008-2015                     ****
****           David Alexander, Suyash Shringarpure,            ****
****                John  Novembre, Ken Lange                   ****
****                                                            ****
****                 Please cite our paper!                     ****
****   Information at www.genetics.ucla.edu/software/admixture  ****

Parallel execution requested.  Will use 8 threads.
Cross-validation will be performed.  Folds=10.
Random seed: 2659
Point estimation method: Block relaxation algorithm
Convergence acceleration algorithm: QuasiNewton, 3 secant conditions
Point estimation will terminate when objective function delta < 0.0001
Estimation of standard errors disabled; will compute point estimates only.
Size of G: 124x4511
Performing five EM steps to prime main algorithm
1 (EM) 	Elapsed: 0.037	Loglikelihood: -106379	(delta): 597348
2 (EM) 	Elapsed: 0.037	Loglikelihood: -93653.5	(delta): 12725.2
3 (EM) 	Elapsed: 0.037	Loglikelihood: -91498.1	(delta): 2155.44
4 (EM) 	Elapsed: 0.037	Loglikelihood: -90336.4	(delta): 1161.65
5 (EM) 	Elapsed: 0.038	Loglikelihood: -89503.9	(delta): 832.565
Initial loglikelihood: -89503.9
Starting main algorithm
1 (QN/Block) 	Elapsed: 0.056	Loglikelihood: -69550.5	(delta): 19953.3
2 (QN/Block) 	Elapsed: 0.055	Loglikelihood: -58940	(delta): 10610.5
3 (QN/Block) 	Elapsed: 0.063	Loglikelihood: -53929.2	(delta): 5010.84
4 (QN/Block) 	Elapsed: 0.061	Loglikelihood: -51518.6	(delta): 2410.61
5 (QN/Block) 	Elapsed: 0.063	Loglikelihood: -50115.6	(delta): 1403.03
6 (QN/Block) 	Elapsed: 0.06	Loglikelihood: -49315	(delta): 800.588
7 (QN/Block) 	Elapsed: 0.062	Loglikelihood: -48969.7	(delta): 345.217
8 (QN/Block) 	Elapsed: 0.062	Loglikelihood: -48895.1	(delta): 74.6502
9 (QN/Block) 	Elapsed: 0.059	Loglikelihood: -48864.4	(delta): 30.7047
10 (QN/Block) 	Elapsed: 0.06	Loglikelihood: -48824.3	(delta): 40.1107
11 (QN/Block) 	Elapsed: 0.06	Loglikelihood: -48792.5	(delta): 31.8263
12 (QN/Block) 	Elapsed: 0.06	Loglikelihood: -48778.3	(delta): 14.1338
13 (QN/Block) 	Elapsed: 0.058	Loglikelihood: -48771.7	(delta): 6.62325
14 (QN/Block) 	Elapsed: 0.059	Loglikelihood: -48762.7	(delta): 8.99599
15 (QN/Block) 	Elapsed: 0.06	Loglikelihood: -48718.9	(delta): 43.8504
16 (QN/Block) 	Elapsed: 0.061	Loglikelihood: -48710.2	(delta): 8.62942
17 (QN/Block) 	Elapsed: 0.061	Loglikelihood: -48705.7	(delta): 4.49995
18 (QN/Block) 	Elapsed: 0.063	Loglikelihood: -48704.4	(delta): 1.35149
19 (QN/Block) 	Elapsed: 0.061	Loglikelihood: -48703.9	(delta): 0.501813
20 (QN/Block) 	Elapsed: 0.059	Loglikelihood: -48703.8	(delta): 0.0844164
21 (QN/Block) 	Elapsed: 0.059	Loglikelihood: -48703.8	(delta): 0.00187431
22 (QN/Block) 	Elapsed: 0.06	Loglikelihood: -48703.8	(delta): 4.65436e-05
Summary: 
Converged in 22 iterations (1.555 sec)
Loglikelihood: -48703.782047
Fst divergences between estimated populations: 
	Pop0	Pop1	Pop2	Pop3	Pop4	Pop5	
Pop0	
Pop1	0.423	
Pop2	0.445	0.061	
Pop3	0.410	0.102	0.132	
Pop4	0.622	0.375	0.394	0.366	
Pop5	0.763	0.594	0.608	0.584	0.727	
Pop6	0.477	0.254	0.276	0.217	0.462	0.643	
CV error (K=7): 0.16027
Writing output files.
