****                   ADMIXTURE Version 1.3.0                  ****
****                    Copyright 2008-2015                     ****
****           David Alexander, Suyash Shringarpure,            ****
****                John  Novembre, Ken Lange                   ****
****                                                            ****
****                 Please cite our paper!                     ****
****   Information at www.genetics.ucla.edu/software/admixture  ****

Parallel execution requested.  Will use 8 threads.
Cross-validation will be performed.  Folds=10.
Random seed: 2275
Point estimation method: Block relaxation algorithm
Convergence acceleration algorithm: QuasiNewton, 3 secant conditions
Point estimation will terminate when objective function delta < 0.0001
Estimation of standard errors disabled; will compute point estimates only.
Size of G: 124x4511
Performing five EM steps to prime main algorithm
1 (EM) 	Elapsed: 0.026	Loglikelihood: -105244	(delta): 612767
2 (EM) 	Elapsed: 0.027	Loglikelihood: -93508	(delta): 11735.8
3 (EM) 	Elapsed: 0.027	Loglikelihood: -91540.1	(delta): 1967.94
4 (EM) 	Elapsed: 0.027	Loglikelihood: -90461.1	(delta): 1078.96
5 (EM) 	Elapsed: 0.026	Loglikelihood: -89696.3	(delta): 764.881
Initial loglikelihood: -89696.3
Starting main algorithm
1 (QN/Block) 	Elapsed: 0.044	Loglikelihood: -72305.1	(delta): 17391.1
2 (QN/Block) 	Elapsed: 0.043	Loglikelihood: -63625	(delta): 8680.07
3 (QN/Block) 	Elapsed: 0.054	Loglikelihood: -60299	(delta): 3326.03
4 (QN/Block) 	Elapsed: 0.05	Loglikelihood: -57572.4	(delta): 2726.65
5 (QN/Block) 	Elapsed: 0.048	Loglikelihood: -56190.2	(delta): 1382.19
6 (QN/Block) 	Elapsed: 0.047	Loglikelihood: -55449.1	(delta): 741.105
7 (QN/Block) 	Elapsed: 0.045	Loglikelihood: -55082.2	(delta): 366.816
8 (QN/Block) 	Elapsed: 0.046	Loglikelihood: -54975.6	(delta): 106.666
9 (QN/Block) 	Elapsed: 0.046	Loglikelihood: -54942.8	(delta): 32.8134
10 (QN/Block) 	Elapsed: 0.047	Loglikelihood: -54922.8	(delta): 19.9672
11 (QN/Block) 	Elapsed: 0.05	Loglikelihood: -54915.8	(delta): 6.96536
12 (QN/Block) 	Elapsed: 0.048	Loglikelihood: -54915	(delta): 0.857157
13 (QN/Block) 	Elapsed: 0.044	Loglikelihood: -54914.9	(delta): 0.0523061
14 (QN/Block) 	Elapsed: 0.05	Loglikelihood: -54914.9	(delta): 0.00431161
15 (QN/Block) 	Elapsed: 0.048	Loglikelihood: -54914.9	(delta): 0.000429054
16 (QN/Block) 	Elapsed: 0.043	Loglikelihood: -54914.9	(delta): 4.50861e-05
Summary: 
Converged in 16 iterations (0.92 sec)
Loglikelihood: -54914.922877
Fst divergences between estimated populations: 
	Pop0	Pop1	Pop2	Pop3	
Pop0	
Pop1	0.620	
Pop2	0.408	0.362	
Pop3	0.439	0.427	0.204	
Pop4	0.800	0.771	0.661	0.695	
CV error (K=5): 0.15387
Writing output files.
