****                   ADMIXTURE Version 1.3.0                  ****
****                    Copyright 2008-2015                     ****
****           David Alexander, Suyash Shringarpure,            ****
****                John  Novembre, Ken Lange                   ****
****                                                            ****
****                 Please cite our paper!                     ****
****   Information at www.genetics.ucla.edu/software/admixture  ****

Parallel execution requested.  Will use 8 threads.
Cross-validation will be performed.  Folds=10.
Random seed: 1839
Point estimation method: Block relaxation algorithm
Convergence acceleration algorithm: QuasiNewton, 3 secant conditions
Point estimation will terminate when objective function delta < 0.0001
Estimation of standard errors disabled; will compute point estimates only.
Size of G: 124x4511
Performing five EM steps to prime main algorithm
1 (EM) 	Elapsed: 0.02	Loglikelihood: -103496	(delta): 647044
2 (EM) 	Elapsed: 0.021	Loglikelihood: -93788	(delta): 9708.15
3 (EM) 	Elapsed: 0.021	Loglikelihood: -92334.3	(delta): 1453.63
4 (EM) 	Elapsed: 0.021	Loglikelihood: -91503.7	(delta): 830.628
5 (EM) 	Elapsed: 0.021	Loglikelihood: -90917.3	(delta): 586.413
Initial loglikelihood: -90917.3
Starting main algorithm
1 (QN/Block) 	Elapsed: 0.035	Loglikelihood: -78843	(delta): 12074.3
2 (QN/Block) 	Elapsed: 0.034	Loglikelihood: -69169.4	(delta): 9673.6
3 (QN/Block) 	Elapsed: 0.04	Loglikelihood: -65347.9	(delta): 3821.46
4 (QN/Block) 	Elapsed: 0.039	Loglikelihood: -63384.1	(delta): 1963.86
5 (QN/Block) 	Elapsed: 0.041	Loglikelihood: -62359.3	(delta): 1024.71
6 (QN/Block) 	Elapsed: 0.038	Loglikelihood: -61591.3	(delta): 768.03
7 (QN/Block) 	Elapsed: 0.04	Loglikelihood: -61411.7	(delta): 179.583
8 (QN/Block) 	Elapsed: 0.038	Loglikelihood: -61367.9	(delta): 43.8362
9 (QN/Block) 	Elapsed: 0.04	Loglikelihood: -61355.9	(delta): 11.9792
10 (QN/Block) 	Elapsed: 0.042	Loglikelihood: -61352.2	(delta): 3.74402
11 (QN/Block) 	Elapsed: 0.038	Loglikelihood: -61351.9	(delta): 0.306453
12 (QN/Block) 	Elapsed: 0.039	Loglikelihood: -61351.9	(delta): 0.00520503
13 (QN/Block) 	Elapsed: 0.04	Loglikelihood: -61351.9	(delta): 0.000560587
14 (QN/Block) 	Elapsed: 0.038	Loglikelihood: -61351.9	(delta): 9.84244e-05
Summary: 
Converged in 14 iterations (0.675 sec)
Loglikelihood: -61351.858967
Fst divergences between estimated populations: 
	Pop0	Pop1	Pop2	
Pop0	
Pop1	0.298	
Pop2	0.370	0.493	
Pop3	0.133	0.328	0.384	
CV error (K=4): 0.16891
Writing output files.
