****                   ADMIXTURE Version 1.3.0                  ****
****                    Copyright 2008-2015                     ****
****           David Alexander, Suyash Shringarpure,            ****
****                John  Novembre, Ken Lange                   ****
****                                                            ****
****                 Please cite our paper!                     ****
****   Information at www.genetics.ucla.edu/software/admixture  ****

Parallel execution requested.  Will use 8 threads.
Cross-validation will be performed.  Folds=10.
Random seed: 2447
Point estimation method: Block relaxation algorithm
Convergence acceleration algorithm: QuasiNewton, 3 secant conditions
Point estimation will terminate when objective function delta < 0.0001
Estimation of standard errors disabled; will compute point estimates only.
Size of G: 124x4511
Performing five EM steps to prime main algorithm
1 (EM) 	Elapsed: 0.011	Loglikelihood: -98692.1	(delta): 719229
2 (EM) 	Elapsed: 0.011	Loglikelihood: -94362.1	(delta): 4329.93
3 (EM) 	Elapsed: 0.011	Loglikelihood: -93655.7	(delta): 706.384
4 (EM) 	Elapsed: 0.012	Loglikelihood: -93304.5	(delta): 351.251
5 (EM) 	Elapsed: 0.011	Loglikelihood: -93109	(delta): 195.494
Initial loglikelihood: -93109
Starting main algorithm
1 (QN/Block) 	Elapsed: 0.022	Loglikelihood: -87545.9	(delta): 5563.09
2 (QN/Block) 	Elapsed: 0.023	Loglikelihood: -85794.8	(delta): 1751.07
3 (QN/Block) 	Elapsed: 0.027	Loglikelihood: -84595.2	(delta): 1199.66
4 (QN/Block) 	Elapsed: 0.027	Loglikelihood: -83226.7	(delta): 1368.5
5 (QN/Block) 	Elapsed: 0.027	Loglikelihood: -81891.3	(delta): 1335.35
6 (QN/Block) 	Elapsed: 0.027	Loglikelihood: -81347.5	(delta): 543.803
7 (QN/Block) 	Elapsed: 0.027	Loglikelihood: -81132.1	(delta): 215.423
8 (QN/Block) 	Elapsed: 0.027	Loglikelihood: -81010	(delta): 122.087
9 (QN/Block) 	Elapsed: 0.026	Loglikelihood: -80933.9	(delta): 76.1144
10 (QN/Block) 	Elapsed: 0.025	Loglikelihood: -80811.9	(delta): 122.049
11 (QN/Block) 	Elapsed: 0.026	Loglikelihood: -80711.5	(delta): 100.323
12 (QN/Block) 	Elapsed: 0.025	Loglikelihood: -80651.6	(delta): 59.9979
13 (QN/Block) 	Elapsed: 0.025	Loglikelihood: -80462.2	(delta): 189.345
14 (QN/Block) 	Elapsed: 0.024	Loglikelihood: -80277	(delta): 185.199
15 (QN/Block) 	Elapsed: 0.022	Loglikelihood: -80189.9	(delta): 87.1339
16 (QN/Block) 	Elapsed: 0.023	Loglikelihood: -80165	(delta): 24.8956
17 (QN/Block) 	Elapsed: 0.024	Loglikelihood: -80163	(delta): 1.92932
18 (QN/Block) 	Elapsed: 0.025	Loglikelihood: -80162.9	(delta): 0.179258
19 (QN/Block) 	Elapsed: 0.028	Loglikelihood: -80162.9	(delta): 0.0128232
20 (QN/Block) 	Elapsed: 0.03	Loglikelihood: -80162.9	(delta): 0.000860164
21 (QN/Block) 	Elapsed: 0.025	Loglikelihood: -80162.9	(delta): 6.34516e-06
Summary: 
Converged in 21 iterations (0.622 sec)
Loglikelihood: -80162.855550
Fst divergences between estimated populations: 
	Pop0	
Pop0	
Pop1	0.187	
CV error (K=2): 0.19640
Writing output files.
