****                   ADMIXTURE Version 1.3.0                  ****
****                    Copyright 2008-2015                     ****
****           David Alexander, Suyash Shringarpure,            ****
****                John  Novembre, Ken Lange                   ****
****                                                            ****
****                 Please cite our paper!                     ****
****   Information at www.genetics.ucla.edu/software/admixture  ****

Parallel execution requested.  Will use 8 threads.
Cross-validation will be performed.  Folds=10.
Random seed: 186
Point estimation method: Block relaxation algorithm
Convergence acceleration algorithm: QuasiNewton, 3 secant conditions
Point estimation will terminate when objective function delta < 0.0001
Estimation of standard errors disabled; will compute point estimates only.
Size of G: 124x4511
Performing five EM steps to prime main algorithm
1 (EM) 	Elapsed: 0.052	Loglikelihood: -105276	(delta): 593735
2 (EM) 	Elapsed: 0.052	Loglikelihood: -92311.2	(delta): 12965.2
3 (EM) 	Elapsed: 0.051	Loglikelihood: -90098.6	(delta): 2212.64
4 (EM) 	Elapsed: 0.053	Loglikelihood: -88776.1	(delta): 1322.49
5 (EM) 	Elapsed: 0.052	Loglikelihood: -87717.4	(delta): 1058.67
Initial loglikelihood: -87717.4
Starting main algorithm
1 (QN/Block) 	Elapsed: 0.072	Loglikelihood: -66251.4	(delta): 21466
2 (QN/Block) 	Elapsed: 0.069	Loglikelihood: -56423.1	(delta): 9828.26
3 (QN/Block) 	Elapsed: 0.076	Loglikelihood: -51843.9	(delta): 4579.26
4 (QN/Block) 	Elapsed: 0.08	Loglikelihood: -48982.4	(delta): 2861.49
5 (QN/Block) 	Elapsed: 0.075	Loglikelihood: -47433.4	(delta): 1548.94
6 (QN/Block) 	Elapsed: 0.077	Loglikelihood: -46569.8	(delta): 863.652
7 (QN/Block) 	Elapsed: 0.078	Loglikelihood: -46044.4	(delta): 525.422
8 (QN/Block) 	Elapsed: 0.079	Loglikelihood: -45810.1	(delta): 234.279
9 (QN/Block) 	Elapsed: 0.075	Loglikelihood: -45744.3	(delta): 65.8017
10 (QN/Block) 	Elapsed: 0.074	Loglikelihood: -45727.9	(delta): 16.4003
11 (QN/Block) 	Elapsed: 0.077	Loglikelihood: -45719.3	(delta): 8.61937
12 (QN/Block) 	Elapsed: 0.078	Loglikelihood: -45716.6	(delta): 2.6884
13 (QN/Block) 	Elapsed: 0.075	Loglikelihood: -45716.1	(delta): 0.413488
14 (QN/Block) 	Elapsed: 0.083	Loglikelihood: -45715.1	(delta): 1.03354
15 (QN/Block) 	Elapsed: 0.08	Loglikelihood: -45714.9	(delta): 0.218859
16 (QN/Block) 	Elapsed: 0.077	Loglikelihood: -45714.9	(delta): 0.00841063
17 (QN/Block) 	Elapsed: 0.078	Loglikelihood: -45714.9	(delta): 0.00785728
18 (QN/Block) 	Elapsed: 0.078	Loglikelihood: -45714.9	(delta): 0.0205851
19 (QN/Block) 	Elapsed: 0.077	Loglikelihood: -45714.8	(delta): 0.0246875
20 (QN/Block) 	Elapsed: 0.078	Loglikelihood: -45714.8	(delta): 0.0464345
21 (QN/Block) 	Elapsed: 0.077	Loglikelihood: -45714.7	(delta): 0.0859243
22 (QN/Block) 	Elapsed: 0.079	Loglikelihood: -45714.6	(delta): 0.14544
23 (QN/Block) 	Elapsed: 0.078	Loglikelihood: -45714.5	(delta): 0.0237097
24 (QN/Block) 	Elapsed: 0.076	Loglikelihood: -45714.5	(delta): 0.0125619
25 (QN/Block) 	Elapsed: 0.078	Loglikelihood: -45714.5	(delta): 0.0119962
26 (QN/Block) 	Elapsed: 0.079	Loglikelihood: -45714.5	(delta): 0.00131936
27 (QN/Block) 	Elapsed: 0.075	Loglikelihood: -45714.5	(delta): 0.000179742
28 (QN/Block) 	Elapsed: 0.079	Loglikelihood: -45714.5	(delta): 1.88622e-05
Summary: 
Converged in 28 iterations (2.477 sec)
Loglikelihood: -45714.507460
Fst divergences between estimated populations: 
	Pop0	Pop1	Pop2	Pop3	Pop4	Pop5	Pop6	Pop7	
Pop0	
Pop1	0.207	
Pop2	0.221	0.331	
Pop3	0.400	0.497	0.453	
Pop4	0.138	0.181	0.269	0.407	
Pop5	0.595	0.662	0.644	0.754	0.593	
Pop6	0.118	0.159	0.265	0.422	0.134	0.610	
Pop7	0.138	0.137	0.277	0.427	0.112	0.616	0.104	
Pop8	0.385	0.467	0.467	0.614	0.383	0.731	0.410	0.401	
CV error (K=9): 0.16555
Writing output files.
