****                   ADMIXTURE Version 1.3.0                  ****
****                    Copyright 2008-2015                     ****
****           David Alexander, Suyash Shringarpure,            ****
****                John  Novembre, Ken Lange                   ****
****                                                            ****
****                 Please cite our paper!                     ****
****   Information at www.genetics.ucla.edu/software/admixture  ****

Parallel execution requested.  Will use 8 threads.
Cross-validation will be performed.  Folds=10.
Random seed: 1829
Point estimation method: Block relaxation algorithm
Convergence acceleration algorithm: QuasiNewton, 3 secant conditions
Point estimation will terminate when objective function delta < 0.0001
Estimation of standard errors disabled; will compute point estimates only.
Size of G: 124x4511
Performing five EM steps to prime main algorithm
1 (EM) 	Elapsed: 0.027	Loglikelihood: -105343	(delta): 616527
2 (EM) 	Elapsed: 0.028	Loglikelihood: -93769.7	(delta): 11573.2
3 (EM) 	Elapsed: 0.026	Loglikelihood: -92052.9	(delta): 1716.76
4 (EM) 	Elapsed: 0.027	Loglikelihood: -91053.9	(delta): 999.09
5 (EM) 	Elapsed: 0.026	Loglikelihood: -90311	(delta): 742.848
Initial loglikelihood: -90311
Starting main algorithm
1 (QN/Block) 	Elapsed: 0.045	Loglikelihood: -72610.6	(delta): 17700.4
2 (QN/Block) 	Elapsed: 0.04	Loglikelihood: -63180.1	(delta): 9430.43
3 (QN/Block) 	Elapsed: 0.048	Loglikelihood: -59280.2	(delta): 3899.97
4 (QN/Block) 	Elapsed: 0.046	Loglikelihood: -56970	(delta): 2310.19
5 (QN/Block) 	Elapsed: 0.047	Loglikelihood: -55521.5	(delta): 1448.46
6 (QN/Block) 	Elapsed: 0.05	Loglikelihood: -54985.7	(delta): 535.81
7 (QN/Block) 	Elapsed: 0.047	Loglikelihood: -54812.7	(delta): 172.959
8 (QN/Block) 	Elapsed: 0.047	Loglikelihood: -54783.1	(delta): 29.6678
9 (QN/Block) 	Elapsed: 0.053	Loglikelihood: -54778.3	(delta): 4.81644
10 (QN/Block) 	Elapsed: 0.049	Loglikelihood: -54775.2	(delta): 3.05741
11 (QN/Block) 	Elapsed: 0.048	Loglikelihood: -54731.5	(delta): 43.7301
12 (QN/Block) 	Elapsed: 0.047	Loglikelihood: -54726.5	(delta): 4.99088
13 (QN/Block) 	Elapsed: 0.047	Loglikelihood: -54726.4	(delta): 0.117495
14 (QN/Block) 	Elapsed: 0.045	Loglikelihood: -54726.3	(delta): 0.0426276
15 (QN/Block) 	Elapsed: 0.048	Loglikelihood: -54725.7	(delta): 0.589746
16 (QN/Block) 	Elapsed: 0.049	Loglikelihood: -54725.7	(delta): 0.00102331
17 (QN/Block) 	Elapsed: 0.044	Loglikelihood: -54725.7	(delta): 0.000189778
18 (QN/Block) 	Elapsed: 0.051	Loglikelihood: -54725.7	(delta): 9.40992e-06
Summary: 
Converged in 18 iterations (1.023 sec)
Loglikelihood: -54725.726198
Fst divergences between estimated populations: 
	Pop0	Pop1	Pop2	Pop3	
Pop0	
Pop1	0.774	
Pop2	0.800	0.627	
Pop3	0.661	0.372	0.397	
Pop4	0.671	0.387	0.437	0.137	
CV error (K=5): 0.15627
Writing output files.
