****                   ADMIXTURE Version 1.3.0                  ****
****                    Copyright 2008-2015                     ****
****           David Alexander, Suyash Shringarpure,            ****
****                John  Novembre, Ken Lange                   ****
****                                                            ****
****                 Please cite our paper!                     ****
****   Information at www.genetics.ucla.edu/software/admixture  ****

Parallel execution requested.  Will use 8 threads.
Cross-validation will be performed.  Folds=10.
Random seed: 3807
Point estimation method: Block relaxation algorithm
Convergence acceleration algorithm: QuasiNewton, 3 secant conditions
Point estimation will terminate when objective function delta < 0.0001
Estimation of standard errors disabled; will compute point estimates only.
Size of G: 124x4511
Performing five EM steps to prime main algorithm
1 (EM) 	Elapsed: 0.031	Loglikelihood: -104781	(delta): 603742
2 (EM) 	Elapsed: 0.032	Loglikelihood: -93657.7	(delta): 11123.6
3 (EM) 	Elapsed: 0.031	Loglikelihood: -91878.4	(delta): 1779.28
4 (EM) 	Elapsed: 0.031	Loglikelihood: -90908.1	(delta): 970.286
5 (EM) 	Elapsed: 0.032	Loglikelihood: -90229.1	(delta): 679.028
Initial loglikelihood: -90229.1
Starting main algorithm
1 (QN/Block) 	Elapsed: 0.048	Loglikelihood: -71568.5	(delta): 18660.6
2 (QN/Block) 	Elapsed: 0.05	Loglikelihood: -60038.1	(delta): 11530.5
3 (QN/Block) 	Elapsed: 0.056	Loglikelihood: -55699.1	(delta): 4338.92
4 (QN/Block) 	Elapsed: 0.055	Loglikelihood: -53332.8	(delta): 2366.37
5 (QN/Block) 	Elapsed: 0.056	Loglikelihood: -52070.5	(delta): 1262.33
6 (QN/Block) 	Elapsed: 0.053	Loglikelihood: -51355.4	(delta): 715.079
7 (QN/Block) 	Elapsed: 0.056	Loglikelihood: -51090	(delta): 265.336
8 (QN/Block) 	Elapsed: 0.052	Loglikelihood: -50971.6	(delta): 118.483
9 (QN/Block) 	Elapsed: 0.052	Loglikelihood: -50940.4	(delta): 31.1234
10 (QN/Block) 	Elapsed: 0.05	Loglikelihood: -50936.6	(delta): 3.87197
11 (QN/Block) 	Elapsed: 0.051	Loglikelihood: -50935.6	(delta): 0.995702
12 (QN/Block) 	Elapsed: 0.054	Loglikelihood: -50935.2	(delta): 0.36987
13 (QN/Block) 	Elapsed: 0.057	Loglikelihood: -50917.5	(delta): 17.7266
14 (QN/Block) 	Elapsed: 0.051	Loglikelihood: -50879.6	(delta): 37.8908
15 (QN/Block) 	Elapsed: 0.054	Loglikelihood: -50867.4	(delta): 12.2047
16 (QN/Block) 	Elapsed: 0.051	Loglikelihood: -50864.2	(delta): 3.21097
17 (QN/Block) 	Elapsed: 0.055	Loglikelihood: -50863.7	(delta): 0.476912
18 (QN/Block) 	Elapsed: 0.052	Loglikelihood: -50863.7	(delta): 0.0325
19 (QN/Block) 	Elapsed: 0.052	Loglikelihood: -50863.6	(delta): 0.00443796
20 (QN/Block) 	Elapsed: 0.055	Loglikelihood: -50863.6	(delta): 0.00145377
21 (QN/Block) 	Elapsed: 0.051	Loglikelihood: -50863.6	(delta): 6.08142e-06
Summary: 
Converged in 21 iterations (1.31 sec)
Loglikelihood: -50863.644950
Fst divergences between estimated populations: 
	Pop0	Pop1	Pop2	Pop3	Pop4	
Pop0	
Pop1	0.630	
Pop2	0.483	0.461	
Pop3	0.409	0.355	0.206	
Pop4	0.461	0.399	0.270	0.113	
Pop5	0.786	0.751	0.696	0.621	0.656	
CV error (K=6): 0.15356
Writing output files.
