****                   ADMIXTURE Version 1.3.0                  ****
****                    Copyright 2008-2015                     ****
****           David Alexander, Suyash Shringarpure,            ****
****                John  Novembre, Ken Lange                   ****
****                                                            ****
****                 Please cite our paper!                     ****
****   Information at www.genetics.ucla.edu/software/admixture  ****

Parallel execution requested.  Will use 8 threads.
Cross-validation will be performed.  Folds=10.
Random seed: 4639
Point estimation method: Block relaxation algorithm
Convergence acceleration algorithm: QuasiNewton, 3 secant conditions
Point estimation will terminate when objective function delta < 0.0001
Estimation of standard errors disabled; will compute point estimates only.
Size of G: 124x4511
Performing five EM steps to prime main algorithm
1 (EM) 	Elapsed: 0.021	Loglikelihood: -104389	(delta): 640971
2 (EM) 	Elapsed: 0.021	Loglikelihood: -93567.3	(delta): 10821.2
3 (EM) 	Elapsed: 0.023	Loglikelihood: -91676.3	(delta): 1891.01
4 (EM) 	Elapsed: 0.022	Loglikelihood: -90485.9	(delta): 1190.4
5 (EM) 	Elapsed: 0.022	Loglikelihood: -89531.5	(delta): 954.485
Initial loglikelihood: -89531.5
Starting main algorithm
1 (QN/Block) 	Elapsed: 0.04	Loglikelihood: -72921.4	(delta): 16610.1
2 (QN/Block) 	Elapsed: 0.043	Loglikelihood: -67966	(delta): 4955.36
3 (QN/Block) 	Elapsed: 0.044	Loglikelihood: -64950.2	(delta): 3015.78
4 (QN/Block) 	Elapsed: 0.041	Loglikelihood: -62943.3	(delta): 2006.94
5 (QN/Block) 	Elapsed: 0.042	Loglikelihood: -62030.4	(delta): 912.903
6 (QN/Block) 	Elapsed: 0.045	Loglikelihood: -61578.3	(delta): 452.058
7 (QN/Block) 	Elapsed: 0.043	Loglikelihood: -61399.4	(delta): 178.94
8 (QN/Block) 	Elapsed: 0.042	Loglikelihood: -61376.4	(delta): 23.0531
9 (QN/Block) 	Elapsed: 0.044	Loglikelihood: -61374.2	(delta): 2.18638
10 (QN/Block) 	Elapsed: 0.043	Loglikelihood: -61374	(delta): 0.169799
11 (QN/Block) 	Elapsed: 0.043	Loglikelihood: -61374	(delta): 0.000956112
12 (QN/Block) 	Elapsed: 0.037	Loglikelihood: -61374	(delta): 0.000387502
13 (QN/Block) 	Elapsed: 0.038	Loglikelihood: -61374	(delta): 6.09009e-05
Summary: 
Converged in 13 iterations (0.684 sec)
Loglikelihood: -61373.994082
Fst divergences between estimated populations: 
	Pop0	Pop1	Pop2	
Pop0	
Pop1	0.138	
Pop2	0.325	0.303	
Pop3	0.385	0.381	0.497	
CV error (K=4): 0.16706
Writing output files.
