****                   ADMIXTURE Version 1.3.0                  ****
****                    Copyright 2008-2015                     ****
****           David Alexander, Suyash Shringarpure,            ****
****                John  Novembre, Ken Lange                   ****
****                                                            ****
****                 Please cite our paper!                     ****
****   Information at www.genetics.ucla.edu/software/admixture  ****

Parallel execution requested.  Will use 8 threads.
Cross-validation will be performed.  Folds=10.
Random seed: 1794
Point estimation method: Block relaxation algorithm
Convergence acceleration algorithm: QuasiNewton, 3 secant conditions
Point estimation will terminate when objective function delta < 0.0001
Estimation of standard errors disabled; will compute point estimates only.
Size of G: 124x4511
Performing five EM steps to prime main algorithm
1 (EM) 	Elapsed: 0.025	Loglikelihood: -104956	(delta): 619836
2 (EM) 	Elapsed: 0.027	Loglikelihood: -93082.5	(delta): 11873.4
3 (EM) 	Elapsed: 0.026	Loglikelihood: -91151.9	(delta): 1930.59
4 (EM) 	Elapsed: 0.027	Loglikelihood: -90044.1	(delta): 1107.78
5 (EM) 	Elapsed: 0.027	Loglikelihood: -89245.6	(delta): 798.594
Initial loglikelihood: -89245.6
Starting main algorithm
1 (QN/Block) 	Elapsed: 0.043	Loglikelihood: -73019.3	(delta): 16226.2
2 (QN/Block) 	Elapsed: 0.041	Loglikelihood: -63504.7	(delta): 9514.64
3 (QN/Block) 	Elapsed: 0.044	Loglikelihood: -59001.8	(delta): 4502.85
4 (QN/Block) 	Elapsed: 0.044	Loglikelihood: -56961.4	(delta): 2040.38
5 (QN/Block) 	Elapsed: 0.045	Loglikelihood: -55830.5	(delta): 1130.97
6 (QN/Block) 	Elapsed: 0.044	Loglikelihood: -55212.8	(delta): 617.712
7 (QN/Block) 	Elapsed: 0.045	Loglikelihood: -54923.8	(delta): 288.909
8 (QN/Block) 	Elapsed: 0.047	Loglikelihood: -54843.1	(delta): 80.7413
9 (QN/Block) 	Elapsed: 0.048	Loglikelihood: -54835.6	(delta): 7.51834
10 (QN/Block) 	Elapsed: 0.05	Loglikelihood: -54835.5	(delta): 0.0536989
11 (QN/Block) 	Elapsed: 0.048	Loglikelihood: -54835.5	(delta): 0.00335192
12 (QN/Block) 	Elapsed: 0.046	Loglikelihood: -54835.5	(delta): 0.00115331
13 (QN/Block) 	Elapsed: 0.048	Loglikelihood: -54835.5	(delta): 0.000414491
14 (QN/Block) 	Elapsed: 0.048	Loglikelihood: -54835.5	(delta): 0.000152653
15 (QN/Block) 	Elapsed: 0.048	Loglikelihood: -54835.5	(delta): 2.29345e-07
Summary: 
Converged in 15 iterations (0.852 sec)
Loglikelihood: -54835.522786
Fst divergences between estimated populations: 
	Pop0	Pop1	Pop2	Pop3	
Pop0	
Pop1	0.650	
Pop2	0.444	0.789	
Pop3	0.387	0.759	0.634	
Pop4	0.135	0.636	0.407	0.372	
CV error (K=5): 0.15593
Writing output files.
