****                   ADMIXTURE Version 1.3.0                  ****
****                    Copyright 2008-2015                     ****
****           David Alexander, Suyash Shringarpure,            ****
****                John  Novembre, Ken Lange                   ****
****                                                            ****
****                 Please cite our paper!                     ****
****   Information at www.genetics.ucla.edu/software/admixture  ****

Parallel execution requested.  Will use 8 threads.
Cross-validation will be performed.  Folds=10.
Random seed: 4905
Point estimation method: Block relaxation algorithm
Convergence acceleration algorithm: QuasiNewton, 3 secant conditions
Point estimation will terminate when objective function delta < 0.0001
Estimation of standard errors disabled; will compute point estimates only.
Size of G: 124x4511
Performing five EM steps to prime main algorithm
1 (EM) 	Elapsed: 0.032	Loglikelihood: -106014	(delta): 609624
2 (EM) 	Elapsed: 0.033	Loglikelihood: -93445.2	(delta): 12568.5
3 (EM) 	Elapsed: 0.033	Loglikelihood: -91579	(delta): 1866.17
4 (EM) 	Elapsed: 0.033	Loglikelihood: -90520.4	(delta): 1058.62
5 (EM) 	Elapsed: 0.032	Loglikelihood: -89741.1	(delta): 779.258
Initial loglikelihood: -89741.1
Starting main algorithm
1 (QN/Block) 	Elapsed: 0.052	Loglikelihood: -70299.3	(delta): 19441.8
2 (QN/Block) 	Elapsed: 0.049	Loglikelihood: -61092.8	(delta): 9206.48
3 (QN/Block) 	Elapsed: 0.052	Loglikelihood: -57603.3	(delta): 3489.58
4 (QN/Block) 	Elapsed: 0.052	Loglikelihood: -55332	(delta): 2271.24
5 (QN/Block) 	Elapsed: 0.052	Loglikelihood: -54257.8	(delta): 1074.23
6 (QN/Block) 	Elapsed: 0.053	Loglikelihood: -53686.2	(delta): 571.586
7 (QN/Block) 	Elapsed: 0.055	Loglikelihood: -53445.4	(delta): 240.805
8 (QN/Block) 	Elapsed: 0.05	Loglikelihood: -53367.6	(delta): 77.8004
9 (QN/Block) 	Elapsed: 0.053	Loglikelihood: -53341.8	(delta): 25.8169
10 (QN/Block) 	Elapsed: 0.057	Loglikelihood: -53294.3	(delta): 47.5172
11 (QN/Block) 	Elapsed: 0.057	Loglikelihood: -53285.3	(delta): 8.99651
12 (QN/Block) 	Elapsed: 0.052	Loglikelihood: -53272.5	(delta): 12.7976
13 (QN/Block) 	Elapsed: 0.051	Loglikelihood: -53268	(delta): 4.44595
14 (QN/Block) 	Elapsed: 0.053	Loglikelihood: -53266.8	(delta): 1.21544
15 (QN/Block) 	Elapsed: 0.054	Loglikelihood: -53266.7	(delta): 0.106886
16 (QN/Block) 	Elapsed: 0.055	Loglikelihood: -53266.7	(delta): 0.00733319
17 (QN/Block) 	Elapsed: 0.057	Loglikelihood: -53266.7	(delta): 0.00415862
18 (QN/Block) 	Elapsed: 0.057	Loglikelihood: -53266.7	(delta): 0.000577334
19 (QN/Block) 	Elapsed: 0.053	Loglikelihood: -53266.7	(delta): 4.59128e-05
Summary: 
Converged in 19 iterations (1.216 sec)
Loglikelihood: -53266.685001
Fst divergences between estimated populations: 
	Pop0	Pop1	Pop2	Pop3	Pop4	
Pop0	
Pop1	0.248	
Pop2	0.620	0.659	
Pop3	0.125	0.215	0.624	
Pop4	0.116	0.266	0.656	0.138	
Pop5	0.382	0.446	0.750	0.378	0.421	
CV error (K=6): 0.16507
Writing output files.
