****                   ADMIXTURE Version 1.3.0                  ****
****                    Copyright 2008-2015                     ****
****           David Alexander, Suyash Shringarpure,            ****
****                John  Novembre, Ken Lange                   ****
****                                                            ****
****                 Please cite our paper!                     ****
****   Information at www.genetics.ucla.edu/software/admixture  ****

Parallel execution requested.  Will use 8 threads.
Cross-validation will be performed.  Folds=10.
Random seed: 518
Point estimation method: Block relaxation algorithm
Convergence acceleration algorithm: QuasiNewton, 3 secant conditions
Point estimation will terminate when objective function delta < 0.0001
Estimation of standard errors disabled; will compute point estimates only.
Size of G: 124x4511
Performing five EM steps to prime main algorithm
1 (EM) 	Elapsed: 0.036	Loglikelihood: -105017	(delta): 599733
2 (EM) 	Elapsed: 0.036	Loglikelihood: -92871.8	(delta): 12145.5
3 (EM) 	Elapsed: 0.037	Loglikelihood: -90666	(delta): 2205.84
4 (EM) 	Elapsed: 0.036	Loglikelihood: -89357	(delta): 1308.99
5 (EM) 	Elapsed: 0.037	Loglikelihood: -88368	(delta): 989.016
Initial loglikelihood: -88368
Starting main algorithm
1 (QN/Block) 	Elapsed: 0.055	Loglikelihood: -69684.1	(delta): 18683.8
2 (QN/Block) 	Elapsed: 0.056	Loglikelihood: -59985	(delta): 9699.19
3 (QN/Block) 	Elapsed: 0.062	Loglikelihood: -54733.7	(delta): 5251.25
4 (QN/Block) 	Elapsed: 0.061	Loglikelihood: -51983.2	(delta): 2750.49
5 (QN/Block) 	Elapsed: 0.062	Loglikelihood: -50504.3	(delta): 1478.93
6 (QN/Block) 	Elapsed: 0.066	Loglikelihood: -49642.8	(delta): 861.459
7 (QN/Block) 	Elapsed: 0.06	Loglikelihood: -49231.7	(delta): 411.145
8 (QN/Block) 	Elapsed: 0.059	Loglikelihood: -49080.3	(delta): 151.336
9 (QN/Block) 	Elapsed: 0.062	Loglikelihood: -49037.4	(delta): 42.9444
10 (QN/Block) 	Elapsed: 0.066	Loglikelihood: -49032.9	(delta): 4.54246
11 (QN/Block) 	Elapsed: 0.064	Loglikelihood: -49031.4	(delta): 1.48756
12 (QN/Block) 	Elapsed: 0.066	Loglikelihood: -49031.3	(delta): 0.0924205
13 (QN/Block) 	Elapsed: 0.074	Loglikelihood: -49031.3	(delta): 0.00626575
14 (QN/Block) 	Elapsed: 0.073	Loglikelihood: -49031.3	(delta): 0.000532484
15 (QN/Block) 	Elapsed: 0.066	Loglikelihood: -49031.3	(delta): 1.20004e-05
Summary: 
Converged in 15 iterations (1.169 sec)
Loglikelihood: -49031.264070
Fst divergences between estimated populations: 
	Pop0	Pop1	Pop2	Pop3	Pop4	Pop5	
Pop0	
Pop1	0.373	
Pop2	0.424	0.414	
Pop3	0.655	0.395	0.693	
Pop4	0.796	0.653	0.818	0.806	
Pop5	0.491	0.207	0.526	0.470	0.719	
Pop6	0.425	0.104	0.467	0.448	0.689	0.271	
CV error (K=7): 0.15134
Writing output files.
