****                   ADMIXTURE Version 1.3.0                  ****
****                    Copyright 2008-2015                     ****
****           David Alexander, Suyash Shringarpure,            ****
****                John  Novembre, Ken Lange                   ****
****                                                            ****
****                 Please cite our paper!                     ****
****   Information at www.genetics.ucla.edu/software/admixture  ****

Parallel execution requested.  Will use 8 threads.
Cross-validation will be performed.  Folds=10.
Random seed: 291
Point estimation method: Block relaxation algorithm
Convergence acceleration algorithm: QuasiNewton, 3 secant conditions
Point estimation will terminate when objective function delta < 0.0001
Estimation of standard errors disabled; will compute point estimates only.
Size of G: 124x4511
Performing five EM steps to prime main algorithm
1 (EM) 	Elapsed: 0.059	Loglikelihood: -105497	(delta): 589396
2 (EM) 	Elapsed: 0.059	Loglikelihood: -92339	(delta): 13158
3 (EM) 	Elapsed: 0.059	Loglikelihood: -89948.7	(delta): 2390.32
4 (EM) 	Elapsed: 0.058	Loglikelihood: -88513.2	(delta): 1435.49
5 (EM) 	Elapsed: 0.059	Loglikelihood: -87416.6	(delta): 1096.54
Initial loglikelihood: -87416.6
Starting main algorithm
1 (QN/Block) 	Elapsed: 0.077	Loglikelihood: -64336	(delta): 23080.6
2 (QN/Block) 	Elapsed: 0.079	Loglikelihood: -54294.8	(delta): 10041.2
3 (QN/Block) 	Elapsed: 0.085	Loglikelihood: -51082.8	(delta): 3212.02
4 (QN/Block) 	Elapsed: 0.089	Loglikelihood: -49298	(delta): 1784.81
5 (QN/Block) 	Elapsed: 0.082	Loglikelihood: -48126.6	(delta): 1171.38
6 (QN/Block) 	Elapsed: 0.085	Loglikelihood: -47391.8	(delta): 734.855
7 (QN/Block) 	Elapsed: 0.083	Loglikelihood: -46394.9	(delta): 996.858
8 (QN/Block) 	Elapsed: 0.083	Loglikelihood: -46109.2	(delta): 285.748
9 (QN/Block) 	Elapsed: 0.087	Loglikelihood: -45902.9	(delta): 206.289
10 (QN/Block) 	Elapsed: 0.084	Loglikelihood: -45650.1	(delta): 252.792
11 (QN/Block) 	Elapsed: 0.083	Loglikelihood: -45501.1	(delta): 149.003
12 (QN/Block) 	Elapsed: 0.082	Loglikelihood: -45441.5	(delta): 59.6238
13 (QN/Block) 	Elapsed: 0.084	Loglikelihood: -45329.1	(delta): 112.309
14 (QN/Block) 	Elapsed: 0.081	Loglikelihood: -45239.7	(delta): 89.4578
15 (QN/Block) 	Elapsed: 0.086	Loglikelihood: -45173.4	(delta): 66.2388
16 (QN/Block) 	Elapsed: 0.088	Loglikelihood: -45126.4	(delta): 47.0191
17 (QN/Block) 	Elapsed: 0.093	Loglikelihood: -45112.3	(delta): 14.1079
18 (QN/Block) 	Elapsed: 0.091	Loglikelihood: -45090.2	(delta): 22.1185
19 (QN/Block) 	Elapsed: 0.087	Loglikelihood: -45066.5	(delta): 23.6938
20 (QN/Block) 	Elapsed: 0.089	Loglikelihood: -45029.1	(delta): 37.4594
21 (QN/Block) 	Elapsed: 0.084	Loglikelihood: -44960.2	(delta): 68.8034
22 (QN/Block) 	Elapsed: 0.081	Loglikelihood: -44934.2	(delta): 26.0566
23 (QN/Block) 	Elapsed: 0.087	Loglikelihood: -44912.8	(delta): 21.3686
24 (QN/Block) 	Elapsed: 0.088	Loglikelihood: -44896.8	(delta): 16.0268
25 (QN/Block) 	Elapsed: 0.086	Loglikelihood: -44890	(delta): 6.78017
26 (QN/Block) 	Elapsed: 0.088	Loglikelihood: -44887.9	(delta): 2.08263
27 (QN/Block) 	Elapsed: 0.087	Loglikelihood: -44887.7	(delta): 0.261201
28 (QN/Block) 	Elapsed: 0.082	Loglikelihood: -44887.7	(delta): 0.00142403
29 (QN/Block) 	Elapsed: 0.081	Loglikelihood: -44887.7	(delta): 0.000212269
30 (QN/Block) 	Elapsed: 0.082	Loglikelihood: -44887.7	(delta): 0.000155066
31 (QN/Block) 	Elapsed: 0.082	Loglikelihood: -44887.7	(delta): 4.27628e-06
Summary: 
Converged in 31 iterations (2.985 sec)
Loglikelihood: -44887.669421
Fst divergences between estimated populations: 
	Pop0	Pop1	Pop2	Pop3	Pop4	Pop5	Pop6	Pop7	Pop8	
Pop0	
Pop1	0.411	
Pop2	0.469	0.646	
Pop3	0.153	0.378	0.446	
Pop4	0.432	0.587	0.672	0.408	
Pop5	0.601	0.724	0.764	0.582	0.740	
Pop6	0.432	0.613	0.401	0.407	0.634	0.735	
Pop7	0.327	0.412	0.558	0.274	0.484	0.661	0.525	
Pop8	0.116	0.378	0.426	0.138	0.396	0.567	0.392	0.304	
Pop9	0.299	0.366	0.537	0.247	0.467	0.652	0.504	0.214	0.279	
CV error (K=10): 0.15624
Writing output files.
