****                   ADMIXTURE Version 1.3.0                  ****
****                    Copyright 2008-2015                     ****
****           David Alexander, Suyash Shringarpure,            ****
****                John  Novembre, Ken Lange                   ****
****                                                            ****
****                 Please cite our paper!                     ****
****   Information at www.genetics.ucla.edu/software/admixture  ****

Parallel execution requested.  Will use 8 threads.
Cross-validation will be performed.  Folds=10.
Random seed: 1727
Point estimation method: Block relaxation algorithm
Convergence acceleration algorithm: QuasiNewton, 3 secant conditions
Point estimation will terminate when objective function delta < 0.0001
Estimation of standard errors disabled; will compute point estimates only.
Size of G: 124x4511
Performing five EM steps to prime main algorithm
1 (EM) 	Elapsed: 0.059	Loglikelihood: -104670	(delta): 591793
2 (EM) 	Elapsed: 0.058	Loglikelihood: -92066.3	(delta): 12604
3 (EM) 	Elapsed: 0.058	Loglikelihood: -89603.1	(delta): 2463.13
4 (EM) 	Elapsed: 0.058	Loglikelihood: -87914.9	(delta): 1688.29
5 (EM) 	Elapsed: 0.059	Loglikelihood: -86469.1	(delta): 1445.78
Initial loglikelihood: -86469.1
Starting main algorithm
1 (QN/Block) 	Elapsed: 0.076	Loglikelihood: -60853.4	(delta): 25615.6
2 (QN/Block) 	Elapsed: 0.076	Loglikelihood: -53480	(delta): 7373.47
3 (QN/Block) 	Elapsed: 0.084	Loglikelihood: -49861.2	(delta): 3618.79
4 (QN/Block) 	Elapsed: 0.086	Loglikelihood: -47991.2	(delta): 1870.02
5 (QN/Block) 	Elapsed: 0.081	Loglikelihood: -46999.8	(delta): 991.42
6 (QN/Block) 	Elapsed: 0.085	Loglikelihood: -46457.7	(delta): 542.026
7 (QN/Block) 	Elapsed: 0.081	Loglikelihood: -46219.7	(delta): 238.025
8 (QN/Block) 	Elapsed: 0.082	Loglikelihood: -46140.7	(delta): 79.0472
9 (QN/Block) 	Elapsed: 0.083	Loglikelihood: -46095.3	(delta): 45.3155
10 (QN/Block) 	Elapsed: 0.085	Loglikelihood: -46073.5	(delta): 21.8041
11 (QN/Block) 	Elapsed: 0.083	Loglikelihood: -46055.3	(delta): 18.287
12 (QN/Block) 	Elapsed: 0.082	Loglikelihood: -46036	(delta): 19.3001
13 (QN/Block) 	Elapsed: 0.092	Loglikelihood: -46021.3	(delta): 14.6177
14 (QN/Block) 	Elapsed: 0.084	Loglikelihood: -46014.3	(delta): 7.0208
15 (QN/Block) 	Elapsed: 0.087	Loglikelihood: -46010.8	(delta): 3.50049
16 (QN/Block) 	Elapsed: 0.088	Loglikelihood: -46009.5	(delta): 1.29466
17 (QN/Block) 	Elapsed: 0.086	Loglikelihood: -46009.4	(delta): 0.166272
18 (QN/Block) 	Elapsed: 0.086	Loglikelihood: -46009.4	(delta): 0.000426609
19 (QN/Block) 	Elapsed: 0.082	Loglikelihood: -46009.4	(delta): 0.000976893
20 (QN/Block) 	Elapsed: 0.084	Loglikelihood: -46009.4	(delta): 6.61487e-06
Summary: 
Converged in 20 iterations (2.014 sec)
Loglikelihood: -46009.350802
Fst divergences between estimated populations: 
	Pop0	Pop1	Pop2	Pop3	Pop4	Pop5	Pop6	Pop7	Pop8	
Pop0	
Pop1	0.519	
Pop2	0.513	0.165	
Pop3	0.599	0.675	0.678	
Pop4	0.560	0.635	0.634	0.427	
Pop5	0.275	0.390	0.380	0.439	0.397	
Pop6	0.745	0.779	0.783	0.800	0.775	0.636	
Pop7	0.215	0.455	0.446	0.540	0.502	0.228	0.701	
Pop8	0.315	0.411	0.401	0.452	0.411	0.130	0.647	0.279	
Pop9	0.283	0.392	0.383	0.447	0.404	0.074	0.640	0.244	0.097	
CV error (K=10): 0.15963
Writing output files.
