****                   ADMIXTURE Version 1.3.0                  ****
****                    Copyright 2008-2015                     ****
****           David Alexander, Suyash Shringarpure,            ****
****                John  Novembre, Ken Lange                   ****
****                                                            ****
****                 Please cite our paper!                     ****
****   Information at www.genetics.ucla.edu/software/admixture  ****

Parallel execution requested.  Will use 8 threads.
Cross-validation will be performed.  Folds=10.
Random seed: 2537
Point estimation method: Block relaxation algorithm
Convergence acceleration algorithm: QuasiNewton, 3 secant conditions
Point estimation will terminate when objective function delta < 0.0001
Estimation of standard errors disabled; will compute point estimates only.
Size of G: 124x4511
Performing five EM steps to prime main algorithm
1 (EM) 	Elapsed: 0.012	Loglikelihood: -99555.2	(delta): 715166
2 (EM) 	Elapsed: 0.011	Loglikelihood: -94528	(delta): 5027.22
3 (EM) 	Elapsed: 0.011	Loglikelihood: -93797.4	(delta): 730.62
4 (EM) 	Elapsed: 0.012	Loglikelihood: -93449	(delta): 348.434
5 (EM) 	Elapsed: 0.011	Loglikelihood: -93267.7	(delta): 181.268
Initial loglikelihood: -93267.7
Starting main algorithm
1 (QN/Block) 	Elapsed: 0.02	Loglikelihood: -90254.8	(delta): 3012.92
2 (QN/Block) 	Elapsed: 0.023	Loglikelihood: -86675	(delta): 3579.76
3 (QN/Block) 	Elapsed: 0.025	Loglikelihood: -84682.2	(delta): 1992.84
4 (QN/Block) 	Elapsed: 0.021	Loglikelihood: -82149.5	(delta): 2532.66
5 (QN/Block) 	Elapsed: 0.023	Loglikelihood: -80650.4	(delta): 1499.17
6 (QN/Block) 	Elapsed: 0.02	Loglikelihood: -80329.2	(delta): 321.198
7 (QN/Block) 	Elapsed: 0.023	Loglikelihood: -80203.8	(delta): 125.312
8 (QN/Block) 	Elapsed: 0.02	Loglikelihood: -80168.2	(delta): 35.6893
9 (QN/Block) 	Elapsed: 0.024	Loglikelihood: -80162.9	(delta): 5.24406
10 (QN/Block) 	Elapsed: 0.022	Loglikelihood: -80162.9	(delta): 0.0544982
11 (QN/Block) 	Elapsed: 0.025	Loglikelihood: -80162.9	(delta): 6.90331e-05
Summary: 
Converged in 11 iterations (0.324 sec)
Loglikelihood: -80162.855570
Fst divergences between estimated populations: 
	Pop0	
Pop0	
Pop1	0.187	
CV error (K=2): 0.19653
Writing output files.
