****                   ADMIXTURE Version 1.3.0                  ****
****                    Copyright 2008-2015                     ****
****           David Alexander, Suyash Shringarpure,            ****
****                John  Novembre, Ken Lange                   ****
****                                                            ****
****                 Please cite our paper!                     ****
****   Information at www.genetics.ucla.edu/software/admixture  ****

Parallel execution requested.  Will use 8 threads.
Cross-validation will be performed.  Folds=10.
Random seed: 1491
Point estimation method: Block relaxation algorithm
Convergence acceleration algorithm: QuasiNewton, 3 secant conditions
Point estimation will terminate when objective function delta < 0.0001
Estimation of standard errors disabled; will compute point estimates only.
Size of G: 124x4511
Performing five EM steps to prime main algorithm
1 (EM) 	Elapsed: 0.054	Loglikelihood: -105461	(delta): 590411
2 (EM) 	Elapsed: 0.054	Loglikelihood: -92612.9	(delta): 12848.3
3 (EM) 	Elapsed: 0.055	Loglikelihood: -90171.1	(delta): 2441.75
4 (EM) 	Elapsed: 0.055	Loglikelihood: -88679.1	(delta): 1492.06
5 (EM) 	Elapsed: 0.055	Loglikelihood: -87498.9	(delta): 1180.2
Initial loglikelihood: -87498.9
Starting main algorithm
1 (QN/Block) 	Elapsed: 0.078	Loglikelihood: -61958.2	(delta): 25540.6
2 (QN/Block) 	Elapsed: 0.078	Loglikelihood: -53342	(delta): 8616.24
3 (QN/Block) 	Elapsed: 0.085	Loglikelihood: -49889.2	(delta): 3452.84
4 (QN/Block) 	Elapsed: 0.09	Loglikelihood: -47450.7	(delta): 2438.45
5 (QN/Block) 	Elapsed: 0.091	Loglikelihood: -45880	(delta): 1570.7
6 (QN/Block) 	Elapsed: 0.083	Loglikelihood: -45076.9	(delta): 803.072
7 (QN/Block) 	Elapsed: 0.087	Loglikelihood: -44669.9	(delta): 407.069
8 (QN/Block) 	Elapsed: 0.084	Loglikelihood: -44430.8	(delta): 239.063
9 (QN/Block) 	Elapsed: 0.085	Loglikelihood: -44335.7	(delta): 95.1095
10 (QN/Block) 	Elapsed: 0.085	Loglikelihood: -44287.8	(delta): 47.8431
11 (QN/Block) 	Elapsed: 0.083	Loglikelihood: -44280.7	(delta): 7.18593
12 (QN/Block) 	Elapsed: 0.09	Loglikelihood: -44256.7	(delta): 23.9542
13 (QN/Block) 	Elapsed: 0.087	Loglikelihood: -44203.2	(delta): 53.4968
14 (QN/Block) 	Elapsed: 0.085	Loglikelihood: -44176.9	(delta): 26.3329
15 (QN/Block) 	Elapsed: 0.09	Loglikelihood: -44172.6	(delta): 4.2997
16 (QN/Block) 	Elapsed: 0.083	Loglikelihood: -44172.6	(delta): 0.0183708
17 (QN/Block) 	Elapsed: 0.083	Loglikelihood: -44172.6	(delta): 0.003204
18 (QN/Block) 	Elapsed: 0.085	Loglikelihood: -44172.6	(delta): 0.00133572
19 (QN/Block) 	Elapsed: 0.085	Loglikelihood: -44172.6	(delta): 0.000247736
20 (QN/Block) 	Elapsed: 0.084	Loglikelihood: -44172.6	(delta): 2.54703e-05
Summary: 
Converged in 20 iterations (2.024 sec)
Loglikelihood: -44172.550266
Fst divergences between estimated populations: 
	Pop0	Pop1	Pop2	Pop3	Pop4	Pop5	Pop6	Pop7	Pop8	
Pop0	
Pop1	0.144	
Pop2	0.436	0.410	
Pop3	0.172	0.131	0.447	
Pop4	0.281	0.223	0.456	0.277	
Pop5	0.433	0.416	0.650	0.450	0.499	
Pop6	0.119	0.182	0.475	0.205	0.305	0.475	
Pop7	0.647	0.637	0.780	0.656	0.687	0.773	0.678	
Pop8	0.127	0.147	0.420	0.164	0.272	0.418	0.162	0.634	
Pop9	0.450	0.432	0.675	0.468	0.510	0.409	0.494	0.792	0.434	
CV error (K=10): 0.16318
Writing output files.
