****                   ADMIXTURE Version 1.3.0                  ****
****                    Copyright 2008-2015                     ****
****           David Alexander, Suyash Shringarpure,            ****
****                John  Novembre, Ken Lange                   ****
****                                                            ****
****                 Please cite our paper!                     ****
****   Information at www.genetics.ucla.edu/software/admixture  ****

Parallel execution requested.  Will use 8 threads.
Cross-validation will be performed.  Folds=10.
Random seed: 1304
Point estimation method: Block relaxation algorithm
Convergence acceleration algorithm: QuasiNewton, 3 secant conditions
Point estimation will terminate when objective function delta < 0.0001
Estimation of standard errors disabled; will compute point estimates only.
Size of G: 124x4511
Performing five EM steps to prime main algorithm
1 (EM) 	Elapsed: 0.033	Loglikelihood: -105464	(delta): 606519
2 (EM) 	Elapsed: 0.032	Loglikelihood: -93597.8	(delta): 11866.3
3 (EM) 	Elapsed: 0.033	Loglikelihood: -91664.5	(delta): 1933.32
4 (EM) 	Elapsed: 0.033	Loglikelihood: -90592.8	(delta): 1071.72
5 (EM) 	Elapsed: 0.032	Loglikelihood: -89797.4	(delta): 795.399
Initial loglikelihood: -89797.4
Starting main algorithm
1 (QN/Block) 	Elapsed: 0.051	Loglikelihood: -73075.3	(delta): 16722.1
2 (QN/Block) 	Elapsed: 0.048	Loglikelihood: -63658	(delta): 9417.37
3 (QN/Block) 	Elapsed: 0.051	Loglikelihood: -59971.7	(delta): 3686.3
4 (QN/Block) 	Elapsed: 0.056	Loglikelihood: -56888.9	(delta): 3082.73
5 (QN/Block) 	Elapsed: 0.052	Loglikelihood: -54717.9	(delta): 2171.07
6 (QN/Block) 	Elapsed: 0.053	Loglikelihood: -52577	(delta): 2140.85
7 (QN/Block) 	Elapsed: 0.059	Loglikelihood: -51443.4	(delta): 1133.66
8 (QN/Block) 	Elapsed: 0.053	Loglikelihood: -50905.3	(delta): 538.086
9 (QN/Block) 	Elapsed: 0.05	Loglikelihood: -50662.9	(delta): 242.37
10 (QN/Block) 	Elapsed: 0.05	Loglikelihood: -50580.5	(delta): 82.3807
11 (QN/Block) 	Elapsed: 0.053	Loglikelihood: -50556.1	(delta): 24.4181
12 (QN/Block) 	Elapsed: 0.057	Loglikelihood: -50555.1	(delta): 0.975678
13 (QN/Block) 	Elapsed: 0.052	Loglikelihood: -50555.1	(delta): 4.06824e-05
Summary: 
Converged in 13 iterations (0.879 sec)
Loglikelihood: -50555.120903
Fst divergences between estimated populations: 
	Pop0	Pop1	Pop2	Pop3	Pop4	
Pop0	
Pop1	0.456	
Pop2	0.625	0.471	
Pop3	0.371	0.209	0.416	
Pop4	0.742	0.677	0.774	0.613	
Pop5	0.383	0.254	0.436	0.115	0.625	
CV error (K=6): 0.15342
Writing output files.
