****                   ADMIXTURE Version 1.3.0                  ****
****                    Copyright 2008-2015                     ****
****           David Alexander, Suyash Shringarpure,            ****
****                John  Novembre, Ken Lange                   ****
****                                                            ****
****                 Please cite our paper!                     ****
****   Information at www.genetics.ucla.edu/software/admixture  ****

Parallel execution requested.  Will use 8 threads.
Cross-validation will be performed.  Folds=10.
Random seed: 1668
Point estimation method: Block relaxation algorithm
Convergence acceleration algorithm: QuasiNewton, 3 secant conditions
Point estimation will terminate when objective function delta < 0.0001
Estimation of standard errors disabled; will compute point estimates only.
Size of G: 124x4511
Performing five EM steps to prime main algorithm
1 (EM) 	Elapsed: 0.052	Loglikelihood: -106200	(delta): 591210
2 (EM) 	Elapsed: 0.052	Loglikelihood: -93212.9	(delta): 12986.8
3 (EM) 	Elapsed: 0.052	Loglikelihood: -90927.7	(delta): 2285.2
4 (EM) 	Elapsed: 0.052	Loglikelihood: -89591.8	(delta): 1335.85
5 (EM) 	Elapsed: 0.053	Loglikelihood: -88544.9	(delta): 1046.87
Initial loglikelihood: -88544.9
Starting main algorithm
1 (QN/Block) 	Elapsed: 0.069	Loglikelihood: -64339.8	(delta): 24205.1
2 (QN/Block) 	Elapsed: 0.07	Loglikelihood: -54431.5	(delta): 9908.3
3 (QN/Block) 	Elapsed: 0.076	Loglikelihood: -50867.4	(delta): 3564.06
4 (QN/Block) 	Elapsed: 0.078	Loglikelihood: -48844.1	(delta): 2023.33
5 (QN/Block) 	Elapsed: 0.079	Loglikelihood: -47780.5	(delta): 1063.59
6 (QN/Block) 	Elapsed: 0.078	Loglikelihood: -46943.4	(delta): 837.16
7 (QN/Block) 	Elapsed: 0.074	Loglikelihood: -46231.7	(delta): 711.692
8 (QN/Block) 	Elapsed: 0.075	Loglikelihood: -45915.5	(delta): 316.224
9 (QN/Block) 	Elapsed: 0.077	Loglikelihood: -45793.6	(delta): 121.874
10 (QN/Block) 	Elapsed: 0.08	Loglikelihood: -45711.4	(delta): 82.1815
11 (QN/Block) 	Elapsed: 0.075	Loglikelihood: -45659.2	(delta): 52.2173
12 (QN/Block) 	Elapsed: 0.076	Loglikelihood: -45645.7	(delta): 13.4766
13 (QN/Block) 	Elapsed: 0.078	Loglikelihood: -45649.3	(delta): -3.56175
14 (QN/Block) 	Elapsed: 0.081	Loglikelihood: -45629.9	(delta): 19.3361
15 (QN/Block) 	Elapsed: 0.075	Loglikelihood: -45617.6	(delta): 12.3188
16 (QN/Block) 	Elapsed: 0.083	Loglikelihood: -45607.3	(delta): 10.3019
17 (QN/Block) 	Elapsed: 0.079	Loglikelihood: -45599.7	(delta): 7.64923
18 (QN/Block) 	Elapsed: 0.078	Loglikelihood: -45594.2	(delta): 5.42547
19 (QN/Block) 	Elapsed: 0.078	Loglikelihood: -45591.5	(delta): 2.72814
20 (QN/Block) 	Elapsed: 0.079	Loglikelihood: -45590.8	(delta): 0.704419
21 (QN/Block) 	Elapsed: 0.077	Loglikelihood: -45590.7	(delta): 0.0657345
22 (QN/Block) 	Elapsed: 0.081	Loglikelihood: -45590.7	(delta): 1.24493e-05
Summary: 
Converged in 22 iterations (2.01 sec)
Loglikelihood: -45590.734183
Fst divergences between estimated populations: 
	Pop0	Pop1	Pop2	Pop3	Pop4	Pop5	Pop6	Pop7	
Pop0	
Pop1	0.405	
Pop2	0.167	0.417	
Pop3	0.625	0.729	0.624	
Pop4	0.129	0.374	0.169	0.599	
Pop5	0.123	0.383	0.127	0.600	0.142	
Pop6	0.430	0.606	0.438	0.755	0.396	0.411	
Pop7	0.278	0.459	0.301	0.657	0.219	0.271	0.449	
Pop8	0.124	0.449	0.209	0.659	0.193	0.166	0.479	0.319	
CV error (K=9): 0.16543
Writing output files.
