****                   ADMIXTURE Version 1.3.0                  ****
****                    Copyright 2008-2015                     ****
****           David Alexander, Suyash Shringarpure,            ****
****                John  Novembre, Ken Lange                   ****
****                                                            ****
****                 Please cite our paper!                     ****
****   Information at www.genetics.ucla.edu/software/admixture  ****

Parallel execution requested.  Will use 8 threads.
Cross-validation will be performed.  Folds=10.
Random seed: 4541
Point estimation method: Block relaxation algorithm
Convergence acceleration algorithm: QuasiNewton, 3 secant conditions
Point estimation will terminate when objective function delta < 0.0001
Estimation of standard errors disabled; will compute point estimates only.
Size of G: 124x4511
Performing five EM steps to prime main algorithm
1 (EM) 	Elapsed: 0.015	Loglikelihood: -102540	(delta): 670523
2 (EM) 	Elapsed: 0.015	Loglikelihood: -93729.1	(delta): 8811.29
3 (EM) 	Elapsed: 0.016	Loglikelihood: -92220.6	(delta): 1508.47
4 (EM) 	Elapsed: 0.015	Loglikelihood: -91417.1	(delta): 803.505
5 (EM) 	Elapsed: 0.015	Loglikelihood: -90871.5	(delta): 545.609
Initial loglikelihood: -90871.5
Starting main algorithm
1 (QN/Block) 	Elapsed: 0.029	Loglikelihood: -82490	(delta): 8381.53
2 (QN/Block) 	Elapsed: 0.025	Loglikelihood: -78692.7	(delta): 3797.3
3 (QN/Block) 	Elapsed: 0.03	Loglikelihood: -77322.8	(delta): 1369.9
4 (QN/Block) 	Elapsed: 0.031	Loglikelihood: -75961.7	(delta): 1361.01
5 (QN/Block) 	Elapsed: 0.03	Loglikelihood: -74618.7	(delta): 1343.08
6 (QN/Block) 	Elapsed: 0.034	Loglikelihood: -73517.4	(delta): 1101.23
7 (QN/Block) 	Elapsed: 0.032	Loglikelihood: -72536.2	(delta): 981.245
8 (QN/Block) 	Elapsed: 0.035	Loglikelihood: -71663.8	(delta): 872.399
9 (QN/Block) 	Elapsed: 0.03	Loglikelihood: -71038.1	(delta): 625.722
10 (QN/Block) 	Elapsed: 0.03	Loglikelihood: -70730.1	(delta): 307.985
11 (QN/Block) 	Elapsed: 0.027	Loglikelihood: -70545.7	(delta): 184.375
12 (QN/Block) 	Elapsed: 0.032	Loglikelihood: -70439.8	(delta): 105.925
13 (QN/Block) 	Elapsed: 0.028	Loglikelihood: -70373.4	(delta): 66.4023
14 (QN/Block) 	Elapsed: 0.03	Loglikelihood: -70354.3	(delta): 19.0732
15 (QN/Block) 	Elapsed: 0.031	Loglikelihood: -70351	(delta): 3.3432
16 (QN/Block) 	Elapsed: 0.032	Loglikelihood: -70350.9	(delta): 0.0640021
17 (QN/Block) 	Elapsed: 0.028	Loglikelihood: -70350.9	(delta): 0.00259435
18 (QN/Block) 	Elapsed: 0.032	Loglikelihood: -70350.9	(delta): 0.00256262
19 (QN/Block) 	Elapsed: 0.031	Loglikelihood: -70350.9	(delta): 0.000696141
20 (QN/Block) 	Elapsed: 0.032	Loglikelihood: -70350.9	(delta): 0.000209119
21 (QN/Block) 	Elapsed: 0.026	Loglikelihood: -70350.9	(delta): 0.000101246
22 (QN/Block) 	Elapsed: 0.03	Loglikelihood: -70350.9	(delta): 2.96472e-06
Summary: 
Converged in 22 iterations (0.778 sec)
Loglikelihood: -70350.891929
Fst divergences between estimated populations: 
	Pop0	Pop1	
Pop0	
Pop1	0.201	
Pop2	0.432	0.368	
CV error (K=3): 0.17872
Writing output files.
