****                   ADMIXTURE Version 1.3.0                  ****
****                    Copyright 2008-2015                     ****
****           David Alexander, Suyash Shringarpure,            ****
****                John  Novembre, Ken Lange                   ****
****                                                            ****
****                 Please cite our paper!                     ****
****   Information at www.genetics.ucla.edu/software/admixture  ****

Parallel execution requested.  Will use 8 threads.
Cross-validation will be performed.  Folds=10.
Random seed: 2983
Point estimation method: Block relaxation algorithm
Convergence acceleration algorithm: QuasiNewton, 3 secant conditions
Point estimation will terminate when objective function delta < 0.0001
Estimation of standard errors disabled; will compute point estimates only.
Size of G: 124x4511
Performing five EM steps to prime main algorithm
1 (EM) 	Elapsed: 0.025	Loglikelihood: -104585	(delta): 621572
2 (EM) 	Elapsed: 0.027	Loglikelihood: -93312.4	(delta): 11272.2
3 (EM) 	Elapsed: 0.025	Loglikelihood: -91383.1	(delta): 1929.3
4 (EM) 	Elapsed: 0.025	Loglikelihood: -90253.6	(delta): 1129.5
5 (EM) 	Elapsed: 0.025	Loglikelihood: -89413.1	(delta): 840.553
Initial loglikelihood: -89413.1
Starting main algorithm
1 (QN/Block) 	Elapsed: 0.042	Loglikelihood: -70355.3	(delta): 19057.7
2 (QN/Block) 	Elapsed: 0.041	Loglikelihood: -62500.6	(delta): 7854.71
3 (QN/Block) 	Elapsed: 0.045	Loglikelihood: -59355.8	(delta): 3144.81
4 (QN/Block) 	Elapsed: 0.043	Loglikelihood: -57625.9	(delta): 1729.92
5 (QN/Block) 	Elapsed: 0.048	Loglikelihood: -56736.7	(delta): 889.241
6 (QN/Block) 	Elapsed: 0.048	Loglikelihood: -56249.3	(delta): 487.361
7 (QN/Block) 	Elapsed: 0.042	Loglikelihood: -56083.2	(delta): 166.104
8 (QN/Block) 	Elapsed: 0.047	Loglikelihood: -56051	(delta): 32.2038
9 (QN/Block) 	Elapsed: 0.046	Loglikelihood: -56047.3	(delta): 3.6793
10 (QN/Block) 	Elapsed: 0.045	Loglikelihood: -56046.3	(delta): 1.02962
11 (QN/Block) 	Elapsed: 0.046	Loglikelihood: -56046.1	(delta): 0.183327
12 (QN/Block) 	Elapsed: 0.048	Loglikelihood: -56046.1	(delta): 0.00136991
13 (QN/Block) 	Elapsed: 0.046	Loglikelihood: -56046.1	(delta): 2.91902e-05
Summary: 
Converged in 13 iterations (0.742 sec)
Loglikelihood: -56046.100469
Fst divergences between estimated populations: 
	Pop0	Pop1	Pop2	Pop3	
Pop0	
Pop1	0.202	
Pop2	0.112	0.259	
Pop3	0.359	0.445	0.413	
Pop4	0.650	0.694	0.685	0.769	
CV error (K=5): 0.16244
Writing output files.
