****                   ADMIXTURE Version 1.3.0                  ****
****                    Copyright 2008-2015                     ****
****           David Alexander, Suyash Shringarpure,            ****
****                John  Novembre, Ken Lange                   ****
****                                                            ****
****                 Please cite our paper!                     ****
****   Information at www.genetics.ucla.edu/software/admixture  ****

Parallel execution requested.  Will use 8 threads.
Cross-validation will be performed.  Folds=10.
Random seed: 4118
Point estimation method: Block relaxation algorithm
Convergence acceleration algorithm: QuasiNewton, 3 secant conditions
Point estimation will terminate when objective function delta < 0.0001
Estimation of standard errors disabled; will compute point estimates only.
Size of G: 124x4511
Performing five EM steps to prime main algorithm
1 (EM) 	Elapsed: 0.011	Loglikelihood: -100087	(delta): 714960
2 (EM) 	Elapsed: 0.01	Loglikelihood: -94585.3	(delta): 5501.58
3 (EM) 	Elapsed: 0.01	Loglikelihood: -93791.7	(delta): 793.631
4 (EM) 	Elapsed: 0.011	Loglikelihood: -93378.5	(delta): 413.187
5 (EM) 	Elapsed: 0.011	Loglikelihood: -93131.1	(delta): 247.451
Initial loglikelihood: -93131.1
Starting main algorithm
1 (QN/Block) 	Elapsed: 0.021	Loglikelihood: -87097.9	(delta): 6033.2
2 (QN/Block) 	Elapsed: 0.023	Loglikelihood: -84173.4	(delta): 2924.45
3 (QN/Block) 	Elapsed: 0.025	Loglikelihood: -83057.6	(delta): 1115.84
4 (QN/Block) 	Elapsed: 0.022	Loglikelihood: -81823.7	(delta): 1233.88
5 (QN/Block) 	Elapsed: 0.024	Loglikelihood: -81168.4	(delta): 655.328
6 (QN/Block) 	Elapsed: 0.023	Loglikelihood: -80896.2	(delta): 272.217
7 (QN/Block) 	Elapsed: 0.022	Loglikelihood: -80846.1	(delta): 50.1182
8 (QN/Block) 	Elapsed: 0.02	Loglikelihood: -80808.4	(delta): 37.6252
9 (QN/Block) 	Elapsed: 0.02	Loglikelihood: -80783.6	(delta): 24.8666
10 (QN/Block) 	Elapsed: 0.024	Loglikelihood: -80765	(delta): 18.5665
11 (QN/Block) 	Elapsed: 0.023	Loglikelihood: -80762.5	(delta): 2.45085
12 (QN/Block) 	Elapsed: 0.023	Loglikelihood: -80762.5	(delta): 0.0657648
13 (QN/Block) 	Elapsed: 0.026	Loglikelihood: -80762.5	(delta): 2.82039e-06
Summary: 
Converged in 13 iterations (0.373 sec)
Loglikelihood: -80762.483762
Fst divergences between estimated populations: 
	Pop0	
Pop0	
Pop1	0.206	
CV error (K=2): 0.19749
Writing output files.
