****                   ADMIXTURE Version 1.3.0                  ****
****                    Copyright 2008-2015                     ****
****           David Alexander, Suyash Shringarpure,            ****
****                John  Novembre, Ken Lange                   ****
****                                                            ****
****                 Please cite our paper!                     ****
****   Information at www.genetics.ucla.edu/software/admixture  ****

Parallel execution requested.  Will use 8 threads.
Cross-validation will be performed.  Folds=10.
Random seed: 4676
Point estimation method: Block relaxation algorithm
Convergence acceleration algorithm: QuasiNewton, 3 secant conditions
Point estimation will terminate when objective function delta < 0.0001
Estimation of standard errors disabled; will compute point estimates only.
Size of G: 124x4511
Performing five EM steps to prime main algorithm
1 (EM) 	Elapsed: 0.032	Loglikelihood: -105256	(delta): 608995
2 (EM) 	Elapsed: 0.034	Loglikelihood: -93349.6	(delta): 11906.2
3 (EM) 	Elapsed: 0.036	Loglikelihood: -91330.5	(delta): 2019.01
4 (EM) 	Elapsed: 0.034	Loglikelihood: -90207.4	(delta): 1123.13
5 (EM) 	Elapsed: 0.036	Loglikelihood: -89361.7	(delta): 845.726
Initial loglikelihood: -89361.7
Starting main algorithm
1 (QN/Block) 	Elapsed: 0.053	Loglikelihood: -70336.4	(delta): 19025.3
2 (QN/Block) 	Elapsed: 0.051	Loglikelihood: -63504.5	(delta): 6831.9
3 (QN/Block) 	Elapsed: 0.055	Loglikelihood: -60430.2	(delta): 3074.32
4 (QN/Block) 	Elapsed: 0.053	Loglikelihood: -58114.2	(delta): 2315.98
5 (QN/Block) 	Elapsed: 0.054	Loglikelihood: -56439.7	(delta): 1674.49
6 (QN/Block) 	Elapsed: 0.056	Loglikelihood: -55781.4	(delta): 658.29
7 (QN/Block) 	Elapsed: 0.055	Loglikelihood: -55476.4	(delta): 304.984
8 (QN/Block) 	Elapsed: 0.051	Loglikelihood: -55371	(delta): 105.465
9 (QN/Block) 	Elapsed: 0.051	Loglikelihood: -55339.4	(delta): 31.5611
10 (QN/Block) 	Elapsed: 0.051	Loglikelihood: -55319.7	(delta): 19.6846
11 (QN/Block) 	Elapsed: 0.053	Loglikelihood: -55306.8	(delta): 12.9475
12 (QN/Block) 	Elapsed: 0.06	Loglikelihood: -55300.2	(delta): 6.53804
13 (QN/Block) 	Elapsed: 0.053	Loglikelihood: -55296.9	(delta): 3.33732
14 (QN/Block) 	Elapsed: 0.054	Loglikelihood: -55296.3	(delta): 0.571674
15 (QN/Block) 	Elapsed: 0.051	Loglikelihood: -55296.3	(delta): 0.0281174
16 (QN/Block) 	Elapsed: 0.053	Loglikelihood: -55296.3	(delta): 0.000626408
17 (QN/Block) 	Elapsed: 0.05	Loglikelihood: -55296.3	(delta): 0.000116469
18 (QN/Block) 	Elapsed: 0.054	Loglikelihood: -55296.3	(delta): 2.66403e-05
Summary: 
Converged in 18 iterations (1.169 sec)
Loglikelihood: -55296.282764
Fst divergences between estimated populations: 
	Pop0	Pop1	Pop2	Pop3	Pop4	
Pop0	
Pop1	0.367	
Pop2	0.520	0.456	
Pop3	0.443	0.380	0.258	
Pop4	0.546	0.486	0.368	0.338	
Pop5	0.426	0.363	0.212	0.115	0.321	
CV error (K=6): 0.16479
Writing output files.
