****                   ADMIXTURE Version 1.3.0                  ****
****                    Copyright 2008-2015                     ****
****           David Alexander, Suyash Shringarpure,            ****
****                John  Novembre, Ken Lange                   ****
****                                                            ****
****                 Please cite our paper!                     ****
****   Information at www.genetics.ucla.edu/software/admixture  ****

Parallel execution requested.  Will use 8 threads.
Cross-validation will be performed.  Folds=10.
Random seed: 64
Point estimation method: Block relaxation algorithm
Convergence acceleration algorithm: QuasiNewton, 3 secant conditions
Point estimation will terminate when objective function delta < 0.0001
Estimation of standard errors disabled; will compute point estimates only.
Size of G: 124x4511
Performing five EM steps to prime main algorithm
1 (EM) 	Elapsed: 0.053	Loglikelihood: -105961	(delta): 590673
2 (EM) 	Elapsed: 0.055	Loglikelihood: -92795.3	(delta): 13165.2
3 (EM) 	Elapsed: 0.056	Loglikelihood: -90621.9	(delta): 2173.48
4 (EM) 	Elapsed: 0.056	Loglikelihood: -89361.2	(delta): 1260.65
5 (EM) 	Elapsed: 0.055	Loglikelihood: -88395.7	(delta): 965.469
Initial loglikelihood: -88395.7
Starting main algorithm
1 (QN/Block) 	Elapsed: 0.082	Loglikelihood: -63249.2	(delta): 25146.5
2 (QN/Block) 	Elapsed: 0.081	Loglikelihood: -53651	(delta): 9598.22
3 (QN/Block) 	Elapsed: 0.088	Loglikelihood: -49878.4	(delta): 3772.63
4 (QN/Block) 	Elapsed: 0.09	Loglikelihood: -47866.9	(delta): 2011.5
5 (QN/Block) 	Elapsed: 0.083	Loglikelihood: -46539.1	(delta): 1327.76
6 (QN/Block) 	Elapsed: 0.083	Loglikelihood: -45794.4	(delta): 744.752
7 (QN/Block) 	Elapsed: 0.087	Loglikelihood: -45404.9	(delta): 389.454
8 (QN/Block) 	Elapsed: 0.084	Loglikelihood: -45275.9	(delta): 129.02
9 (QN/Block) 	Elapsed: 0.091	Loglikelihood: -45227	(delta): 48.9107
10 (QN/Block) 	Elapsed: 0.084	Loglikelihood: -45217.4	(delta): 9.59684
11 (QN/Block) 	Elapsed: 0.084	Loglikelihood: -45213.2	(delta): 4.18014
12 (QN/Block) 	Elapsed: 0.088	Loglikelihood: -45183	(delta): 30.2387
13 (QN/Block) 	Elapsed: 0.088	Loglikelihood: -45160	(delta): 22.9491
14 (QN/Block) 	Elapsed: 0.089	Loglikelihood: -45151.8	(delta): 8.17023
15 (QN/Block) 	Elapsed: 0.087	Loglikelihood: -45151.5	(delta): 0.348287
16 (QN/Block) 	Elapsed: 0.082	Loglikelihood: -45151.5	(delta): 0.00539132
17 (QN/Block) 	Elapsed: 0.082	Loglikelihood: -45151.5	(delta): 0.000559055
18 (QN/Block) 	Elapsed: 0.084	Loglikelihood: -45151.5	(delta): 5.10528e-05
Summary: 
Converged in 18 iterations (1.856 sec)
Loglikelihood: -45151.484602
Fst divergences between estimated populations: 
	Pop0	Pop1	Pop2	Pop3	Pop4	Pop5	Pop6	Pop7	Pop8	
Pop0	
Pop1	0.143	
Pop2	0.279	0.225	
Pop3	0.599	0.593	0.655	
Pop4	0.096	0.124	0.275	0.600	
Pop5	0.389	0.378	0.465	0.724	0.390	
Pop6	0.417	0.399	0.457	0.751	0.416	0.606	
Pop7	0.392	0.370	0.361	0.736	0.397	0.577	0.592	
Pop8	0.079	0.135	0.280	0.591	0.096	0.383	0.409	0.392	
Pop9	0.143	0.191	0.325	0.652	0.144	0.454	0.481	0.454	0.150	
CV error (K=10): 0.17113
Writing output files.
