****                   ADMIXTURE Version 1.3.0                  ****
****                    Copyright 2008-2015                     ****
****           David Alexander, Suyash Shringarpure,            ****
****                John  Novembre, Ken Lange                   ****
****                                                            ****
****                 Please cite our paper!                     ****
****   Information at www.genetics.ucla.edu/software/admixture  ****

Parallel execution requested.  Will use 8 threads.
Cross-validation will be performed.  Folds=10.
Random seed: 4160
Point estimation method: Block relaxation algorithm
Convergence acceleration algorithm: QuasiNewton, 3 secant conditions
Point estimation will terminate when objective function delta < 0.0001
Estimation of standard errors disabled; will compute point estimates only.
Size of G: 124x4511
Performing five EM steps to prime main algorithm
1 (EM) 	Elapsed: 0.044	Loglikelihood: -105002	(delta): 601740
2 (EM) 	Elapsed: 0.045	Loglikelihood: -92757.6	(delta): 12244.4
3 (EM) 	Elapsed: 0.045	Loglikelihood: -90550.2	(delta): 2207.43
4 (EM) 	Elapsed: 0.044	Loglikelihood: -89219	(delta): 1331.16
5 (EM) 	Elapsed: 0.044	Loglikelihood: -88209	(delta): 1009.99
Initial loglikelihood: -88209
Starting main algorithm
1 (QN/Block) 	Elapsed: 0.062	Loglikelihood: -67823.5	(delta): 20385.5
2 (QN/Block) 	Elapsed: 0.062	Loglikelihood: -59447.9	(delta): 8375.59
3 (QN/Block) 	Elapsed: 0.067	Loglikelihood: -54287.2	(delta): 5160.7
4 (QN/Block) 	Elapsed: 0.067	Loglikelihood: -50825.6	(delta): 3461.55
5 (QN/Block) 	Elapsed: 0.069	Loglikelihood: -49179.5	(delta): 1646.18
6 (QN/Block) 	Elapsed: 0.066	Loglikelihood: -48297.5	(delta): 881.968
7 (QN/Block) 	Elapsed: 0.068	Loglikelihood: -47763.9	(delta): 533.602
8 (QN/Block) 	Elapsed: 0.07	Loglikelihood: -47459.9	(delta): 304.026
9 (QN/Block) 	Elapsed: 0.066	Loglikelihood: -47224.6	(delta): 235.262
10 (QN/Block) 	Elapsed: 0.077	Loglikelihood: -47030.5	(delta): 194.133
11 (QN/Block) 	Elapsed: 0.071	Loglikelihood: -46912.4	(delta): 118.038
12 (QN/Block) 	Elapsed: 0.071	Loglikelihood: -46876.5	(delta): 35.8891
13 (QN/Block) 	Elapsed: 0.07	Loglikelihood: -46844.5	(delta): 32.0669
14 (QN/Block) 	Elapsed: 0.07	Loglikelihood: -46834.7	(delta): 9.76267
15 (QN/Block) 	Elapsed: 0.067	Loglikelihood: -46833.3	(delta): 1.43377
16 (QN/Block) 	Elapsed: 0.069	Loglikelihood: -46824.8	(delta): 8.52655
17 (QN/Block) 	Elapsed: 0.076	Loglikelihood: -46822.5	(delta): 2.23454
18 (QN/Block) 	Elapsed: 0.066	Loglikelihood: -46821.8	(delta): 0.722306
19 (QN/Block) 	Elapsed: 0.073	Loglikelihood: -46821.6	(delta): 0.163854
20 (QN/Block) 	Elapsed: 0.069	Loglikelihood: -46821.6	(delta): 0.0207129
21 (QN/Block) 	Elapsed: 0.067	Loglikelihood: -46821.6	(delta): 0.00514976
22 (QN/Block) 	Elapsed: 0.065	Loglikelihood: -46821.6	(delta): 0.000854299
23 (QN/Block) 	Elapsed: 0.066	Loglikelihood: -46821.6	(delta): 8.03646e-05
Summary: 
Converged in 23 iterations (1.841 sec)
Loglikelihood: -46821.606384
Fst divergences between estimated populations: 
	Pop0	Pop1	Pop2	Pop3	Pop4	Pop5	Pop6	
Pop0	
Pop1	0.243	
Pop2	0.217	0.084	
Pop3	0.257	0.126	0.127	
Pop4	0.459	0.384	0.374	0.369	
Pop5	0.432	0.388	0.378	0.378	0.595	
Pop6	0.305	0.160	0.169	0.127	0.432	0.451	
Pop7	0.652	0.607	0.601	0.597	0.732	0.757	0.652	
CV error (K=8): 0.16134
Writing output files.
