****                   ADMIXTURE Version 1.3.0                  ****
****                    Copyright 2008-2015                     ****
****           David Alexander, Suyash Shringarpure,            ****
****                John  Novembre, Ken Lange                   ****
****                                                            ****
****                 Please cite our paper!                     ****
****   Information at www.genetics.ucla.edu/software/admixture  ****

Parallel execution requested.  Will use 8 threads.
Cross-validation will be performed.  Folds=10.
Random seed: 4743
Point estimation method: Block relaxation algorithm
Convergence acceleration algorithm: QuasiNewton, 3 secant conditions
Point estimation will terminate when objective function delta < 0.0001
Estimation of standard errors disabled; will compute point estimates only.
Size of G: 124x4511
Performing five EM steps to prime main algorithm
1 (EM) 	Elapsed: 0.046	Loglikelihood: -106006	(delta): 587020
2 (EM) 	Elapsed: 0.045	Loglikelihood: -92838.6	(delta): 13167.6
3 (EM) 	Elapsed: 0.045	Loglikelihood: -90538.3	(delta): 2300.22
4 (EM) 	Elapsed: 0.046	Loglikelihood: -89180.7	(delta): 1357.64
5 (EM) 	Elapsed: 0.05	Loglikelihood: -88116.7	(delta): 1064.05
Initial loglikelihood: -88116.7
Starting main algorithm
1 (QN/Block) 	Elapsed: 0.076	Loglikelihood: -63746.5	(delta): 24370.2
2 (QN/Block) 	Elapsed: 0.071	Loglikelihood: -53785.3	(delta): 9961.19
3 (QN/Block) 	Elapsed: 0.08	Loglikelihood: -50216.3	(delta): 3569.03
4 (QN/Block) 	Elapsed: 0.079	Loglikelihood: -48220.8	(delta): 1995.45
5 (QN/Block) 	Elapsed: 0.078	Loglikelihood: -47028.1	(delta): 1192.76
6 (QN/Block) 	Elapsed: 0.081	Loglikelihood: -46261.1	(delta): 766.938
7 (QN/Block) 	Elapsed: 0.074	Loglikelihood: -45791.8	(delta): 469.299
8 (QN/Block) 	Elapsed: 0.079	Loglikelihood: -45433.9	(delta): 357.9
9 (QN/Block) 	Elapsed: 0.08	Loglikelihood: -45263.9	(delta): 170.003
10 (QN/Block) 	Elapsed: 0.076	Loglikelihood: -45190	(delta): 73.9399
11 (QN/Block) 	Elapsed: 0.078	Loglikelihood: -45153.5	(delta): 36.4911
12 (QN/Block) 	Elapsed: 0.08	Loglikelihood: -45143.8	(delta): 9.70656
13 (QN/Block) 	Elapsed: 0.079	Loglikelihood: -45106.1	(delta): 37.6878
14 (QN/Block) 	Elapsed: 0.077	Loglikelihood: -45091.4	(delta): 14.7173
15 (QN/Block) 	Elapsed: 0.076	Loglikelihood: -45087.5	(delta): 3.83726
16 (QN/Block) 	Elapsed: 0.075	Loglikelihood: -45084.9	(delta): 2.6509
17 (QN/Block) 	Elapsed: 0.085	Loglikelihood: -45078.9	(delta): 6.00809
18 (QN/Block) 	Elapsed: 0.078	Loglikelihood: -45078.2	(delta): 0.696309
19 (QN/Block) 	Elapsed: 0.081	Loglikelihood: -45078.1	(delta): 0.0451432
20 (QN/Block) 	Elapsed: 0.079	Loglikelihood: -45078.1	(delta): 0.00406678
21 (QN/Block) 	Elapsed: 0.073	Loglikelihood: -45078.1	(delta): 0.000451792
22 (QN/Block) 	Elapsed: 0.076	Loglikelihood: -45078.1	(delta): 6.0106e-06
Summary: 
Converged in 22 iterations (1.995 sec)
Loglikelihood: -45078.127084
Fst divergences between estimated populations: 
	Pop0	Pop1	Pop2	Pop3	Pop4	Pop5	Pop6	Pop7	
Pop0	
Pop1	0.642	
Pop2	0.412	0.424	
Pop3	0.440	0.449	0.173	
Pop4	0.413	0.424	0.168	0.134	
Pop5	0.770	0.777	0.640	0.661	0.632	
Pop6	0.398	0.404	0.083	0.146	0.138	0.633	
Pop7	0.489	0.457	0.240	0.286	0.274	0.686	0.219	
Pop8	0.407	0.680	0.444	0.474	0.444	0.793	0.434	0.518	
CV error (K=9): 0.15849
Writing output files.
