****                   ADMIXTURE Version 1.3.0                  ****
****                    Copyright 2008-2015                     ****
****           David Alexander, Suyash Shringarpure,            ****
****                John  Novembre, Ken Lange                   ****
****                                                            ****
****                 Please cite our paper!                     ****
****   Information at www.genetics.ucla.edu/software/admixture  ****

Parallel execution requested.  Will use 8 threads.
Cross-validation will be performed.  Folds=10.
Random seed: 1850
Point estimation method: Block relaxation algorithm
Convergence acceleration algorithm: QuasiNewton, 3 secant conditions
Point estimation will terminate when objective function delta < 0.0001
Estimation of standard errors disabled; will compute point estimates only.
Size of G: 124x4511
Performing five EM steps to prime main algorithm
1 (EM) 	Elapsed: 0.044	Loglikelihood: -105431	(delta): 600361
2 (EM) 	Elapsed: 0.044	Loglikelihood: -92549.9	(delta): 12881
3 (EM) 	Elapsed: 0.045	Loglikelihood: -90038.2	(delta): 2511.76
4 (EM) 	Elapsed: 0.045	Loglikelihood: -88458.4	(delta): 1579.8
5 (EM) 	Elapsed: 0.044	Loglikelihood: -87193.8	(delta): 1264.54
Initial loglikelihood: -87193.8
Starting main algorithm
1 (QN/Block) 	Elapsed: 0.066	Loglikelihood: -65433.7	(delta): 21760.1
2 (QN/Block) 	Elapsed: 0.062	Loglikelihood: -57720.2	(delta): 7713.48
3 (QN/Block) 	Elapsed: 0.066	Loglikelihood: -53387	(delta): 4333.24
4 (QN/Block) 	Elapsed: 0.069	Loglikelihood: -50353.9	(delta): 3033.03
5 (QN/Block) 	Elapsed: 0.066	Loglikelihood: -48245	(delta): 2108.94
6 (QN/Block) 	Elapsed: 0.066	Loglikelihood: -47057.9	(delta): 1187.13
7 (QN/Block) 	Elapsed: 0.066	Loglikelihood: -46619	(delta): 438.834
8 (QN/Block) 	Elapsed: 0.069	Loglikelihood: -46480.9	(delta): 138.136
9 (QN/Block) 	Elapsed: 0.068	Loglikelihood: -46434.9	(delta): 46.0115
10 (QN/Block) 	Elapsed: 0.067	Loglikelihood: -46419.4	(delta): 15.4649
11 (QN/Block) 	Elapsed: 0.072	Loglikelihood: -46367.9	(delta): 51.5084
12 (QN/Block) 	Elapsed: 0.069	Loglikelihood: -46321.6	(delta): 46.3367
13 (QN/Block) 	Elapsed: 0.07	Loglikelihood: -46280.4	(delta): 41.1823
14 (QN/Block) 	Elapsed: 0.066	Loglikelihood: -46269	(delta): 11.3761
15 (QN/Block) 	Elapsed: 0.069	Loglikelihood: -46268.4	(delta): 0.644909
16 (QN/Block) 	Elapsed: 0.075	Loglikelihood: -46268.4	(delta): 0.0108857
17 (QN/Block) 	Elapsed: 0.072	Loglikelihood: -46268.4	(delta): 0.00203526
18 (QN/Block) 	Elapsed: 0.07	Loglikelihood: -46268.4	(delta): 2.83944e-05
Summary: 
Converged in 18 iterations (1.488 sec)
Loglikelihood: -46268.367881
Fst divergences between estimated populations: 
	Pop0	Pop1	Pop2	Pop3	Pop4	Pop5	Pop6	
Pop0	
Pop1	0.638	
Pop2	0.388	0.388	
Pop3	0.670	0.382	0.417	
Pop4	0.449	0.486	0.214	0.510	
Pop5	0.444	0.439	0.141	0.469	0.285	
Pop6	0.398	0.393	0.121	0.420	0.259	0.114	
Pop7	0.777	0.770	0.625	0.791	0.684	0.662	0.625	
CV error (K=8): 0.15301
Writing output files.
