****                   ADMIXTURE Version 1.3.0                  ****
****                    Copyright 2008-2015                     ****
****           David Alexander, Suyash Shringarpure,            ****
****                John  Novembre, Ken Lange                   ****
****                                                            ****
****                 Please cite our paper!                     ****
****   Information at www.genetics.ucla.edu/software/admixture  ****

Parallel execution requested.  Will use 8 threads.
Cross-validation will be performed.  Folds=10.
Random seed: 4359
Point estimation method: Block relaxation algorithm
Convergence acceleration algorithm: QuasiNewton, 3 secant conditions
Point estimation will terminate when objective function delta < 0.0001
Estimation of standard errors disabled; will compute point estimates only.
Size of G: 124x4511
Performing five EM steps to prime main algorithm
1 (EM) 	Elapsed: 0.037	Loglikelihood: -104676	(delta): 604755
2 (EM) 	Elapsed: 0.038	Loglikelihood: -92971.2	(delta): 11705.3
3 (EM) 	Elapsed: 0.039	Loglikelihood: -90981	(delta): 1990.21
4 (EM) 	Elapsed: 0.04	Loglikelihood: -89831.3	(delta): 1149.65
5 (EM) 	Elapsed: 0.037	Loglikelihood: -88983.3	(delta): 848.032
Initial loglikelihood: -88983.3
Starting main algorithm
1 (QN/Block) 	Elapsed: 0.055	Loglikelihood: -70321.2	(delta): 18662.1
2 (QN/Block) 	Elapsed: 0.055	Loglikelihood: -58128.5	(delta): 12192.7
3 (QN/Block) 	Elapsed: 0.06	Loglikelihood: -53897.3	(delta): 4231.17
4 (QN/Block) 	Elapsed: 0.059	Loglikelihood: -51587.4	(delta): 2309.95
5 (QN/Block) 	Elapsed: 0.062	Loglikelihood: -50186.7	(delta): 1400.63
6 (QN/Block) 	Elapsed: 0.059	Loglikelihood: -49240.7	(delta): 946.036
7 (QN/Block) 	Elapsed: 0.061	Loglikelihood: -48941.6	(delta): 299.072
8 (QN/Block) 	Elapsed: 0.061	Loglikelihood: -48869.2	(delta): 72.4188
9 (QN/Block) 	Elapsed: 0.058	Loglikelihood: -48861.5	(delta): 7.73209
10 (QN/Block) 	Elapsed: 0.058	Loglikelihood: -48861.3	(delta): 0.152521
11 (QN/Block) 	Elapsed: 0.06	Loglikelihood: -48861	(delta): 0.28939
12 (QN/Block) 	Elapsed: 0.06	Loglikelihood: -48861	(delta): 0.00530491
13 (QN/Block) 	Elapsed: 0.059	Loglikelihood: -48861	(delta): 0.00163703
14 (QN/Block) 	Elapsed: 0.065	Loglikelihood: -48861	(delta): 0.000697942
15 (QN/Block) 	Elapsed: 0.065	Loglikelihood: -48861	(delta): 0.00130425
16 (QN/Block) 	Elapsed: 0.062	Loglikelihood: -48861	(delta): 4.16469e-07
Summary: 
Converged in 16 iterations (1.187 sec)
Loglikelihood: -48861.021573
Fst divergences between estimated populations: 
	Pop0	Pop1	Pop2	Pop3	Pop4	Pop5	
Pop0	
Pop1	0.770	
Pop2	0.630	0.433	
Pop3	0.756	0.642	0.410	
Pop4	0.681	0.465	0.261	0.488	
Pop5	0.787	0.685	0.447	0.415	0.522	
Pop6	0.610	0.402	0.116	0.389	0.211	0.424	
CV error (K=7): 0.15008
Writing output files.
