****                   ADMIXTURE Version 1.3.0                  ****
****                    Copyright 2008-2015                     ****
****           David Alexander, Suyash Shringarpure,            ****
****                John  Novembre, Ken Lange                   ****
****                                                            ****
****                 Please cite our paper!                     ****
****   Information at www.genetics.ucla.edu/software/admixture  ****

Parallel execution requested.  Will use 8 threads.
Cross-validation will be performed.  Folds=10.
Random seed: 1369
Point estimation method: Block relaxation algorithm
Convergence acceleration algorithm: QuasiNewton, 3 secant conditions
Point estimation will terminate when objective function delta < 0.0001
Estimation of standard errors disabled; will compute point estimates only.
Size of G: 124x4511
Performing five EM steps to prime main algorithm
1 (EM) 	Elapsed: 0.02	Loglikelihood: -104810	(delta): 629100
2 (EM) 	Elapsed: 0.02	Loglikelihood: -93886.7	(delta): 10923.6
3 (EM) 	Elapsed: 0.02	Loglikelihood: -92247.3	(delta): 1639.31
4 (EM) 	Elapsed: 0.021	Loglikelihood: -91349.7	(delta): 897.684
5 (EM) 	Elapsed: 0.02	Loglikelihood: -90703.2	(delta): 646.469
Initial loglikelihood: -90703.2
Starting main algorithm
1 (QN/Block) 	Elapsed: 0.035	Loglikelihood: -78464.1	(delta): 12239.1
2 (QN/Block) 	Elapsed: 0.036	Loglikelihood: -69048.5	(delta): 9415.59
3 (QN/Block) 	Elapsed: 0.041	Loglikelihood: -66171.6	(delta): 2876.86
4 (QN/Block) 	Elapsed: 0.04	Loglikelihood: -63571.7	(delta): 2599.94
5 (QN/Block) 	Elapsed: 0.039	Loglikelihood: -62174.3	(delta): 1397.38
6 (QN/Block) 	Elapsed: 0.043	Loglikelihood: -61679.6	(delta): 494.706
7 (QN/Block) 	Elapsed: 0.042	Loglikelihood: -61493.3	(delta): 186.328
8 (QN/Block) 	Elapsed: 0.038	Loglikelihood: -61414.9	(delta): 78.4062
9 (QN/Block) 	Elapsed: 0.043	Loglikelihood: -61388.8	(delta): 26.0864
10 (QN/Block) 	Elapsed: 0.042	Loglikelihood: -61387.2	(delta): 1.59675
11 (QN/Block) 	Elapsed: 0.04	Loglikelihood: -61387.2	(delta): 0.00148443
12 (QN/Block) 	Elapsed: 0.039	Loglikelihood: -61387.2	(delta): 0.000559599
13 (QN/Block) 	Elapsed: 0.038	Loglikelihood: -61387.2	(delta): 0.000108178
14 (QN/Block) 	Elapsed: 0.045	Loglikelihood: -61387.2	(delta): 2.38138e-05
Summary: 
Converged in 14 iterations (0.693 sec)
Loglikelihood: -61387.203667
Fst divergences between estimated populations: 
	Pop0	Pop1	Pop2	
Pop0	
Pop1	0.419	
Pop2	0.636	0.438	
Pop3	0.357	0.221	0.417	
CV error (K=4): 0.16369
Writing output files.
