****                   ADMIXTURE Version 1.3.0                  ****
****                    Copyright 2008-2015                     ****
****           David Alexander, Suyash Shringarpure,            ****
****                John  Novembre, Ken Lange                   ****
****                                                            ****
****                 Please cite our paper!                     ****
****   Information at www.genetics.ucla.edu/software/admixture  ****

Parallel execution requested.  Will use 8 threads.
Cross-validation will be performed.  Folds=10.
Random seed: 2731
Point estimation method: Block relaxation algorithm
Convergence acceleration algorithm: QuasiNewton, 3 secant conditions
Point estimation will terminate when objective function delta < 0.0001
Estimation of standard errors disabled; will compute point estimates only.
Size of G: 124x4511
Performing five EM steps to prime main algorithm
1 (EM) 	Elapsed: 0.031	Loglikelihood: -105188	(delta): 612744
2 (EM) 	Elapsed: 0.034	Loglikelihood: -93292.5	(delta): 11895.9
3 (EM) 	Elapsed: 0.031	Loglikelihood: -91267.8	(delta): 2024.74
4 (EM) 	Elapsed: 0.032	Loglikelihood: -90146.2	(delta): 1121.54
5 (EM) 	Elapsed: 0.032	Loglikelihood: -89323.3	(delta): 822.903
Initial loglikelihood: -89323.3
Starting main algorithm
1 (QN/Block) 	Elapsed: 0.05	Loglikelihood: -72717.1	(delta): 16606.2
2 (QN/Block) 	Elapsed: 0.048	Loglikelihood: -63328.8	(delta): 9388.32
3 (QN/Block) 	Elapsed: 0.054	Loglikelihood: -59604.1	(delta): 3724.69
4 (QN/Block) 	Elapsed: 0.052	Loglikelihood: -57565	(delta): 2039.06
5 (QN/Block) 	Elapsed: 0.052	Loglikelihood: -56267.4	(delta): 1297.65
6 (QN/Block) 	Elapsed: 0.057	Loglikelihood: -55581.5	(delta): 685.933
7 (QN/Block) 	Elapsed: 0.052	Loglikelihood: -55248	(delta): 333.508
8 (QN/Block) 	Elapsed: 0.052	Loglikelihood: -55131	(delta): 116.942
9 (QN/Block) 	Elapsed: 0.051	Loglikelihood: -55106	(delta): 24.98
10 (QN/Block) 	Elapsed: 0.054	Loglikelihood: -55093.5	(delta): 12.5124
11 (QN/Block) 	Elapsed: 0.053	Loglikelihood: -55092.1	(delta): 1.43765
12 (QN/Block) 	Elapsed: 0.054	Loglikelihood: -55091.1	(delta): 1.02318
13 (QN/Block) 	Elapsed: 0.052	Loglikelihood: -55090.8	(delta): 0.270984
14 (QN/Block) 	Elapsed: 0.05	Loglikelihood: -55090.5	(delta): 0.313108
15 (QN/Block) 	Elapsed: 0.056	Loglikelihood: -55090.4	(delta): 0.0434609
16 (QN/Block) 	Elapsed: 0.055	Loglikelihood: -55090.4	(delta): 0.00376717
17 (QN/Block) 	Elapsed: 0.053	Loglikelihood: -55090.4	(delta): 0.00727059
18 (QN/Block) 	Elapsed: 0.054	Loglikelihood: -55090.4	(delta): 0.00247722
19 (QN/Block) 	Elapsed: 0.058	Loglikelihood: -55090.4	(delta): 0.000280444
20 (QN/Block) 	Elapsed: 0.056	Loglikelihood: -55090.4	(delta): 0.00032016
21 (QN/Block) 	Elapsed: 0.058	Loglikelihood: -55090.4	(delta): 0.000523068
22 (QN/Block) 	Elapsed: 0.056	Loglikelihood: -55090.4	(delta): 0.000850597
23 (QN/Block) 	Elapsed: 0.055	Loglikelihood: -55090.4	(delta): 0.00137049
24 (QN/Block) 	Elapsed: 0.055	Loglikelihood: -55090.4	(delta): 0.00217501
25 (QN/Block) 	Elapsed: 0.054	Loglikelihood: -55090.4	(delta): 0.000840289
26 (QN/Block) 	Elapsed: 0.055	Loglikelihood: -55090.4	(delta): 4.14759e-06
Summary: 
Converged in 26 iterations (1.608 sec)
Loglikelihood: -55090.408105
Fst divergences between estimated populations: 
	Pop0	Pop1	Pop2	Pop3	Pop4	
Pop0	
Pop1	0.714	
Pop2	0.693	0.218	
Pop3	0.796	0.463	0.393	
Pop4	0.828	0.517	0.459	0.443	
Pop5	0.681	0.238	0.077	0.385	0.446	
CV error (K=6): 0.16457
Writing output files.
