****                   ADMIXTURE Version 1.3.0                  ****
****                    Copyright 2008-2015                     ****
****           David Alexander, Suyash Shringarpure,            ****
****                John  Novembre, Ken Lange                   ****
****                                                            ****
****                 Please cite our paper!                     ****
****   Information at www.genetics.ucla.edu/software/admixture  ****

Parallel execution requested.  Will use 8 threads.
Cross-validation will be performed.  Folds=10.
Random seed: 2258
Point estimation method: Block relaxation algorithm
Convergence acceleration algorithm: QuasiNewton, 3 secant conditions
Point estimation will terminate when objective function delta < 0.0001
Estimation of standard errors disabled; will compute point estimates only.
Size of G: 124x4511
Performing five EM steps to prime main algorithm
1 (EM) 	Elapsed: 0.025	Loglikelihood: -105573	(delta): 614841
2 (EM) 	Elapsed: 0.026	Loglikelihood: -93962.7	(delta): 11610.8
3 (EM) 	Elapsed: 0.025	Loglikelihood: -92266.5	(delta): 1696.13
4 (EM) 	Elapsed: 0.026	Loglikelihood: -91360	(delta): 906.559
5 (EM) 	Elapsed: 0.026	Loglikelihood: -90716	(delta): 643.93
Initial loglikelihood: -90716
Starting main algorithm
1 (QN/Block) 	Elapsed: 0.046	Loglikelihood: -73402.5	(delta): 17313.5
2 (QN/Block) 	Elapsed: 0.044	Loglikelihood: -65625.3	(delta): 7777.26
3 (QN/Block) 	Elapsed: 0.047	Loglikelihood: -62545.2	(delta): 3080.03
4 (QN/Block) 	Elapsed: 0.046	Loglikelihood: -59611.6	(delta): 2933.63
5 (QN/Block) 	Elapsed: 0.049	Loglikelihood: -57314.1	(delta): 2297.49
6 (QN/Block) 	Elapsed: 0.044	Loglikelihood: -56082.6	(delta): 1231.52
7 (QN/Block) 	Elapsed: 0.05	Loglikelihood: -55510.1	(delta): 572.515
8 (QN/Block) 	Elapsed: 0.047	Loglikelihood: -55232.7	(delta): 277.404
9 (QN/Block) 	Elapsed: 0.048	Loglikelihood: -55084.3	(delta): 148.338
10 (QN/Block) 	Elapsed: 0.044	Loglikelihood: -55027.1	(delta): 57.196
11 (QN/Block) 	Elapsed: 0.049	Loglikelihood: -54999.6	(delta): 27.4869
12 (QN/Block) 	Elapsed: 0.048	Loglikelihood: -54991	(delta): 8.68921
13 (QN/Block) 	Elapsed: 0.05	Loglikelihood: -54990.1	(delta): 0.879277
14 (QN/Block) 	Elapsed: 0.047	Loglikelihood: -54990	(delta): 0.029756
15 (QN/Block) 	Elapsed: 0.052	Loglikelihood: -54990	(delta): 0.00226751
16 (QN/Block) 	Elapsed: 0.047	Loglikelihood: -54990	(delta): 0.000842383
17 (QN/Block) 	Elapsed: 0.05	Loglikelihood: -54990	(delta): 0.000137203
18 (QN/Block) 	Elapsed: 0.044	Loglikelihood: -54990	(delta): 1.19061e-05
Summary: 
Converged in 18 iterations (1.015 sec)
Loglikelihood: -54990.041038
Fst divergences between estimated populations: 
	Pop0	Pop1	Pop2	Pop3	
Pop0	
Pop1	0.401	
Pop2	0.387	0.612	
Pop3	0.140	0.374	0.382	
Pop4	0.589	0.745	0.726	0.589	
CV error (K=5): 0.15540
Writing output files.
