****                   ADMIXTURE Version 1.3.0                  ****
****                    Copyright 2008-2015                     ****
****           David Alexander, Suyash Shringarpure,            ****
****                John  Novembre, Ken Lange                   ****
****                                                            ****
****                 Please cite our paper!                     ****
****   Information at www.genetics.ucla.edu/software/admixture  ****

Parallel execution requested.  Will use 8 threads.
Cross-validation will be performed.  Folds=10.
Random seed: 3230
Point estimation method: Block relaxation algorithm
Convergence acceleration algorithm: QuasiNewton, 3 secant conditions
Point estimation will terminate when objective function delta < 0.0001
Estimation of standard errors disabled; will compute point estimates only.
Size of G: 124x4511
Performing five EM steps to prime main algorithm
1 (EM) 	Elapsed: 0.011	Loglikelihood: -99370.4	(delta): 713168
2 (EM) 	Elapsed: 0.011	Loglikelihood: -94396.6	(delta): 4973.82
3 (EM) 	Elapsed: 0.011	Loglikelihood: -93671	(delta): 725.611
4 (EM) 	Elapsed: 0.012	Loglikelihood: -93312.1	(delta): 358.937
5 (EM) 	Elapsed: 0.011	Loglikelihood: -93113.1	(delta): 198.965
Initial loglikelihood: -93113.1
Starting main algorithm
1 (QN/Block) 	Elapsed: 0.02	Loglikelihood: -88945.1	(delta): 4168.02
2 (QN/Block) 	Elapsed: 0.02	Loglikelihood: -85450.1	(delta): 3495
3 (QN/Block) 	Elapsed: 0.021	Loglikelihood: -83936.2	(delta): 1513.85
4 (QN/Block) 	Elapsed: 0.023	Loglikelihood: -82302.9	(delta): 1633.33
5 (QN/Block) 	Elapsed: 0.021	Loglikelihood: -81071	(delta): 1231.88
6 (QN/Block) 	Elapsed: 0.024	Loglikelihood: -80788.3	(delta): 282.709
7 (QN/Block) 	Elapsed: 0.022	Loglikelihood: -80676.1	(delta): 112.23
8 (QN/Block) 	Elapsed: 0.021	Loglikelihood: -80632.7	(delta): 43.4338
9 (QN/Block) 	Elapsed: 0.021	Loglikelihood: -80618.9	(delta): 13.8076
10 (QN/Block) 	Elapsed: 0.021	Loglikelihood: -80616.3	(delta): 2.54915
11 (QN/Block) 	Elapsed: 0.024	Loglikelihood: -80616.3	(delta): 0.00931617
12 (QN/Block) 	Elapsed: 0.022	Loglikelihood: -80616.3	(delta): 1.99288e-07
Summary: 
Converged in 12 iterations (0.337 sec)
Loglikelihood: -80616.292993
Fst divergences between estimated populations: 
	Pop0	
Pop0	
Pop1	0.154	
CV error (K=2): 0.20018
Writing output files.
