****                   ADMIXTURE Version 1.3.0                  ****
****                    Copyright 2008-2015                     ****
****           David Alexander, Suyash Shringarpure,            ****
****                John  Novembre, Ken Lange                   ****
****                                                            ****
****                 Please cite our paper!                     ****
****   Information at www.genetics.ucla.edu/software/admixture  ****

Parallel execution requested.  Will use 8 threads.
Cross-validation will be performed.  Folds=10.
Random seed: 4716
Point estimation method: Block relaxation algorithm
Convergence acceleration algorithm: QuasiNewton, 3 secant conditions
Point estimation will terminate when objective function delta < 0.0001
Estimation of standard errors disabled; will compute point estimates only.
Size of G: 124x4511
Performing five EM steps to prime main algorithm
1 (EM) 	Elapsed: 0.038	Loglikelihood: -105761	(delta): 606336
2 (EM) 	Elapsed: 0.039	Loglikelihood: -93486	(delta): 12274.9
3 (EM) 	Elapsed: 0.039	Loglikelihood: -91551.4	(delta): 1934.68
4 (EM) 	Elapsed: 0.04	Loglikelihood: -90454.6	(delta): 1096.77
5 (EM) 	Elapsed: 0.038	Loglikelihood: -89614.1	(delta): 840.469
Initial loglikelihood: -89614.1
Starting main algorithm
1 (QN/Block) 	Elapsed: 0.056	Loglikelihood: -69961	(delta): 19653.1
2 (QN/Block) 	Elapsed: 0.056	Loglikelihood: -60178.7	(delta): 9782.31
3 (QN/Block) 	Elapsed: 0.06	Loglikelihood: -54885.6	(delta): 5293.13
4 (QN/Block) 	Elapsed: 0.063	Loglikelihood: -52018.6	(delta): 2866.97
5 (QN/Block) 	Elapsed: 0.062	Loglikelihood: -50144.5	(delta): 1874.09
6 (QN/Block) 	Elapsed: 0.058	Loglikelihood: -48849.4	(delta): 1295.14
7 (QN/Block) 	Elapsed: 0.059	Loglikelihood: -48356.7	(delta): 492.709
8 (QN/Block) 	Elapsed: 0.061	Loglikelihood: -48199.9	(delta): 156.774
9 (QN/Block) 	Elapsed: 0.06	Loglikelihood: -48153.3	(delta): 46.5422
10 (QN/Block) 	Elapsed: 0.058	Loglikelihood: -48122.5	(delta): 30.8149
11 (QN/Block) 	Elapsed: 0.061	Loglikelihood: -48105.8	(delta): 16.716
12 (QN/Block) 	Elapsed: 0.058	Loglikelihood: -48098.2	(delta): 7.63439
13 (QN/Block) 	Elapsed: 0.059	Loglikelihood: -48092.2	(delta): 5.94549
14 (QN/Block) 	Elapsed: 0.058	Loglikelihood: -48091.7	(delta): 0.538225
15 (QN/Block) 	Elapsed: 0.061	Loglikelihood: -48091.7	(delta): 0.0111814
16 (QN/Block) 	Elapsed: 0.058	Loglikelihood: -48091.7	(delta): 1.67043e-05
Summary: 
Converged in 16 iterations (1.18 sec)
Loglikelihood: -48091.682380
Fst divergences between estimated populations: 
	Pop0	Pop1	Pop2	Pop3	Pop4	Pop5	
Pop0	
Pop1	0.430	
Pop2	0.394	0.269	
Pop3	0.373	0.212	0.131	
Pop4	0.599	0.461	0.383	0.371	
Pop5	0.415	0.274	0.121	0.131	0.406	
Pop6	0.755	0.662	0.601	0.593	0.732	0.620	
CV error (K=7): 0.15502
Writing output files.
