****                   ADMIXTURE Version 1.3.0                  ****
****                    Copyright 2008-2015                     ****
****           David Alexander, Suyash Shringarpure,            ****
****                John  Novembre, Ken Lange                   ****
****                                                            ****
****                 Please cite our paper!                     ****
****   Information at www.genetics.ucla.edu/software/admixture  ****

Parallel execution requested.  Will use 8 threads.
Cross-validation will be performed.  Folds=10.
Random seed: 3515
Point estimation method: Block relaxation algorithm
Convergence acceleration algorithm: QuasiNewton, 3 secant conditions
Point estimation will terminate when objective function delta < 0.0001
Estimation of standard errors disabled; will compute point estimates only.
Size of G: 124x4511
Performing five EM steps to prime main algorithm
1 (EM) 	Elapsed: 0.021	Loglikelihood: -104279	(delta): 635369
2 (EM) 	Elapsed: 0.021	Loglikelihood: -94120.3	(delta): 10159
3 (EM) 	Elapsed: 0.021	Loglikelihood: -92667.4	(delta): 1452.85
4 (EM) 	Elapsed: 0.021	Loglikelihood: -91877.8	(delta): 789.639
5 (EM) 	Elapsed: 0.021	Loglikelihood: -91306.5	(delta): 571.277
Initial loglikelihood: -91306.5
Starting main algorithm
1 (QN/Block) 	Elapsed: 0.036	Loglikelihood: -76562.8	(delta): 14743.7
2 (QN/Block) 	Elapsed: 0.037	Loglikelihood: -69808.8	(delta): 6753.99
3 (QN/Block) 	Elapsed: 0.039	Loglikelihood: -66974.5	(delta): 2834.3
4 (QN/Block) 	Elapsed: 0.043	Loglikelihood: -65419.9	(delta): 1554.6
5 (QN/Block) 	Elapsed: 0.04	Loglikelihood: -64537.9	(delta): 882.031
6 (QN/Block) 	Elapsed: 0.039	Loglikelihood: -63787	(delta): 750.893
7 (QN/Block) 	Elapsed: 0.041	Loglikelihood: -62507.8	(delta): 1279.22
8 (QN/Block) 	Elapsed: 0.043	Loglikelihood: -61890.5	(delta): 617.246
9 (QN/Block) 	Elapsed: 0.048	Loglikelihood: -61606.3	(delta): 284.203
10 (QN/Block) 	Elapsed: 0.042	Loglikelihood: -61422.6	(delta): 183.699
11 (QN/Block) 	Elapsed: 0.044	Loglikelihood: -61308	(delta): 114.587
12 (QN/Block) 	Elapsed: 0.048	Loglikelihood: -61280.8	(delta): 27.2305
13 (QN/Block) 	Elapsed: 0.044	Loglikelihood: -61277.7	(delta): 3.13813
14 (QN/Block) 	Elapsed: 0.044	Loglikelihood: -61277.2	(delta): 0.418929
15 (QN/Block) 	Elapsed: 0.042	Loglikelihood: -61277.1	(delta): 0.154257
16 (QN/Block) 	Elapsed: 0.04	Loglikelihood: -61277.1	(delta): 0.00988002
17 (QN/Block) 	Elapsed: 0.04	Loglikelihood: -61277.1	(delta): 0.000632757
18 (QN/Block) 	Elapsed: 0.044	Loglikelihood: -61277.1	(delta): 7.88957e-05
Summary: 
Converged in 18 iterations (0.896 sec)
Loglikelihood: -61277.068875
Fst divergences between estimated populations: 
	Pop0	Pop1	Pop2	
Pop0	
Pop1	0.132	
Pop2	0.370	0.379	
Pop3	0.303	0.329	0.496	
CV error (K=4): 0.16795
Writing output files.
