****                   ADMIXTURE Version 1.3.0                  ****
****                    Copyright 2008-2015                     ****
****           David Alexander, Suyash Shringarpure,            ****
****                John  Novembre, Ken Lange                   ****
****                                                            ****
****                 Please cite our paper!                     ****
****   Information at www.genetics.ucla.edu/software/admixture  ****

Parallel execution requested.  Will use 8 threads.
Cross-validation will be performed.  Folds=10.
Random seed: 3737
Point estimation method: Block relaxation algorithm
Convergence acceleration algorithm: QuasiNewton, 3 secant conditions
Point estimation will terminate when objective function delta < 0.0001
Estimation of standard errors disabled; will compute point estimates only.
Size of G: 124x4511
Performing five EM steps to prime main algorithm
1 (EM) 	Elapsed: 0.041	Loglikelihood: -105332	(delta): 601030
2 (EM) 	Elapsed: 0.042	Loglikelihood: -92938.9	(delta): 12393.2
3 (EM) 	Elapsed: 0.041	Loglikelihood: -90814.7	(delta): 2124.19
4 (EM) 	Elapsed: 0.041	Loglikelihood: -89585.9	(delta): 1228.83
5 (EM) 	Elapsed: 0.042	Loglikelihood: -88642.8	(delta): 943.137
Initial loglikelihood: -88642.8
Starting main algorithm
1 (QN/Block) 	Elapsed: 0.062	Loglikelihood: -63917.3	(delta): 24725.5
2 (QN/Block) 	Elapsed: 0.062	Loglikelihood: -53762.2	(delta): 10155.1
3 (QN/Block) 	Elapsed: 0.069	Loglikelihood: -50834	(delta): 2928.17
4 (QN/Block) 	Elapsed: 0.074	Loglikelihood: -49165.7	(delta): 1668.33
5 (QN/Block) 	Elapsed: 0.069	Loglikelihood: -48208.9	(delta): 956.76
6 (QN/Block) 	Elapsed: 0.065	Loglikelihood: -47690.7	(delta): 518.276
7 (QN/Block) 	Elapsed: 0.065	Loglikelihood: -47452.6	(delta): 238.094
8 (QN/Block) 	Elapsed: 0.066	Loglikelihood: -47380.4	(delta): 72.129
9 (QN/Block) 	Elapsed: 0.066	Loglikelihood: -47365.8	(delta): 14.6521
10 (QN/Block) 	Elapsed: 0.071	Loglikelihood: -47358.4	(delta): 7.34643
11 (QN/Block) 	Elapsed: 0.07	Loglikelihood: -47335	(delta): 23.4786
12 (QN/Block) 	Elapsed: 0.07	Loglikelihood: -47275.5	(delta): 59.4999
13 (QN/Block) 	Elapsed: 0.071	Loglikelihood: -47269.3	(delta): 6.21286
14 (QN/Block) 	Elapsed: 0.068	Loglikelihood: -47267.7	(delta): 1.51479
15 (QN/Block) 	Elapsed: 0.067	Loglikelihood: -47266.9	(delta): 0.841691
16 (QN/Block) 	Elapsed: 0.067	Loglikelihood: -47263.1	(delta): 3.8249
17 (QN/Block) 	Elapsed: 0.07	Loglikelihood: -47258.6	(delta): 4.50918
18 (QN/Block) 	Elapsed: 0.068	Loglikelihood: -47258.4	(delta): 0.172114
19 (QN/Block) 	Elapsed: 0.072	Loglikelihood: -47258.2	(delta): 0.161898
20 (QN/Block) 	Elapsed: 0.073	Loglikelihood: -47258.1	(delta): 0.16556
21 (QN/Block) 	Elapsed: 0.072	Loglikelihood: -47253.8	(delta): 4.2737
22 (QN/Block) 	Elapsed: 0.07	Loglikelihood: -47241.8	(delta): 12.0328
23 (QN/Block) 	Elapsed: 0.069	Loglikelihood: -47234.1	(delta): 7.61101
24 (QN/Block) 	Elapsed: 0.067	Loglikelihood: -47230.6	(delta): 3.56145
25 (QN/Block) 	Elapsed: 0.07	Loglikelihood: -47228.4	(delta): 2.14553
26 (QN/Block) 	Elapsed: 0.07	Loglikelihood: -47228.3	(delta): 0.135637
27 (QN/Block) 	Elapsed: 0.068	Loglikelihood: -47228.3	(delta): 0.000177818
28 (QN/Block) 	Elapsed: 0.065	Loglikelihood: -47228.3	(delta): 4.72302e-05
Summary: 
Converged in 28 iterations (2.181 sec)
Loglikelihood: -47228.303930
Fst divergences between estimated populations: 
	Pop0	Pop1	Pop2	Pop3	Pop4	Pop5	Pop6	
Pop0	
Pop1	0.408	
Pop2	0.219	0.458	
Pop3	0.138	0.415	0.267	
Pop4	0.376	0.612	0.459	0.381	
Pop5	0.589	0.754	0.648	0.590	0.722	
Pop6	0.154	0.450	0.288	0.117	0.418	0.627	
Pop7	0.138	0.413	0.268	0.089	0.379	0.587	0.131	
CV error (K=8): 0.16389
Writing output files.
