****                   ADMIXTURE Version 1.3.0                  ****
****                    Copyright 2008-2015                     ****
****           David Alexander, Suyash Shringarpure,            ****
****                John  Novembre, Ken Lange                   ****
****                                                            ****
****                 Please cite our paper!                     ****
****   Information at www.genetics.ucla.edu/software/admixture  ****

Parallel execution requested.  Will use 8 threads.
Cross-validation will be performed.  Folds=10.
Random seed: 4755
Point estimation method: Block relaxation algorithm
Convergence acceleration algorithm: QuasiNewton, 3 secant conditions
Point estimation will terminate when objective function delta < 0.0001
Estimation of standard errors disabled; will compute point estimates only.
Size of G: 124x4511
Performing five EM steps to prime main algorithm
1 (EM) 	Elapsed: 0.025	Loglikelihood: -105121	(delta): 618344
2 (EM) 	Elapsed: 0.026	Loglikelihood: -93613.1	(delta): 11508.3
3 (EM) 	Elapsed: 0.025	Loglikelihood: -91765.4	(delta): 1847.73
4 (EM) 	Elapsed: 0.026	Loglikelihood: -90742.7	(delta): 1022.66
5 (EM) 	Elapsed: 0.025	Loglikelihood: -90011.6	(delta): 731.155
Initial loglikelihood: -90011.6
Starting main algorithm
1 (QN/Block) 	Elapsed: 0.046	Loglikelihood: -74037	(delta): 15974.6
2 (QN/Block) 	Elapsed: 0.042	Loglikelihood: -64345.2	(delta): 9691.83
3 (QN/Block) 	Elapsed: 0.049	Loglikelihood: -59245	(delta): 5100.23
4 (QN/Block) 	Elapsed: 0.049	Loglikelihood: -57025.8	(delta): 2219.12
5 (QN/Block) 	Elapsed: 0.045	Loglikelihood: -55717.8	(delta): 1307.99
6 (QN/Block) 	Elapsed: 0.045	Loglikelihood: -55100	(delta): 617.827
7 (QN/Block) 	Elapsed: 0.044	Loglikelihood: -54890.8	(delta): 209.196
8 (QN/Block) 	Elapsed: 0.044	Loglikelihood: -54863.5	(delta): 27.3481
9 (QN/Block) 	Elapsed: 0.044	Loglikelihood: -54859.8	(delta): 3.69891
10 (QN/Block) 	Elapsed: 0.045	Loglikelihood: -54859.6	(delta): 0.175969
11 (QN/Block) 	Elapsed: 0.047	Loglikelihood: -54859.4	(delta): 0.162232
12 (QN/Block) 	Elapsed: 0.043	Loglikelihood: -54859.4	(delta): 0.00173239
13 (QN/Block) 	Elapsed: 0.044	Loglikelihood: -54859.4	(delta): 0.000697074
14 (QN/Block) 	Elapsed: 0.048	Loglikelihood: -54859.4	(delta): 0.000491901
15 (QN/Block) 	Elapsed: 0.045	Loglikelihood: -54859.4	(delta): 0.00017507
16 (QN/Block) 	Elapsed: 0.048	Loglikelihood: -54859.4	(delta): 8.14276e-05
Summary: 
Converged in 16 iterations (0.889 sec)
Loglikelihood: -54859.437263
Fst divergences between estimated populations: 
	Pop0	Pop1	Pop2	Pop3	
Pop0	
Pop1	0.673	
Pop2	0.717	0.214	
Pop3	0.780	0.380	0.457	
Pop4	0.805	0.424	0.470	0.641	
CV error (K=5): 0.15280
Writing output files.
