****                   ADMIXTURE Version 1.3.0                  ****
****                    Copyright 2008-2015                     ****
****           David Alexander, Suyash Shringarpure,            ****
****                John  Novembre, Ken Lange                   ****
****                                                            ****
****                 Please cite our paper!                     ****
****   Information at www.genetics.ucla.edu/software/admixture  ****

Parallel execution requested.  Will use 8 threads.
Cross-validation will be performed.  Folds=10.
Random seed: 3877
Point estimation method: Block relaxation algorithm
Convergence acceleration algorithm: QuasiNewton, 3 secant conditions
Point estimation will terminate when objective function delta < 0.0001
Estimation of standard errors disabled; will compute point estimates only.
Size of G: 124x4511
Performing five EM steps to prime main algorithm
1 (EM) 	Elapsed: 0.058	Loglikelihood: -106426	(delta): 589616
2 (EM) 	Elapsed: 0.06	Loglikelihood: -93068.4	(delta): 13357.9
3 (EM) 	Elapsed: 0.059	Loglikelihood: -90984.9	(delta): 2083.43
4 (EM) 	Elapsed: 0.06	Loglikelihood: -89759.6	(delta): 1225.39
5 (EM) 	Elapsed: 0.058	Loglikelihood: -88802.4	(delta): 957.148
Initial loglikelihood: -88802.4
Starting main algorithm
1 (QN/Block) 	Elapsed: 0.076	Loglikelihood: -64370.5	(delta): 24432
2 (QN/Block) 	Elapsed: 0.078	Loglikelihood: -52899.4	(delta): 11471.1
3 (QN/Block) 	Elapsed: 0.085	Loglikelihood: -49158.3	(delta): 3741.03
4 (QN/Block) 	Elapsed: 0.084	Loglikelihood: -46919.9	(delta): 2238.48
5 (QN/Block) 	Elapsed: 0.088	Loglikelihood: -45629.8	(delta): 1290.07
6 (QN/Block) 	Elapsed: 0.087	Loglikelihood: -44771.4	(delta): 858.351
7 (QN/Block) 	Elapsed: 0.088	Loglikelihood: -44319.8	(delta): 451.681
8 (QN/Block) 	Elapsed: 0.084	Loglikelihood: -44005.4	(delta): 314.351
9 (QN/Block) 	Elapsed: 0.086	Loglikelihood: -43761.6	(delta): 243.789
10 (QN/Block) 	Elapsed: 0.084	Loglikelihood: -43644.9	(delta): 116.678
11 (QN/Block) 	Elapsed: 0.086	Loglikelihood: -43589.6	(delta): 55.3854
12 (QN/Block) 	Elapsed: 0.087	Loglikelihood: -43562.2	(delta): 27.3836
13 (QN/Block) 	Elapsed: 0.086	Loglikelihood: -43501.2	(delta): 60.9618
14 (QN/Block) 	Elapsed: 0.084	Loglikelihood: -43485	(delta): 16.2078
15 (QN/Block) 	Elapsed: 0.082	Loglikelihood: -43481.4	(delta): 3.62712
16 (QN/Block) 	Elapsed: 0.084	Loglikelihood: -43480.5	(delta): 0.918301
17 (QN/Block) 	Elapsed: 0.085	Loglikelihood: -43480	(delta): 0.498554
18 (QN/Block) 	Elapsed: 0.083	Loglikelihood: -43479.8	(delta): 0.183372
19 (QN/Block) 	Elapsed: 0.088	Loglikelihood: -43479.7	(delta): 0.0484203
20 (QN/Block) 	Elapsed: 0.088	Loglikelihood: -43479.7	(delta): 0.0124863
21 (QN/Block) 	Elapsed: 0.082	Loglikelihood: -43479.7	(delta): 0.00407741
22 (QN/Block) 	Elapsed: 0.082	Loglikelihood: -43479.7	(delta): 0.000522213
23 (QN/Block) 	Elapsed: 0.081	Loglikelihood: -43479.7	(delta): 3.00679e-05
Summary: 
Converged in 23 iterations (2.288 sec)
Loglikelihood: -43479.715320
Fst divergences between estimated populations: 
	Pop0	Pop1	Pop2	Pop3	Pop4	Pop5	Pop6	Pop7	Pop8	
Pop0	
Pop1	0.422	
Pop2	0.121	0.415	
Pop3	0.448	0.670	0.436	
Pop4	0.128	0.496	0.180	0.519	
Pop5	0.418	0.638	0.408	0.382	0.487	
Pop6	0.138	0.404	0.158	0.431	0.213	0.402	
Pop7	0.270	0.449	0.274	0.510	0.328	0.486	0.225	
Pop8	0.628	0.765	0.610	0.778	0.677	0.755	0.615	0.666	
Pop9	0.140	0.410	0.147	0.441	0.214	0.412	0.112	0.249	0.616	
CV error (K=10): 0.16127
Writing output files.
