****                   ADMIXTURE Version 1.3.0                  ****
****                    Copyright 2008-2015                     ****
****           David Alexander, Suyash Shringarpure,            ****
****                John  Novembre, Ken Lange                   ****
****                                                            ****
****                 Please cite our paper!                     ****
****   Information at www.genetics.ucla.edu/software/admixture  ****

Parallel execution requested.  Will use 8 threads.
Cross-validation will be performed.  Folds=10.
Random seed: 4656
Point estimation method: Block relaxation algorithm
Convergence acceleration algorithm: QuasiNewton, 3 secant conditions
Point estimation will terminate when objective function delta < 0.0001
Estimation of standard errors disabled; will compute point estimates only.
Size of G: 124x4511
Performing five EM steps to prime main algorithm
1 (EM) 	Elapsed: 0.03	Loglikelihood: -105482	(delta): 609609
2 (EM) 	Elapsed: 0.031	Loglikelihood: -93441	(delta): 12041.4
3 (EM) 	Elapsed: 0.031	Loglikelihood: -91506.6	(delta): 1934.32
4 (EM) 	Elapsed: 0.031	Loglikelihood: -90385.5	(delta): 1121.11
5 (EM) 	Elapsed: 0.031	Loglikelihood: -89573.6	(delta): 811.887
Initial loglikelihood: -89573.6
Starting main algorithm
1 (QN/Block) 	Elapsed: 0.051	Loglikelihood: -71291.8	(delta): 18281.9
2 (QN/Block) 	Elapsed: 0.048	Loglikelihood: -62713.5	(delta): 8578.24
3 (QN/Block) 	Elapsed: 0.055	Loglikelihood: -59247.1	(delta): 3466.38
4 (QN/Block) 	Elapsed: 0.057	Loglikelihood: -57539.4	(delta): 1707.77
5 (QN/Block) 	Elapsed: 0.053	Loglikelihood: -56444	(delta): 1095.41
6 (QN/Block) 	Elapsed: 0.054	Loglikelihood: -55826.8	(delta): 617.122
7 (QN/Block) 	Elapsed: 0.053	Loglikelihood: -55544.1	(delta): 282.733
8 (QN/Block) 	Elapsed: 0.057	Loglikelihood: -55478.4	(delta): 65.6681
9 (QN/Block) 	Elapsed: 0.055	Loglikelihood: -55464.4	(delta): 14.0354
10 (QN/Block) 	Elapsed: 0.053	Loglikelihood: -55462.3	(delta): 2.12726
11 (QN/Block) 	Elapsed: 0.053	Loglikelihood: -55462.2	(delta): 0.1019
12 (QN/Block) 	Elapsed: 0.054	Loglikelihood: -55462.2	(delta): 0.000655312
13 (QN/Block) 	Elapsed: 0.051	Loglikelihood: -55462.2	(delta): 0.000137561
14 (QN/Block) 	Elapsed: 0.053	Loglikelihood: -55462.2	(delta): 9.53696e-07
Summary: 
Converged in 14 iterations (0.934 sec)
Loglikelihood: -55462.171615
Fst divergences between estimated populations: 
	Pop0	Pop1	Pop2	Pop3	Pop4	
Pop0	
Pop1	0.460	
Pop2	0.404	0.498	
Pop3	0.398	0.224	0.443	
Pop4	0.758	0.660	0.795	0.633	
Pop5	0.370	0.214	0.412	0.055	0.609	
CV error (K=6): 0.16698
Writing output files.
