****                   ADMIXTURE Version 1.3.0                  ****
****                    Copyright 2008-2015                     ****
****           David Alexander, Suyash Shringarpure,            ****
****                John  Novembre, Ken Lange                   ****
****                                                            ****
****                 Please cite our paper!                     ****
****   Information at www.genetics.ucla.edu/software/admixture  ****

Parallel execution requested.  Will use 8 threads.
Cross-validation will be performed.  Folds=10.
Random seed: 4984
Point estimation method: Block relaxation algorithm
Convergence acceleration algorithm: QuasiNewton, 3 secant conditions
Point estimation will terminate when objective function delta < 0.0001
Estimation of standard errors disabled; will compute point estimates only.
Size of G: 124x4511
Performing five EM steps to prime main algorithm
1 (EM) 	Elapsed: 0.007	Loglikelihood: -95409.5	(delta): 876201
2 (EM) 	Elapsed: 0.006	Loglikelihood: -95409.5	(delta): 0
3 (EM) 	Elapsed: 0.006	Loglikelihood: -95409.5	(delta): 0
4 (EM) 	Elapsed: 0.006	Loglikelihood: -95409.5	(delta): 0
5 (EM) 	Elapsed: 0.006	Loglikelihood: -95409.5	(delta): 0
Initial loglikelihood: -95409.5
Starting main algorithm
1 (QN/Block) 	Elapsed: 0.016	Loglikelihood: -95409.5	(delta): 0
Summary: 
Converged in 1 iterations (0.058 sec)
Loglikelihood: -95409.483987
CV error (K=1): 0.22203
Writing output files.
