****                   ADMIXTURE Version 1.3.0                  ****
****                    Copyright 2008-2015                     ****
****           David Alexander, Suyash Shringarpure,            ****
****                John  Novembre, Ken Lange                   ****
****                                                            ****
****                 Please cite our paper!                     ****
****   Information at www.genetics.ucla.edu/software/admixture  ****

Parallel execution requested.  Will use 8 threads.
Cross-validation will be performed.  Folds=10.
Random seed: 220
Point estimation method: Block relaxation algorithm
Convergence acceleration algorithm: QuasiNewton, 3 secant conditions
Point estimation will terminate when objective function delta < 0.0001
Estimation of standard errors disabled; will compute point estimates only.
Size of G: 124x4511
Performing five EM steps to prime main algorithm
1 (EM) 	Elapsed: 0.055	Loglikelihood: -105994	(delta): 590000
2 (EM) 	Elapsed: 0.055	Loglikelihood: -92990.2	(delta): 13004
3 (EM) 	Elapsed: 0.056	Loglikelihood: -90783.6	(delta): 2206.51
4 (EM) 	Elapsed: 0.055	Loglikelihood: -89450.8	(delta): 1332.84
5 (EM) 	Elapsed: 0.056	Loglikelihood: -88401.7	(delta): 1049.12
Initial loglikelihood: -88401.7
Starting main algorithm
1 (QN/Block) 	Elapsed: 0.085	Loglikelihood: -64477.4	(delta): 23924.3
2 (QN/Block) 	Elapsed: 0.079	Loglikelihood: -54822.7	(delta): 9654.66
3 (QN/Block) 	Elapsed: 0.09	Loglikelihood: -50738.9	(delta): 4083.79
4 (QN/Block) 	Elapsed: 0.084	Loglikelihood: -48387.6	(delta): 2351.34
5 (QN/Block) 	Elapsed: 0.089	Loglikelihood: -47046.8	(delta): 1340.74
6 (QN/Block) 	Elapsed: 0.084	Loglikelihood: -46238.4	(delta): 808.466
7 (QN/Block) 	Elapsed: 0.082	Loglikelihood: -45746.1	(delta): 492.264
8 (QN/Block) 	Elapsed: 0.087	Loglikelihood: -45484.3	(delta): 261.774
9 (QN/Block) 	Elapsed: 0.082	Loglikelihood: -45230.6	(delta): 253.75
10 (QN/Block) 	Elapsed: 0.085	Loglikelihood: -45021.1	(delta): 209.502
11 (QN/Block) 	Elapsed: 0.086	Loglikelihood: -44878.6	(delta): 142.485
12 (QN/Block) 	Elapsed: 0.086	Loglikelihood: -44797.9	(delta): 80.7201
13 (QN/Block) 	Elapsed: 0.085	Loglikelihood: -44759.6	(delta): 38.2945
14 (QN/Block) 	Elapsed: 0.09	Loglikelihood: -44737.2	(delta): 22.3958
15 (QN/Block) 	Elapsed: 0.09	Loglikelihood: -44703.8	(delta): 33.4042
16 (QN/Block) 	Elapsed: 0.084	Loglikelihood: -44698.1	(delta): 5.73179
17 (QN/Block) 	Elapsed: 0.084	Loglikelihood: -44697.5	(delta): 0.593613
18 (QN/Block) 	Elapsed: 0.087	Loglikelihood: -44697.4	(delta): 0.0808886
19 (QN/Block) 	Elapsed: 0.087	Loglikelihood: -44697.4	(delta): 0.0132381
20 (QN/Block) 	Elapsed: 0.081	Loglikelihood: -44697.4	(delta): 0.00511259
21 (QN/Block) 	Elapsed: 0.087	Loglikelihood: -44697.4	(delta): 1.12101e-05
Summary: 
Converged in 21 iterations (2.121 sec)
Loglikelihood: -44697.365757
Fst divergences between estimated populations: 
	Pop0	Pop1	Pop2	Pop3	Pop4	Pop5	Pop6	Pop7	Pop8	
Pop0	
Pop1	0.511	
Pop2	0.224	0.432	
Pop3	0.488	0.382	0.402	
Pop4	0.447	0.668	0.404	0.635	
Pop5	0.269	0.433	0.150	0.405	0.410	
Pop6	0.283	0.464	0.156	0.434	0.435	0.118	
Pop7	0.672	0.789	0.620	0.766	0.770	0.611	0.639	
Pop8	0.252	0.431	0.114	0.403	0.407	0.134	0.158	0.616	
Pop9	0.689	0.800	0.637	0.777	0.782	0.628	0.655	0.659	0.630	
CV error (K=10): 0.16182
Writing output files.
