****                   ADMIXTURE Version 1.3.0                  ****
****                    Copyright 2008-2015                     ****
****           David Alexander, Suyash Shringarpure,            ****
****                John  Novembre, Ken Lange                   ****
****                                                            ****
****                 Please cite our paper!                     ****
****   Information at www.genetics.ucla.edu/software/admixture  ****

Parallel execution requested.  Will use 8 threads.
Cross-validation will be performed.  Folds=10.
Random seed: 4678
Point estimation method: Block relaxation algorithm
Convergence acceleration algorithm: QuasiNewton, 3 secant conditions
Point estimation will terminate when objective function delta < 0.0001
Estimation of standard errors disabled; will compute point estimates only.
Size of G: 124x4511
Performing five EM steps to prime main algorithm
1 (EM) 	Elapsed: 0.031	Loglikelihood: -105987	(delta): 605880
2 (EM) 	Elapsed: 0.032	Loglikelihood: -93557.6	(delta): 12429.2
3 (EM) 	Elapsed: 0.031	Loglikelihood: -91556.5	(delta): 2001.09
4 (EM) 	Elapsed: 0.031	Loglikelihood: -90337.6	(delta): 1218.89
5 (EM) 	Elapsed: 0.032	Loglikelihood: -89368.9	(delta): 968.728
Initial loglikelihood: -89368.9
Starting main algorithm
1 (QN/Block) 	Elapsed: 0.052	Loglikelihood: -68996.3	(delta): 20372.5
2 (QN/Block) 	Elapsed: 0.053	Loglikelihood: -58737.4	(delta): 10259
3 (QN/Block) 	Elapsed: 0.054	Loglikelihood: -55456.4	(delta): 3280.99
4 (QN/Block) 	Elapsed: 0.055	Loglikelihood: -53133.5	(delta): 2322.88
5 (QN/Block) 	Elapsed: 0.052	Loglikelihood: -51788.3	(delta): 1345.23
6 (QN/Block) 	Elapsed: 0.055	Loglikelihood: -51079	(delta): 709.312
7 (QN/Block) 	Elapsed: 0.056	Loglikelihood: -50811.3	(delta): 267.647
8 (QN/Block) 	Elapsed: 0.051	Loglikelihood: -50709.9	(delta): 101.389
9 (QN/Block) 	Elapsed: 0.051	Loglikelihood: -50694.6	(delta): 15.2688
10 (QN/Block) 	Elapsed: 0.052	Loglikelihood: -50693.1	(delta): 1.54158
11 (QN/Block) 	Elapsed: 0.052	Loglikelihood: -50692.9	(delta): 0.178036
12 (QN/Block) 	Elapsed: 0.054	Loglikelihood: -50692.8	(delta): 0.078392
13 (QN/Block) 	Elapsed: 0.054	Loglikelihood: -50692.8	(delta): 0.000620141
14 (QN/Block) 	Elapsed: 0.051	Loglikelihood: -50692.8	(delta): 0.000164633
15 (QN/Block) 	Elapsed: 0.051	Loglikelihood: -50692.8	(delta): 3.63529e-06
Summary: 
Converged in 15 iterations (0.981 sec)
Loglikelihood: -50692.847113
Fst divergences between estimated populations: 
	Pop0	Pop1	Pop2	Pop3	Pop4	
Pop0	
Pop1	0.265	
Pop2	0.447	0.475	
Pop3	0.394	0.461	0.627	
Pop4	0.108	0.207	0.403	0.358	
Pop5	0.660	0.699	0.790	0.757	0.631	
CV error (K=6): 0.15376
Writing output files.
