****                   ADMIXTURE Version 1.3.0                  ****
****                    Copyright 2008-2015                     ****
****           David Alexander, Suyash Shringarpure,            ****
****                John  Novembre, Ken Lange                   ****
****                                                            ****
****                 Please cite our paper!                     ****
****   Information at www.genetics.ucla.edu/software/admixture  ****

Parallel execution requested.  Will use 8 threads.
Cross-validation will be performed.  Folds=10.
Random seed: 565
Point estimation method: Block relaxation algorithm
Convergence acceleration algorithm: QuasiNewton, 3 secant conditions
Point estimation will terminate when objective function delta < 0.0001
Estimation of standard errors disabled; will compute point estimates only.
Size of G: 124x4511
Performing five EM steps to prime main algorithm
1 (EM) 	Elapsed: 0.016	Loglikelihood: -103030	(delta): 667802
2 (EM) 	Elapsed: 0.015	Loglikelihood: -93956.8	(delta): 9073.04
3 (EM) 	Elapsed: 0.017	Loglikelihood: -92577.4	(delta): 1379.31
4 (EM) 	Elapsed: 0.016	Loglikelihood: -91791.4	(delta): 786.032
5 (EM) 	Elapsed: 0.016	Loglikelihood: -91261.7	(delta): 529.678
Initial loglikelihood: -91261.7
Starting main algorithm
1 (QN/Block) 	Elapsed: 0.028	Loglikelihood: -80155.2	(delta): 11106.6
2 (QN/Block) 	Elapsed: 0.03	Loglikelihood: -75451.2	(delta): 4703.97
3 (QN/Block) 	Elapsed: 0.033	Loglikelihood: -72128.6	(delta): 3322.64
4 (QN/Block) 	Elapsed: 0.034	Loglikelihood: -70245.3	(delta): 1883.31
5 (QN/Block) 	Elapsed: 0.035	Loglikelihood: -69149.5	(delta): 1095.72
6 (QN/Block) 	Elapsed: 0.03	Loglikelihood: -68430.3	(delta): 719.229
7 (QN/Block) 	Elapsed: 0.034	Loglikelihood: -68391.8	(delta): 38.5396
8 (QN/Block) 	Elapsed: 0.03	Loglikelihood: -68296.7	(delta): 95.0897
9 (QN/Block) 	Elapsed: 0.034	Loglikelihood: -68241.8	(delta): 54.8243
10 (QN/Block) 	Elapsed: 0.03	Loglikelihood: -68212.8	(delta): 29.0084
11 (QN/Block) 	Elapsed: 0.032	Loglikelihood: -68206.5	(delta): 6.36777
12 (QN/Block) 	Elapsed: 0.033	Loglikelihood: -68205.8	(delta): 0.712588
13 (QN/Block) 	Elapsed: 0.035	Loglikelihood: -68205.8	(delta): 0.00722674
14 (QN/Block) 	Elapsed: 0.033	Loglikelihood: -68205.7	(delta): 0.00410765
15 (QN/Block) 	Elapsed: 0.029	Loglikelihood: -68205.7	(delta): 0.00484926
16 (QN/Block) 	Elapsed: 0.035	Loglikelihood: -68205.7	(delta): 0.000308447
17 (QN/Block) 	Elapsed: 0.034	Loglikelihood: -68205.7	(delta): 5.15743e-05
Summary: 
Converged in 17 iterations (0.657 sec)
Loglikelihood: -68205.743446
Fst divergences between estimated populations: 
	Pop0	Pop1	
Pop0	
Pop1	0.400	
Pop2	0.204	0.356	
CV error (K=3): 0.17412
Writing output files.
